2025-03-21 01:29:33,712 [INFO] WebApp:190 - Connection lost
2025-03-21 01:29:33,903 [INFO] WebApp:187 - Connection restablished
2025-03-21 03:14:54,372 [INFO] WebApp:190 - Connection lost
2025-03-21 03:14:55,580 [INFO] WebApp:187 - Connection restablished
2025-03-21 03:14:55,658 [INFO] WebApp:190 - Connection lost
2025-03-21 03:14:55,961 [INFO] WebApp:187 - Connection restablished
2025-03-21 03:14:58,132 [INFO] WebApp:190 - Connection lost
2025-03-21 03:14:58,249 [INFO] WebApp:187 - Connection restablished
2025-03-21 23:31:44,701 [INFO] Activator:176 - 


2025-03-21 23:31:44,704 [INFO] Activator:177 - !SESSION log4j initialized
2025-03-21 23:31:59,511 [INFO] LogOutputStream:77 - [STDOUT_REDIRECT] 
2025-03-21 23:32:07,635 [INFO] ApplicationProperties:184 - Using Application install path: C:\ST\STM32CubeIDE_1.17.0\STM32CubeIDE\plugins\com.st.stm32cube.common.mx_6.13.0.202411220809
2025-03-21 23:32:07,660 [INFO] DbMcusXml:78 - Set database path to: C:\ST\STM32CubeIDE_1.17.0\STM32CubeIDE\plugins\com.st.stm32cube.common.mx_6.13.0.202411220809\\db\/mcu/
2025-03-21 23:32:07,661 [INFO] ApiDb:274 - Set plugin database path to: C:\ST\STM32CubeIDE_1.17.0\STM32CubeIDE\plugins\com.st.stm32cube.common.mx_6.13.0.202411220809\\db\/plugins/boardmanager/
2025-03-21 23:32:07,661 [WARN] ApiDb:259 - Overriding images path with different value:  => C:\ST\STM32CubeIDE_1.17.0\STM32CubeIDE\plugins\com.st.stm32cube.common.mx_6.13.0.202411220809\\db\/plugins/mcufinder/images/
2025-03-21 23:32:07,677 [INFO] ApiDb:250 - Set database path to: C:\Users\User\.stmcufinder\plugins\mcufinder//mcu/
2025-03-21 23:32:07,679 [INFO] DbMcusAds:125 - Set database path to: C:\Users\User\.stmcufinder\plugins\mcufinder//mcu/
2025-03-21 23:32:07,683 [INFO] CrossReferenceDbSqlite:203 - Set database path to: C:\Users\User\.stmcufinder\plugins\mcufinder//mcu/cs/
2025-03-21 23:32:07,941 [INFO] RulesReader:64 - Compatibility file has been processed (297 Rules)
2025-03-21 23:32:08,135 [INFO] DbMcusXml:78 - Set database path to: C:\ST\STM32CubeIDE_1.17.0\STM32CubeIDE\plugins\com.st.stm32cube.common.mx_6.13.0.202411220809\\db\/mcu/
2025-03-21 23:32:08,135 [INFO] ApiDb:274 - Set plugin database path to: C:\ST\STM32CubeIDE_1.17.0\STM32CubeIDE\plugins\com.st.stm32cube.common.mx_6.13.0.202411220809\\db\/plugins/boardmanager/
2025-03-21 23:32:08,136 [INFO] ApiDb:261 - Set plugin images path to: C:\ST\STM32CubeIDE_1.17.0\STM32CubeIDE\plugins\com.st.stm32cube.common.mx_6.13.0.202411220809\\db\/plugins/mcufinder/images/
2025-03-21 23:32:08,137 [WARN] DbFile:41 - Overriding database path with different value: C:\Users\User\.stmcufinder\plugins\mcufinder/ => C:\Users\User\.stmcufinder\plugins\mcufinder
2025-03-21 23:32:08,137 [INFO] ApiDb:250 - Set database path to: C:\Users\User\.stmcufinder\plugins\mcufinder//mcu/
2025-03-21 23:32:08,137 [WARN] DbFile:41 - Overriding database path with different value: C:\Users\User\.stmcufinder\plugins\mcufinder/ => C:\Users\User\.stmcufinder\plugins\mcufinder
2025-03-21 23:32:08,138 [INFO] DbMcusAds:125 - Set database path to: C:\Users\User\.stmcufinder\plugins\mcufinder//mcu/
2025-03-21 23:32:08,138 [WARN] DbFile:41 - Overriding database path with different value: C:\Users\User\.stmcufinder\plugins\mcufinder/ => C:\Users\User\.stmcufinder\plugins\mcufinder
2025-03-21 23:32:08,139 [WARN] DbFile:41 - Overriding database path with different value: C:\Users\User\.stmcufinder\plugins\mcufinder/ => C:\Users\User\.stmcufinder\plugins\mcufinder
2025-03-21 23:32:08,139 [INFO] CrossReferenceDbSqlite:203 - Set database path to: C:\Users\User\.stmcufinder\plugins\mcufinder//mcu/cs/
2025-03-21 23:32:08,302 [INFO] MainPanel:272 - HeapMemory: 268435456
2025-03-21 23:32:08,518 [INFO] DbMcusXml:78 - Set database path to: C:\ST\STM32CubeIDE_1.17.0\STM32CubeIDE\plugins\com.st.stm32cube.common.mx_6.13.0.202411220809\\db\/mcu/
2025-03-21 23:32:08,519 [INFO] ApiDb:274 - Set plugin database path to: C:\ST\STM32CubeIDE_1.17.0\STM32CubeIDE\plugins\com.st.stm32cube.common.mx_6.13.0.202411220809\\db\/plugins/boardmanager/
2025-03-21 23:32:08,520 [INFO] ApiDb:261 - Set plugin images path to: C:\ST\STM32CubeIDE_1.17.0\STM32CubeIDE\plugins\com.st.stm32cube.common.mx_6.13.0.202411220809\\db\/plugins/mcufinder/images/
2025-03-21 23:32:08,521 [WARN] DbFile:41 - Overriding database path with different value: C:\Users\User\.stmcufinder\plugins\mcufinder/ => C:\Users\User\.stmcufinder\plugins\mcufinder
2025-03-21 23:32:08,522 [INFO] ApiDb:250 - Set database path to: C:\Users\User\.stmcufinder\plugins\mcufinder//mcu/
2025-03-21 23:32:08,522 [WARN] DbFile:41 - Overriding database path with different value: C:\Users\User\.stmcufinder\plugins\mcufinder/ => C:\Users\User\.stmcufinder\plugins\mcufinder
2025-03-21 23:32:08,522 [INFO] DbMcusAds:125 - Set database path to: C:\Users\User\.stmcufinder\plugins\mcufinder//mcu/
2025-03-21 23:32:08,522 [WARN] DbFile:41 - Overriding database path with different value: C:\Users\User\.stmcufinder\plugins\mcufinder/ => C:\Users\User\.stmcufinder\plugins\mcufinder
2025-03-21 23:32:08,523 [WARN] DbFile:41 - Overriding database path with different value: C:\Users\User\.stmcufinder\plugins\mcufinder/ => C:\Users\User\.stmcufinder\plugins\mcufinder
2025-03-21 23:32:08,523 [INFO] CrossReferenceDbSqlite:203 - Set database path to: C:\Users\User\.stmcufinder\plugins\mcufinder//mcu/cs/
2025-03-21 23:32:08,567 [INFO] ApplicationProperties:184 - Using Application install path: C:\ST\STM32CubeIDE_1.17.0\STM32CubeIDE\plugins\com.st.stm32cube.common.mx_6.13.0.202411220809
2025-03-21 23:32:08,569 [INFO] PluginManage:196 - Search for loadable plugins [exclusion list=, ]
2025-03-21 23:32:08,572 [INFO] PluginManage:310 - Check plugin analytics
2025-03-21 23:32:13,428 [INFO] AnalyticsPlugin:253 - Accepted Software Licenses: 
2025-03-21 23:32:13,429 [INFO] AnalyticsPlugin:255 - Accepted CMSIS Pack Licenses: 
2025-03-21 23:32:13,429 [INFO] AnalyticsPlugin:257 - Accepted Firmware Licenses: FW.F4.1.28.0
2025-03-21 23:32:13,434 [INFO] PluginManage:359 - Loaded plugin analytics (category:tool,tabindex:-1)
2025-03-21 23:32:13,435 [INFO] PluginManage:310 - Check plugin cadmodel
2025-03-21 23:32:13,470 [INFO] CADModel:105 - Init CAD model plugin
2025-03-21 23:32:13,471 [INFO] PluginManage:359 - Loaded plugin cadmodel (category:power,tabindex:5)
2025-03-21 23:32:13,472 [INFO] PluginManage:310 - Check plugin clock
2025-03-21 23:32:13,518 [INFO] PluginManage:359 - Loaded plugin clock (category:base,tabindex:2)
2025-03-21 23:32:13,518 [INFO] PluginManage:310 - Check plugin ddr
2025-03-21 23:32:13,523 [INFO] PluginManage:359 - Loaded plugin ddr (category:tool,tabindex:6)
2025-03-21 23:32:13,523 [INFO] PluginManage:310 - Check plugin filemanager
2025-03-21 23:32:13,814 [INFO] PluginManage:359 - Loaded plugin filemanager (category:base,tabindex:10)
2025-03-21 23:32:13,815 [INFO] PluginManage:310 - Check plugin ipmanager
2025-03-21 23:32:13,830 [INFO] PluginManage:359 - Loaded plugin ipmanager (category:base,tabindex:5)
2025-03-21 23:32:13,831 [INFO] PluginManage:310 - Check plugin lpbam
2025-03-21 23:32:13,860 [INFO] PluginManage:359 - Loaded plugin lpbam (category:base,tabindex:0)
2025-03-21 23:32:13,861 [INFO] PluginManage:310 - Check plugin memorymap
2025-03-21 23:32:13,900 [INFO] PluginManage:359 - Loaded plugin memorymap (category:base,tabindex:4)
2025-03-21 23:32:13,901 [INFO] PluginManage:310 - Check plugin pinoutandconfiguration
2025-03-21 23:32:13,951 [INFO] PluginManage:359 - Loaded plugin pinoutandconfiguration (category:base,tabindex:1)
2025-03-21 23:32:13,951 [INFO] PluginManage:310 - Check plugin pinoutconfig
2025-03-21 23:32:14,281 [WARN] SupportedApi:132 - Cannot load RTOS API schema: s4s-elt-must-match.1: The content of 'definitions' must match (annotation?, (simpleType | complexType)?, (unique | key | keyref)*)). A problem was found starting at: attribute.
2025-03-21 23:32:14,522 [INFO] PluginManage:359 - Loaded plugin pinoutconfig (category:base,tabindex:0)
2025-03-21 23:32:14,522 [INFO] PluginManage:310 - Check plugin power
2025-03-21 23:32:14,552 [INFO] PluginManage:359 - Loaded plugin power (category:power,tabindex:4)
2025-03-21 23:32:14,553 [INFO] PluginManage:310 - Check plugin projectmanager
2025-03-21 23:32:14,582 [INFO] PluginManage:359 - Loaded plugin projectmanager (category:projectmanager,tabindex:4)
2025-03-21 23:32:14,582 [INFO] PluginManage:310 - Check plugin rif
2025-03-21 23:32:14,611 [INFO] PluginManage:359 - Loaded plugin rif (category:base,tabindex:3)
2025-03-21 23:32:14,611 [INFO] PluginManage:310 - Check plugin thirdparty
2025-03-21 23:32:15,099 [WARN] IntegrityCheckThread:84 - waiting for thirdparty lock release [integrity check]
2025-03-21 23:32:15,099 [INFO] PluginManage:359 - Loaded plugin thirdparty (category:base,tabindex:-1)
2025-03-21 23:32:15,100 [INFO] IntegrityCheckThread:86 - entering critical section [integrity check]
2025-03-21 23:32:15,100 [INFO] PluginManage:310 - Check plugin tools
2025-03-21 23:32:15,100 [INFO] ThirdPartyUpdaterWithRetryManager:70 - Updater plugin not ready yet. [1/15]
2025-03-21 23:32:15,163 [INFO] PluginManage:359 - Loaded plugin tools (category:base,tabindex:7)
2025-03-21 23:32:15,164 [INFO] PluginManage:310 - Check plugin tutovideos
2025-03-21 23:32:15,457 [INFO] PluginManage:359 - Loaded plugin tutovideos (category:base,tabindex:-1)
2025-03-21 23:32:15,457 [INFO] PluginManage:310 - Check plugin updater
2025-03-21 23:32:15,506 [INFO] PluginManage:359 - Loaded plugin updater (category:base,tabindex:12)
2025-03-21 23:32:15,507 [INFO] PluginManage:310 - Check plugin userauth
2025-03-21 23:32:15,514 [INFO] UserAuth:118 - Init User Auth plugin
2025-03-21 23:32:15,515 [INFO] PluginManage:359 - Loaded plugin userauth (category:base,tabindex:14)
2025-03-21 23:32:15,516 [INFO] PluginManage:283 - PluginManage : Loaded plugins [18]
2025-03-21 23:32:15,996 [INFO] PinOutPanel:1589 - setPackage(No Configuration,No Configuration)
2025-03-21 23:32:16,140 [INFO] CADModel:165 - CPN selected for project level
2025-03-21 23:32:16,140 [INFO] CADModel:114 - Register for checkConnection events
2025-03-21 23:32:16,183 [INFO] IPUIPlugin:80 - create IPUIPlugin
2025-03-21 23:32:16,183 [INFO] PluginManager:220 - loadIPPluginJar : add adc
2025-03-21 23:32:16,251 [INFO] IPUIPlugin:80 - create IPUIPlugin
2025-03-21 23:32:16,253 [INFO] PluginManager:220 - loadIPPluginJar : add aes
2025-03-21 23:32:16,328 [INFO] IPUIPlugin:80 - create IPUIPlugin
2025-03-21 23:32:16,328 [INFO] PluginManager:220 - loadIPPluginJar : add can
2025-03-21 23:32:16,379 [INFO] IPUIPlugin:80 - create IPUIPlugin
2025-03-21 23:32:16,379 [INFO] PluginManager:220 - loadIPPluginJar : add comp
2025-03-21 23:32:16,451 [INFO] IPUIPlugin:80 - create IPUIPlugin
2025-03-21 23:32:16,452 [INFO] PluginManager:220 - loadIPPluginJar : add cryp
2025-03-21 23:32:16,474 [INFO] IPUIPlugin:80 - create IPUIPlugin
2025-03-21 23:32:16,474 [INFO] PluginManager:220 - loadIPPluginJar : add ddr_ctrl_phy
2025-03-21 23:32:16,525 [INFO] IPUIPlugin:80 - create IPUIPlugin
2025-03-21 23:32:16,525 [INFO] PluginManager:220 - loadIPPluginJar : add dfsdm
2025-03-21 23:32:16,545 [INFO] IPUIPlugin:80 - create IPUIPlugin
2025-03-21 23:32:16,545 [INFO] PluginManager:220 - loadIPPluginJar : add dma
2025-03-21 23:32:16,608 [INFO] IPUIPlugin:80 - create IPUIPlugin
2025-03-21 23:32:16,608 [INFO] PluginManager:220 - loadIPPluginJar : add dma3
2025-03-21 23:32:16,679 [INFO] IPUIPlugin:80 - create IPUIPlugin
2025-03-21 23:32:16,679 [INFO] PluginManager:220 - loadIPPluginJar : add extmemmanager
2025-03-21 23:32:16,716 [INFO] IPUIPlugin:80 - create IPUIPlugin
2025-03-21 23:32:16,716 [INFO] PluginManager:220 - loadIPPluginJar : add fatfs
2025-03-21 23:32:16,789 [INFO] IPUIPlugin:80 - create IPUIPlugin
2025-03-21 23:32:16,789 [INFO] PluginManager:220 - loadIPPluginJar : add fmc
2025-03-21 23:32:16,815 [INFO] IPUIPlugin:80 - create IPUIPlugin
2025-03-21 23:32:16,816 [INFO] PluginManager:220 - loadIPPluginJar : add freertos
2025-03-21 23:32:16,857 [INFO] IPUIPlugin:80 - create IPUIPlugin
2025-03-21 23:32:16,857 [INFO] PluginManager:220 - loadIPPluginJar : add genericplugin
2025-03-21 23:32:17,079 [INFO] IPUIPlugin:80 - create IPUIPlugin
2025-03-21 23:32:17,079 [INFO] PluginManager:220 - loadIPPluginJar : add gfxmmu
2025-03-21 23:32:17,465 [INFO] IPUIPlugin:80 - create IPUIPlugin
2025-03-21 23:32:17,465 [INFO] PluginManager:220 - loadIPPluginJar : add gic
2025-03-21 23:32:17,566 [INFO] IPUIPlugin:80 - create IPUIPlugin
2025-03-21 23:32:17,567 [INFO] PluginManager:220 - loadIPPluginJar : add gpio
2025-03-21 23:32:17,906 [INFO] IPUIPlugin:80 - create IPUIPlugin
2025-03-21 23:32:17,907 [INFO] PluginManager:220 - loadIPPluginJar : add gtzc
2025-03-21 23:32:18,008 [INFO] IPUIPlugin:80 - create IPUIPlugin
2025-03-21 23:32:18,008 [INFO] PluginManager:220 - loadIPPluginJar : add hash
2025-03-21 23:32:18,145 [INFO] ThirdPartyUpdaterWithRetryManager:70 - Updater plugin not ready yet. [2/15]
2025-03-21 23:32:18,289 [INFO] IPUIPlugin:80 - create IPUIPlugin
2025-03-21 23:32:18,289 [INFO] PluginManager:220 - loadIPPluginJar : add i2c
2025-03-21 23:32:18,385 [INFO] IPUIPlugin:80 - create IPUIPlugin
2025-03-21 23:32:18,385 [INFO] PluginManager:220 - loadIPPluginJar : add i2s
2025-03-21 23:32:18,480 [INFO] IPUIPlugin:80 - create IPUIPlugin
2025-03-21 23:32:18,480 [INFO] PluginManager:220 - loadIPPluginJar : add i3c
2025-03-21 23:32:18,677 [INFO] IPUIPlugin:80 - create IPUIPlugin
2025-03-21 23:32:18,677 [INFO] PluginManager:220 - loadIPPluginJar : add ipddr
2025-03-21 23:32:18,864 [INFO] IPUIPlugin:80 - create IPUIPlugin
2025-03-21 23:32:18,865 [INFO] PluginManager:220 - loadIPPluginJar : add linkedlist
2025-03-21 23:32:18,936 [INFO] IPUIPlugin:80 - create IPUIPlugin
2025-03-21 23:32:18,936 [INFO] PluginManager:220 - loadIPPluginJar : add lorawan
2025-03-21 23:32:19,034 [INFO] IPUIPlugin:80 - create IPUIPlugin
2025-03-21 23:32:19,034 [INFO] PluginManager:220 - loadIPPluginJar : add ltdc
2025-03-21 23:32:19,060 [INFO] IPUIPlugin:80 - create IPUIPlugin
2025-03-21 23:32:19,061 [INFO] PluginManager:220 - loadIPPluginJar : add mdma
2025-03-21 23:32:19,087 [INFO] IPUIPlugin:80 - create IPUIPlugin
2025-03-21 23:32:19,087 [INFO] PluginManager:220 - loadIPPluginJar : add nvic
2025-03-21 23:32:19,161 [INFO] IPUIPlugin:80 - create IPUIPlugin
2025-03-21 23:32:19,161 [INFO] PluginManager:220 - loadIPPluginJar : add opamp
2025-03-21 23:32:19,294 [INFO] IPUIPlugin:80 - create IPUIPlugin
2025-03-21 23:32:19,294 [INFO] PluginManager:220 - loadIPPluginJar : add openamp
2025-03-21 23:32:19,373 [INFO] IPUIPlugin:80 - create IPUIPlugin
2025-03-21 23:32:19,373 [INFO] PluginManager:220 - loadIPPluginJar : add pdm2pcm
2025-03-21 23:32:19,397 [INFO] IPUIPlugin:80 - create IPUIPlugin
2025-03-21 23:32:19,400 [INFO] PluginManager:220 - loadIPPluginJar : add plateformsettings
2025-03-21 23:32:19,438 [INFO] IPUIPlugin:80 - create IPUIPlugin
2025-03-21 23:32:19,438 [INFO] PluginManager:220 - loadIPPluginJar : add quadspi
2025-03-21 23:32:19,480 [INFO] IPUIPlugin:80 - create IPUIPlugin
2025-03-21 23:32:19,481 [INFO] PluginManager:220 - loadIPPluginJar : add radio
2025-03-21 23:32:19,501 [INFO] IPUIPlugin:80 - create IPUIPlugin
2025-03-21 23:32:19,501 [INFO] PluginManager:220 - loadIPPluginJar : add resmgrutility
2025-03-21 23:32:19,578 [INFO] IPUIPlugin:80 - create IPUIPlugin
2025-03-21 23:32:19,578 [INFO] PluginManager:220 - loadIPPluginJar : add sai
2025-03-21 23:32:19,641 [INFO] IPUIPlugin:80 - create IPUIPlugin
2025-03-21 23:32:19,641 [INFO] PluginManager:220 - loadIPPluginJar : add spi
2025-03-21 23:32:19,757 [INFO] IPUIPlugin:80 - create IPUIPlugin
2025-03-21 23:32:19,757 [INFO] PluginManager:220 - loadIPPluginJar : add stm32_wpan
2025-03-21 23:32:19,801 [INFO] IPUIPlugin:80 - create IPUIPlugin
2025-03-21 23:32:19,801 [INFO] PluginManager:220 - loadIPPluginJar : add tim
2025-03-21 23:32:19,908 [INFO] IPUIPlugin:80 - create IPUIPlugin
2025-03-21 23:32:19,909 [INFO] PluginManager:220 - loadIPPluginJar : add touchsensing
2025-03-21 23:32:19,955 [INFO] IPUIPlugin:80 - create IPUIPlugin
2025-03-21 23:32:19,955 [INFO] PluginManager:220 - loadIPPluginJar : add tracer_emb
2025-03-21 23:32:20,006 [INFO] IPUIPlugin:80 - create IPUIPlugin
2025-03-21 23:32:20,006 [INFO] PluginManager:220 - loadIPPluginJar : add ts
2025-03-21 23:32:20,047 [INFO] IPUIPlugin:80 - create IPUIPlugin
2025-03-21 23:32:20,047 [INFO] PluginManager:220 - loadIPPluginJar : add tsc
2025-03-21 23:32:20,088 [INFO] IPUIPlugin:80 - create IPUIPlugin
2025-03-21 23:32:20,088 [INFO] PluginManager:220 - loadIPPluginJar : add ucpd
2025-03-21 23:32:20,163 [INFO] IPUIPlugin:80 - create IPUIPlugin
2025-03-21 23:32:20,163 [INFO] PluginManager:220 - loadIPPluginJar : add usart
2025-03-21 23:32:20,262 [INFO] IPUIPlugin:80 - create IPUIPlugin
2025-03-21 23:32:20,262 [INFO] PluginManager:220 - loadIPPluginJar : add usbx
2025-03-21 23:32:20,480 [FATAL] Updater:351 - Updater called before beeing initialized
2025-03-21 23:32:20,573 [INFO] RulesReader:64 - Compatibility file has been processed (297 Rules)
2025-03-21 23:32:20,590 [INFO] RulesReader:64 - Compatibility file has been processed (297 Rules)
2025-03-21 23:32:20,607 [INFO] CADModel:165 - CPN selected for project level
2025-03-21 23:32:20,607 [INFO] CADModel:114 - Register for checkConnection events
2025-03-21 23:32:20,607 [FATAL] Updater:351 - Updater called before beeing initialized
2025-03-21 23:32:20,609 [ERROR] CADModel:125 - Updater not yet initialized, retry later 
2025-03-21 23:32:20,899 [FATAL] Updater:351 - Updater called before beeing initialized
2025-03-21 23:32:20,905 [INFO] CADModel:165 - CPN selected for project level
2025-03-21 23:32:20,905 [INFO] CADModel:114 - Register for checkConnection events
2025-03-21 23:32:20,905 [FATAL] Updater:351 - Updater called before beeing initialized
2025-03-21 23:32:20,905 [ERROR] CADModel:125 - Updater not yet initialized, retry later 
2025-03-21 23:32:20,912 [FATAL] Updater:351 - Updater called before beeing initialized
2025-03-21 23:32:21,156 [INFO] ThirdPartyUpdaterWithRetryManager:70 - Updater plugin not ready yet. [3/15]
2025-03-21 23:32:21,286 [FATAL] Updater:351 - Updater called before beeing initialized
2025-03-21 23:32:21,321 [INFO] DbMcusAds:53 - JSON generation date=Thu Mar 06 15:54:21 CET 2025 (1741272861825)
2025-03-21 23:32:21,322 [FATAL] Updater:351 - Updater called before beeing initialized
2025-03-21 23:32:21,458 [WARN] DetailPanel:346 - Failed to get advertising image, set to default
2025-03-21 23:32:22,088 [FATAL] Updater:351 - Updater called before beeing initialized
2025-03-21 23:32:22,092 [FATAL] Updater:351 - Updater called before beeing initialized
2025-03-21 23:32:22,092 [FATAL] Updater:351 - Updater called before beeing initialized
2025-03-21 23:32:22,093 [WARN] DetailPanel:346 - Failed to get advertising image, set to default
2025-03-21 23:32:22,094 [FATAL] Updater:351 - Updater called before beeing initialized
2025-03-21 23:32:22,234 [ERROR] Updater:1198 - MainUpdater not yet initialized. External WinMGr cannot be set.
2025-03-21 23:32:22,254 [INFO] Updater:1134 - Updater Version found : 6.13.0
2025-03-21 23:32:22,290 [INFO] ApplicationProperties:184 - Using Application install path: C:\ST\STM32CubeIDE_1.17.0\STM32CubeIDE\plugins\com.st.stm32cube.common.mx_6.13.0.202411220809
2025-03-21 23:32:23,913 [ERROR] LogOutputStream:75 - [STDERR_REDIRECT] Mar 21, 2025 11:32:23 PM java.util.prefs.WindowsPreferences <init>
2025-03-21 23:32:23,917 [ERROR] LogOutputStream:75 - [STDERR_REDIRECT] WARNING: Could not open/create prefs root node Software\JavaSoft\Prefs at root 0xffffffff80000002. Windows RegCreateKeyEx(...) returned error code 5.
2025-03-21 23:32:23,917 [ERROR] LogOutputStream:75 - [STDERR_REDIRECT] 
2025-03-21 23:32:24,246 [FATAL] Updater:351 - Updater called before beeing initialized
2025-03-21 23:32:24,261 [ERROR] IntegrityCheckThread:130 - Cannot retrieve database content from updater: error 21
2025-03-21 23:32:24,273 [INFO] ThirdParty:978 - Integrity check success = false
2025-03-21 23:32:24,273 [INFO] IntegrityCheckThread:100 - exiting critical section [integrity check]
2025-03-21 23:32:24,273 [INFO] IntegrityCheckThread:103 - End integrity checks thread
2025-03-21 23:32:24,752 [INFO] MainUpdater:2872 - connection check result : 10
2025-03-21 23:32:24,754 [INFO] MainUpdater:289 - Updater Check For Update Now.
2025-03-21 23:32:24,755 [INFO] MicroXplorer:498 - Change Database Version : DB.6.0.130
2025-03-21 23:32:24,783 [INFO] McuFinderGlobals:63 - Set McuFinder mode to 2 (CubeIDE integrated)
2025-03-21 23:32:24,808 [INFO] UserAuth:486 - Internet connection configuration mode: 1
2025-03-21 23:32:25,026 [INFO] JxBrowserEngine:152 - Initiate JxBrowser Engine with user profile folder
2025-03-21 23:32:25,408 [INFO] CheckServerUpdateThread:120 - End of CheckServer Thread
2025-03-21 23:32:27,185 [INFO] WebApp:168 - Instantiating new browser for Auth
2025-03-21 23:32:28,745 [INFO] WebApp:449 - Apply proxy settings
2025-03-21 23:32:28,745 [INFO] WebApp:534 - Chromium requires no authentication
2025-03-21 23:32:28,769 [INFO] WebApp:477 - Direct internet connection detected
2025-03-21 23:32:28,845 [INFO] WebApp:880 - Register for checkConnection events
2025-03-21 23:32:28,845 [INFO] WebApp:449 - Apply proxy settings
2025-03-21 23:32:28,846 [INFO] WebApp:534 - Chromium requires no authentication
2025-03-21 23:32:28,851 [INFO] WebApp:477 - Direct internet connection detected
2025-03-21 23:32:29,413 [INFO] WebApp:187 - Connection restablished
2025-03-21 23:32:29,728 [INFO] WebApp:221 - Starting web application
2025-03-21 23:32:29,728 [INFO] WebApp:579 - Web application path used C:\ST\STM32CubeIDE_1.17.0\STM32CubeIDE\plugins\com.st.stm32cube.common.mx_6.13.0.202411220809\db\plugins\mcufinder\reactClient1\index.html
2025-03-21 23:32:30,189 [INFO] UserAuth:486 - Internet connection configuration mode: 1
