2025-03-11 00:52:25,769 [INFO] Activator:176 - 


2025-03-11 00:52:25,781 [INFO] Activator:177 - !SESSION log4j initialized
2025-03-11 00:52:38,190 [INFO] LogOutputStream:77 - [STDOUT_REDIRECT] 
2025-03-11 00:52:41,266 [INFO] ApplicationProperties:184 - Using Application install path: C:\ST\STM32CubeIDE_1.17.0\STM32CubeIDE\plugins\com.st.stm32cube.common.mx_6.13.0.202411220809
2025-03-11 00:52:41,291 [INFO] DbMcusXml:78 - Set database path to: C:\ST\STM32CubeIDE_1.17.0\STM32CubeIDE\plugins\com.st.stm32cube.common.mx_6.13.0.202411220809\\db\/mcu/
2025-03-11 00:52:41,292 [INFO] ApiDb:274 - Set plugin database path to: C:\ST\STM32CubeIDE_1.17.0\STM32CubeIDE\plugins\com.st.stm32cube.common.mx_6.13.0.202411220809\\db\/plugins/boardmanager/
2025-03-11 00:52:41,293 [WARN] ApiDb:259 - Overriding images path with different value:  => C:\ST\STM32CubeIDE_1.17.0\STM32CubeIDE\plugins\com.st.stm32cube.common.mx_6.13.0.202411220809\\db\/plugins/mcufinder/images/
2025-03-11 00:52:41,305 [INFO] ApiDb:250 - Set database path to: C:\Users\User\.stmcufinder\plugins\mcufinder//mcu/
2025-03-11 00:52:41,307 [INFO] DbMcusAds:125 - Set database path to: C:\Users\User\.stmcufinder\plugins\mcufinder//mcu/
2025-03-11 00:52:41,310 [INFO] CrossReferenceDbSqlite:203 - Set database path to: C:\Users\User\.stmcufinder\plugins\mcufinder//mcu/cs/
2025-03-11 00:52:41,485 [INFO] RulesReader:64 - Compatibility file has been processed (297 Rules)
2025-03-11 00:52:41,602 [INFO] DbMcusXml:78 - Set database path to: C:\ST\STM32CubeIDE_1.17.0\STM32CubeIDE\plugins\com.st.stm32cube.common.mx_6.13.0.202411220809\\db\/mcu/
2025-03-11 00:52:41,602 [INFO] ApiDb:274 - Set plugin database path to: C:\ST\STM32CubeIDE_1.17.0\STM32CubeIDE\plugins\com.st.stm32cube.common.mx_6.13.0.202411220809\\db\/plugins/boardmanager/
2025-03-11 00:52:41,603 [INFO] ApiDb:261 - Set plugin images path to: C:\ST\STM32CubeIDE_1.17.0\STM32CubeIDE\plugins\com.st.stm32cube.common.mx_6.13.0.202411220809\\db\/plugins/mcufinder/images/
2025-03-11 00:52:41,603 [WARN] DbFile:41 - Overriding database path with different value: C:\Users\User\.stmcufinder\plugins\mcufinder/ => C:\Users\User\.stmcufinder\plugins\mcufinder
2025-03-11 00:52:41,603 [INFO] ApiDb:250 - Set database path to: C:\Users\User\.stmcufinder\plugins\mcufinder//mcu/
2025-03-11 00:52:41,604 [WARN] DbFile:41 - Overriding database path with different value: C:\Users\User\.stmcufinder\plugins\mcufinder/ => C:\Users\User\.stmcufinder\plugins\mcufinder
2025-03-11 00:52:41,604 [INFO] DbMcusAds:125 - Set database path to: C:\Users\User\.stmcufinder\plugins\mcufinder//mcu/
2025-03-11 00:52:41,604 [WARN] DbFile:41 - Overriding database path with different value: C:\Users\User\.stmcufinder\plugins\mcufinder/ => C:\Users\User\.stmcufinder\plugins\mcufinder
2025-03-11 00:52:41,604 [WARN] DbFile:41 - Overriding database path with different value: C:\Users\User\.stmcufinder\plugins\mcufinder/ => C:\Users\User\.stmcufinder\plugins\mcufinder
2025-03-11 00:52:41,604 [INFO] CrossReferenceDbSqlite:203 - Set database path to: C:\Users\User\.stmcufinder\plugins\mcufinder//mcu/cs/
2025-03-11 00:52:41,717 [INFO] MainPanel:272 - HeapMemory: 268435456
2025-03-11 00:52:41,872 [INFO] DbMcusXml:78 - Set database path to: C:\ST\STM32CubeIDE_1.17.0\STM32CubeIDE\plugins\com.st.stm32cube.common.mx_6.13.0.202411220809\\db\/mcu/
2025-03-11 00:52:41,872 [INFO] ApiDb:274 - Set plugin database path to: C:\ST\STM32CubeIDE_1.17.0\STM32CubeIDE\plugins\com.st.stm32cube.common.mx_6.13.0.202411220809\\db\/plugins/boardmanager/
2025-03-11 00:52:41,872 [INFO] ApiDb:261 - Set plugin images path to: C:\ST\STM32CubeIDE_1.17.0\STM32CubeIDE\plugins\com.st.stm32cube.common.mx_6.13.0.202411220809\\db\/plugins/mcufinder/images/
2025-03-11 00:52:41,873 [WARN] DbFile:41 - Overriding database path with different value: C:\Users\User\.stmcufinder\plugins\mcufinder/ => C:\Users\User\.stmcufinder\plugins\mcufinder
2025-03-11 00:52:41,873 [INFO] ApiDb:250 - Set database path to: C:\Users\User\.stmcufinder\plugins\mcufinder//mcu/
2025-03-11 00:52:41,873 [WARN] DbFile:41 - Overriding database path with different value: C:\Users\User\.stmcufinder\plugins\mcufinder/ => C:\Users\User\.stmcufinder\plugins\mcufinder
2025-03-11 00:52:41,873 [INFO] DbMcusAds:125 - Set database path to: C:\Users\User\.stmcufinder\plugins\mcufinder//mcu/
2025-03-11 00:52:41,873 [WARN] DbFile:41 - Overriding database path with different value: C:\Users\User\.stmcufinder\plugins\mcufinder/ => C:\Users\User\.stmcufinder\plugins\mcufinder
2025-03-11 00:52:41,873 [WARN] DbFile:41 - Overriding database path with different value: C:\Users\User\.stmcufinder\plugins\mcufinder/ => C:\Users\User\.stmcufinder\plugins\mcufinder
2025-03-11 00:52:41,874 [INFO] CrossReferenceDbSqlite:203 - Set database path to: C:\Users\User\.stmcufinder\plugins\mcufinder//mcu/cs/
2025-03-11 00:52:41,902 [INFO] ApplicationProperties:184 - Using Application install path: C:\ST\STM32CubeIDE_1.17.0\STM32CubeIDE\plugins\com.st.stm32cube.common.mx_6.13.0.202411220809
2025-03-11 00:52:41,904 [INFO] PluginManage:196 - Search for loadable plugins [exclusion list=, ]
2025-03-11 00:52:41,906 [INFO] PluginManage:310 - Check plugin analytics
2025-03-11 00:52:42,161 [INFO] AnalyticsPlugin:253 - Accepted Software Licenses: 
2025-03-11 00:52:42,161 [INFO] AnalyticsPlugin:255 - Accepted CMSIS Pack Licenses: 
2025-03-11 00:52:42,161 [INFO] AnalyticsPlugin:257 - Accepted Firmware Licenses: FW.F4.1.28.0
2025-03-11 00:52:42,166 [INFO] PluginManage:359 - Loaded plugin analytics (category:tool,tabindex:-1)
2025-03-11 00:52:42,168 [INFO] PluginManage:310 - Check plugin cadmodel
2025-03-11 00:52:42,195 [INFO] CADModel:105 - Init CAD model plugin
2025-03-11 00:52:42,195 [INFO] PluginManage:359 - Loaded plugin cadmodel (category:power,tabindex:5)
2025-03-11 00:52:42,196 [INFO] PluginManage:310 - Check plugin clock
2025-03-11 00:52:42,225 [INFO] PluginManage:359 - Loaded plugin clock (category:base,tabindex:2)
2025-03-11 00:52:42,225 [INFO] PluginManage:310 - Check plugin ddr
2025-03-11 00:52:42,230 [INFO] PluginManage:359 - Loaded plugin ddr (category:tool,tabindex:6)
2025-03-11 00:52:42,230 [INFO] PluginManage:310 - Check plugin filemanager
2025-03-11 00:52:42,445 [INFO] PluginManage:359 - Loaded plugin filemanager (category:base,tabindex:10)
2025-03-11 00:52:42,445 [INFO] PluginManage:310 - Check plugin ipmanager
2025-03-11 00:52:42,455 [INFO] PluginManage:359 - Loaded plugin ipmanager (category:base,tabindex:5)
2025-03-11 00:52:42,455 [INFO] PluginManage:310 - Check plugin lpbam
2025-03-11 00:52:42,478 [INFO] PluginManage:359 - Loaded plugin lpbam (category:base,tabindex:0)
2025-03-11 00:52:42,478 [INFO] PluginManage:310 - Check plugin memorymap
2025-03-11 00:52:42,510 [INFO] PluginManage:359 - Loaded plugin memorymap (category:base,tabindex:4)
2025-03-11 00:52:42,511 [INFO] PluginManage:310 - Check plugin pinoutandconfiguration
2025-03-11 00:52:42,537 [INFO] PluginManage:359 - Loaded plugin pinoutandconfiguration (category:base,tabindex:1)
2025-03-11 00:52:42,537 [INFO] PluginManage:310 - Check plugin pinoutconfig
2025-03-11 00:52:42,672 [WARN] SupportedApi:132 - Cannot load RTOS API schema: s4s-elt-must-match.1: The content of 'definitions' must match (annotation?, (simpleType | complexType)?, (unique | key | keyref)*)). A problem was found starting at: attribute.
2025-03-11 00:52:42,884 [INFO] PluginManage:359 - Loaded plugin pinoutconfig (category:base,tabindex:0)
2025-03-11 00:52:42,884 [INFO] PluginManage:310 - Check plugin power
2025-03-11 00:52:42,911 [INFO] PluginManage:359 - Loaded plugin power (category:power,tabindex:4)
2025-03-11 00:52:42,911 [INFO] PluginManage:310 - Check plugin projectmanager
2025-03-11 00:52:42,931 [INFO] PluginManage:359 - Loaded plugin projectmanager (category:projectmanager,tabindex:4)
2025-03-11 00:52:42,931 [INFO] PluginManage:310 - Check plugin rif
2025-03-11 00:52:42,955 [INFO] PluginManage:359 - Loaded plugin rif (category:base,tabindex:3)
2025-03-11 00:52:42,955 [INFO] PluginManage:310 - Check plugin thirdparty
2025-03-11 00:52:43,334 [WARN] IntegrityCheckThread:84 - waiting for thirdparty lock release [integrity check]
2025-03-11 00:52:43,335 [INFO] PluginManage:359 - Loaded plugin thirdparty (category:base,tabindex:-1)
2025-03-11 00:52:43,335 [INFO] PluginManage:310 - Check plugin tools
2025-03-11 00:52:43,335 [INFO] IntegrityCheckThread:86 - entering critical section [integrity check]
2025-03-11 00:52:43,335 [INFO] ThirdPartyUpdaterWithRetryManager:70 - Updater plugin not ready yet. [1/15]
2025-03-11 00:52:43,390 [INFO] PluginManage:359 - Loaded plugin tools (category:base,tabindex:7)
2025-03-11 00:52:43,390 [INFO] PluginManage:310 - Check plugin tutovideos
2025-03-11 00:52:43,659 [INFO] PluginManage:359 - Loaded plugin tutovideos (category:base,tabindex:-1)
2025-03-11 00:52:43,660 [INFO] PluginManage:310 - Check plugin updater
2025-03-11 00:52:43,694 [INFO] PluginManage:359 - Loaded plugin updater (category:base,tabindex:12)
2025-03-11 00:52:43,694 [INFO] PluginManage:310 - Check plugin userauth
2025-03-11 00:52:43,701 [INFO] UserAuth:118 - Init User Auth plugin
2025-03-11 00:52:43,703 [INFO] PluginManage:359 - Loaded plugin userauth (category:base,tabindex:14)
2025-03-11 00:52:43,704 [INFO] PluginManage:283 - PluginManage : Loaded plugins [18]
2025-03-11 00:52:43,980 [INFO] PinOutPanel:1589 - setPackage(No Configuration,No Configuration)
2025-03-11 00:52:44,096 [INFO] CADModel:165 - CPN selected for project level
2025-03-11 00:52:44,096 [INFO] CADModel:114 - Register for checkConnection events
2025-03-11 00:52:44,133 [INFO] IPUIPlugin:80 - create IPUIPlugin
2025-03-11 00:52:44,133 [INFO] PluginManager:220 - loadIPPluginJar : add adc
2025-03-11 00:52:44,192 [INFO] IPUIPlugin:80 - create IPUIPlugin
2025-03-11 00:52:44,192 [INFO] PluginManager:220 - loadIPPluginJar : add aes
2025-03-11 00:52:44,263 [INFO] IPUIPlugin:80 - create IPUIPlugin
2025-03-11 00:52:44,263 [INFO] PluginManager:220 - loadIPPluginJar : add can
2025-03-11 00:52:44,317 [INFO] IPUIPlugin:80 - create IPUIPlugin
2025-03-11 00:52:44,317 [INFO] PluginManager:220 - loadIPPluginJar : add comp
2025-03-11 00:52:44,370 [INFO] IPUIPlugin:80 - create IPUIPlugin
2025-03-11 00:52:44,370 [INFO] PluginManager:220 - loadIPPluginJar : add cryp
2025-03-11 00:52:44,387 [INFO] IPUIPlugin:80 - create IPUIPlugin
2025-03-11 00:52:44,387 [INFO] PluginManager:220 - loadIPPluginJar : add ddr_ctrl_phy
2025-03-11 00:52:44,432 [INFO] IPUIPlugin:80 - create IPUIPlugin
2025-03-11 00:52:44,433 [INFO] PluginManager:220 - loadIPPluginJar : add dfsdm
2025-03-11 00:52:44,452 [INFO] IPUIPlugin:80 - create IPUIPlugin
2025-03-11 00:52:44,452 [INFO] PluginManager:220 - loadIPPluginJar : add dma
2025-03-11 00:52:44,513 [INFO] IPUIPlugin:80 - create IPUIPlugin
2025-03-11 00:52:44,513 [INFO] PluginManager:220 - loadIPPluginJar : add dma3
2025-03-11 00:52:44,578 [INFO] IPUIPlugin:80 - create IPUIPlugin
2025-03-11 00:52:44,578 [INFO] PluginManager:220 - loadIPPluginJar : add extmemmanager
2025-03-11 00:52:44,611 [INFO] IPUIPlugin:80 - create IPUIPlugin
2025-03-11 00:52:44,611 [INFO] PluginManager:220 - loadIPPluginJar : add fatfs
2025-03-11 00:52:44,680 [INFO] IPUIPlugin:80 - create IPUIPlugin
2025-03-11 00:52:44,680 [INFO] PluginManager:220 - loadIPPluginJar : add fmc
2025-03-11 00:52:44,706 [INFO] IPUIPlugin:80 - create IPUIPlugin
2025-03-11 00:52:44,707 [INFO] PluginManager:220 - loadIPPluginJar : add freertos
2025-03-11 00:52:44,738 [INFO] IPUIPlugin:80 - create IPUIPlugin
2025-03-11 00:52:44,738 [INFO] PluginManager:220 - loadIPPluginJar : add genericplugin
2025-03-11 00:52:44,887 [INFO] IPUIPlugin:80 - create IPUIPlugin
2025-03-11 00:52:44,887 [INFO] PluginManager:220 - loadIPPluginJar : add gfxmmu
2025-03-11 00:52:45,100 [INFO] IPUIPlugin:80 - create IPUIPlugin
2025-03-11 00:52:45,100 [INFO] PluginManager:220 - loadIPPluginJar : add gic
2025-03-11 00:52:45,121 [INFO] IPUIPlugin:80 - create IPUIPlugin
2025-03-11 00:52:45,121 [INFO] PluginManager:220 - loadIPPluginJar : add gpio
2025-03-11 00:52:45,260 [INFO] IPUIPlugin:80 - create IPUIPlugin
2025-03-11 00:52:45,260 [INFO] PluginManager:220 - loadIPPluginJar : add gtzc
2025-03-11 00:52:45,309 [INFO] IPUIPlugin:80 - create IPUIPlugin
2025-03-11 00:52:45,309 [INFO] PluginManager:220 - loadIPPluginJar : add hash
2025-03-11 00:52:45,388 [INFO] IPUIPlugin:80 - create IPUIPlugin
2025-03-11 00:52:45,388 [INFO] PluginManager:220 - loadIPPluginJar : add i2c
2025-03-11 00:52:45,450 [INFO] IPUIPlugin:80 - create IPUIPlugin
2025-03-11 00:52:45,450 [INFO] PluginManager:220 - loadIPPluginJar : add i2s
2025-03-11 00:52:45,510 [INFO] IPUIPlugin:80 - create IPUIPlugin
2025-03-11 00:52:45,510 [INFO] PluginManager:220 - loadIPPluginJar : add i3c
2025-03-11 00:52:45,675 [INFO] IPUIPlugin:80 - create IPUIPlugin
2025-03-11 00:52:45,676 [INFO] PluginManager:220 - loadIPPluginJar : add ipddr
2025-03-11 00:52:45,822 [INFO] IPUIPlugin:80 - create IPUIPlugin
2025-03-11 00:52:45,822 [INFO] PluginManager:220 - loadIPPluginJar : add linkedlist
2025-03-11 00:52:45,888 [INFO] IPUIPlugin:80 - create IPUIPlugin
2025-03-11 00:52:45,888 [INFO] PluginManager:220 - loadIPPluginJar : add lorawan
2025-03-11 00:52:45,962 [INFO] IPUIPlugin:80 - create IPUIPlugin
2025-03-11 00:52:45,962 [INFO] PluginManager:220 - loadIPPluginJar : add ltdc
2025-03-11 00:52:45,982 [INFO] IPUIPlugin:80 - create IPUIPlugin
2025-03-11 00:52:45,982 [INFO] PluginManager:220 - loadIPPluginJar : add mdma
2025-03-11 00:52:45,999 [INFO] IPUIPlugin:80 - create IPUIPlugin
2025-03-11 00:52:45,999 [INFO] PluginManager:220 - loadIPPluginJar : add nvic
2025-03-11 00:52:46,054 [INFO] IPUIPlugin:80 - create IPUIPlugin
2025-03-11 00:52:46,054 [INFO] PluginManager:220 - loadIPPluginJar : add opamp
2025-03-11 00:52:46,146 [INFO] IPUIPlugin:80 - create IPUIPlugin
2025-03-11 00:52:46,146 [INFO] PluginManager:220 - loadIPPluginJar : add openamp
2025-03-11 00:52:46,221 [INFO] IPUIPlugin:80 - create IPUIPlugin
2025-03-11 00:52:46,221 [INFO] PluginManager:220 - loadIPPluginJar : add pdm2pcm
2025-03-11 00:52:46,241 [INFO] IPUIPlugin:80 - create IPUIPlugin
2025-03-11 00:52:46,243 [INFO] PluginManager:220 - loadIPPluginJar : add plateformsettings
2025-03-11 00:52:46,277 [INFO] IPUIPlugin:80 - create IPUIPlugin
2025-03-11 00:52:46,277 [INFO] PluginManager:220 - loadIPPluginJar : add quadspi
2025-03-11 00:52:46,317 [INFO] IPUIPlugin:80 - create IPUIPlugin
2025-03-11 00:52:46,318 [INFO] PluginManager:220 - loadIPPluginJar : add radio
2025-03-11 00:52:46,337 [INFO] IPUIPlugin:80 - create IPUIPlugin
2025-03-11 00:52:46,337 [INFO] PluginManager:220 - loadIPPluginJar : add resmgrutility
2025-03-11 00:52:46,338 [INFO] ThirdPartyUpdaterWithRetryManager:70 - Updater plugin not ready yet. [2/15]
2025-03-11 00:52:46,407 [INFO] IPUIPlugin:80 - create IPUIPlugin
2025-03-11 00:52:46,407 [INFO] PluginManager:220 - loadIPPluginJar : add sai
2025-03-11 00:52:46,466 [INFO] IPUIPlugin:80 - create IPUIPlugin
2025-03-11 00:52:46,466 [INFO] PluginManager:220 - loadIPPluginJar : add spi
2025-03-11 00:52:46,566 [INFO] IPUIPlugin:80 - create IPUIPlugin
2025-03-11 00:52:46,567 [INFO] PluginManager:220 - loadIPPluginJar : add stm32_wpan
2025-03-11 00:52:46,602 [INFO] IPUIPlugin:80 - create IPUIPlugin
2025-03-11 00:52:46,602 [INFO] PluginManager:220 - loadIPPluginJar : add tim
2025-03-11 00:52:46,691 [INFO] IPUIPlugin:80 - create IPUIPlugin
2025-03-11 00:52:46,691 [INFO] PluginManager:220 - loadIPPluginJar : add touchsensing
2025-03-11 00:52:46,735 [INFO] IPUIPlugin:80 - create IPUIPlugin
2025-03-11 00:52:46,735 [INFO] PluginManager:220 - loadIPPluginJar : add tracer_emb
2025-03-11 00:52:46,772 [INFO] IPUIPlugin:80 - create IPUIPlugin
2025-03-11 00:52:46,772 [INFO] PluginManager:220 - loadIPPluginJar : add ts
2025-03-11 00:52:46,808 [INFO] IPUIPlugin:80 - create IPUIPlugin
2025-03-11 00:52:46,808 [INFO] PluginManager:220 - loadIPPluginJar : add tsc
2025-03-11 00:52:46,842 [INFO] IPUIPlugin:80 - create IPUIPlugin
2025-03-11 00:52:46,842 [INFO] PluginManager:220 - loadIPPluginJar : add ucpd
2025-03-11 00:52:46,906 [INFO] IPUIPlugin:80 - create IPUIPlugin
2025-03-11 00:52:46,907 [INFO] PluginManager:220 - loadIPPluginJar : add usart
2025-03-11 00:52:46,971 [INFO] IPUIPlugin:80 - create IPUIPlugin
2025-03-11 00:52:46,971 [INFO] PluginManager:220 - loadIPPluginJar : add usbx
2025-03-11 00:52:47,133 [FATAL] Updater:351 - Updater called before beeing initialized
2025-03-11 00:52:47,181 [INFO] RulesReader:64 - Compatibility file has been processed (297 Rules)
2025-03-11 00:52:47,197 [INFO] RulesReader:64 - Compatibility file has been processed (297 Rules)
2025-03-11 00:52:47,207 [INFO] CADModel:165 - CPN selected for project level
2025-03-11 00:52:47,207 [INFO] CADModel:114 - Register for checkConnection events
2025-03-11 00:52:47,207 [FATAL] Updater:351 - Updater called before beeing initialized
2025-03-11 00:52:47,207 [ERROR] CADModel:125 - Updater not yet initialized, retry later 
2025-03-11 00:52:47,387 [FATAL] Updater:351 - Updater called before beeing initialized
2025-03-11 00:52:47,390 [INFO] CADModel:165 - CPN selected for project level
2025-03-11 00:52:47,390 [INFO] CADModel:114 - Register for checkConnection events
2025-03-11 00:52:47,390 [FATAL] Updater:351 - Updater called before beeing initialized
2025-03-11 00:52:47,390 [ERROR] CADModel:125 - Updater not yet initialized, retry later 
2025-03-11 00:52:47,394 [FATAL] Updater:351 - Updater called before beeing initialized
2025-03-11 00:52:47,576 [FATAL] Updater:351 - Updater called before beeing initialized
2025-03-11 00:52:47,590 [INFO] DbMcusAds:53 - JSON generation date=Thu Mar 06 15:54:21 CET 2025 (1741272861825)
2025-03-11 00:52:47,590 [FATAL] Updater:351 - Updater called before beeing initialized
2025-03-11 00:52:47,641 [WARN] DetailPanel:346 - Failed to get advertising image, set to default
2025-03-11 00:52:47,932 [FATAL] Updater:351 - Updater called before beeing initialized
2025-03-11 00:52:47,934 [FATAL] Updater:351 - Updater called before beeing initialized
2025-03-11 00:52:47,935 [FATAL] Updater:351 - Updater called before beeing initialized
2025-03-11 00:52:47,935 [WARN] DetailPanel:346 - Failed to get advertising image, set to default
2025-03-11 00:52:47,936 [FATAL] Updater:351 - Updater called before beeing initialized
2025-03-11 00:52:48,015 [ERROR] Updater:1198 - MainUpdater not yet initialized. External WinMGr cannot be set.
2025-03-11 00:52:48,028 [INFO] Updater:1134 - Updater Version found : 6.13.0
2025-03-11 00:52:48,050 [INFO] ApplicationProperties:184 - Using Application install path: C:\ST\STM32CubeIDE_1.17.0\STM32CubeIDE\plugins\com.st.stm32cube.common.mx_6.13.0.202411220809
2025-03-11 00:52:49,340 [INFO] ThirdPartyUpdaterWithRetryManager:70 - Updater plugin not ready yet. [3/15]
2025-03-11 00:52:49,640 [ERROR] LogOutputStream:75 - [STDERR_REDIRECT] Mar 11, 2025 12:52:49 AM java.util.prefs.WindowsPreferences <init>
2025-03-11 00:52:49,642 [ERROR] LogOutputStream:75 - [STDERR_REDIRECT] WARNING: Could not open/create prefs root node Software\JavaSoft\Prefs at root 0xffffffff80000002. Windows RegCreateKeyEx(...) returned error code 5.
2025-03-11 00:52:49,642 [ERROR] LogOutputStream:75 - [STDERR_REDIRECT] 
2025-03-11 00:52:50,086 [INFO] MainUpdater:2872 - connection check result : 10
2025-03-11 00:52:50,087 [INFO] MainUpdater:289 - Updater Check For Update Now.
2025-03-11 00:52:50,087 [INFO] MicroXplorer:498 - Change Database Version : DB.6.0.130
2025-03-11 00:52:50,112 [INFO] McuFinderGlobals:63 - Set McuFinder mode to 2 (CubeIDE integrated)
2025-03-11 00:52:50,125 [INFO] UserAuth:486 - Internet connection configuration mode: 1
2025-03-11 00:52:50,180 [INFO] JxBrowserEngine:152 - Initiate JxBrowser Engine with user profile folder
2025-03-11 00:52:50,408 [INFO] CheckServerUpdateThread:120 - End of CheckServer Thread
2025-03-11 00:52:52,010 [INFO] WebApp:168 - Instantiating new browser for Auth
2025-03-11 00:52:52,874 [WARN] PackLoader:240 - Cannot read IP mode file for STMicroelectronics.FP-SNS-MOTENVWB1.1.4.0
2025-03-11 00:52:52,906 [WARN] PackLoader:240 - Cannot read IP mode file for STMicroelectronics.FP-ATR-ASTRA1.2.0.2
2025-03-11 00:52:52,941 [WARN] PackLoader:240 - Cannot read IP mode file for STMicroelectronics.FP-ATR-ASTRA1.2.0.1
2025-03-11 00:52:52,989 [WARN] PackLoader:240 - Cannot read IP mode file for STMicroelectronics.X-CUBE-SMBUS.2.1.0
2025-03-11 00:52:53,020 [WARN] PackLoader:240 - Cannot read IP mode file for STMicroelectronics.X-CUBE-WB05N.1.1.0
2025-03-11 00:52:53,113 [WARN] PackLoader:240 - Cannot read IP mode file for STMicroelectronics.X-CUBE-AZRTOS-F7.1.1.0
2025-03-11 00:52:53,144 [WARN] PackLoader:240 - Cannot read IP mode file for STMicroelectronics.FP-SNS-FLIGHT1.5.0.2
2025-03-11 00:52:53,206 [WARN] PackLoader:240 - Cannot read IP mode file for Infineon.AIROC-Wi-Fi-Bluetooth-STM32.1.7.0
2025-03-11 00:52:53,244 [WARN] PackLoader:240 - Cannot read IP mode file for STMicroelectronics.X-CUBE-DISPLAY.3.0.0
2025-03-11 00:52:53,298 [WARN] PackLoader:240 - Cannot read IP mode file for STMicroelectronics.X-CUBE-BLE1.7.0.0
2025-03-11 00:52:53,327 [WARN] PackLoader:240 - Cannot read IP mode file for STMicroelectronics.X-CUBE-NFC10.1.0.0
2025-03-11 00:52:53,362 [WARN] PackLoader:240 - Cannot read IP mode file for STMicroelectronics.X-CUBE-BLEMGR.4.0.0
2025-03-11 00:52:53,428 [WARN] PackLoader:240 - Cannot read IP mode file for emotas.I-CUBE-CANOPEN.1.3.0
2025-03-11 00:52:53,452 [WARN] PackLoader:240 - Cannot read IP mode file for STMicroelectronics.X-CUBE-AI.10.0.0
2025-03-11 00:52:53,476 [WARN] PackLoader:240 - Cannot read IP mode file for STMicroelectronics.FP-SNS-SMARTAG2.1.2.0
2025-03-11 00:52:53,622 [WARN] PackLoader:240 - Cannot read IP mode file for STMicroelectronics.X-CUBE-MEMS1.11.1.0
2025-03-11 00:52:54,044 [INFO] LogOutputStream:77 - [STDOUT_REDIRECT] 1 : Invalid condition id : UX_CORESTACK_Condition cause : null
2025-03-11 00:52:54,045 [INFO] LogOutputStream:77 - [STDOUT_REDIRECT] 1 : Invalid condition id : UX_CORESTACK_Condition cause : null
2025-03-11 00:52:54,048 [INFO] LogOutputStream:77 - [STDOUT_REDIRECT] 1 : Invalid condition id : UX_CORESTACK_Condition cause : null
2025-03-11 00:52:54,051 [INFO] LogOutputStream:77 - [STDOUT_REDIRECT] 1 : Invalid condition id : UX_CORESTACK_Condition cause : null
2025-03-11 00:52:54,054 [INFO] LogOutputStream:77 - [STDOUT_REDIRECT] 1 : Invalid condition id : UX_CORESTACK_Condition cause : null
2025-03-11 00:52:54,078 [WARN] PackLoader:240 - Cannot read IP mode file for STMicroelectronics.X-CUBE-AZRTOS-WL.2.0.0
2025-03-11 00:52:54,104 [WARN] PackLoader:240 - Cannot read IP mode file for STMicroelectronics.FP-SNS-MOTENV1.5.0.0
2025-03-11 00:52:54,127 [WARN] PackLoader:240 - Cannot read IP mode file for wolfSSL.I-CUBE-wolfMQTT.1.19.0
2025-03-11 00:52:54,155 [WARN] PackLoader:240 - Cannot read IP mode file for WES.I-CUBE-Cesium.1.3.0
2025-03-11 00:52:54,187 [WARN] PackLoader:240 - Cannot read IP mode file for STMicroelectronics.X-CUBE-BLE2.3.3.0
2025-03-11 00:52:54,214 [WARN] PackLoader:240 - Cannot read IP mode file for STMicroelectronics.X-CUBE-NFC9.1.0.0
2025-03-11 00:52:54,241 [WARN] PackLoader:240 - Cannot read IP mode file for STMicroelectronics.X-CUBE-BLE1.7.1.0
2025-03-11 00:52:54,301 [WARN] PackLoader:240 - Cannot read IP mode file for STMicroelectronics.X-CUBE-AZRTOS-G0.1.1.0
2025-03-11 00:52:54,389 [WARN] PackLoader:240 - Cannot read IP mode file for STMicroelectronics.X-CUBE-SAFEA1.1.2.2
2025-03-11 00:52:54,415 [WARN] PackLoader:240 - Cannot read IP mode file for STMicroelectronics.X-CUBE-NFC4.3.0.0
2025-03-11 00:52:54,445 [WARN] PackLoader:240 - Cannot read IP mode file for EmbeddedOffice.I-CUBE-FS-RTOS.1.0.1
2025-03-11 00:52:54,471 [WARN] PackLoader:240 - Cannot read IP mode file for STMicroelectronics.X-CUBE-TCPP.4.2.0
2025-03-11 00:52:54,496 [WARN] PackLoader:240 - Cannot read IP mode file for RealThread.X-CUBE-RT-Thread_Nano.4.1.1
2025-03-11 00:52:54,508 [INFO] WebApp:449 - Apply proxy settings
2025-03-11 00:52:54,509 [INFO] WebApp:534 - Chromium requires no authentication
2025-03-11 00:52:54,527 [WARN] PackLoader:240 - Cannot read IP mode file for STMicroelectronics.FP-ATR-SIGFOX1.3.2.0
2025-03-11 00:52:54,528 [INFO] WebApp:477 - Direct internet connection detected
2025-03-11 00:52:54,552 [WARN] ConditionMgr:438 - getConditionDescription Invalid condition id : Cortex-A Device cause : null
2025-03-11 00:52:54,581 [INFO] WebApp:880 - Register for checkConnection events
2025-03-11 00:52:54,582 [INFO] WebApp:449 - Apply proxy settings
2025-03-11 00:52:54,583 [INFO] WebApp:534 - Chromium requires no authentication
2025-03-11 00:52:54,584 [INFO] WebApp:477 - Direct internet connection detected
2025-03-11 00:52:54,656 [WARN] ConditionMgr:1044 - genDependencies : Invalid condition id : Cortex-A Device cause : null
2025-03-11 00:52:54,657 [WARN] ConditionMgr:1044 - genDependencies : Invalid condition id : Cortex-A Device cause : null
2025-03-11 00:52:54,657 [WARN] ConditionMgr:1044 - genDependencies : Invalid condition id : Cortex-A Device cause : null
2025-03-11 00:52:54,683 [WARN] PackLoader:240 - Cannot read IP mode file for STMicroelectronics.X-CUBE-EEPRMA1.5.1.0
2025-03-11 00:52:54,735 [WARN] PackLoader:240 - Cannot read IP mode file for wolfSSL.I-CUBE-wolfSSL.5.7.4
2025-03-11 00:52:54,761 [WARN] PackLoader:240 - Cannot read IP mode file for ITTIA_DB.I-CUBE-ITTIADB.8.9.0
2025-03-11 00:52:54,818 [WARN] PackLoader:240 - Cannot read IP mode file for SEGGER.I-CUBE-embOS.1.3.1
2025-03-11 00:52:54,909 [WARN] PackLoader:240 - Cannot read IP mode file for STMicroelectronics.X-CUBE-ALGOBUILD.1.4.0
2025-03-11 00:52:54,933 [WARN] PackLoader:240 - Cannot read IP mode file for STMicroelectronics.X-CUBE-AI.9.1.0
2025-03-11 00:52:54,982 [WARN] PackLoader:240 - Cannot read IP mode file for STMicroelectronics.X-CUBE-AZRTOS-F4.1.1.0
2025-03-11 00:52:55,007 [WARN] PackLoader:240 - Cannot read IP mode file for STMicroelectronics.X-CUBE-ISPU.2.1.0
2025-03-11 00:52:55,061 [WARN] PackLoader:240 - Cannot read IP mode file for STMicroelectronics.X-CUBE-AZRTOS-L5.2.0.0
2025-03-11 00:52:55,081 [INFO] WebApp:221 - Starting web application
2025-03-11 00:52:55,082 [INFO] WebApp:579 - Web application path used C:\ST\STM32CubeIDE_1.17.0\STM32CubeIDE\plugins\com.st.stm32cube.common.mx_6.13.0.202411220809\db\plugins\mcufinder\reactClient1\index.html
2025-03-11 00:52:55,093 [WARN] PackLoader:240 - Cannot read IP mode file for STMicroelectronics.X-CUBE-NFC6.3.1.0
2025-03-11 00:52:55,120 [WARN] PackLoader:240 - Cannot read IP mode file for STMicroelectronics.X-CUBE-DPower.1.2.0
2025-03-11 00:52:55,159 [WARN] PackLoader:240 - Cannot read IP mode file for STMicroelectronics.X-CUBE-FREERTOS.1.3.0
2025-03-11 00:52:55,184 [WARN] PackLoader:240 - Cannot read IP mode file for STMicroelectronics.X-CUBE-NFC7.1.0.1
2025-03-11 00:52:55,263 [WARN] ConditionMgr:438 - getConditionDescription Invalid condition id : LAN8742 Phy interface Condition cause : null
2025-03-11 00:52:55,264 [WARN] PackLoader:240 - Cannot read IP mode file for STMicroelectronics.X-CUBE-AZRTOS-L4.2.0.0
2025-03-11 00:52:55,266 [WARN] ConditionMgr:1044 - genDependencies : Invalid condition id : LAN8742 Phy interface Condition cause : null
2025-03-11 00:52:55,267 [WARN] ConditionMgr:1044 - genDependencies : Invalid condition id : LAN8742 Phy interface Condition cause : null
2025-03-11 00:52:55,267 [WARN] ConditionMgr:1044 - genDependencies : Invalid condition id : LAN8742 Phy interface Condition cause : null
2025-03-11 00:52:55,296 [WARN] PackLoader:240 - Cannot read IP mode file for STMicroelectronics.X-CUBE-SFXS2LP1.4.0.0
2025-03-11 00:52:55,352 [WARN] PackLoader:240 - Cannot read IP mode file for STMicroelectronics.X-CUBE-AZRTOS-H7.3.3.0
2025-03-11 00:52:55,436 [WARN] ConditionMgr:438 - getConditionDescription Invalid condition id : UX DEVICE CLASS RTOS Condition cause : null
2025-03-11 00:52:55,436 [WARN] ConditionMgr:438 - getConditionDescription Invalid condition id : UX DEVICE CLASS RTOS Condition cause : null
2025-03-11 00:52:55,440 [WARN] PackLoader:240 - Cannot read IP mode file for STMicroelectronics.X-CUBE-AZRTOS-WB.2.0.0
2025-03-11 00:52:55,441 [WARN] ConditionMgr:1044 - genDependencies : Invalid condition id : UX DEVICE CLASS RTOS Condition cause : null
2025-03-11 00:52:55,441 [WARN] ConditionMgr:1044 - genDependencies : Invalid condition id : UX DEVICE CLASS RTOS Condition cause : null
2025-03-11 00:52:55,441 [WARN] ConditionMgr:1044 - genDependencies : Invalid condition id : UX DEVICE CLASS RTOS Condition cause : null
2025-03-11 00:52:55,442 [WARN] ConditionMgr:1044 - genDependencies : Invalid condition id : UX DEVICE CLASS RTOS Condition cause : null
2025-03-11 00:52:55,442 [WARN] ConditionMgr:1044 - genDependencies : Invalid condition id : UX DEVICE CLASS RTOS Condition cause : null
2025-03-11 00:52:55,466 [WARN] PackLoader:240 - Cannot read IP mode file for STMicroelectronics.X-CUBE-GNSS1.7.0.1
2025-03-11 00:52:55,574 [INFO] UserAuth:486 - Internet connection configuration mode: 1
2025-03-11 00:52:55,578 [WARN] PackLoader:240 - Cannot read IP mode file for STMicroelectronics.X-CUBE-TOUCHGFX.4.25.0
2025-03-11 00:52:55,721 [WARN] PackLoader:240 - Cannot read IP mode file for STMicroelectronics.FP-SNS-STBOX1.2.0.0
2025-03-11 00:52:55,763 [WARN] PackLoader:240 - Cannot read IP mode file for STMicroelectronics.X-CUBE-SUBG2.5.0.0
2025-03-11 00:52:55,790 [WARN] PackLoader:240 - Cannot read IP mode file for Cesanta.I-CUBE-Mongoose.7.13.0
2025-03-11 00:52:55,834 [WARN] PackLoader:240 - Cannot read IP mode file for STMicroelectronics.X-CUBE-AZRTOS-G4.2.0.0
2025-03-11 00:52:55,872 [WARN] PackLoader:240 - Cannot read IP mode file for STMicroelectronics.X-CUBE-IPS.3.1.0
2025-03-11 00:52:55,916 [INFO] WebApp:187 - Connection restablished
2025-03-11 00:52:55,921 [WARN] PackLoader:240 - Cannot read IP mode file for STMicroelectronics.X-CUBE-ALS.1.0.2
2025-03-11 00:52:55,944 [WARN] PackLoader:240 - Cannot read IP mode file for STMicroelectronics.X-CUBE-TOUCHGFX.4.24.2
2025-03-11 00:52:55,975 [WARN] PackLoader:240 - Cannot read IP mode file for wolfSSL.I-CUBE-wolfTPM.3.4.0
2025-03-11 00:52:56,004 [WARN] PackLoader:240 - Cannot read IP mode file for portGmbH.I-Cube-SoM-uGOAL.1.1.0
2025-03-11 00:52:56,057 [WARN] PackLoader:240 - Cannot read IP mode file for STMicroelectronics.X-CUBE-AZRTOS-H7RS.1.0.0
2025-03-11 00:52:56,096 [WARN] PackLoader:240 - Cannot read IP mode file for STMicroelectronics.X-CUBE-TOF1.3.4.2
2025-03-11 00:52:56,132 [WARN] PackLoader:240 - Cannot read IP mode file for wolfSSL.I-CUBE-wolfSSH.1.4.17
2025-03-11 00:52:56,132 [INFO] ThirdParty:978 - Integrity check success = true
2025-03-11 00:52:56,132 [INFO] IntegrityCheckThread:100 - exiting critical section [integrity check]
2025-03-11 00:52:56,133 [INFO] IntegrityCheckThread:103 - End integrity checks thread
2025-03-11 00:53:23,627 [INFO] WebApp:190 - Connection lost
2025-03-11 00:53:23,784 [INFO] WebApp:187 - Connection restablished
2025-03-11 03:28:40,134 [ERROR] LogOutputStream:75 - [STDERR_REDIRECT] 
2025-03-11 22:23:17,145 [INFO] Activator:176 - 


2025-03-11 22:23:17,149 [INFO] Activator:177 - !SESSION log4j initialized
2025-03-11 22:23:30,376 [INFO] LogOutputStream:77 - [STDOUT_REDIRECT] 
2025-03-11 22:23:33,779 [INFO] ApplicationProperties:184 - Using Application install path: C:\ST\STM32CubeIDE_1.17.0\STM32CubeIDE\plugins\com.st.stm32cube.common.mx_6.13.0.202411220809
2025-03-11 22:23:33,803 [INFO] DbMcusXml:78 - Set database path to: C:\ST\STM32CubeIDE_1.17.0\STM32CubeIDE\plugins\com.st.stm32cube.common.mx_6.13.0.202411220809\\db\/mcu/
2025-03-11 22:23:33,803 [INFO] ApiDb:274 - Set plugin database path to: C:\ST\STM32CubeIDE_1.17.0\STM32CubeIDE\plugins\com.st.stm32cube.common.mx_6.13.0.202411220809\\db\/plugins/boardmanager/
2025-03-11 22:23:33,803 [WARN] ApiDb:259 - Overriding images path with different value:  => C:\ST\STM32CubeIDE_1.17.0\STM32CubeIDE\plugins\com.st.stm32cube.common.mx_6.13.0.202411220809\\db\/plugins/mcufinder/images/
2025-03-11 22:23:33,815 [INFO] ApiDb:250 - Set database path to: C:\Users\User\.stmcufinder\plugins\mcufinder//mcu/
2025-03-11 22:23:33,816 [INFO] DbMcusAds:125 - Set database path to: C:\Users\User\.stmcufinder\plugins\mcufinder//mcu/
2025-03-11 22:23:33,820 [INFO] CrossReferenceDbSqlite:203 - Set database path to: C:\Users\User\.stmcufinder\plugins\mcufinder//mcu/cs/
2025-03-11 22:23:34,002 [INFO] RulesReader:64 - Compatibility file has been processed (297 Rules)
2025-03-11 22:23:34,138 [INFO] DbMcusXml:78 - Set database path to: C:\ST\STM32CubeIDE_1.17.0\STM32CubeIDE\plugins\com.st.stm32cube.common.mx_6.13.0.202411220809\\db\/mcu/
2025-03-11 22:23:34,138 [INFO] ApiDb:274 - Set plugin database path to: C:\ST\STM32CubeIDE_1.17.0\STM32CubeIDE\plugins\com.st.stm32cube.common.mx_6.13.0.202411220809\\db\/plugins/boardmanager/
2025-03-11 22:23:34,138 [INFO] ApiDb:261 - Set plugin images path to: C:\ST\STM32CubeIDE_1.17.0\STM32CubeIDE\plugins\com.st.stm32cube.common.mx_6.13.0.202411220809\\db\/plugins/mcufinder/images/
2025-03-11 22:23:34,139 [WARN] DbFile:41 - Overriding database path with different value: C:\Users\User\.stmcufinder\plugins\mcufinder/ => C:\Users\User\.stmcufinder\plugins\mcufinder
2025-03-11 22:23:34,139 [INFO] ApiDb:250 - Set database path to: C:\Users\User\.stmcufinder\plugins\mcufinder//mcu/
2025-03-11 22:23:34,139 [WARN] DbFile:41 - Overriding database path with different value: C:\Users\User\.stmcufinder\plugins\mcufinder/ => C:\Users\User\.stmcufinder\plugins\mcufinder
2025-03-11 22:23:34,139 [INFO] DbMcusAds:125 - Set database path to: C:\Users\User\.stmcufinder\plugins\mcufinder//mcu/
2025-03-11 22:23:34,139 [WARN] DbFile:41 - Overriding database path with different value: C:\Users\User\.stmcufinder\plugins\mcufinder/ => C:\Users\User\.stmcufinder\plugins\mcufinder
2025-03-11 22:23:34,140 [WARN] DbFile:41 - Overriding database path with different value: C:\Users\User\.stmcufinder\plugins\mcufinder/ => C:\Users\User\.stmcufinder\plugins\mcufinder
2025-03-11 22:23:34,140 [INFO] CrossReferenceDbSqlite:203 - Set database path to: C:\Users\User\.stmcufinder\plugins\mcufinder//mcu/cs/
2025-03-11 22:23:34,254 [INFO] MainPanel:272 - HeapMemory: 268435456
2025-03-11 22:23:34,419 [INFO] DbMcusXml:78 - Set database path to: C:\ST\STM32CubeIDE_1.17.0\STM32CubeIDE\plugins\com.st.stm32cube.common.mx_6.13.0.202411220809\\db\/mcu/
2025-03-11 22:23:34,419 [INFO] ApiDb:274 - Set plugin database path to: C:\ST\STM32CubeIDE_1.17.0\STM32CubeIDE\plugins\com.st.stm32cube.common.mx_6.13.0.202411220809\\db\/plugins/boardmanager/
2025-03-11 22:23:34,420 [INFO] ApiDb:261 - Set plugin images path to: C:\ST\STM32CubeIDE_1.17.0\STM32CubeIDE\plugins\com.st.stm32cube.common.mx_6.13.0.202411220809\\db\/plugins/mcufinder/images/
2025-03-11 22:23:34,420 [WARN] DbFile:41 - Overriding database path with different value: C:\Users\User\.stmcufinder\plugins\mcufinder/ => C:\Users\User\.stmcufinder\plugins\mcufinder
2025-03-11 22:23:34,420 [INFO] ApiDb:250 - Set database path to: C:\Users\User\.stmcufinder\plugins\mcufinder//mcu/
2025-03-11 22:23:34,420 [WARN] DbFile:41 - Overriding database path with different value: C:\Users\User\.stmcufinder\plugins\mcufinder/ => C:\Users\User\.stmcufinder\plugins\mcufinder
2025-03-11 22:23:34,420 [INFO] DbMcusAds:125 - Set database path to: C:\Users\User\.stmcufinder\plugins\mcufinder//mcu/
2025-03-11 22:23:34,421 [WARN] DbFile:41 - Overriding database path with different value: C:\Users\User\.stmcufinder\plugins\mcufinder/ => C:\Users\User\.stmcufinder\plugins\mcufinder
2025-03-11 22:23:34,421 [WARN] DbFile:41 - Overriding database path with different value: C:\Users\User\.stmcufinder\plugins\mcufinder/ => C:\Users\User\.stmcufinder\plugins\mcufinder
2025-03-11 22:23:34,421 [INFO] CrossReferenceDbSqlite:203 - Set database path to: C:\Users\User\.stmcufinder\plugins\mcufinder//mcu/cs/
2025-03-11 22:23:34,450 [INFO] ApplicationProperties:184 - Using Application install path: C:\ST\STM32CubeIDE_1.17.0\STM32CubeIDE\plugins\com.st.stm32cube.common.mx_6.13.0.202411220809
2025-03-11 22:23:34,452 [INFO] PluginManage:196 - Search for loadable plugins [exclusion list=, ]
2025-03-11 22:23:34,454 [INFO] PluginManage:310 - Check plugin analytics
2025-03-11 22:23:34,738 [INFO] AnalyticsPlugin:253 - Accepted Software Licenses: 
2025-03-11 22:23:34,738 [INFO] AnalyticsPlugin:255 - Accepted CMSIS Pack Licenses: 
2025-03-11 22:23:34,739 [INFO] AnalyticsPlugin:257 - Accepted Firmware Licenses: FW.F4.1.28.0
2025-03-11 22:23:34,743 [INFO] PluginManage:359 - Loaded plugin analytics (category:tool,tabindex:-1)
2025-03-11 22:23:34,744 [INFO] PluginManage:310 - Check plugin cadmodel
2025-03-11 22:23:34,775 [INFO] CADModel:105 - Init CAD model plugin
2025-03-11 22:23:34,776 [INFO] PluginManage:359 - Loaded plugin cadmodel (category:power,tabindex:5)
2025-03-11 22:23:34,776 [INFO] PluginManage:310 - Check plugin clock
2025-03-11 22:23:34,807 [INFO] PluginManage:359 - Loaded plugin clock (category:base,tabindex:2)
2025-03-11 22:23:34,808 [INFO] PluginManage:310 - Check plugin ddr
2025-03-11 22:23:34,813 [INFO] PluginManage:359 - Loaded plugin ddr (category:tool,tabindex:6)
2025-03-11 22:23:34,814 [INFO] PluginManage:310 - Check plugin filemanager
2025-03-11 22:23:35,068 [INFO] PluginManage:359 - Loaded plugin filemanager (category:base,tabindex:10)
2025-03-11 22:23:35,069 [INFO] PluginManage:310 - Check plugin ipmanager
2025-03-11 22:23:35,078 [INFO] PluginManage:359 - Loaded plugin ipmanager (category:base,tabindex:5)
2025-03-11 22:23:35,078 [INFO] PluginManage:310 - Check plugin lpbam
2025-03-11 22:23:35,104 [INFO] PluginManage:359 - Loaded plugin lpbam (category:base,tabindex:0)
2025-03-11 22:23:35,104 [INFO] PluginManage:310 - Check plugin memorymap
2025-03-11 22:23:35,137 [INFO] PluginManage:359 - Loaded plugin memorymap (category:base,tabindex:4)
2025-03-11 22:23:35,137 [INFO] PluginManage:310 - Check plugin pinoutandconfiguration
2025-03-11 22:23:35,163 [INFO] PluginManage:359 - Loaded plugin pinoutandconfiguration (category:base,tabindex:1)
2025-03-11 22:23:35,163 [INFO] PluginManage:310 - Check plugin pinoutconfig
2025-03-11 22:23:35,322 [WARN] SupportedApi:132 - Cannot load RTOS API schema: s4s-elt-must-match.1: The content of 'definitions' must match (annotation?, (simpleType | complexType)?, (unique | key | keyref)*)). A problem was found starting at: attribute.
2025-03-11 22:23:35,545 [INFO] PluginManage:359 - Loaded plugin pinoutconfig (category:base,tabindex:0)
2025-03-11 22:23:35,545 [INFO] PluginManage:310 - Check plugin power
2025-03-11 22:23:35,576 [INFO] PluginManage:359 - Loaded plugin power (category:power,tabindex:4)
2025-03-11 22:23:35,576 [INFO] PluginManage:310 - Check plugin projectmanager
2025-03-11 22:23:35,604 [INFO] PluginManage:359 - Loaded plugin projectmanager (category:projectmanager,tabindex:4)
2025-03-11 22:23:35,604 [INFO] PluginManage:310 - Check plugin rif
2025-03-11 22:23:35,637 [INFO] PluginManage:359 - Loaded plugin rif (category:base,tabindex:3)
2025-03-11 22:23:35,638 [INFO] PluginManage:310 - Check plugin thirdparty
2025-03-11 22:23:36,092 [INFO] PluginManage:359 - Loaded plugin thirdparty (category:base,tabindex:-1)
2025-03-11 22:23:36,091 [WARN] IntegrityCheckThread:84 - waiting for thirdparty lock release [integrity check]
2025-03-11 22:23:36,092 [INFO] PluginManage:310 - Check plugin tools
2025-03-11 22:23:36,093 [INFO] IntegrityCheckThread:86 - entering critical section [integrity check]
2025-03-11 22:23:36,095 [INFO] ThirdPartyUpdaterWithRetryManager:70 - Updater plugin not ready yet. [1/15]
2025-03-11 22:23:36,163 [INFO] PluginManage:359 - Loaded plugin tools (category:base,tabindex:7)
2025-03-11 22:23:36,163 [INFO] PluginManage:310 - Check plugin tutovideos
2025-03-11 22:23:36,967 [INFO] PluginManage:359 - Loaded plugin tutovideos (category:base,tabindex:-1)
2025-03-11 22:23:36,967 [INFO] PluginManage:310 - Check plugin updater
2025-03-11 22:23:37,056 [INFO] PluginManage:359 - Loaded plugin updater (category:base,tabindex:12)
2025-03-11 22:23:37,056 [INFO] PluginManage:310 - Check plugin userauth
2025-03-11 22:23:37,065 [INFO] UserAuth:118 - Init User Auth plugin
2025-03-11 22:23:37,068 [INFO] PluginManage:359 - Loaded plugin userauth (category:base,tabindex:14)
2025-03-11 22:23:37,068 [INFO] PluginManage:283 - PluginManage : Loaded plugins [18]
2025-03-11 22:23:37,609 [INFO] PinOutPanel:1589 - setPackage(No Configuration,No Configuration)
2025-03-11 22:23:37,886 [INFO] CADModel:165 - CPN selected for project level
2025-03-11 22:23:37,886 [INFO] CADModel:114 - Register for checkConnection events
2025-03-11 22:23:37,978 [INFO] IPUIPlugin:80 - create IPUIPlugin
2025-03-11 22:23:37,978 [INFO] PluginManager:220 - loadIPPluginJar : add adc
2025-03-11 22:23:38,152 [INFO] IPUIPlugin:80 - create IPUIPlugin
2025-03-11 22:23:38,152 [INFO] PluginManager:220 - loadIPPluginJar : add aes
2025-03-11 22:23:38,290 [INFO] IPUIPlugin:80 - create IPUIPlugin
2025-03-11 22:23:38,291 [INFO] PluginManager:220 - loadIPPluginJar : add can
2025-03-11 22:23:38,359 [INFO] IPUIPlugin:80 - create IPUIPlugin
2025-03-11 22:23:38,360 [INFO] PluginManager:220 - loadIPPluginJar : add comp
2025-03-11 22:23:38,438 [INFO] IPUIPlugin:80 - create IPUIPlugin
2025-03-11 22:23:38,438 [INFO] PluginManager:220 - loadIPPluginJar : add cryp
2025-03-11 22:23:38,465 [INFO] IPUIPlugin:80 - create IPUIPlugin
2025-03-11 22:23:38,465 [INFO] PluginManager:220 - loadIPPluginJar : add ddr_ctrl_phy
2025-03-11 22:23:38,519 [INFO] IPUIPlugin:80 - create IPUIPlugin
2025-03-11 22:23:38,519 [INFO] PluginManager:220 - loadIPPluginJar : add dfsdm
2025-03-11 22:23:38,550 [INFO] IPUIPlugin:80 - create IPUIPlugin
2025-03-11 22:23:38,551 [INFO] PluginManager:220 - loadIPPluginJar : add dma
2025-03-11 22:23:38,649 [INFO] IPUIPlugin:80 - create IPUIPlugin
2025-03-11 22:23:38,650 [INFO] PluginManager:220 - loadIPPluginJar : add dma3
2025-03-11 22:23:38,733 [INFO] IPUIPlugin:80 - create IPUIPlugin
2025-03-11 22:23:38,733 [INFO] PluginManager:220 - loadIPPluginJar : add extmemmanager
2025-03-11 22:23:38,772 [INFO] IPUIPlugin:80 - create IPUIPlugin
2025-03-11 22:23:38,772 [INFO] PluginManager:220 - loadIPPluginJar : add fatfs
2025-03-11 22:23:38,861 [INFO] IPUIPlugin:80 - create IPUIPlugin
2025-03-11 22:23:38,862 [INFO] PluginManager:220 - loadIPPluginJar : add fmc
2025-03-11 22:23:38,920 [INFO] IPUIPlugin:80 - create IPUIPlugin
2025-03-11 22:23:38,920 [INFO] PluginManager:220 - loadIPPluginJar : add freertos
2025-03-11 22:23:38,978 [INFO] IPUIPlugin:80 - create IPUIPlugin
2025-03-11 22:23:38,979 [INFO] PluginManager:220 - loadIPPluginJar : add genericplugin
2025-03-11 22:23:39,099 [INFO] ThirdPartyUpdaterWithRetryManager:70 - Updater plugin not ready yet. [2/15]
2025-03-11 22:23:39,164 [INFO] IPUIPlugin:80 - create IPUIPlugin
2025-03-11 22:23:39,164 [INFO] PluginManager:220 - loadIPPluginJar : add gfxmmu
2025-03-11 22:23:39,521 [INFO] IPUIPlugin:80 - create IPUIPlugin
2025-03-11 22:23:39,521 [INFO] PluginManager:220 - loadIPPluginJar : add gic
2025-03-11 22:23:39,558 [INFO] IPUIPlugin:80 - create IPUIPlugin
2025-03-11 22:23:39,558 [INFO] PluginManager:220 - loadIPPluginJar : add gpio
2025-03-11 22:23:39,794 [INFO] IPUIPlugin:80 - create IPUIPlugin
2025-03-11 22:23:39,794 [INFO] PluginManager:220 - loadIPPluginJar : add gtzc
2025-03-11 22:23:39,857 [INFO] IPUIPlugin:80 - create IPUIPlugin
2025-03-11 22:23:39,857 [INFO] PluginManager:220 - loadIPPluginJar : add hash
2025-03-11 22:23:39,961 [INFO] IPUIPlugin:80 - create IPUIPlugin
2025-03-11 22:23:39,961 [INFO] PluginManager:220 - loadIPPluginJar : add i2c
2025-03-11 22:23:40,037 [INFO] IPUIPlugin:80 - create IPUIPlugin
2025-03-11 22:23:40,037 [INFO] PluginManager:220 - loadIPPluginJar : add i2s
2025-03-11 22:23:40,110 [INFO] IPUIPlugin:80 - create IPUIPlugin
2025-03-11 22:23:40,110 [INFO] PluginManager:220 - loadIPPluginJar : add i3c
2025-03-11 22:23:40,302 [INFO] IPUIPlugin:80 - create IPUIPlugin
2025-03-11 22:23:40,302 [INFO] PluginManager:220 - loadIPPluginJar : add ipddr
2025-03-11 22:23:40,483 [INFO] IPUIPlugin:80 - create IPUIPlugin
2025-03-11 22:23:40,483 [INFO] PluginManager:220 - loadIPPluginJar : add linkedlist
2025-03-11 22:23:40,557 [INFO] IPUIPlugin:80 - create IPUIPlugin
2025-03-11 22:23:40,558 [INFO] PluginManager:220 - loadIPPluginJar : add lorawan
2025-03-11 22:23:40,637 [INFO] IPUIPlugin:80 - create IPUIPlugin
2025-03-11 22:23:40,637 [INFO] PluginManager:220 - loadIPPluginJar : add ltdc
2025-03-11 22:23:40,678 [INFO] IPUIPlugin:80 - create IPUIPlugin
2025-03-11 22:23:40,679 [INFO] PluginManager:220 - loadIPPluginJar : add mdma
2025-03-11 22:23:40,708 [INFO] IPUIPlugin:80 - create IPUIPlugin
2025-03-11 22:23:40,708 [INFO] PluginManager:220 - loadIPPluginJar : add nvic
2025-03-11 22:23:40,901 [INFO] IPUIPlugin:80 - create IPUIPlugin
2025-03-11 22:23:40,901 [INFO] PluginManager:220 - loadIPPluginJar : add opamp
2025-03-11 22:23:41,006 [INFO] IPUIPlugin:80 - create IPUIPlugin
2025-03-11 22:23:41,006 [INFO] PluginManager:220 - loadIPPluginJar : add openamp
2025-03-11 22:23:41,084 [INFO] IPUIPlugin:80 - create IPUIPlugin
2025-03-11 22:23:41,085 [INFO] PluginManager:220 - loadIPPluginJar : add pdm2pcm
2025-03-11 22:23:41,106 [INFO] IPUIPlugin:80 - create IPUIPlugin
2025-03-11 22:23:41,108 [INFO] PluginManager:220 - loadIPPluginJar : add plateformsettings
2025-03-11 22:23:41,155 [INFO] IPUIPlugin:80 - create IPUIPlugin
2025-03-11 22:23:41,155 [INFO] PluginManager:220 - loadIPPluginJar : add quadspi
2025-03-11 22:23:41,199 [INFO] IPUIPlugin:80 - create IPUIPlugin
2025-03-11 22:23:41,200 [INFO] PluginManager:220 - loadIPPluginJar : add radio
2025-03-11 22:23:41,227 [INFO] IPUIPlugin:80 - create IPUIPlugin
2025-03-11 22:23:41,227 [INFO] PluginManager:220 - loadIPPluginJar : add resmgrutility
2025-03-11 22:23:41,344 [INFO] IPUIPlugin:80 - create IPUIPlugin
2025-03-11 22:23:41,344 [INFO] PluginManager:220 - loadIPPluginJar : add sai
2025-03-11 22:23:41,472 [INFO] IPUIPlugin:80 - create IPUIPlugin
2025-03-11 22:23:41,472 [INFO] PluginManager:220 - loadIPPluginJar : add spi
2025-03-11 22:23:41,637 [INFO] IPUIPlugin:80 - create IPUIPlugin
2025-03-11 22:23:41,637 [INFO] PluginManager:220 - loadIPPluginJar : add stm32_wpan
2025-03-11 22:23:41,699 [INFO] IPUIPlugin:80 - create IPUIPlugin
2025-03-11 22:23:41,700 [INFO] PluginManager:220 - loadIPPluginJar : add tim
2025-03-11 22:23:41,857 [INFO] IPUIPlugin:80 - create IPUIPlugin
2025-03-11 22:23:41,857 [INFO] PluginManager:220 - loadIPPluginJar : add touchsensing
2025-03-11 22:23:41,893 [INFO] IPUIPlugin:80 - create IPUIPlugin
2025-03-11 22:23:41,893 [INFO] PluginManager:220 - loadIPPluginJar : add tracer_emb
2025-03-11 22:23:41,928 [INFO] IPUIPlugin:80 - create IPUIPlugin
2025-03-11 22:23:41,928 [INFO] PluginManager:220 - loadIPPluginJar : add ts
2025-03-11 22:23:41,964 [INFO] IPUIPlugin:80 - create IPUIPlugin
2025-03-11 22:23:41,964 [INFO] PluginManager:220 - loadIPPluginJar : add tsc
2025-03-11 22:23:42,002 [INFO] IPUIPlugin:80 - create IPUIPlugin
2025-03-11 22:23:42,002 [INFO] PluginManager:220 - loadIPPluginJar : add ucpd
2025-03-11 22:23:42,068 [INFO] IPUIPlugin:80 - create IPUIPlugin
2025-03-11 22:23:42,069 [INFO] PluginManager:220 - loadIPPluginJar : add usart
2025-03-11 22:23:42,102 [INFO] ThirdPartyUpdaterWithRetryManager:70 - Updater plugin not ready yet. [3/15]
2025-03-11 22:23:42,142 [INFO] IPUIPlugin:80 - create IPUIPlugin
2025-03-11 22:23:42,142 [INFO] PluginManager:220 - loadIPPluginJar : add usbx
2025-03-11 22:23:42,330 [FATAL] Updater:351 - Updater called before beeing initialized
2025-03-11 22:23:42,370 [INFO] RulesReader:64 - Compatibility file has been processed (297 Rules)
2025-03-11 22:23:42,385 [INFO] RulesReader:64 - Compatibility file has been processed (297 Rules)
2025-03-11 22:23:42,397 [INFO] CADModel:165 - CPN selected for project level
2025-03-11 22:23:42,398 [INFO] CADModel:114 - Register for checkConnection events
2025-03-11 22:23:42,398 [FATAL] Updater:351 - Updater called before beeing initialized
2025-03-11 22:23:42,398 [ERROR] CADModel:125 - Updater not yet initialized, retry later 
2025-03-11 22:23:42,596 [FATAL] Updater:351 - Updater called before beeing initialized
2025-03-11 22:23:42,597 [INFO] CADModel:165 - CPN selected for project level
2025-03-11 22:23:42,597 [INFO] CADModel:114 - Register for checkConnection events
2025-03-11 22:23:42,598 [FATAL] Updater:351 - Updater called before beeing initialized
2025-03-11 22:23:42,598 [ERROR] CADModel:125 - Updater not yet initialized, retry later 
2025-03-11 22:23:42,602 [FATAL] Updater:351 - Updater called before beeing initialized
2025-03-11 22:23:42,977 [FATAL] Updater:351 - Updater called before beeing initialized
2025-03-11 22:23:43,006 [INFO] DbMcusAds:53 - JSON generation date=Thu Mar 06 15:54:21 CET 2025 (1741272861825)
2025-03-11 22:23:43,007 [FATAL] Updater:351 - Updater called before beeing initialized
2025-03-11 22:23:43,065 [WARN] DetailPanel:346 - Failed to get advertising image, set to default
2025-03-11 22:23:43,514 [FATAL] Updater:351 - Updater called before beeing initialized
2025-03-11 22:23:43,519 [FATAL] Updater:351 - Updater called before beeing initialized
2025-03-11 22:23:43,519 [FATAL] Updater:351 - Updater called before beeing initialized
2025-03-11 22:23:43,520 [WARN] DetailPanel:346 - Failed to get advertising image, set to default
2025-03-11 22:23:43,521 [FATAL] Updater:351 - Updater called before beeing initialized
2025-03-11 22:23:43,661 [ERROR] Updater:1198 - MainUpdater not yet initialized. External WinMGr cannot be set.
2025-03-11 22:23:43,673 [INFO] Updater:1134 - Updater Version found : 6.13.0
2025-03-11 22:23:43,694 [INFO] ApplicationProperties:184 - Using Application install path: C:\ST\STM32CubeIDE_1.17.0\STM32CubeIDE\plugins\com.st.stm32cube.common.mx_6.13.0.202411220809
2025-03-11 22:23:45,103 [INFO] ThirdPartyUpdaterWithRetryManager:70 - Updater plugin not ready yet. [4/15]
2025-03-11 22:23:45,293 [ERROR] LogOutputStream:75 - [STDERR_REDIRECT] Mar 11, 2025 10:23:45 PM java.util.prefs.WindowsPreferences <init>
2025-03-11 22:23:45,297 [ERROR] LogOutputStream:75 - [STDERR_REDIRECT] WARNING: Could not open/create prefs root node Software\JavaSoft\Prefs at root 0xffffffff80000002. Windows RegCreateKeyEx(...) returned error code 5.
2025-03-11 22:23:45,298 [ERROR] LogOutputStream:75 - [STDERR_REDIRECT] 
2025-03-11 22:23:45,866 [INFO] MainUpdater:2872 - connection check result : 10
2025-03-11 22:23:45,867 [INFO] MainUpdater:289 - Updater Check For Update Now.
2025-03-11 22:23:45,867 [INFO] MicroXplorer:498 - Change Database Version : DB.6.0.130
2025-03-11 22:23:45,904 [INFO] McuFinderGlobals:63 - Set McuFinder mode to 2 (CubeIDE integrated)
2025-03-11 22:23:45,933 [INFO] UserAuth:486 - Internet connection configuration mode: 1
2025-03-11 22:23:46,030 [INFO] JxBrowserEngine:152 - Initiate JxBrowser Engine with user profile folder
2025-03-11 22:23:46,329 [INFO] CheckServerUpdateThread:120 - End of CheckServer Thread
2025-03-11 22:23:51,257 [WARN] PackLoader:240 - Cannot read IP mode file for STMicroelectronics.FP-SNS-MOTENVWB1.1.4.0
2025-03-11 22:23:51,314 [WARN] PackLoader:240 - Cannot read IP mode file for STMicroelectronics.FP-ATR-ASTRA1.2.0.2
2025-03-11 22:23:51,392 [WARN] PackLoader:240 - Cannot read IP mode file for STMicroelectronics.FP-ATR-ASTRA1.2.0.1
2025-03-11 22:23:51,479 [WARN] PackLoader:240 - Cannot read IP mode file for STMicroelectronics.X-CUBE-SMBUS.2.1.0
2025-03-11 22:23:51,664 [WARN] PackLoader:240 - Cannot read IP mode file for STMicroelectronics.X-CUBE-WB05N.1.1.0
2025-03-11 22:23:51,708 [INFO] WebApp:168 - Instantiating new browser for Auth
2025-03-11 22:23:51,984 [WARN] PackLoader:240 - Cannot read IP mode file for STMicroelectronics.X-CUBE-AZRTOS-F7.1.1.0
2025-03-11 22:23:52,073 [WARN] PackLoader:240 - Cannot read IP mode file for STMicroelectronics.FP-SNS-FLIGHT1.5.0.2
2025-03-11 22:23:52,351 [WARN] PackLoader:240 - Cannot read IP mode file for Infineon.AIROC-Wi-Fi-Bluetooth-STM32.1.7.0
2025-03-11 22:23:52,485 [WARN] PackLoader:240 - Cannot read IP mode file for STMicroelectronics.X-CUBE-DISPLAY.3.0.0
2025-03-11 22:23:52,653 [WARN] PackLoader:240 - Cannot read IP mode file for STMicroelectronics.X-CUBE-BLE1.7.0.0
2025-03-11 22:23:52,705 [WARN] PackLoader:240 - Cannot read IP mode file for STMicroelectronics.X-CUBE-NFC10.1.0.0
2025-03-11 22:23:52,788 [WARN] PackLoader:240 - Cannot read IP mode file for STMicroelectronics.X-CUBE-BLEMGR.4.0.0
2025-03-11 22:23:52,837 [WARN] PackLoader:240 - Cannot read IP mode file for emotas.I-CUBE-CANOPEN.1.3.0
2025-03-11 22:23:52,899 [WARN] PackLoader:240 - Cannot read IP mode file for STMicroelectronics.X-CUBE-AI.10.0.0
2025-03-11 22:23:52,968 [WARN] PackLoader:240 - Cannot read IP mode file for STMicroelectronics.FP-SNS-SMARTAG2.1.2.0
2025-03-11 22:23:53,315 [WARN] PackLoader:240 - Cannot read IP mode file for STMicroelectronics.X-CUBE-MEMS1.11.1.0
2025-03-11 22:23:53,911 [INFO] LogOutputStream:77 - [STDOUT_REDIRECT] 1 : Invalid condition id : UX_CORESTACK_Condition cause : null
2025-03-11 22:23:53,912 [INFO] LogOutputStream:77 - [STDOUT_REDIRECT] 1 : Invalid condition id : UX_CORESTACK_Condition cause : null
2025-03-11 22:23:53,914 [INFO] LogOutputStream:77 - [STDOUT_REDIRECT] 1 : Invalid condition id : UX_CORESTACK_Condition cause : null
2025-03-11 22:23:53,916 [INFO] LogOutputStream:77 - [STDOUT_REDIRECT] 1 : Invalid condition id : UX_CORESTACK_Condition cause : null
2025-03-11 22:23:53,918 [INFO] LogOutputStream:77 - [STDOUT_REDIRECT] 1 : Invalid condition id : UX_CORESTACK_Condition cause : null
2025-03-11 22:23:53,946 [WARN] PackLoader:240 - Cannot read IP mode file for STMicroelectronics.X-CUBE-AZRTOS-WL.2.0.0
2025-03-11 22:23:54,057 [WARN] PackLoader:240 - Cannot read IP mode file for STMicroelectronics.FP-SNS-MOTENV1.5.0.0
2025-03-11 22:23:54,119 [WARN] PackLoader:240 - Cannot read IP mode file for wolfSSL.I-CUBE-wolfMQTT.1.19.0
2025-03-11 22:23:54,363 [WARN] PackLoader:240 - Cannot read IP mode file for WES.I-CUBE-Cesium.1.3.0
2025-03-11 22:23:54,417 [WARN] PackLoader:240 - Cannot read IP mode file for STMicroelectronics.X-CUBE-BLE2.3.3.0
2025-03-11 22:23:54,485 [WARN] PackLoader:240 - Cannot read IP mode file for STMicroelectronics.X-CUBE-NFC9.1.0.0
2025-03-11 22:23:54,523 [WARN] PackLoader:240 - Cannot read IP mode file for STMicroelectronics.X-CUBE-BLE1.7.1.0
2025-03-11 22:23:54,597 [WARN] PackLoader:240 - Cannot read IP mode file for STMicroelectronics.X-CUBE-AZRTOS-G0.1.1.0
2025-03-11 22:23:54,651 [WARN] PackLoader:240 - Cannot read IP mode file for STMicroelectronics.X-CUBE-SAFEA1.1.2.2
2025-03-11 22:23:54,681 [WARN] PackLoader:240 - Cannot read IP mode file for STMicroelectronics.X-CUBE-NFC4.3.0.0
2025-03-11 22:23:54,721 [WARN] PackLoader:240 - Cannot read IP mode file for EmbeddedOffice.I-CUBE-FS-RTOS.1.0.1
2025-03-11 22:23:54,778 [WARN] PackLoader:240 - Cannot read IP mode file for STMicroelectronics.X-CUBE-TCPP.4.2.0
2025-03-11 22:23:54,835 [WARN] PackLoader:240 - Cannot read IP mode file for RealThread.X-CUBE-RT-Thread_Nano.4.1.1
2025-03-11 22:23:54,853 [WARN] PackLoader:240 - Cannot read IP mode file for STMicroelectronics.FP-ATR-SIGFOX1.3.2.0
2025-03-11 22:23:54,872 [WARN] ConditionMgr:438 - getConditionDescription Invalid condition id : Cortex-A Device cause : null
2025-03-11 22:23:54,910 [WARN] ConditionMgr:1044 - genDependencies : Invalid condition id : Cortex-A Device cause : null
2025-03-11 22:23:54,911 [WARN] ConditionMgr:1044 - genDependencies : Invalid condition id : Cortex-A Device cause : null
2025-03-11 22:23:54,911 [WARN] ConditionMgr:1044 - genDependencies : Invalid condition id : Cortex-A Device cause : null
2025-03-11 22:23:54,968 [WARN] PackLoader:240 - Cannot read IP mode file for STMicroelectronics.X-CUBE-EEPRMA1.5.1.0
2025-03-11 22:23:55,008 [WARN] PackLoader:240 - Cannot read IP mode file for wolfSSL.I-CUBE-wolfSSL.5.7.4
2025-03-11 22:23:55,066 [WARN] PackLoader:240 - Cannot read IP mode file for ITTIA_DB.I-CUBE-ITTIADB.8.9.0
2025-03-11 22:23:55,128 [WARN] PackLoader:240 - Cannot read IP mode file for SEGGER.I-CUBE-embOS.1.3.1
2025-03-11 22:23:55,214 [WARN] PackLoader:240 - Cannot read IP mode file for STMicroelectronics.X-CUBE-ALGOBUILD.1.4.0
2025-03-11 22:23:55,237 [WARN] PackLoader:240 - Cannot read IP mode file for STMicroelectronics.X-CUBE-AI.9.1.0
2025-03-11 22:23:55,299 [WARN] PackLoader:240 - Cannot read IP mode file for STMicroelectronics.X-CUBE-AZRTOS-F4.1.1.0
2025-03-11 22:23:55,518 [WARN] PackLoader:240 - Cannot read IP mode file for STMicroelectronics.X-CUBE-ISPU.2.1.0
2025-03-11 22:23:55,699 [WARN] PackLoader:240 - Cannot read IP mode file for STMicroelectronics.X-CUBE-AZRTOS-L5.2.0.0
2025-03-11 22:23:55,771 [WARN] PackLoader:240 - Cannot read IP mode file for STMicroelectronics.X-CUBE-NFC6.3.1.0
2025-03-11 22:23:56,207 [WARN] PackLoader:240 - Cannot read IP mode file for STMicroelectronics.X-CUBE-DPower.1.2.0
2025-03-11 22:23:56,231 [WARN] PackLoader:240 - Cannot read IP mode file for STMicroelectronics.X-CUBE-FREERTOS.1.3.0
2025-03-11 22:23:56,380 [WARN] PackLoader:240 - Cannot read IP mode file for STMicroelectronics.X-CUBE-NFC7.1.0.1
2025-03-11 22:23:56,544 [WARN] ConditionMgr:438 - getConditionDescription Invalid condition id : LAN8742 Phy interface Condition cause : null
2025-03-11 22:23:56,546 [WARN] PackLoader:240 - Cannot read IP mode file for STMicroelectronics.X-CUBE-AZRTOS-L4.2.0.0
2025-03-11 22:23:56,547 [WARN] ConditionMgr:1044 - genDependencies : Invalid condition id : LAN8742 Phy interface Condition cause : null
2025-03-11 22:23:56,547 [WARN] ConditionMgr:1044 - genDependencies : Invalid condition id : LAN8742 Phy interface Condition cause : null
2025-03-11 22:23:56,549 [WARN] ConditionMgr:1044 - genDependencies : Invalid condition id : LAN8742 Phy interface Condition cause : null
2025-03-11 22:23:56,796 [INFO] WebApp:449 - Apply proxy settings
2025-03-11 22:23:56,797 [INFO] WebApp:534 - Chromium requires no authentication
2025-03-11 22:23:56,826 [INFO] WebApp:477 - Direct internet connection detected
2025-03-11 22:23:56,827 [WARN] PackLoader:240 - Cannot read IP mode file for STMicroelectronics.X-CUBE-SFXS2LP1.4.0.0
2025-03-11 22:23:56,888 [INFO] WebApp:880 - Register for checkConnection events
2025-03-11 22:23:56,889 [INFO] WebApp:449 - Apply proxy settings
2025-03-11 22:23:56,889 [INFO] WebApp:534 - Chromium requires no authentication
2025-03-11 22:23:56,890 [INFO] WebApp:477 - Direct internet connection detected
2025-03-11 22:23:56,901 [WARN] PackLoader:240 - Cannot read IP mode file for STMicroelectronics.X-CUBE-AZRTOS-H7.3.3.0
2025-03-11 22:23:57,000 [WARN] ConditionMgr:438 - getConditionDescription Invalid condition id : UX DEVICE CLASS RTOS Condition cause : null
2025-03-11 22:23:57,000 [WARN] ConditionMgr:438 - getConditionDescription Invalid condition id : UX DEVICE CLASS RTOS Condition cause : null
2025-03-11 22:23:57,003 [WARN] PackLoader:240 - Cannot read IP mode file for STMicroelectronics.X-CUBE-AZRTOS-WB.2.0.0
2025-03-11 22:23:57,005 [WARN] ConditionMgr:1044 - genDependencies : Invalid condition id : UX DEVICE CLASS RTOS Condition cause : null
2025-03-11 22:23:57,005 [WARN] ConditionMgr:1044 - genDependencies : Invalid condition id : UX DEVICE CLASS RTOS Condition cause : null
2025-03-11 22:23:57,006 [WARN] ConditionMgr:1044 - genDependencies : Invalid condition id : UX DEVICE CLASS RTOS Condition cause : null
2025-03-11 22:23:57,008 [WARN] ConditionMgr:1044 - genDependencies : Invalid condition id : UX DEVICE CLASS RTOS Condition cause : null
2025-03-11 22:23:57,009 [WARN] ConditionMgr:1044 - genDependencies : Invalid condition id : UX DEVICE CLASS RTOS Condition cause : null
2025-03-11 22:23:57,075 [WARN] PackLoader:240 - Cannot read IP mode file for STMicroelectronics.X-CUBE-GNSS1.7.0.1
2025-03-11 22:23:57,191 [WARN] PackLoader:240 - Cannot read IP mode file for STMicroelectronics.X-CUBE-TOUCHGFX.4.25.0
2025-03-11 22:23:57,222 [WARN] PackLoader:240 - Cannot read IP mode file for STMicroelectronics.FP-SNS-STBOX1.2.0.0
2025-03-11 22:23:57,259 [WARN] PackLoader:240 - Cannot read IP mode file for STMicroelectronics.X-CUBE-SUBG2.5.0.0
2025-03-11 22:23:57,376 [WARN] PackLoader:240 - Cannot read IP mode file for Cesanta.I-CUBE-Mongoose.7.13.0
2025-03-11 22:23:57,430 [INFO] WebApp:187 - Connection restablished
2025-03-11 22:23:57,667 [WARN] PackLoader:240 - Cannot read IP mode file for STMicroelectronics.X-CUBE-AZRTOS-G4.2.0.0
2025-03-11 22:23:57,750 [INFO] WebApp:221 - Starting web application
2025-03-11 22:23:57,750 [INFO] WebApp:579 - Web application path used C:\ST\STM32CubeIDE_1.17.0\STM32CubeIDE\plugins\com.st.stm32cube.common.mx_6.13.0.202411220809\db\plugins\mcufinder\reactClient1\index.html
2025-03-11 22:23:57,824 [WARN] PackLoader:240 - Cannot read IP mode file for STMicroelectronics.X-CUBE-IPS.3.1.0
2025-03-11 22:23:58,010 [WARN] PackLoader:240 - Cannot read IP mode file for STMicroelectronics.X-CUBE-ALS.1.0.2
2025-03-11 22:23:58,075 [WARN] PackLoader:240 - Cannot read IP mode file for STMicroelectronics.X-CUBE-TOUCHGFX.4.24.2
2025-03-11 22:23:58,165 [WARN] PackLoader:240 - Cannot read IP mode file for wolfSSL.I-CUBE-wolfTPM.3.4.0
2025-03-11 22:23:58,245 [WARN] PackLoader:240 - Cannot read IP mode file for portGmbH.I-Cube-SoM-uGOAL.1.1.0
2025-03-11 22:23:58,319 [WARN] PackLoader:240 - Cannot read IP mode file for STMicroelectronics.X-CUBE-AZRTOS-H7RS.1.0.0
2025-03-11 22:23:58,536 [INFO] UserAuth:486 - Internet connection configuration mode: 1
2025-03-11 22:23:58,655 [WARN] PackLoader:240 - Cannot read IP mode file for STMicroelectronics.X-CUBE-TOF1.3.4.2
2025-03-11 22:23:58,796 [WARN] PackLoader:240 - Cannot read IP mode file for wolfSSL.I-CUBE-wolfSSH.1.4.17
2025-03-11 22:23:58,797 [INFO] ThirdParty:978 - Integrity check success = true
2025-03-11 22:23:58,797 [INFO] IntegrityCheckThread:100 - exiting critical section [integrity check]
2025-03-11 22:23:58,797 [INFO] IntegrityCheckThread:103 - End integrity checks thread
2025-03-11 22:25:02,616 [ERROR] LogOutputStream:75 - [STDERR_REDIRECT] 
2025-03-11 22:25:02,620 [ERROR] LogOutputStream:75 - [STDERR_REDIRECT] 
