2025-02-14 00:43:01,519 [ERROR] LogOutputStream:75 - [STDERR_REDIRECT] 
2025-02-14 13:57:34,421 [INFO] Activator:176 - 


2025-02-14 13:57:34,432 [INFO] Activator:177 - !SESSION log4j initialized
2025-02-14 13:57:47,539 [INFO] LogOutputStream:77 - [STDOUT_REDIRECT] 
2025-02-14 13:57:55,434 [INFO] ApplicationProperties:184 - Using Application install path: C:\ST\STM32CubeIDE_1.17.0\STM32CubeIDE\plugins\com.st.stm32cube.common.mx_6.13.0.202411220809
2025-02-14 13:57:55,461 [INFO] DbMcusXml:78 - Set database path to: C:\ST\STM32CubeIDE_1.17.0\STM32CubeIDE\plugins\com.st.stm32cube.common.mx_6.13.0.202411220809\\db\/mcu/
2025-02-14 13:57:55,462 [INFO] ApiDb:274 - Set plugin database path to: C:\ST\STM32CubeIDE_1.17.0\STM32CubeIDE\plugins\com.st.stm32cube.common.mx_6.13.0.202411220809\\db\/plugins/boardmanager/
2025-02-14 13:57:55,463 [WARN] ApiDb:259 - Overriding images path with different value:  => C:\ST\STM32CubeIDE_1.17.0\STM32CubeIDE\plugins\com.st.stm32cube.common.mx_6.13.0.202411220809\\db\/plugins/mcufinder/images/
2025-02-14 13:57:55,483 [INFO] ApiDb:250 - Set database path to: C:\Users\User\.stmcufinder\plugins\mcufinder//mcu/
2025-02-14 13:57:55,486 [INFO] DbMcusAds:125 - Set database path to: C:\Users\User\.stmcufinder\plugins\mcufinder//mcu/
2025-02-14 13:57:55,490 [INFO] CrossReferenceDbSqlite:203 - Set database path to: C:\Users\User\.stmcufinder\plugins\mcufinder//mcu/cs/
2025-02-14 13:57:55,664 [INFO] RulesReader:64 - Compatibility file has been processed (297 Rules)
2025-02-14 13:57:55,805 [INFO] DbMcusXml:78 - Set database path to: C:\ST\STM32CubeIDE_1.17.0\STM32CubeIDE\plugins\com.st.stm32cube.common.mx_6.13.0.202411220809\\db\/mcu/
2025-02-14 13:57:55,805 [INFO] ApiDb:274 - Set plugin database path to: C:\ST\STM32CubeIDE_1.17.0\STM32CubeIDE\plugins\com.st.stm32cube.common.mx_6.13.0.202411220809\\db\/plugins/boardmanager/
2025-02-14 13:57:55,805 [INFO] ApiDb:261 - Set plugin images path to: C:\ST\STM32CubeIDE_1.17.0\STM32CubeIDE\plugins\com.st.stm32cube.common.mx_6.13.0.202411220809\\db\/plugins/mcufinder/images/
2025-02-14 13:57:55,806 [WARN] DbFile:41 - Overriding database path with different value: C:\Users\User\.stmcufinder\plugins\mcufinder/ => C:\Users\User\.stmcufinder\plugins\mcufinder
2025-02-14 13:57:55,806 [INFO] ApiDb:250 - Set database path to: C:\Users\User\.stmcufinder\plugins\mcufinder//mcu/
2025-02-14 13:57:55,806 [WARN] DbFile:41 - Overriding database path with different value: C:\Users\User\.stmcufinder\plugins\mcufinder/ => C:\Users\User\.stmcufinder\plugins\mcufinder
2025-02-14 13:57:55,806 [INFO] DbMcusAds:125 - Set database path to: C:\Users\User\.stmcufinder\plugins\mcufinder//mcu/
2025-02-14 13:57:55,806 [WARN] DbFile:41 - Overriding database path with different value: C:\Users\User\.stmcufinder\plugins\mcufinder/ => C:\Users\User\.stmcufinder\plugins\mcufinder
2025-02-14 13:57:55,807 [WARN] DbFile:41 - Overriding database path with different value: C:\Users\User\.stmcufinder\plugins\mcufinder/ => C:\Users\User\.stmcufinder\plugins\mcufinder
2025-02-14 13:57:55,807 [INFO] CrossReferenceDbSqlite:203 - Set database path to: C:\Users\User\.stmcufinder\plugins\mcufinder//mcu/cs/
2025-02-14 13:57:55,954 [INFO] MainPanel:272 - HeapMemory: 268435456
2025-02-14 13:57:56,152 [INFO] DbMcusXml:78 - Set database path to: C:\ST\STM32CubeIDE_1.17.0\STM32CubeIDE\plugins\com.st.stm32cube.common.mx_6.13.0.202411220809\\db\/mcu/
2025-02-14 13:57:56,153 [INFO] ApiDb:274 - Set plugin database path to: C:\ST\STM32CubeIDE_1.17.0\STM32CubeIDE\plugins\com.st.stm32cube.common.mx_6.13.0.202411220809\\db\/plugins/boardmanager/
2025-02-14 13:57:56,153 [INFO] ApiDb:261 - Set plugin images path to: C:\ST\STM32CubeIDE_1.17.0\STM32CubeIDE\plugins\com.st.stm32cube.common.mx_6.13.0.202411220809\\db\/plugins/mcufinder/images/
2025-02-14 13:57:56,153 [WARN] DbFile:41 - Overriding database path with different value: C:\Users\User\.stmcufinder\plugins\mcufinder/ => C:\Users\User\.stmcufinder\plugins\mcufinder
2025-02-14 13:57:56,153 [INFO] ApiDb:250 - Set database path to: C:\Users\User\.stmcufinder\plugins\mcufinder//mcu/
2025-02-14 13:57:56,153 [WARN] DbFile:41 - Overriding database path with different value: C:\Users\User\.stmcufinder\plugins\mcufinder/ => C:\Users\User\.stmcufinder\plugins\mcufinder
2025-02-14 13:57:56,154 [INFO] DbMcusAds:125 - Set database path to: C:\Users\User\.stmcufinder\plugins\mcufinder//mcu/
2025-02-14 13:57:56,154 [WARN] DbFile:41 - Overriding database path with different value: C:\Users\User\.stmcufinder\plugins\mcufinder/ => C:\Users\User\.stmcufinder\plugins\mcufinder
2025-02-14 13:57:56,154 [WARN] DbFile:41 - Overriding database path with different value: C:\Users\User\.stmcufinder\plugins\mcufinder/ => C:\Users\User\.stmcufinder\plugins\mcufinder
2025-02-14 13:57:56,154 [INFO] CrossReferenceDbSqlite:203 - Set database path to: C:\Users\User\.stmcufinder\plugins\mcufinder//mcu/cs/
2025-02-14 13:57:56,187 [INFO] ApplicationProperties:184 - Using Application install path: C:\ST\STM32CubeIDE_1.17.0\STM32CubeIDE\plugins\com.st.stm32cube.common.mx_6.13.0.202411220809
2025-02-14 13:57:56,189 [INFO] PluginManage:196 - Search for loadable plugins [exclusion list=, ]
2025-02-14 13:57:56,191 [INFO] PluginManage:310 - Check plugin analytics
2025-02-14 13:58:00,970 [INFO] AnalyticsPlugin:253 - Accepted Software Licenses: 
2025-02-14 13:58:00,971 [INFO] AnalyticsPlugin:255 - Accepted CMSIS Pack Licenses: 
2025-02-14 13:58:00,971 [INFO] AnalyticsPlugin:257 - Accepted Firmware Licenses: FW.F4.1.28.0
2025-02-14 13:58:00,975 [INFO] PluginManage:359 - Loaded plugin analytics (category:tool,tabindex:-1)
2025-02-14 13:58:00,976 [INFO] PluginManage:310 - Check plugin cadmodel
2025-02-14 13:58:01,006 [INFO] CADModel:105 - Init CAD model plugin
2025-02-14 13:58:01,006 [INFO] PluginManage:359 - Loaded plugin cadmodel (category:power,tabindex:5)
2025-02-14 13:58:01,007 [INFO] PluginManage:310 - Check plugin clock
2025-02-14 13:58:01,046 [INFO] PluginManage:359 - Loaded plugin clock (category:base,tabindex:2)
2025-02-14 13:58:01,046 [INFO] PluginManage:310 - Check plugin ddr
2025-02-14 13:58:01,051 [INFO] PluginManage:359 - Loaded plugin ddr (category:tool,tabindex:6)
2025-02-14 13:58:01,051 [INFO] PluginManage:310 - Check plugin filemanager
2025-02-14 13:58:01,296 [INFO] PluginManage:359 - Loaded plugin filemanager (category:base,tabindex:10)
2025-02-14 13:58:01,296 [INFO] PluginManage:310 - Check plugin ipmanager
2025-02-14 13:58:01,308 [INFO] PluginManage:359 - Loaded plugin ipmanager (category:base,tabindex:5)
2025-02-14 13:58:01,309 [INFO] PluginManage:310 - Check plugin lpbam
2025-02-14 13:58:01,340 [INFO] PluginManage:359 - Loaded plugin lpbam (category:base,tabindex:0)
2025-02-14 13:58:01,340 [INFO] PluginManage:310 - Check plugin memorymap
2025-02-14 13:58:01,371 [INFO] PluginManage:359 - Loaded plugin memorymap (category:base,tabindex:4)
2025-02-14 13:58:01,372 [INFO] PluginManage:310 - Check plugin pinoutandconfiguration
2025-02-14 13:58:01,398 [INFO] PluginManage:359 - Loaded plugin pinoutandconfiguration (category:base,tabindex:1)
2025-02-14 13:58:01,398 [INFO] PluginManage:310 - Check plugin pinoutconfig
2025-02-14 13:58:01,550 [WARN] SupportedApi:132 - Cannot load RTOS API schema: s4s-elt-must-match.1: The content of 'definitions' must match (annotation?, (simpleType | complexType)?, (unique | key | keyref)*)). A problem was found starting at: attribute.
2025-02-14 13:58:01,783 [INFO] PluginManage:359 - Loaded plugin pinoutconfig (category:base,tabindex:0)
2025-02-14 13:58:01,783 [INFO] PluginManage:310 - Check plugin power
2025-02-14 13:58:01,822 [INFO] PluginManage:359 - Loaded plugin power (category:power,tabindex:4)
2025-02-14 13:58:01,823 [INFO] PluginManage:310 - Check plugin projectmanager
2025-02-14 13:58:01,846 [INFO] PluginManage:359 - Loaded plugin projectmanager (category:projectmanager,tabindex:4)
2025-02-14 13:58:01,846 [INFO] PluginManage:310 - Check plugin rif
2025-02-14 13:58:01,877 [INFO] PluginManage:359 - Loaded plugin rif (category:base,tabindex:3)
2025-02-14 13:58:01,877 [INFO] PluginManage:310 - Check plugin thirdparty
2025-02-14 13:58:02,408 [INFO] PluginManage:359 - Loaded plugin thirdparty (category:base,tabindex:-1)
2025-02-14 13:58:02,409 [INFO] PluginManage:310 - Check plugin tools
2025-02-14 13:58:02,408 [WARN] IntegrityCheckThread:84 - waiting for thirdparty lock release [integrity check]
2025-02-14 13:58:02,416 [INFO] IntegrityCheckThread:86 - entering critical section [integrity check]
2025-02-14 13:58:02,416 [INFO] ThirdPartyUpdaterWithRetryManager:70 - Updater plugin not ready yet. [1/15]
2025-02-14 13:58:02,490 [INFO] PluginManage:359 - Loaded plugin tools (category:base,tabindex:7)
2025-02-14 13:58:02,491 [INFO] PluginManage:310 - Check plugin tutovideos
2025-02-14 13:58:02,798 [INFO] PluginManage:359 - Loaded plugin tutovideos (category:base,tabindex:-1)
2025-02-14 13:58:02,798 [INFO] PluginManage:310 - Check plugin updater
2025-02-14 13:58:02,839 [INFO] PluginManage:359 - Loaded plugin updater (category:base,tabindex:12)
2025-02-14 13:58:02,839 [INFO] PluginManage:310 - Check plugin userauth
2025-02-14 13:58:02,846 [INFO] UserAuth:118 - Init User Auth plugin
2025-02-14 13:58:02,847 [INFO] PluginManage:359 - Loaded plugin userauth (category:base,tabindex:14)
2025-02-14 13:58:02,848 [INFO] PluginManage:283 - PluginManage : Loaded plugins [18]
2025-02-14 13:58:03,206 [INFO] PinOutPanel:1589 - setPackage(No Configuration,No Configuration)
2025-02-14 13:58:03,350 [INFO] CADModel:165 - CPN selected for project level
2025-02-14 13:58:03,350 [INFO] CADModel:114 - Register for checkConnection events
2025-02-14 13:58:03,395 [INFO] IPUIPlugin:80 - create IPUIPlugin
2025-02-14 13:58:03,395 [INFO] PluginManager:220 - loadIPPluginJar : add adc
2025-02-14 13:58:03,465 [INFO] IPUIPlugin:80 - create IPUIPlugin
2025-02-14 13:58:03,465 [INFO] PluginManager:220 - loadIPPluginJar : add aes
2025-02-14 13:58:03,552 [INFO] IPUIPlugin:80 - create IPUIPlugin
2025-02-14 13:58:03,552 [INFO] PluginManager:220 - loadIPPluginJar : add can
2025-02-14 13:58:03,599 [INFO] IPUIPlugin:80 - create IPUIPlugin
2025-02-14 13:58:03,599 [INFO] PluginManager:220 - loadIPPluginJar : add comp
2025-02-14 13:58:03,659 [INFO] IPUIPlugin:80 - create IPUIPlugin
2025-02-14 13:58:03,659 [INFO] PluginManager:220 - loadIPPluginJar : add cryp
2025-02-14 13:58:03,682 [INFO] IPUIPlugin:80 - create IPUIPlugin
2025-02-14 13:58:03,682 [INFO] PluginManager:220 - loadIPPluginJar : add ddr_ctrl_phy
2025-02-14 13:58:03,748 [INFO] IPUIPlugin:80 - create IPUIPlugin
2025-02-14 13:58:03,749 [INFO] PluginManager:220 - loadIPPluginJar : add dfsdm
2025-02-14 13:58:03,773 [INFO] IPUIPlugin:80 - create IPUIPlugin
2025-02-14 13:58:03,773 [INFO] PluginManager:220 - loadIPPluginJar : add dma
2025-02-14 13:58:03,862 [INFO] IPUIPlugin:80 - create IPUIPlugin
2025-02-14 13:58:03,862 [INFO] PluginManager:220 - loadIPPluginJar : add dma3
2025-02-14 13:58:03,956 [INFO] IPUIPlugin:80 - create IPUIPlugin
2025-02-14 13:58:03,956 [INFO] PluginManager:220 - loadIPPluginJar : add extmemmanager
2025-02-14 13:58:04,000 [INFO] IPUIPlugin:80 - create IPUIPlugin
2025-02-14 13:58:04,000 [INFO] PluginManager:220 - loadIPPluginJar : add fatfs
2025-02-14 13:58:04,099 [INFO] IPUIPlugin:80 - create IPUIPlugin
2025-02-14 13:58:04,099 [INFO] PluginManager:220 - loadIPPluginJar : add fmc
2025-02-14 13:58:04,120 [INFO] IPUIPlugin:80 - create IPUIPlugin
2025-02-14 13:58:04,121 [INFO] PluginManager:220 - loadIPPluginJar : add freertos
2025-02-14 13:58:04,159 [INFO] IPUIPlugin:80 - create IPUIPlugin
2025-02-14 13:58:04,159 [INFO] PluginManager:220 - loadIPPluginJar : add genericplugin
2025-02-14 13:58:04,301 [INFO] IPUIPlugin:80 - create IPUIPlugin
2025-02-14 13:58:04,301 [INFO] PluginManager:220 - loadIPPluginJar : add gfxmmu
2025-02-14 13:58:04,516 [INFO] IPUIPlugin:80 - create IPUIPlugin
2025-02-14 13:58:04,516 [INFO] PluginManager:220 - loadIPPluginJar : add gic
2025-02-14 13:58:04,537 [INFO] IPUIPlugin:80 - create IPUIPlugin
2025-02-14 13:58:04,537 [INFO] PluginManager:220 - loadIPPluginJar : add gpio
2025-02-14 13:58:04,691 [INFO] IPUIPlugin:80 - create IPUIPlugin
2025-02-14 13:58:04,691 [INFO] PluginManager:220 - loadIPPluginJar : add gtzc
2025-02-14 13:58:04,757 [INFO] IPUIPlugin:80 - create IPUIPlugin
2025-02-14 13:58:04,758 [INFO] PluginManager:220 - loadIPPluginJar : add hash
2025-02-14 13:58:04,864 [INFO] IPUIPlugin:80 - create IPUIPlugin
2025-02-14 13:58:04,864 [INFO] PluginManager:220 - loadIPPluginJar : add i2c
2025-02-14 13:58:04,936 [INFO] IPUIPlugin:80 - create IPUIPlugin
2025-02-14 13:58:04,937 [INFO] PluginManager:220 - loadIPPluginJar : add i2s
2025-02-14 13:58:05,011 [INFO] IPUIPlugin:80 - create IPUIPlugin
2025-02-14 13:58:05,011 [INFO] PluginManager:220 - loadIPPluginJar : add i3c
2025-02-14 13:58:05,211 [INFO] IPUIPlugin:80 - create IPUIPlugin
2025-02-14 13:58:05,211 [INFO] PluginManager:220 - loadIPPluginJar : add ipddr
2025-02-14 13:58:05,355 [INFO] IPUIPlugin:80 - create IPUIPlugin
2025-02-14 13:58:05,355 [INFO] PluginManager:220 - loadIPPluginJar : add linkedlist
2025-02-14 13:58:05,417 [INFO] ThirdPartyUpdaterWithRetryManager:70 - Updater plugin not ready yet. [2/15]
2025-02-14 13:58:05,417 [INFO] IPUIPlugin:80 - create IPUIPlugin
2025-02-14 13:58:05,417 [INFO] PluginManager:220 - loadIPPluginJar : add lorawan
2025-02-14 13:58:05,478 [INFO] IPUIPlugin:80 - create IPUIPlugin
2025-02-14 13:58:05,478 [INFO] PluginManager:220 - loadIPPluginJar : add ltdc
2025-02-14 13:58:05,501 [INFO] IPUIPlugin:80 - create IPUIPlugin
2025-02-14 13:58:05,501 [INFO] PluginManager:220 - loadIPPluginJar : add mdma
2025-02-14 13:58:05,525 [INFO] IPUIPlugin:80 - create IPUIPlugin
2025-02-14 13:58:05,525 [INFO] PluginManager:220 - loadIPPluginJar : add nvic
2025-02-14 13:58:05,580 [INFO] IPUIPlugin:80 - create IPUIPlugin
2025-02-14 13:58:05,580 [INFO] PluginManager:220 - loadIPPluginJar : add opamp
2025-02-14 13:58:05,679 [INFO] IPUIPlugin:80 - create IPUIPlugin
2025-02-14 13:58:05,679 [INFO] PluginManager:220 - loadIPPluginJar : add openamp
2025-02-14 13:58:05,746 [INFO] IPUIPlugin:80 - create IPUIPlugin
2025-02-14 13:58:05,746 [INFO] PluginManager:220 - loadIPPluginJar : add pdm2pcm
2025-02-14 13:58:05,767 [INFO] IPUIPlugin:80 - create IPUIPlugin
2025-02-14 13:58:05,770 [INFO] PluginManager:220 - loadIPPluginJar : add plateformsettings
2025-02-14 13:58:05,805 [INFO] IPUIPlugin:80 - create IPUIPlugin
2025-02-14 13:58:05,805 [INFO] PluginManager:220 - loadIPPluginJar : add quadspi
2025-02-14 13:58:05,845 [INFO] IPUIPlugin:80 - create IPUIPlugin
2025-02-14 13:58:05,846 [INFO] PluginManager:220 - loadIPPluginJar : add radio
2025-02-14 13:58:05,864 [INFO] IPUIPlugin:80 - create IPUIPlugin
2025-02-14 13:58:05,864 [INFO] PluginManager:220 - loadIPPluginJar : add resmgrutility
2025-02-14 13:58:05,958 [INFO] IPUIPlugin:80 - create IPUIPlugin
2025-02-14 13:58:05,958 [INFO] PluginManager:220 - loadIPPluginJar : add sai
2025-02-14 13:58:06,023 [INFO] IPUIPlugin:80 - create IPUIPlugin
2025-02-14 13:58:06,023 [INFO] PluginManager:220 - loadIPPluginJar : add spi
2025-02-14 13:58:06,136 [INFO] IPUIPlugin:80 - create IPUIPlugin
2025-02-14 13:58:06,136 [INFO] PluginManager:220 - loadIPPluginJar : add stm32_wpan
2025-02-14 13:58:06,175 [INFO] IPUIPlugin:80 - create IPUIPlugin
2025-02-14 13:58:06,176 [INFO] PluginManager:220 - loadIPPluginJar : add tim
2025-02-14 13:58:06,274 [INFO] IPUIPlugin:80 - create IPUIPlugin
2025-02-14 13:58:06,275 [INFO] PluginManager:220 - loadIPPluginJar : add touchsensing
2025-02-14 13:58:06,312 [INFO] IPUIPlugin:80 - create IPUIPlugin
2025-02-14 13:58:06,312 [INFO] PluginManager:220 - loadIPPluginJar : add tracer_emb
2025-02-14 13:58:06,349 [INFO] IPUIPlugin:80 - create IPUIPlugin
2025-02-14 13:58:06,349 [INFO] PluginManager:220 - loadIPPluginJar : add ts
2025-02-14 13:58:06,384 [INFO] IPUIPlugin:80 - create IPUIPlugin
2025-02-14 13:58:06,384 [INFO] PluginManager:220 - loadIPPluginJar : add tsc
2025-02-14 13:58:06,427 [INFO] IPUIPlugin:80 - create IPUIPlugin
2025-02-14 13:58:06,427 [INFO] PluginManager:220 - loadIPPluginJar : add ucpd
2025-02-14 13:58:06,510 [INFO] IPUIPlugin:80 - create IPUIPlugin
2025-02-14 13:58:06,510 [INFO] PluginManager:220 - loadIPPluginJar : add usart
2025-02-14 13:58:06,580 [INFO] IPUIPlugin:80 - create IPUIPlugin
2025-02-14 13:58:06,581 [INFO] PluginManager:220 - loadIPPluginJar : add usbx
2025-02-14 13:58:06,736 [FATAL] Updater:351 - Updater called before beeing initialized
2025-02-14 13:58:06,776 [INFO] RulesReader:64 - Compatibility file has been processed (297 Rules)
2025-02-14 13:58:06,798 [INFO] RulesReader:64 - Compatibility file has been processed (297 Rules)
2025-02-14 13:58:06,809 [INFO] CADModel:165 - CPN selected for project level
2025-02-14 13:58:06,809 [INFO] CADModel:114 - Register for checkConnection events
2025-02-14 13:58:06,810 [FATAL] Updater:351 - Updater called before beeing initialized
2025-02-14 13:58:06,810 [ERROR] CADModel:125 - Updater not yet initialized, retry later 
2025-02-14 13:58:07,010 [FATAL] Updater:351 - Updater called before beeing initialized
2025-02-14 13:58:07,013 [INFO] CADModel:165 - CPN selected for project level
2025-02-14 13:58:07,013 [INFO] CADModel:114 - Register for checkConnection events
2025-02-14 13:58:07,013 [FATAL] Updater:351 - Updater called before beeing initialized
2025-02-14 13:58:07,013 [ERROR] CADModel:125 - Updater not yet initialized, retry later 
2025-02-14 13:58:07,019 [FATAL] Updater:351 - Updater called before beeing initialized
2025-02-14 13:58:07,207 [FATAL] Updater:351 - Updater called before beeing initialized
2025-02-14 13:58:07,224 [INFO] DbMcusAds:53 - JSON generation date=Tue Dec 17 17:01:15 CET 2024 (1734451275111)
2025-02-14 13:58:07,224 [FATAL] Updater:351 - Updater called before beeing initialized
2025-02-14 13:58:07,279 [WARN] DetailPanel:346 - Failed to get advertising image, set to default
2025-02-14 13:58:07,629 [FATAL] Updater:351 - Updater called before beeing initialized
2025-02-14 13:58:07,632 [FATAL] Updater:351 - Updater called before beeing initialized
2025-02-14 13:58:07,632 [FATAL] Updater:351 - Updater called before beeing initialized
2025-02-14 13:58:07,632 [WARN] DetailPanel:346 - Failed to get advertising image, set to default
2025-02-14 13:58:07,633 [FATAL] Updater:351 - Updater called before beeing initialized
2025-02-14 13:58:07,729 [ERROR] Updater:1198 - MainUpdater not yet initialized. External WinMGr cannot be set.
2025-02-14 13:58:07,743 [INFO] Updater:1134 - Updater Version found : 6.13.0
2025-02-14 13:58:07,764 [INFO] ApplicationProperties:184 - Using Application install path: C:\ST\STM32CubeIDE_1.17.0\STM32CubeIDE\plugins\com.st.stm32cube.common.mx_6.13.0.202411220809
2025-02-14 13:58:08,418 [INFO] ThirdPartyUpdaterWithRetryManager:70 - Updater plugin not ready yet. [3/15]
2025-02-14 13:58:09,350 [ERROR] LogOutputStream:75 - [STDERR_REDIRECT] Feb 14, 2025 1:58:09 PM java.util.prefs.WindowsPreferences <init>
2025-02-14 13:58:09,353 [ERROR] LogOutputStream:75 - [STDERR_REDIRECT] WARNING: Could not open/create prefs root node Software\JavaSoft\Prefs at root 0xffffffff80000002. Windows RegCreateKeyEx(...) returned error code 5.
2025-02-14 13:58:09,353 [ERROR] LogOutputStream:75 - [STDERR_REDIRECT] 
2025-02-14 13:58:09,822 [INFO] MainUpdater:2872 - connection check result : 10
2025-02-14 13:58:09,823 [INFO] MainUpdater:289 - Updater Check For Update Now.
2025-02-14 13:58:09,823 [INFO] MicroXplorer:498 - Change Database Version : DB.6.0.130
2025-02-14 13:58:09,851 [INFO] McuFinderGlobals:63 - Set McuFinder mode to 2 (CubeIDE integrated)
2025-02-14 13:58:09,865 [INFO] UserAuth:486 - Internet connection configuration mode: 1
2025-02-14 13:58:09,914 [INFO] JxBrowserEngine:152 - Initiate JxBrowser Engine with user profile folder
2025-02-14 13:58:10,213 [INFO] CheckServerUpdateThread:120 - End of CheckServer Thread
2025-02-14 13:58:12,283 [INFO] WebApp:168 - Instantiating new browser for Auth
2025-02-14 13:58:12,374 [WARN] PackLoader:240 - Cannot read IP mode file for STMicroelectronics.FP-SNS-MOTENVWB1.1.4.0
2025-02-14 13:58:12,414 [WARN] PackLoader:240 - Cannot read IP mode file for STMicroelectronics.FP-ATR-ASTRA1.2.0.1
2025-02-14 13:58:12,457 [WARN] PackLoader:240 - Cannot read IP mode file for STMicroelectronics.X-CUBE-SMBUS.2.1.0
2025-02-14 13:58:12,506 [WARN] PackLoader:240 - Cannot read IP mode file for STMicroelectronics.X-CUBE-WB05N.1.1.0
2025-02-14 13:58:12,720 [WARN] PackLoader:240 - Cannot read IP mode file for STMicroelectronics.X-CUBE-AZRTOS-F7.1.1.0
2025-02-14 13:58:12,797 [WARN] PackLoader:240 - Cannot read IP mode file for STMicroelectronics.FP-SNS-FLIGHT1.5.0.2
2025-02-14 13:58:12,967 [WARN] PackLoader:240 - Cannot read IP mode file for Infineon.AIROC-Wi-Fi-Bluetooth-STM32.1.7.0
2025-02-14 13:58:13,085 [WARN] PackLoader:240 - Cannot read IP mode file for STMicroelectronics.X-CUBE-DISPLAY.3.0.0
2025-02-14 13:58:13,120 [WARN] PackLoader:240 - Cannot read IP mode file for STMicroelectronics.X-CUBE-BLE1.7.0.0
2025-02-14 13:58:13,149 [WARN] PackLoader:240 - Cannot read IP mode file for STMicroelectronics.X-CUBE-NFC10.1.0.0
2025-02-14 13:58:13,191 [WARN] PackLoader:240 - Cannot read IP mode file for STMicroelectronics.X-CUBE-BLEMGR.4.0.0
2025-02-14 13:58:13,226 [WARN] PackLoader:240 - Cannot read IP mode file for emotas.I-CUBE-CANOPEN.1.3.0
2025-02-14 13:58:13,261 [WARN] PackLoader:240 - Cannot read IP mode file for STMicroelectronics.X-CUBE-AI.10.0.0
2025-02-14 13:58:13,291 [WARN] PackLoader:240 - Cannot read IP mode file for STMicroelectronics.FP-SNS-SMARTAG2.1.2.0
2025-02-14 13:58:13,508 [WARN] PackLoader:240 - Cannot read IP mode file for STMicroelectronics.X-CUBE-MEMS1.11.1.0
2025-02-14 13:58:14,412 [INFO] LogOutputStream:77 - [STDOUT_REDIRECT] 1 : Invalid condition id : UX_CORESTACK_Condition cause : null
2025-02-14 13:58:14,413 [INFO] LogOutputStream:77 - [STDOUT_REDIRECT] 1 : Invalid condition id : UX_CORESTACK_Condition cause : null
2025-02-14 13:58:14,415 [INFO] LogOutputStream:77 - [STDOUT_REDIRECT] 1 : Invalid condition id : UX_CORESTACK_Condition cause : null
2025-02-14 13:58:14,418 [INFO] LogOutputStream:77 - [STDOUT_REDIRECT] 1 : Invalid condition id : UX_CORESTACK_Condition cause : null
2025-02-14 13:58:14,419 [INFO] LogOutputStream:77 - [STDOUT_REDIRECT] 1 : Invalid condition id : UX_CORESTACK_Condition cause : null
2025-02-14 13:58:14,424 [WARN] PackLoader:240 - Cannot read IP mode file for STMicroelectronics.X-CUBE-AZRTOS-WL.2.0.0
2025-02-14 13:58:14,481 [WARN] PackLoader:240 - Cannot read IP mode file for STMicroelectronics.FP-SNS-MOTENV1.5.0.0
2025-02-14 13:58:14,545 [INFO] WebApp:449 - Apply proxy settings
2025-02-14 13:58:14,546 [INFO] WebApp:534 - Chromium requires no authentication
2025-02-14 13:58:14,549 [WARN] PackLoader:240 - Cannot read IP mode file for wolfSSL.I-CUBE-wolfMQTT.1.19.0
2025-02-14 13:58:14,577 [INFO] WebApp:477 - Direct internet connection detected
2025-02-14 13:58:14,579 [WARN] PackLoader:240 - Cannot read IP mode file for WES.I-CUBE-Cesium.1.3.0
2025-02-14 13:58:14,603 [WARN] PackLoader:240 - Cannot read IP mode file for STMicroelectronics.X-CUBE-BLE2.3.3.0
2025-02-14 13:58:14,652 [WARN] PackLoader:240 - Cannot read IP mode file for STMicroelectronics.X-CUBE-NFC9.1.0.0
2025-02-14 13:58:14,655 [INFO] WebApp:880 - Register for checkConnection events
2025-02-14 13:58:14,655 [INFO] WebApp:449 - Apply proxy settings
2025-02-14 13:58:14,655 [INFO] WebApp:534 - Chromium requires no authentication
2025-02-14 13:58:14,656 [INFO] WebApp:477 - Direct internet connection detected
2025-02-14 13:58:14,705 [WARN] PackLoader:240 - Cannot read IP mode file for STMicroelectronics.X-CUBE-AZRTOS-G0.1.1.0
2025-02-14 13:58:14,734 [WARN] PackLoader:240 - Cannot read IP mode file for STMicroelectronics.X-CUBE-SAFEA1.1.2.2
2025-02-14 13:58:14,793 [WARN] PackLoader:240 - Cannot read IP mode file for STMicroelectronics.X-CUBE-NFC4.3.0.0
2025-02-14 13:58:14,840 [WARN] PackLoader:240 - Cannot read IP mode file for EmbeddedOffice.I-CUBE-FS-RTOS.1.0.1
2025-02-14 13:58:14,867 [WARN] PackLoader:240 - Cannot read IP mode file for STMicroelectronics.X-CUBE-TCPP.4.2.0
2025-02-14 13:58:14,904 [WARN] PackLoader:240 - Cannot read IP mode file for RealThread.X-CUBE-RT-Thread_Nano.4.1.1
2025-02-14 13:58:14,943 [WARN] PackLoader:240 - Cannot read IP mode file for STMicroelectronics.FP-ATR-SIGFOX1.3.2.0
2025-02-14 13:58:15,004 [WARN] ConditionMgr:438 - getConditionDescription Invalid condition id : Cortex-A Device cause : null
2025-02-14 13:58:15,094 [WARN] ConditionMgr:1044 - genDependencies : Invalid condition id : Cortex-A Device cause : null
2025-02-14 13:58:15,094 [WARN] ConditionMgr:1044 - genDependencies : Invalid condition id : Cortex-A Device cause : null
2025-02-14 13:58:15,095 [WARN] ConditionMgr:1044 - genDependencies : Invalid condition id : Cortex-A Device cause : null
2025-02-14 13:58:15,118 [WARN] PackLoader:240 - Cannot read IP mode file for STMicroelectronics.X-CUBE-EEPRMA1.5.1.0
2025-02-14 13:58:15,192 [WARN] PackLoader:240 - Cannot read IP mode file for wolfSSL.I-CUBE-wolfSSL.5.7.4
2025-02-14 13:58:15,227 [INFO] WebApp:187 - Connection restablished
2025-02-14 13:58:15,292 [WARN] PackLoader:240 - Cannot read IP mode file for ITTIA_DB.I-CUBE-ITTIADB.8.9.0
2025-02-14 13:58:15,441 [WARN] PackLoader:240 - Cannot read IP mode file for SEGGER.I-CUBE-embOS.1.3.1
2025-02-14 13:58:15,452 [INFO] WebApp:221 - Starting web application
2025-02-14 13:58:15,452 [INFO] WebApp:579 - Web application path used C:\ST\STM32CubeIDE_1.17.0\STM32CubeIDE\plugins\com.st.stm32cube.common.mx_6.13.0.202411220809\db\plugins\mcufinder\reactClient1\index.html
2025-02-14 13:58:15,852 [WARN] PackLoader:240 - Cannot read IP mode file for STMicroelectronics.X-CUBE-ALGOBUILD.1.4.0
2025-02-14 13:58:15,895 [WARN] PackLoader:240 - Cannot read IP mode file for STMicroelectronics.X-CUBE-AI.9.1.0
2025-02-14 13:58:15,993 [WARN] PackLoader:240 - Cannot read IP mode file for STMicroelectronics.X-CUBE-AZRTOS-F4.1.1.0
2025-02-14 13:58:16,027 [WARN] PackLoader:240 - Cannot read IP mode file for STMicroelectronics.X-CUBE-ISPU.2.1.0
2025-02-14 13:58:16,090 [WARN] PackLoader:240 - Cannot read IP mode file for STMicroelectronics.X-CUBE-AZRTOS-L5.2.0.0
2025-02-14 13:58:16,179 [WARN] PackLoader:240 - Cannot read IP mode file for STMicroelectronics.X-CUBE-NFC6.3.1.0
2025-02-14 13:58:16,284 [WARN] PackLoader:240 - Cannot read IP mode file for STMicroelectronics.X-CUBE-DPower.1.2.0
2025-02-14 13:58:16,312 [WARN] PackLoader:240 - Cannot read IP mode file for STMicroelectronics.X-CUBE-FREERTOS.1.3.0
2025-02-14 13:58:16,335 [WARN] PackLoader:240 - Cannot read IP mode file for STMicroelectronics.X-CUBE-NFC7.1.0.1
2025-02-14 13:58:16,381 [INFO] UserAuth:486 - Internet connection configuration mode: 1
2025-02-14 13:58:16,452 [WARN] ConditionMgr:438 - getConditionDescription Invalid condition id : LAN8742 Phy interface Condition cause : null
2025-02-14 13:58:16,453 [WARN] PackLoader:240 - Cannot read IP mode file for STMicroelectronics.X-CUBE-AZRTOS-L4.2.0.0
2025-02-14 13:58:16,456 [WARN] ConditionMgr:1044 - genDependencies : Invalid condition id : LAN8742 Phy interface Condition cause : null
2025-02-14 13:58:16,461 [WARN] ConditionMgr:1044 - genDependencies : Invalid condition id : LAN8742 Phy interface Condition cause : null
2025-02-14 13:58:16,463 [WARN] ConditionMgr:1044 - genDependencies : Invalid condition id : LAN8742 Phy interface Condition cause : null
2025-02-14 13:58:16,617 [WARN] PackLoader:240 - Cannot read IP mode file for STMicroelectronics.X-CUBE-SFXS2LP1.4.0.0
2025-02-14 13:58:16,712 [WARN] PackLoader:240 - Cannot read IP mode file for STMicroelectronics.X-CUBE-AZRTOS-H7.3.3.0
2025-02-14 13:58:16,763 [WARN] ConditionMgr:438 - getConditionDescription Invalid condition id : UX DEVICE CLASS RTOS Condition cause : null
2025-02-14 13:58:16,764 [WARN] ConditionMgr:438 - getConditionDescription Invalid condition id : UX DEVICE CLASS RTOS Condition cause : null
2025-02-14 13:58:16,766 [WARN] PackLoader:240 - Cannot read IP mode file for STMicroelectronics.X-CUBE-AZRTOS-WB.2.0.0
2025-02-14 13:58:16,767 [WARN] ConditionMgr:1044 - genDependencies : Invalid condition id : UX DEVICE CLASS RTOS Condition cause : null
2025-02-14 13:58:16,767 [WARN] ConditionMgr:1044 - genDependencies : Invalid condition id : UX DEVICE CLASS RTOS Condition cause : null
2025-02-14 13:58:16,769 [WARN] ConditionMgr:1044 - genDependencies : Invalid condition id : UX DEVICE CLASS RTOS Condition cause : null
2025-02-14 13:58:16,769 [WARN] ConditionMgr:1044 - genDependencies : Invalid condition id : UX DEVICE CLASS RTOS Condition cause : null
2025-02-14 13:58:16,770 [WARN] ConditionMgr:1044 - genDependencies : Invalid condition id : UX DEVICE CLASS RTOS Condition cause : null
2025-02-14 13:58:16,800 [WARN] PackLoader:240 - Cannot read IP mode file for STMicroelectronics.X-CUBE-GNSS1.7.0.1
2025-02-14 13:58:16,837 [WARN] PackLoader:240 - Cannot read IP mode file for STMicroelectronics.FP-SNS-STBOX1.2.0.0
2025-02-14 13:58:16,877 [WARN] PackLoader:240 - Cannot read IP mode file for STMicroelectronics.X-CUBE-SUBG2.5.0.0
2025-02-14 13:58:16,904 [WARN] PackLoader:240 - Cannot read IP mode file for Cesanta.I-CUBE-Mongoose.7.13.0
2025-02-14 13:58:16,955 [WARN] PackLoader:240 - Cannot read IP mode file for STMicroelectronics.X-CUBE-AZRTOS-G4.2.0.0
2025-02-14 13:58:17,000 [WARN] PackLoader:240 - Cannot read IP mode file for STMicroelectronics.X-CUBE-IPS.3.1.0
2025-02-14 13:58:17,039 [WARN] PackLoader:240 - Cannot read IP mode file for STMicroelectronics.X-CUBE-ALS.1.0.2
2025-02-14 13:58:17,073 [WARN] PackLoader:240 - Cannot read IP mode file for STMicroelectronics.X-CUBE-TOUCHGFX.4.24.2
2025-02-14 13:58:17,111 [WARN] PackLoader:240 - Cannot read IP mode file for wolfSSL.I-CUBE-wolfTPM.3.4.0
2025-02-14 13:58:17,139 [WARN] PackLoader:240 - Cannot read IP mode file for portGmbH.I-Cube-SoM-uGOAL.1.1.0
2025-02-14 13:58:17,196 [WARN] PackLoader:240 - Cannot read IP mode file for STMicroelectronics.X-CUBE-AZRTOS-H7RS.1.0.0
2025-02-14 13:58:17,239 [WARN] PackLoader:240 - Cannot read IP mode file for STMicroelectronics.X-CUBE-TOF1.3.4.2
2025-02-14 13:58:17,316 [WARN] PackLoader:240 - Cannot read IP mode file for wolfSSL.I-CUBE-wolfSSH.1.4.17
2025-02-14 13:58:17,317 [INFO] ThirdParty:978 - Integrity check success = true
2025-02-14 13:58:17,317 [INFO] IntegrityCheckThread:100 - exiting critical section [integrity check]
2025-02-14 13:58:17,317 [INFO] IntegrityCheckThread:103 - End integrity checks thread
2025-02-14 15:14:52,659 [INFO] WebApp:190 - Connection lost
2025-02-14 15:14:53,889 [INFO] WebApp:187 - Connection restablished
2025-02-14 15:14:54,039 [INFO] WebApp:190 - Connection lost
2025-02-14 15:14:54,253 [INFO] WebApp:187 - Connection restablished
2025-02-14 15:14:56,883 [INFO] WebApp:190 - Connection lost
2025-02-14 15:14:57,038 [INFO] WebApp:187 - Connection restablished
2025-02-14 19:31:34,956 [INFO] Activator:176 - 


2025-02-14 19:31:34,959 [INFO] Activator:177 - !SESSION log4j initialized
2025-02-14 19:31:45,338 [INFO] LogOutputStream:77 - [STDOUT_REDIRECT] 
2025-02-14 19:31:47,510 [INFO] ApplicationProperties:184 - Using Application install path: C:\ST\STM32CubeIDE_1.17.0\STM32CubeIDE\plugins\com.st.stm32cube.common.mx_6.13.0.202411220809
2025-02-14 19:31:47,537 [INFO] DbMcusXml:78 - Set database path to: C:\ST\STM32CubeIDE_1.17.0\STM32CubeIDE\plugins\com.st.stm32cube.common.mx_6.13.0.202411220809\\db\/mcu/
2025-02-14 19:31:47,537 [INFO] ApiDb:274 - Set plugin database path to: C:\ST\STM32CubeIDE_1.17.0\STM32CubeIDE\plugins\com.st.stm32cube.common.mx_6.13.0.202411220809\\db\/plugins/boardmanager/
2025-02-14 19:31:47,537 [WARN] ApiDb:259 - Overriding images path with different value:  => C:\ST\STM32CubeIDE_1.17.0\STM32CubeIDE\plugins\com.st.stm32cube.common.mx_6.13.0.202411220809\\db\/plugins/mcufinder/images/
2025-02-14 19:31:47,548 [INFO] ApiDb:250 - Set database path to: C:\Users\User\.stmcufinder\plugins\mcufinder//mcu/
2025-02-14 19:31:47,550 [INFO] DbMcusAds:125 - Set database path to: C:\Users\User\.stmcufinder\plugins\mcufinder//mcu/
2025-02-14 19:31:47,555 [INFO] CrossReferenceDbSqlite:203 - Set database path to: C:\Users\User\.stmcufinder\plugins\mcufinder//mcu/cs/
2025-02-14 19:31:47,746 [INFO] RulesReader:64 - Compatibility file has been processed (297 Rules)
2025-02-14 19:31:47,891 [INFO] DbMcusXml:78 - Set database path to: C:\ST\STM32CubeIDE_1.17.0\STM32CubeIDE\plugins\com.st.stm32cube.common.mx_6.13.0.202411220809\\db\/mcu/
2025-02-14 19:31:47,892 [INFO] ApiDb:274 - Set plugin database path to: C:\ST\STM32CubeIDE_1.17.0\STM32CubeIDE\plugins\com.st.stm32cube.common.mx_6.13.0.202411220809\\db\/plugins/boardmanager/
2025-02-14 19:31:47,892 [INFO] ApiDb:261 - Set plugin images path to: C:\ST\STM32CubeIDE_1.17.0\STM32CubeIDE\plugins\com.st.stm32cube.common.mx_6.13.0.202411220809\\db\/plugins/mcufinder/images/
2025-02-14 19:31:47,892 [WARN] DbFile:41 - Overriding database path with different value: C:\Users\User\.stmcufinder\plugins\mcufinder/ => C:\Users\User\.stmcufinder\plugins\mcufinder
2025-02-14 19:31:47,893 [INFO] ApiDb:250 - Set database path to: C:\Users\User\.stmcufinder\plugins\mcufinder//mcu/
2025-02-14 19:31:47,893 [WARN] DbFile:41 - Overriding database path with different value: C:\Users\User\.stmcufinder\plugins\mcufinder/ => C:\Users\User\.stmcufinder\plugins\mcufinder
2025-02-14 19:31:47,893 [INFO] DbMcusAds:125 - Set database path to: C:\Users\User\.stmcufinder\plugins\mcufinder//mcu/
2025-02-14 19:31:47,893 [WARN] DbFile:41 - Overriding database path with different value: C:\Users\User\.stmcufinder\plugins\mcufinder/ => C:\Users\User\.stmcufinder\plugins\mcufinder
2025-02-14 19:31:47,894 [WARN] DbFile:41 - Overriding database path with different value: C:\Users\User\.stmcufinder\plugins\mcufinder/ => C:\Users\User\.stmcufinder\plugins\mcufinder
2025-02-14 19:31:47,894 [INFO] CrossReferenceDbSqlite:203 - Set database path to: C:\Users\User\.stmcufinder\plugins\mcufinder//mcu/cs/
2025-02-14 19:31:48,051 [INFO] MainPanel:272 - HeapMemory: 268435456
2025-02-14 19:31:48,241 [INFO] DbMcusXml:78 - Set database path to: C:\ST\STM32CubeIDE_1.17.0\STM32CubeIDE\plugins\com.st.stm32cube.common.mx_6.13.0.202411220809\\db\/mcu/
2025-02-14 19:31:48,241 [INFO] ApiDb:274 - Set plugin database path to: C:\ST\STM32CubeIDE_1.17.0\STM32CubeIDE\plugins\com.st.stm32cube.common.mx_6.13.0.202411220809\\db\/plugins/boardmanager/
2025-02-14 19:31:48,242 [INFO] ApiDb:261 - Set plugin images path to: C:\ST\STM32CubeIDE_1.17.0\STM32CubeIDE\plugins\com.st.stm32cube.common.mx_6.13.0.202411220809\\db\/plugins/mcufinder/images/
2025-02-14 19:31:48,242 [WARN] DbFile:41 - Overriding database path with different value: C:\Users\User\.stmcufinder\plugins\mcufinder/ => C:\Users\User\.stmcufinder\plugins\mcufinder
2025-02-14 19:31:48,243 [INFO] ApiDb:250 - Set database path to: C:\Users\User\.stmcufinder\plugins\mcufinder//mcu/
2025-02-14 19:31:48,243 [WARN] DbFile:41 - Overriding database path with different value: C:\Users\User\.stmcufinder\plugins\mcufinder/ => C:\Users\User\.stmcufinder\plugins\mcufinder
2025-02-14 19:31:48,243 [INFO] DbMcusAds:125 - Set database path to: C:\Users\User\.stmcufinder\plugins\mcufinder//mcu/
2025-02-14 19:31:48,243 [WARN] DbFile:41 - Overriding database path with different value: C:\Users\User\.stmcufinder\plugins\mcufinder/ => C:\Users\User\.stmcufinder\plugins\mcufinder
2025-02-14 19:31:48,243 [WARN] DbFile:41 - Overriding database path with different value: C:\Users\User\.stmcufinder\plugins\mcufinder/ => C:\Users\User\.stmcufinder\plugins\mcufinder
2025-02-14 19:31:48,243 [INFO] CrossReferenceDbSqlite:203 - Set database path to: C:\Users\User\.stmcufinder\plugins\mcufinder//mcu/cs/
2025-02-14 19:31:48,277 [INFO] ApplicationProperties:184 - Using Application install path: C:\ST\STM32CubeIDE_1.17.0\STM32CubeIDE\plugins\com.st.stm32cube.common.mx_6.13.0.202411220809
2025-02-14 19:31:48,279 [INFO] PluginManage:196 - Search for loadable plugins [exclusion list=, ]
2025-02-14 19:31:48,282 [INFO] PluginManage:310 - Check plugin analytics
2025-02-14 19:31:48,680 [INFO] AnalyticsPlugin:253 - Accepted Software Licenses: 
2025-02-14 19:31:48,680 [INFO] AnalyticsPlugin:255 - Accepted CMSIS Pack Licenses: 
2025-02-14 19:31:48,681 [INFO] AnalyticsPlugin:257 - Accepted Firmware Licenses: FW.F4.1.28.0
2025-02-14 19:31:48,687 [INFO] PluginManage:359 - Loaded plugin analytics (category:tool,tabindex:-1)
2025-02-14 19:31:48,688 [INFO] PluginManage:310 - Check plugin cadmodel
2025-02-14 19:31:48,706 [INFO] CADModel:105 - Init CAD model plugin
2025-02-14 19:31:48,707 [INFO] PluginManage:359 - Loaded plugin cadmodel (category:power,tabindex:5)
2025-02-14 19:31:48,707 [INFO] PluginManage:310 - Check plugin clock
2025-02-14 19:31:48,731 [INFO] PluginManage:359 - Loaded plugin clock (category:base,tabindex:2)
2025-02-14 19:31:48,731 [INFO] PluginManage:310 - Check plugin ddr
2025-02-14 19:31:48,737 [INFO] PluginManage:359 - Loaded plugin ddr (category:tool,tabindex:6)
2025-02-14 19:31:48,738 [INFO] PluginManage:310 - Check plugin filemanager
2025-02-14 19:31:48,986 [INFO] PluginManage:359 - Loaded plugin filemanager (category:base,tabindex:10)
2025-02-14 19:31:48,986 [INFO] PluginManage:310 - Check plugin ipmanager
2025-02-14 19:31:48,999 [INFO] PluginManage:359 - Loaded plugin ipmanager (category:base,tabindex:5)
2025-02-14 19:31:48,999 [INFO] PluginManage:310 - Check plugin lpbam
2025-02-14 19:31:49,012 [INFO] PluginManage:359 - Loaded plugin lpbam (category:base,tabindex:0)
2025-02-14 19:31:49,012 [INFO] PluginManage:310 - Check plugin memorymap
2025-02-14 19:31:49,040 [INFO] PluginManage:359 - Loaded plugin memorymap (category:base,tabindex:4)
2025-02-14 19:31:49,041 [INFO] PluginManage:310 - Check plugin pinoutandconfiguration
2025-02-14 19:31:49,058 [INFO] PluginManage:359 - Loaded plugin pinoutandconfiguration (category:base,tabindex:1)
2025-02-14 19:31:49,059 [INFO] PluginManage:310 - Check plugin pinoutconfig
2025-02-14 19:31:49,283 [WARN] SupportedApi:132 - Cannot load RTOS API schema: s4s-elt-must-match.1: The content of 'definitions' must match (annotation?, (simpleType | complexType)?, (unique | key | keyref)*)). A problem was found starting at: attribute.
2025-02-14 19:31:49,568 [INFO] PluginManage:359 - Loaded plugin pinoutconfig (category:base,tabindex:0)
2025-02-14 19:31:49,568 [INFO] PluginManage:310 - Check plugin power
2025-02-14 19:31:49,584 [INFO] PluginManage:359 - Loaded plugin power (category:power,tabindex:4)
2025-02-14 19:31:49,584 [INFO] PluginManage:310 - Check plugin projectmanager
2025-02-14 19:31:49,614 [INFO] PluginManage:359 - Loaded plugin projectmanager (category:projectmanager,tabindex:4)
2025-02-14 19:31:49,614 [INFO] PluginManage:310 - Check plugin rif
2025-02-14 19:31:49,627 [INFO] PluginManage:359 - Loaded plugin rif (category:base,tabindex:3)
2025-02-14 19:31:49,627 [INFO] PluginManage:310 - Check plugin thirdparty
2025-02-14 19:31:49,911 [INFO] PluginManage:359 - Loaded plugin thirdparty (category:base,tabindex:-1)
2025-02-14 19:31:49,911 [INFO] PluginManage:310 - Check plugin tools
2025-02-14 19:31:49,910 [WARN] IntegrityCheckThread:84 - waiting for thirdparty lock release [integrity check]
2025-02-14 19:31:49,912 [INFO] IntegrityCheckThread:86 - entering critical section [integrity check]
2025-02-14 19:31:49,915 [INFO] ThirdPartyUpdaterWithRetryManager:70 - Updater plugin not ready yet. [1/15]
2025-02-14 19:31:49,924 [INFO] PluginManage:359 - Loaded plugin tools (category:base,tabindex:7)
2025-02-14 19:31:49,924 [INFO] PluginManage:310 - Check plugin tutovideos
2025-02-14 19:31:50,217 [INFO] PluginManage:359 - Loaded plugin tutovideos (category:base,tabindex:-1)
2025-02-14 19:31:50,218 [INFO] PluginManage:310 - Check plugin updater
2025-02-14 19:31:50,265 [INFO] PluginManage:359 - Loaded plugin updater (category:base,tabindex:12)
2025-02-14 19:31:50,265 [INFO] PluginManage:310 - Check plugin userauth
2025-02-14 19:31:50,273 [INFO] UserAuth:118 - Init User Auth plugin
2025-02-14 19:31:50,275 [INFO] PluginManage:359 - Loaded plugin userauth (category:base,tabindex:14)
2025-02-14 19:31:50,276 [INFO] PluginManage:283 - PluginManage : Loaded plugins [18]
2025-02-14 19:31:50,608 [INFO] PinOutPanel:1589 - setPackage(No Configuration,No Configuration)
2025-02-14 19:31:50,776 [INFO] CADModel:165 - CPN selected for project level
2025-02-14 19:31:50,776 [INFO] CADModel:114 - Register for checkConnection events
2025-02-14 19:31:50,814 [INFO] IPUIPlugin:80 - create IPUIPlugin
2025-02-14 19:31:50,814 [INFO] PluginManager:220 - loadIPPluginJar : add adc
2025-02-14 19:31:50,824 [INFO] IPUIPlugin:80 - create IPUIPlugin
2025-02-14 19:31:50,824 [INFO] PluginManager:220 - loadIPPluginJar : add aes
2025-02-14 19:31:50,829 [INFO] IPUIPlugin:80 - create IPUIPlugin
2025-02-14 19:31:50,830 [INFO] PluginManager:220 - loadIPPluginJar : add can
2025-02-14 19:31:50,836 [INFO] IPUIPlugin:80 - create IPUIPlugin
2025-02-14 19:31:50,836 [INFO] PluginManager:220 - loadIPPluginJar : add comp
2025-02-14 19:31:50,843 [INFO] IPUIPlugin:80 - create IPUIPlugin
2025-02-14 19:31:50,843 [INFO] PluginManager:220 - loadIPPluginJar : add cryp
2025-02-14 19:31:50,849 [INFO] IPUIPlugin:80 - create IPUIPlugin
2025-02-14 19:31:50,851 [INFO] PluginManager:220 - loadIPPluginJar : add ddr_ctrl_phy
2025-02-14 19:31:50,856 [INFO] IPUIPlugin:80 - create IPUIPlugin
2025-02-14 19:31:50,856 [INFO] PluginManager:220 - loadIPPluginJar : add dfsdm
2025-02-14 19:31:50,867 [INFO] IPUIPlugin:80 - create IPUIPlugin
2025-02-14 19:31:50,869 [INFO] PluginManager:220 - loadIPPluginJar : add dma
2025-02-14 19:31:50,875 [INFO] IPUIPlugin:80 - create IPUIPlugin
2025-02-14 19:31:50,876 [INFO] PluginManager:220 - loadIPPluginJar : add dma3
2025-02-14 19:31:50,881 [INFO] IPUIPlugin:80 - create IPUIPlugin
2025-02-14 19:31:50,882 [INFO] PluginManager:220 - loadIPPluginJar : add extmemmanager
2025-02-14 19:31:50,886 [INFO] IPUIPlugin:80 - create IPUIPlugin
2025-02-14 19:31:50,887 [INFO] PluginManager:220 - loadIPPluginJar : add fatfs
2025-02-14 19:31:50,896 [INFO] IPUIPlugin:80 - create IPUIPlugin
2025-02-14 19:31:50,896 [INFO] PluginManager:220 - loadIPPluginJar : add fmc
2025-02-14 19:31:50,907 [INFO] IPUIPlugin:80 - create IPUIPlugin
2025-02-14 19:31:50,907 [INFO] PluginManager:220 - loadIPPluginJar : add freertos
2025-02-14 19:31:50,910 [INFO] IPUIPlugin:80 - create IPUIPlugin
2025-02-14 19:31:50,911 [INFO] PluginManager:220 - loadIPPluginJar : add genericplugin
2025-02-14 19:31:50,915 [INFO] IPUIPlugin:80 - create IPUIPlugin
2025-02-14 19:31:50,915 [INFO] PluginManager:220 - loadIPPluginJar : add gfxmmu
2025-02-14 19:31:50,925 [INFO] IPUIPlugin:80 - create IPUIPlugin
2025-02-14 19:31:50,925 [INFO] PluginManager:220 - loadIPPluginJar : add gic
2025-02-14 19:31:50,932 [INFO] IPUIPlugin:80 - create IPUIPlugin
2025-02-14 19:31:50,932 [INFO] PluginManager:220 - loadIPPluginJar : add gpio
2025-02-14 19:31:50,939 [INFO] IPUIPlugin:80 - create IPUIPlugin
2025-02-14 19:31:50,939 [INFO] PluginManager:220 - loadIPPluginJar : add gtzc
2025-02-14 19:31:50,947 [INFO] IPUIPlugin:80 - create IPUIPlugin
2025-02-14 19:31:50,948 [INFO] PluginManager:220 - loadIPPluginJar : add hash
2025-02-14 19:31:50,957 [INFO] IPUIPlugin:80 - create IPUIPlugin
2025-02-14 19:31:50,957 [INFO] PluginManager:220 - loadIPPluginJar : add i2c
2025-02-14 19:31:50,965 [INFO] IPUIPlugin:80 - create IPUIPlugin
2025-02-14 19:31:50,966 [INFO] PluginManager:220 - loadIPPluginJar : add i2s
2025-02-14 19:31:50,978 [INFO] IPUIPlugin:80 - create IPUIPlugin
2025-02-14 19:31:50,978 [INFO] PluginManager:220 - loadIPPluginJar : add i3c
2025-02-14 19:31:50,987 [INFO] IPUIPlugin:80 - create IPUIPlugin
2025-02-14 19:31:50,988 [INFO] PluginManager:220 - loadIPPluginJar : add ipddr
2025-02-14 19:31:51,002 [INFO] IPUIPlugin:80 - create IPUIPlugin
2025-02-14 19:31:51,003 [INFO] PluginManager:220 - loadIPPluginJar : add linkedlist
2025-02-14 19:31:51,023 [INFO] IPUIPlugin:80 - create IPUIPlugin
2025-02-14 19:31:51,023 [INFO] PluginManager:220 - loadIPPluginJar : add lorawan
2025-02-14 19:31:51,028 [INFO] IPUIPlugin:80 - create IPUIPlugin
2025-02-14 19:31:51,028 [INFO] PluginManager:220 - loadIPPluginJar : add ltdc
2025-02-14 19:31:51,045 [INFO] IPUIPlugin:80 - create IPUIPlugin
2025-02-14 19:31:51,046 [INFO] PluginManager:220 - loadIPPluginJar : add mdma
2025-02-14 19:31:51,057 [INFO] IPUIPlugin:80 - create IPUIPlugin
2025-02-14 19:31:51,058 [INFO] PluginManager:220 - loadIPPluginJar : add nvic
2025-02-14 19:31:51,069 [INFO] IPUIPlugin:80 - create IPUIPlugin
2025-02-14 19:31:51,069 [INFO] PluginManager:220 - loadIPPluginJar : add opamp
2025-02-14 19:31:51,079 [INFO] IPUIPlugin:80 - create IPUIPlugin
2025-02-14 19:31:51,080 [INFO] PluginManager:220 - loadIPPluginJar : add openamp
2025-02-14 19:31:51,089 [INFO] IPUIPlugin:80 - create IPUIPlugin
2025-02-14 19:31:51,089 [INFO] PluginManager:220 - loadIPPluginJar : add pdm2pcm
2025-02-14 19:31:51,103 [INFO] IPUIPlugin:80 - create IPUIPlugin
2025-02-14 19:31:51,108 [INFO] PluginManager:220 - loadIPPluginJar : add plateformsettings
2025-02-14 19:31:51,111 [INFO] IPUIPlugin:80 - create IPUIPlugin
2025-02-14 19:31:51,111 [INFO] PluginManager:220 - loadIPPluginJar : add quadspi
2025-02-14 19:31:51,115 [INFO] IPUIPlugin:80 - create IPUIPlugin
2025-02-14 19:31:51,116 [INFO] PluginManager:220 - loadIPPluginJar : add radio
2025-02-14 19:31:51,125 [INFO] IPUIPlugin:80 - create IPUIPlugin
2025-02-14 19:31:51,125 [INFO] PluginManager:220 - loadIPPluginJar : add resmgrutility
2025-02-14 19:31:51,131 [INFO] IPUIPlugin:80 - create IPUIPlugin
2025-02-14 19:31:51,131 [INFO] PluginManager:220 - loadIPPluginJar : add sai
2025-02-14 19:31:51,141 [INFO] IPUIPlugin:80 - create IPUIPlugin
2025-02-14 19:31:51,142 [INFO] PluginManager:220 - loadIPPluginJar : add spi
2025-02-14 19:31:51,153 [INFO] IPUIPlugin:80 - create IPUIPlugin
2025-02-14 19:31:51,154 [INFO] PluginManager:220 - loadIPPluginJar : add stm32_wpan
2025-02-14 19:31:51,157 [INFO] IPUIPlugin:80 - create IPUIPlugin
2025-02-14 19:31:51,158 [INFO] PluginManager:220 - loadIPPluginJar : add tim
2025-02-14 19:31:51,164 [INFO] IPUIPlugin:80 - create IPUIPlugin
2025-02-14 19:31:51,164 [INFO] PluginManager:220 - loadIPPluginJar : add touchsensing
2025-02-14 19:31:51,169 [INFO] IPUIPlugin:80 - create IPUIPlugin
2025-02-14 19:31:51,169 [INFO] PluginManager:220 - loadIPPluginJar : add tracer_emb
2025-02-14 19:31:51,174 [INFO] IPUIPlugin:80 - create IPUIPlugin
2025-02-14 19:31:51,174 [INFO] PluginManager:220 - loadIPPluginJar : add ts
2025-02-14 19:31:51,178 [INFO] IPUIPlugin:80 - create IPUIPlugin
2025-02-14 19:31:51,178 [INFO] PluginManager:220 - loadIPPluginJar : add tsc
2025-02-14 19:31:51,181 [INFO] IPUIPlugin:80 - create IPUIPlugin
2025-02-14 19:31:51,182 [INFO] PluginManager:220 - loadIPPluginJar : add ucpd
2025-02-14 19:31:51,188 [INFO] IPUIPlugin:80 - create IPUIPlugin
2025-02-14 19:31:51,188 [INFO] PluginManager:220 - loadIPPluginJar : add usart
2025-02-14 19:31:51,194 [INFO] IPUIPlugin:80 - create IPUIPlugin
2025-02-14 19:31:51,194 [INFO] PluginManager:220 - loadIPPluginJar : add usbx
2025-02-14 19:31:51,385 [FATAL] Updater:351 - Updater called before beeing initialized
2025-02-14 19:31:51,454 [INFO] RulesReader:64 - Compatibility file has been processed (297 Rules)
2025-02-14 19:31:51,480 [INFO] RulesReader:64 - Compatibility file has been processed (297 Rules)
2025-02-14 19:31:51,498 [INFO] CADModel:165 - CPN selected for project level
2025-02-14 19:31:51,498 [INFO] CADModel:114 - Register for checkConnection events
2025-02-14 19:31:51,499 [FATAL] Updater:351 - Updater called before beeing initialized
2025-02-14 19:31:51,499 [ERROR] CADModel:125 - Updater not yet initialized, retry later 
2025-02-14 19:31:51,753 [FATAL] Updater:351 - Updater called before beeing initialized
2025-02-14 19:31:51,756 [INFO] CADModel:165 - CPN selected for project level
2025-02-14 19:31:51,756 [INFO] CADModel:114 - Register for checkConnection events
2025-02-14 19:31:51,756 [FATAL] Updater:351 - Updater called before beeing initialized
2025-02-14 19:31:51,756 [ERROR] CADModel:125 - Updater not yet initialized, retry later 
2025-02-14 19:31:51,760 [FATAL] Updater:351 - Updater called before beeing initialized
2025-02-14 19:31:52,118 [FATAL] Updater:351 - Updater called before beeing initialized
2025-02-14 19:31:52,123 [INFO] DbMcusAds:53 - JSON generation date=Tue Dec 17 17:01:15 CET 2024 (1734451275111)
2025-02-14 19:31:52,123 [FATAL] Updater:351 - Updater called before beeing initialized
2025-02-14 19:31:52,186 [WARN] DetailPanel:346 - Failed to get advertising image, set to default
2025-02-14 19:31:52,563 [FATAL] Updater:351 - Updater called before beeing initialized
2025-02-14 19:31:52,567 [FATAL] Updater:351 - Updater called before beeing initialized
2025-02-14 19:31:52,567 [FATAL] Updater:351 - Updater called before beeing initialized
2025-02-14 19:31:52,568 [WARN] DetailPanel:346 - Failed to get advertising image, set to default
2025-02-14 19:31:52,571 [FATAL] Updater:351 - Updater called before beeing initialized
2025-02-14 19:31:52,659 [ERROR] Updater:1198 - MainUpdater not yet initialized. External WinMGr cannot be set.
2025-02-14 19:31:52,661 [INFO] Updater:1134 - Updater Version found : 6.13.0
2025-02-14 19:31:52,693 [INFO] ApplicationProperties:184 - Using Application install path: C:\ST\STM32CubeIDE_1.17.0\STM32CubeIDE\plugins\com.st.stm32cube.common.mx_6.13.0.202411220809
2025-02-14 19:31:52,915 [INFO] ThirdPartyUpdaterWithRetryManager:70 - Updater plugin not ready yet. [2/15]
2025-02-14 19:31:54,329 [ERROR] LogOutputStream:75 - [STDERR_REDIRECT] Feb 14, 2025 7:31:54 PM java.util.prefs.WindowsPreferences <init>
2025-02-14 19:31:54,336 [ERROR] LogOutputStream:75 - [STDERR_REDIRECT] WARNING: Could not open/create prefs root node Software\JavaSoft\Prefs at root 0xffffffff80000002. Windows RegCreateKeyEx(...) returned error code 5.
2025-02-14 19:31:54,337 [ERROR] LogOutputStream:75 - [STDERR_REDIRECT] 
2025-02-14 19:31:54,762 [INFO] MainUpdater:2872 - connection check result : 10
2025-02-14 19:31:54,763 [INFO] MainUpdater:289 - Updater Check For Update Now.
2025-02-14 19:31:54,763 [INFO] MicroXplorer:498 - Change Database Version : DB.6.0.130
2025-02-14 19:31:54,774 [INFO] McuFinderGlobals:63 - Set McuFinder mode to 2 (CubeIDE integrated)
2025-02-14 19:31:54,779 [INFO] UserAuth:486 - Internet connection configuration mode: 1
2025-02-14 19:31:54,831 [INFO] JxBrowserEngine:152 - Initiate JxBrowser Engine with user profile folder
2025-02-14 19:31:55,110 [INFO] CheckServerUpdateThread:120 - End of CheckServer Thread
2025-02-14 19:31:56,896 [WARN] PackLoader:240 - Cannot read IP mode file for STMicroelectronics.FP-SNS-MOTENVWB1.1.4.0
2025-02-14 19:31:56,918 [WARN] PackLoader:240 - Cannot read IP mode file for STMicroelectronics.FP-ATR-ASTRA1.2.0.1
2025-02-14 19:31:56,933 [WARN] PackLoader:240 - Cannot read IP mode file for STMicroelectronics.X-CUBE-SMBUS.2.1.0
2025-02-14 19:31:56,953 [WARN] PackLoader:240 - Cannot read IP mode file for STMicroelectronics.X-CUBE-WB05N.1.1.0
2025-02-14 19:31:57,011 [WARN] PackLoader:240 - Cannot read IP mode file for STMicroelectronics.X-CUBE-AZRTOS-F7.1.1.0
2025-02-14 19:31:57,027 [WARN] PackLoader:240 - Cannot read IP mode file for STMicroelectronics.FP-SNS-FLIGHT1.5.0.2
2025-02-14 19:31:57,092 [WARN] PackLoader:240 - Cannot read IP mode file for Infineon.AIROC-Wi-Fi-Bluetooth-STM32.1.7.0
2025-02-14 19:31:57,122 [WARN] PackLoader:240 - Cannot read IP mode file for STMicroelectronics.X-CUBE-DISPLAY.3.0.0
2025-02-14 19:31:57,158 [WARN] PackLoader:240 - Cannot read IP mode file for STMicroelectronics.X-CUBE-BLE1.7.0.0
2025-02-14 19:31:57,174 [WARN] PackLoader:240 - Cannot read IP mode file for STMicroelectronics.X-CUBE-NFC10.1.0.0
2025-02-14 19:31:57,199 [WARN] PackLoader:240 - Cannot read IP mode file for STMicroelectronics.X-CUBE-BLEMGR.4.0.0
2025-02-14 19:31:57,200 [INFO] WebApp:168 - Instantiating new browser for Auth
2025-02-14 19:31:57,223 [WARN] PackLoader:240 - Cannot read IP mode file for emotas.I-CUBE-CANOPEN.1.3.0
2025-02-14 19:31:57,267 [WARN] PackLoader:240 - Cannot read IP mode file for STMicroelectronics.X-CUBE-AI.10.0.0
2025-02-14 19:31:57,276 [WARN] PackLoader:240 - Cannot read IP mode file for STMicroelectronics.FP-SNS-SMARTAG2.1.2.0
2025-02-14 19:31:57,640 [WARN] PackLoader:240 - Cannot read IP mode file for STMicroelectronics.X-CUBE-MEMS1.11.1.0
2025-02-14 19:31:58,226 [INFO] LogOutputStream:77 - [STDOUT_REDIRECT] 1 : Invalid condition id : UX_CORESTACK_Condition cause : null
2025-02-14 19:31:58,228 [INFO] LogOutputStream:77 - [STDOUT_REDIRECT] 1 : Invalid condition id : UX_CORESTACK_Condition cause : null
2025-02-14 19:31:58,238 [INFO] LogOutputStream:77 - [STDOUT_REDIRECT] 1 : Invalid condition id : UX_CORESTACK_Condition cause : null
2025-02-14 19:31:58,240 [INFO] LogOutputStream:77 - [STDOUT_REDIRECT] 1 : Invalid condition id : UX_CORESTACK_Condition cause : null
2025-02-14 19:31:58,243 [INFO] LogOutputStream:77 - [STDOUT_REDIRECT] 1 : Invalid condition id : UX_CORESTACK_Condition cause : null
2025-02-14 19:31:58,249 [WARN] PackLoader:240 - Cannot read IP mode file for STMicroelectronics.X-CUBE-AZRTOS-WL.2.0.0
2025-02-14 19:31:58,259 [WARN] PackLoader:240 - Cannot read IP mode file for STMicroelectronics.FP-SNS-MOTENV1.5.0.0
2025-02-14 19:31:58,269 [WARN] PackLoader:240 - Cannot read IP mode file for wolfSSL.I-CUBE-wolfMQTT.1.19.0
2025-02-14 19:31:58,280 [WARN] PackLoader:240 - Cannot read IP mode file for WES.I-CUBE-Cesium.1.3.0
2025-02-14 19:31:58,289 [WARN] PackLoader:240 - Cannot read IP mode file for STMicroelectronics.X-CUBE-BLE2.3.3.0
2025-02-14 19:31:58,303 [WARN] PackLoader:240 - Cannot read IP mode file for STMicroelectronics.X-CUBE-NFC9.1.0.0
2025-02-14 19:31:58,331 [WARN] PackLoader:240 - Cannot read IP mode file for STMicroelectronics.X-CUBE-AZRTOS-G0.1.1.0
2025-02-14 19:31:58,395 [WARN] PackLoader:240 - Cannot read IP mode file for STMicroelectronics.X-CUBE-SAFEA1.1.2.2
2025-02-14 19:31:58,416 [WARN] PackLoader:240 - Cannot read IP mode file for STMicroelectronics.X-CUBE-NFC4.3.0.0
2025-02-14 19:31:58,434 [WARN] PackLoader:240 - Cannot read IP mode file for EmbeddedOffice.I-CUBE-FS-RTOS.1.0.1
2025-02-14 19:31:58,494 [WARN] PackLoader:240 - Cannot read IP mode file for STMicroelectronics.X-CUBE-TCPP.4.2.0
2025-02-14 19:31:58,511 [WARN] PackLoader:240 - Cannot read IP mode file for RealThread.X-CUBE-RT-Thread_Nano.4.1.1
2025-02-14 19:31:58,531 [WARN] PackLoader:240 - Cannot read IP mode file for STMicroelectronics.FP-ATR-SIGFOX1.3.2.0
2025-02-14 19:31:58,541 [WARN] ConditionMgr:438 - getConditionDescription Invalid condition id : Cortex-A Device cause : null
2025-02-14 19:31:58,588 [WARN] ConditionMgr:1044 - genDependencies : Invalid condition id : Cortex-A Device cause : null
2025-02-14 19:31:58,588 [WARN] ConditionMgr:1044 - genDependencies : Invalid condition id : Cortex-A Device cause : null
2025-02-14 19:31:58,589 [WARN] ConditionMgr:1044 - genDependencies : Invalid condition id : Cortex-A Device cause : null
2025-02-14 19:31:58,603 [WARN] PackLoader:240 - Cannot read IP mode file for STMicroelectronics.X-CUBE-EEPRMA1.5.1.0
2025-02-14 19:31:58,644 [WARN] PackLoader:240 - Cannot read IP mode file for wolfSSL.I-CUBE-wolfSSL.5.7.4
2025-02-14 19:31:58,698 [WARN] PackLoader:240 - Cannot read IP mode file for ITTIA_DB.I-CUBE-ITTIADB.8.9.0
2025-02-14 19:31:58,760 [WARN] PackLoader:240 - Cannot read IP mode file for SEGGER.I-CUBE-embOS.1.3.1
2025-02-14 19:31:58,988 [WARN] PackLoader:240 - Cannot read IP mode file for STMicroelectronics.X-CUBE-ALGOBUILD.1.4.0
2025-02-14 19:31:59,004 [WARN] PackLoader:240 - Cannot read IP mode file for STMicroelectronics.X-CUBE-AI.9.1.0
2025-02-14 19:31:59,071 [WARN] PackLoader:240 - Cannot read IP mode file for STMicroelectronics.X-CUBE-AZRTOS-F4.1.1.0
2025-02-14 19:31:59,113 [WARN] PackLoader:240 - Cannot read IP mode file for STMicroelectronics.X-CUBE-ISPU.2.1.0
2025-02-14 19:31:59,202 [WARN] PackLoader:240 - Cannot read IP mode file for STMicroelectronics.X-CUBE-AZRTOS-L5.2.0.0
2025-02-14 19:31:59,270 [WARN] PackLoader:240 - Cannot read IP mode file for STMicroelectronics.X-CUBE-NFC6.3.1.0
2025-02-14 19:31:59,283 [WARN] PackLoader:240 - Cannot read IP mode file for STMicroelectronics.X-CUBE-DPower.1.2.0
2025-02-14 19:31:59,291 [WARN] PackLoader:240 - Cannot read IP mode file for STMicroelectronics.X-CUBE-FREERTOS.1.3.0
2025-02-14 19:31:59,301 [WARN] PackLoader:240 - Cannot read IP mode file for STMicroelectronics.X-CUBE-NFC7.1.0.1
2025-02-14 19:31:59,364 [WARN] ConditionMgr:438 - getConditionDescription Invalid condition id : LAN8742 Phy interface Condition cause : null
2025-02-14 19:31:59,368 [WARN] PackLoader:240 - Cannot read IP mode file for STMicroelectronics.X-CUBE-AZRTOS-L4.2.0.0
2025-02-14 19:31:59,370 [WARN] ConditionMgr:1044 - genDependencies : Invalid condition id : LAN8742 Phy interface Condition cause : null
2025-02-14 19:31:59,372 [WARN] ConditionMgr:1044 - genDependencies : Invalid condition id : LAN8742 Phy interface Condition cause : null
2025-02-14 19:31:59,374 [WARN] ConditionMgr:1044 - genDependencies : Invalid condition id : LAN8742 Phy interface Condition cause : null
2025-02-14 19:31:59,425 [WARN] PackLoader:240 - Cannot read IP mode file for STMicroelectronics.X-CUBE-SFXS2LP1.4.0.0
2025-02-14 19:31:59,575 [WARN] PackLoader:240 - Cannot read IP mode file for STMicroelectronics.X-CUBE-AZRTOS-H7.3.3.0
2025-02-14 19:31:59,959 [WARN] ConditionMgr:438 - getConditionDescription Invalid condition id : UX DEVICE CLASS RTOS Condition cause : null
2025-02-14 19:31:59,959 [WARN] ConditionMgr:438 - getConditionDescription Invalid condition id : UX DEVICE CLASS RTOS Condition cause : null
2025-02-14 19:31:59,964 [WARN] PackLoader:240 - Cannot read IP mode file for STMicroelectronics.X-CUBE-AZRTOS-WB.2.0.0
2025-02-14 19:31:59,965 [WARN] ConditionMgr:1044 - genDependencies : Invalid condition id : UX DEVICE CLASS RTOS Condition cause : null
2025-02-14 19:31:59,965 [WARN] ConditionMgr:1044 - genDependencies : Invalid condition id : UX DEVICE CLASS RTOS Condition cause : null
2025-02-14 19:31:59,966 [WARN] ConditionMgr:1044 - genDependencies : Invalid condition id : UX DEVICE CLASS RTOS Condition cause : null
2025-02-14 19:31:59,966 [WARN] ConditionMgr:1044 - genDependencies : Invalid condition id : UX DEVICE CLASS RTOS Condition cause : null
2025-02-14 19:31:59,966 [WARN] ConditionMgr:1044 - genDependencies : Invalid condition id : UX DEVICE CLASS RTOS Condition cause : null
2025-02-14 19:32:00,038 [WARN] PackLoader:240 - Cannot read IP mode file for STMicroelectronics.X-CUBE-GNSS1.7.0.1
2025-02-14 19:32:00,047 [WARN] PackLoader:240 - Cannot read IP mode file for STMicroelectronics.FP-SNS-STBOX1.2.0.0
2025-02-14 19:32:00,064 [WARN] PackLoader:240 - Cannot read IP mode file for STMicroelectronics.X-CUBE-SUBG2.5.0.0
2025-02-14 19:32:00,179 [WARN] PackLoader:240 - Cannot read IP mode file for Cesanta.I-CUBE-Mongoose.7.13.0
2025-02-14 19:32:00,198 [WARN] PackLoader:240 - Cannot read IP mode file for STMicroelectronics.X-CUBE-AZRTOS-G4.2.0.0
2025-02-14 19:32:00,224 [WARN] PackLoader:240 - Cannot read IP mode file for STMicroelectronics.X-CUBE-IPS.3.1.0
2025-02-14 19:32:00,238 [WARN] PackLoader:240 - Cannot read IP mode file for STMicroelectronics.X-CUBE-ALS.1.0.2
2025-02-14 19:32:00,245 [WARN] PackLoader:240 - Cannot read IP mode file for STMicroelectronics.X-CUBE-TOUCHGFX.4.24.2
2025-02-14 19:32:00,253 [WARN] PackLoader:240 - Cannot read IP mode file for wolfSSL.I-CUBE-wolfTPM.3.4.0
2025-02-14 19:32:00,428 [WARN] PackLoader:240 - Cannot read IP mode file for portGmbH.I-Cube-SoM-uGOAL.1.1.0
2025-02-14 19:32:00,457 [WARN] PackLoader:240 - Cannot read IP mode file for STMicroelectronics.X-CUBE-AZRTOS-H7RS.1.0.0
2025-02-14 19:32:00,489 [INFO] WebApp:449 - Apply proxy settings
2025-02-14 19:32:00,489 [INFO] WebApp:534 - Chromium requires no authentication
2025-02-14 19:32:00,507 [INFO] WebApp:477 - Direct internet connection detected
2025-02-14 19:32:00,600 [WARN] PackLoader:240 - Cannot read IP mode file for STMicroelectronics.X-CUBE-TOF1.3.4.2
2025-02-14 19:32:00,604 [INFO] WebApp:880 - Register for checkConnection events
2025-02-14 19:32:00,604 [INFO] WebApp:449 - Apply proxy settings
2025-02-14 19:32:00,604 [INFO] WebApp:534 - Chromium requires no authentication
2025-02-14 19:32:00,605 [INFO] WebApp:477 - Direct internet connection detected
2025-02-14 19:32:00,616 [WARN] PackLoader:240 - Cannot read IP mode file for wolfSSL.I-CUBE-wolfSSH.1.4.17
2025-02-14 19:32:00,617 [INFO] ThirdParty:978 - Integrity check success = true
2025-02-14 19:32:00,617 [INFO] IntegrityCheckThread:100 - exiting critical section [integrity check]
2025-02-14 19:32:00,617 [INFO] IntegrityCheckThread:103 - End integrity checks thread
2025-02-14 19:32:01,009 [INFO] WebApp:187 - Connection restablished
2025-02-14 19:32:01,057 [INFO] WebApp:221 - Starting web application
2025-02-14 19:32:01,057 [INFO] WebApp:579 - Web application path used C:\ST\STM32CubeIDE_1.17.0\STM32CubeIDE\plugins\com.st.stm32cube.common.mx_6.13.0.202411220809\db\plugins\mcufinder\reactClient1\index.html
2025-02-14 19:32:01,275 [INFO] UserAuth:486 - Internet connection configuration mode: 1
2025-02-14 19:32:09,374 [INFO] McuFinderGlobals:63 - Set McuFinder mode to 2 (CubeIDE integrated)
2025-02-14 19:32:09,413 [INFO] MainUpdater:2872 - connection check result : 10
2025-02-14 19:32:10,311 [INFO] ApiDb:581 - Connected to CubeFinder SQLite database (C:\Users\User\.stmcufinder\plugins\mcufinder\mcu\cube-finder-db.db)
2025-02-14 19:32:10,477 [INFO] ApiDb:668 - CubeFinder database Data Model version=2.1
2025-02-14 19:32:10,477 [INFO] ApiDb:669 - CubeFinder database Configuration version=3.0.39
2025-02-14 19:32:10,477 [INFO] ApiDb:670 - CubeFinder database generation date=2025-02-07 (1738919966)
2025-02-14 19:32:10,478 [INFO] ApiDb:671 - CubeFinder database FW Pack versions=[FP-ATR-ASTRA1_V2.0.0, FP-SNS-FLIGHT1_V5.0.2, FP-SNS-MOTENV1_V5.0.0, FP-SNS-MOTENVWB1_V1.4.0, FP-SNS-SMARTAG2_V1.2.0, FP-SNS-STBOX1_V2.0.0, STM32Cube_FW_C0_V1.3.0, STM32Cube_FW_F4_V1.28.1, STM32Cube_FW_F7_V1.17.2, STM32Cube_FW_G0_V1.6.2, STM32Cube_FW_G4_V1.6.1, STM32Cube_FW_H5_V1.4.0, STM32Cube_FW_H7RS_V1.1.0, STM32Cube_FW_H7_V1.12.0, STM32Cube_FW_L0_V1.12.2, STM32Cube_FW_L4_V1.18.1, STM32Cube_FW_L5_V1.5.1, STM32Cube_FW_N6_V1.0.0, STM32Cube_FW_U0_V1.2.0, STM32Cube_FW_U3_V1.0.0, STM32Cube_FW_U5_V1.7.0, STM32Cube_FW_WB0_V1.1.0, STM32Cube_FW_WBA_V1.5.0, STM32Cube_FW_WB_V1.21.0, STM32Cube_FW_WL3_V1.0.0, STM32Cube_FW_WL_V1.3.0, X-CUBE-ALGOBUILD_V1.4.0, X-CUBE-ALS_V1.0.2, X-CUBE-AZRTOS-F4_V1.1.0, X-CUBE-AZRTOS-F7_V1.1.0, X-CUBE-AZRTOS-G0_V1.1.0, X-CUBE-AZRTOS-G4_V2.0.0, X-CUBE-AZRTOS-H7RS_V1.0.0, X-CUBE-AZRTOS-H7_V3.3.0, X-CUBE-AZRTOS-L4_V2.0.0, X-CUBE-AZRTOS-L5_V2.0.0, X-CUBE-AZRTOS-WB_V2.0.0, X-CUBE-AZRTOS-WL_V2.0.0, X-CUBE-BLE1_V7.0.0, X-CUBE-BLE2_V3.3.0, X-CUBE-BLEMGR_V4.0.0, X-CUBE-EEPRMA1_V5.1.0, X-CUBE-FREERTOS_V1.2.0, X-CUBE-GNSS1_V6.0.0, X-CUBE-MEMS1_V11.1.0, X-CUBE-NFC4_V3.0.0, X-CUBE-NFC7_V1.0.1, X-CUBE-SFXS2LP1_V4.0.0, X-CUBE-SUBG2_V5.0.0, X-CUBE-TOF1_V3.4.2]
2025-02-14 19:32:10,688 [INFO] DbBoardsSqlite:226 - include board P-NUCLEO-WB55-NUCLEO as a kit item of type 'Nucleo-64'
2025-02-14 19:32:10,688 [INFO] DbBoardsSqlite:226 - include board P-NUCLEO-WB55-USBDONGLE as a kit item of type 'Nucleo USB Dongle'
2025-02-14 19:32:10,690 [INFO] DbBoardsSqlite:226 - include board STEVAL-IDP005V1 as a kit item of type 'Evaluation Board'
2025-02-14 19:32:10,690 [INFO] DbBoardsSqlite:226 - include board STEVAL-IDP005V2 as a kit item of type 'Evaluation Board'
2025-02-14 19:32:11,204 [INFO] ApiDb:240 - Found 858 in-development CPN: [B-G473E-ZEST1S, B-WB1M-WPAN1, B-WBA5M-WPAN, B-WL5M-SUBG1, NUCLEO-C031C6, NUCLEO-C051C8, NUCLEO-C071RB, NUCLEO-C092RC, NUCLEO-H503RB, NUCLEO-H533RE, NUCLEO-H563ZI, NUCLEO-H7S3L8, NUCLEO-N657X0-Q, NUCLEO-U031R8, NUCLEO-U083RC, NUCLEO-U385RG-Q, NUCLEO-U545RE-Q, NUCLEO-U5A5ZJ-Q, NUCLEO-WB05KZ, NUCLEO-WB07CC, NUCLEO-WB09KE, NUCLEO-WBA52CG, NUCLEO-WBA55CG, NUCLEO-WL33CC1, NUCLEO-WL33CC2, STEVAL-PROTEUS1, STEVAL-SMARTAG2, STEVAL-STWINBX1, STM320518-EVAL, STM32C0116-DK, STM32C011D6Y3TR, STM32C011D6Y6TR, STM32C011F4P3, STM32C011F4P6, STM32C011F4U3, STM32C011F4U6TR, STM32C011F6P3, STM32C011F6P6, STM32C011F6U3, STM32C011F6U6TR, STM32C011J4M3, STM32C011J4M6, STM32C011J6M3, STM32C011J6M6, STM32C0316-DK, STM32C031C4T3, STM32C031C4T6, STM32C031C4U3, STM32C031C4U6, STM32C031C6T3, STM32C031C6T6, STM32C031C6U3, STM32C031C6U6, STM32C031F4P3, STM32C031F4P6, STM32C031F6P3, STM32C031F6P6, STM32C031G4U3, STM32C031G4U6, STM32C031G6U3, STM32C031G6U6, STM32C031K4T3, STM32C031K4T6, STM32C031K4U3, STM32C031K4U6, STM32C031K6T3, STM32C031K6T6, STM32C031K6U3, STM32C031K6U6, STM32C051C6T6, STM32C051C6U6, STM32C051C8T6, STM32C051C8U6, STM32C051D8Y6TR, STM32C051F6P6, STM32C051F8P6, STM32C051G6U6, STM32C051G8U6, STM32C051K6T6, STM32C051K6U6, STM32C051K8T6, STM32C071C8T6, STM32C071C8T6N, STM32C071C8U6, STM32C071C8U6N, STM32C071CBT6, STM32C071CBT6N, STM32C071CBU6, STM32C071CBU6N, STM32C071F8P6, STM32C071F8P6N, STM32C071FBP6, STM32C071FBP6N, STM32C071FBY6TR, STM32C071G8U6, STM32C071G8U6N, STM32C071GBU6, STM32C071GBU6N, STM32C071K8T6, STM32C071K8T6N, STM32C071K8U6, STM32C071K8U6N, STM32C071KBT6, STM32C071KBT6N, STM32C071KBU6, STM32C071KBU6N, STM32C071R8T6, STM32C071R8T6N, STM32C071RBI6N, STM32C071RBT6, STM32C071RBT6N, STM32C091CBT6, STM32C091CBU6, STM32C091CCT6, STM32C091CCU6, STM32C091ECY6TR, STM32C091FBP6, STM32C091FCP6, STM32C091GBU6, STM32C091GCU6, STM32C091KBT6, STM32C091KBU6, STM32C091KCT6, STM32C091KCU6, STM32C091RBT6, STM32C091RCI6, STM32C091RCT6, STM32C092CBT6, STM32C092CBU6, STM32C092CCT6, STM32C092CCU6, STM32C092ECY6TR, STM32C092FBP6, STM32C092FCP6, STM32C092GBU6, STM32C092GCU6, STM32C092KBT6, STM32C092KBU6, STM32C092KCT6, STM32C092KCU6, STM32C092RBT6, STM32C092RCI6, STM32C092RCT6, STM32G071K8TXN, STM32G071K8UXN, STM32G081GBU6N, STM32G081KBT6N, STM32G081KBUXN, STM32G0B1CCT6N, STM32G0B1KCT6, STM32G0B1NEY6TR, STM32G0B1RCT6N, STM32G0C1CCT6, STM32G0C1CCT6N, STM32G0C1CCU6N, STM32G0C1CET6N, STM32G0C1CEU6N, STM32G0C1KCT6, STM32G0C1NEY6TR, STM32G0C1RCI6N, STM32G0C1RCT6N, STM32G0C1REI6N, STM32G0C1RET6N, STM32G0C1VCI6, STM32G0C1VEI6, STM32G411C6T3, STM32G411C6T6, STM32G411C6U3, STM32G411C6U6, STM32G411C8T3, STM32G411C8T6, STM32G411C8U3, STM32G411C8U6, STM32G411CBT3, STM32G411CBT6, STM32G411CBU3, STM32G411CBU6, STM32G411CCT3, STM32G411CCT6, STM32G411CCU3, STM32G411CCU6, STM32G411K6T3, STM32G411K6T6, STM32G411K6U3, STM32G411K6U6, STM32G411K8T3, STM32G411K8T6, STM32G411K8U3, STM32G411K8U6, STM32G411KBT3, STM32G411KBT6, STM32G411KBU3, STM32G411KBU6, STM32G411M6T3, STM32G411M6T6, STM32G411M8T3, STM32G411M8T6, STM32G411MBT3, STM32G411MBT6, STM32G411MCT3, STM32G411MCT6, STM32G411R6T3, STM32G411R6T6, STM32G411R8T3, STM32G411R8T6, STM32G411RBT3, STM32G411RBT6, STM32G411RCT3, STM32G411RCT6, STM32G414CBT3, STM32G414CBT6, STM32G414CBU3, STM32G414CBU6, STM32G414CCT3, STM32G414CCT6, STM32G414CCU3, STM32G414CCU6, STM32G414MBT3, STM32G414MBT6, STM32G414MCT3, STM32G414MCT6, STM32G414RBT3, STM32G414RBT6, STM32G414RCT3, STM32G414RCT6, STM32G414VBT3, STM32G414VBT6, STM32G414VCT3, STM32G414VCT6, STM32G431CBT3Z, STM32G431RBT3Z, STM32G471CCT6, STM32G471CCU6, STM32G471CET3, STM32G471CET6, STM32G471CEU3, STM32G471CEU6, STM32G471MCT6, STM32G471MET3, STM32G471MET6, STM32G471MEY6TR, STM32G471QCT6, STM32G471QET3, STM32G471RCT6, STM32G471RET3, STM32G471RET6, STM32G471VCH6, STM32G471VCI6, STM32G471VCT6, STM32G471VEH3, STM32G471VEH6, STM32G471VEI3, STM32G471VEI6, STM32G471VET3, STM32G471VET6, STM32G473QET3Z, STM32G473RET3Z, STM32G474CCT6, STM32G491RET3Z, STM32H503CBT6, STM32H503CBU6, STM32H503EBY6TR, STM32H503KBU6, STM32H503RBT6, STM32H523CCT6, STM32H523CCU6, STM32H523CET6, STM32H523CEU6, STM32H523HEY6TR, STM32H523RCT6, STM32H523RET6, STM32H523VCI6, STM32H523VCT6, STM32H523VEI6, STM32H523VET6, STM32H523ZCJ6, STM32H523ZCT6, STM32H523ZEJ6, STM32H523ZET6, STM32H533CET6, STM32H533CEU6, STM32H533HEY6TR, STM32H533RET6, STM32H533VEI6, STM32H533VET6, STM32H533ZEJ6, STM32H533ZET6, STM32H562AGI6, STM32H562AII6, STM32H562IGK6, STM32H562IGT6, STM32H562IIK6, STM32H562IIT6, STM32H562RGT6, STM32H562RGV6, STM32H562RIT6, STM32H562RIV6, STM32H562VGT6, STM32H562VIT6, STM32H562ZGT6, STM32H562ZIT6, STM32H563AGI6, STM32H563AII3Q, STM32H563AII6, STM32H563IGK6, STM32H563IGT6, STM32H563IIK3Q, STM32H563IIK6, STM32H563IIT3Q, STM32H563IIT6, STM32H563MIY3QTR, STM32H563RGT6, STM32H563RGV6, STM32H563RIT6, STM32H563RIV6, STM32H563VGT6, STM32H563VIT3Q, STM32H563VIT6, STM32H563ZGT6, STM32H563ZIT3Q, STM32H563ZIT6, STM32H573AII3Q, STM32H573AII6, STM32H573I-DK, STM32H573IIK3Q, STM32H573IIK6, STM32H573IIT3Q, STM32H573IIT6, STM32H573MIY3QTR, STM32H573RIT6, STM32H573RIV6, STM32H573VIT3Q, STM32H573VIT6, STM32H573ZIT3Q, STM32H573ZIT6, STM32H7R3A8I6, STM32H7R3I8K6, STM32H7R3I8T6, STM32H7R3L8H6, STM32H7R3L8H6H, STM32H7R3R8V6, STM32H7R3V8H6, STM32H7R3V8T6, STM32H7R3V8Y6TR, STM32H7R3Z8J6, STM32H7R3Z8T6, STM32H7R7A8I6, STM32H7R7I8K6, STM32H7R7I8T6, STM32H7R7L8H6, STM32H7R7L8H6H, STM32H7R7Z8J6, STM32H7S3A8I6, STM32H7S3I8K6, STM32H7S3I8T6, STM32H7S3L8H6, STM32H7S3L8H6H, STM32H7S3R8V6, STM32H7S3V8H6, STM32H7S3V8T6, STM32H7S3V8Y6TR, STM32H7S3Z8J6, STM32H7S3Z8T6, STM32H7S78-DK, STM32H7S7A8I6, STM32H7S7I8K6, STM32H7S7I8T6, STM32H7S7L8H6, STM32H7S7L8H6H, STM32H7S7Z8J6, STM32L4R5QGI6STR, STM32MP131AAE3, STM32MP131AAF3, STM32MP131AAG3, STM32MP131CAE3, STM32MP131CAF3, STM32MP131CAG3, STM32MP131DAE7, STM32MP131DAF7, STM32MP131DAG7, STM32MP131FAE7, STM32MP131FAF7, STM32MP131FAG7, STM32MP133AAE3, STM32MP133AAF3, STM32MP133AAG3, STM32MP133CAE3, STM32MP133CAF3, STM32MP133CAG3, STM32MP133DAE7, STM32MP133DAF7, STM32MP133DAG7, STM32MP133FAE7, STM32MP133FAF7, STM32MP133FAG7, STM32MP135AAE3, STM32MP135AAF3, STM32MP135AAG3, STM32MP135CAE3, STM32MP135CAF3, STM32MP135CAG3, STM32MP135DAE7, STM32MP135DAF7, STM32MP135DAG7, STM32MP135F-DK, STM32MP135FAE7, STM32MP135FAF7, STM32MP135FAF7T, STM32MP135FAF7U, STM32MP135FAG7, STM32MP231AAJ3, STM32MP231AAK3, STM32MP231AAL3, STM32MP231CAJ3, STM32MP231CAK3, STM32MP231CAL3, STM32MP231DAJ3, STM32MP231DAK3, STM32MP231DAL3, STM32MP231FAJ3, STM32MP231FAK3, STM32MP231FAL3, STM32MP233AAJ3, STM32MP233AAK3, STM32MP233AAL3, STM32MP233CAJ3, STM32MP233CAK3, STM32MP233CAL3, STM32MP233DAJ3, STM32MP233DAK3, STM32MP233DAL3, STM32MP233FAJ3, STM32MP233FAK3, STM32MP233FAL3, STM32MP235AAJ3, STM32MP235AAK3, STM32MP235AAL3, STM32MP235CAJ3, STM32MP235CAK3, STM32MP235CAL3, STM32MP235DAJ3, STM32MP235DAK3, STM32MP235DAL3, STM32MP235FAJ3, STM32MP235FAK3, STM32MP235FAL3, STM32MP251AAI3, STM32MP251AAJ3, STM32MP251AAK3, STM32MP251AAL3, STM32MP251CAI3, STM32MP251CAJ3, STM32MP251CAK3, STM32MP251CAL3, STM32MP251DAI3, STM32MP251DAJ3, STM32MP251DAK3, STM32MP251DAL3, STM32MP251FAI3, STM32MP251FAJ3, STM32MP251FAK3, STM32MP251FAL3, STM32MP253AAI3, STM32MP253AAJ3, STM32MP253AAK3, STM32MP253AAL3, STM32MP253CAI3, STM32MP253CAJ3, STM32MP253CAK3, STM32MP253CAL3, STM32MP253DAI3, STM32MP253DAJ3, STM32MP253DAK3, STM32MP253DAL3, STM32MP253FAI3, STM32MP253FAJ3, STM32MP253FAK3, STM32MP253FAL3, STM32MP255AAI3, STM32MP255AAJ3, STM32MP255AAK3, STM32MP255AAL3, STM32MP255CAI3, STM32MP255CAJ3, STM32MP255CAK3, STM32MP255CAL3, STM32MP255DAI3, STM32MP255DAJ3, STM32MP255DAK3, STM32MP255DAL3, STM32MP255FAI3, STM32MP255FAJ3, STM32MP255FAK3, STM32MP255FAL3, STM32MP257AAI3, STM32MP257AAJ3, STM32MP257AAK3, STM32MP257AAL3, STM32MP257CAI3, STM32MP257CAJ3, STM32MP257CAK3, STM32MP257CAL3, STM32MP257DAI3, STM32MP257DAJ3, STM32MP257DAK3, STM32MP257DAL3, STM32MP257F-DK, STM32MP257F-EV1, STM32MP257FAI3, STM32MP257FAJ3, STM32MP257FAK3, STM32MP257FAL3, STM32N645A0H3Q, STM32N645B0H3Q, STM32N645I0H3Q, STM32N645L0H3Q, STM32N645X0H3Q, STM32N645Z0H3Q, STM32N647A0H3Q, STM32N647B0H3Q, STM32N647I0H3Q, STM32N647L0H3Q, STM32N647X0H3Q, STM32N647Z0H3Q, STM32N655A0H3Q, STM32N655B0H3Q, STM32N655I0H3Q, STM32N655L0H3Q, STM32N655X0H3Q, STM32N655Z0H3Q, STM32N6570-DK, STM32N657A0H3Q, STM32N657B0H3Q, STM32N657I0H3Q, STM32N657L0H3Q, STM32N657X0H3Q, STM32N657Z0H3Q, STM32U031C6T6, STM32U031C6U6, STM32U031C8T6, STM32U031C8U6, STM32U031F4P6, STM32U031F6P6, STM32U031F8P6, STM32U031G6Y6TR, STM32U031G8Y6TR, STM32U031K4U6, STM32U031K6U6, STM32U031K8U6, STM32U031R6I6, STM32U031R6T6, STM32U031R8I6, STM32U031R8T6, STM32U073C8T6, STM32U073C8U6, STM32U073CBT6, STM32U073CBU6, STM32U073CCT6, STM32U073CCU6, STM32U073H8Y6TR, STM32U073HBY6TR, STM32U073HCY6TR, STM32U073K8U6, STM32U073KBU6, STM32U073KCU6, STM32U073M8I6, STM32U073M8T6, STM32U073MBI6, STM32U073MBT6, STM32U073MCI6, STM32U073MCT6, STM32U073R8I6, STM32U073R8T6, STM32U073RBI6, STM32U073RBT6, STM32U073RCI6, STM32U073RCT6, STM32U083C-DK, STM32U083CCT6, STM32U083CCU6, STM32U083HCY6TR, STM32U083KCU6, STM32U083MCI6, STM32U083MCT6, STM32U083RCI6, STM32U083RCT6, STM32U375CET6, STM32U375CET6Q, STM32U375CEU6, STM32U375CEU6Q, STM32U375CEY6QTR, STM32U375CGT6, STM32U375CGT6Q, STM32U375CGU6, STM32U375CGU6Q, STM32U375CGY6QTR, STM32U375KEU6, STM32U375KGU6, STM32U375REI6, STM32U375REI6Q, STM32U375RET6, STM32U375RET6Q, STM32U375REY6GTR, STM32U375REY6QTR, STM32U375RGI6, STM32U375RGI6Q, STM32U375RGT6, STM32U375RGT6Q, STM32U375RGY6GTR, STM32U375RGY6QTR, STM32U375VEI6, STM32U375VEI6Q, STM32U375VET6, STM32U375VET6Q, STM32U375VGI6, STM32U375VGI6Q, STM32U375VGT6, STM32U375VGT6Q, STM32U385CGT6, STM32U385CGT6Q, STM32U385CGU6, STM32U385CGU6Q, STM32U385CGY6QTR, STM32U385KGU6, STM32U385RGI6, STM32U385RGI6Q, STM32U385RGT6, STM32U385RGT6Q, STM32U385RGY6GTR, STM32U385RGY6QTR, STM32U385VGI6, STM32U385VGI6Q, STM32U385VGT6, STM32U385VGT6Q, STM32U535CBT6, STM32U535CBT6Q, STM32U535CBU6, STM32U535CBU6Q, STM32U535CCT6, STM32U535CCT6Q, STM32U535CCU6, STM32U535CCU6Q, STM32U535CET6, STM32U535CET6Q, STM32U535CEU6, STM32U535CEU6Q, STM32U535JEY6QTR, STM32U535NCY6QTR, STM32U535NEY6QTR, STM32U535RBI6, STM32U535RBI6Q, STM32U535RBT6, STM32U535RBT6Q, STM32U535RCI6, STM32U535RCI6Q, STM32U535RCT6, STM32U535RCT6Q, STM32U535REI6, STM32U535REI6Q, STM32U535RET6, STM32U535RET6Q, STM32U535VCI6, STM32U535VCI6Q, STM32U535VCT6, STM32U535VCT6Q, STM32U535VEI6, STM32U535VEI6Q, STM32U535VET6, STM32U535VET6Q, STM32U545CET6, STM32U545CET6Q, STM32U545CEU6, STM32U545CEU6Q, STM32U545JEY6QTR, STM32U545NEY6QTR, STM32U545REI6, STM32U545REI6Q, STM32U545RET6, STM32U545RET6Q, STM32U545VEI6, STM32U545VEI6Q, STM32U545VET6, STM32U545VET6Q, STM32U595AIH6, STM32U595AIH6Q, STM32U595AJH6, STM32U595AJH6Q, STM32U595QII6, STM32U595QII6Q, STM32U595QJI6, STM32U595QJI6Q, STM32U595RIT6, STM32U595RIT6Q, STM32U595RJT6, STM32U595RJT6Q, STM32U595VIT6, STM32U595VIT6Q, STM32U595VJT6, STM32U595VJT6Q, STM32U595ZIT6, STM32U595ZIT6Q, STM32U595ZIY6QTR, STM32U595ZJT6, STM32U595ZJT6Q, STM32U595ZJY6QTR, STM32U599BJY6QTR, STM32U599NIH6Q, STM32U599NJH6Q, STM32U599VIT6Q, STM32U599VJT6, STM32U599VJT6Q, STM32U599ZIT6Q, STM32U599ZIY6QTR, STM32U599ZJT6Q, STM32U599ZJY6QTR, STM32U5A5AJH6, STM32U5A5AJH6Q, STM32U5A5QII3Q , STM32U5A5QJI6, STM32U5A5QJI6Q, STM32U5A5RJT6, STM32U5A5RJT6Q, STM32U5A5VJT6, STM32U5A5VJT6Q, STM32U5A5ZJT6, STM32U5A5ZJT6Q, STM32U5A5ZJY6QTR, STM32U5A9BJY6QTR, STM32U5A9J-DK, STM32U5A9NJH6Q, STM32U5A9VJT6Q, STM32U5A9ZJT6Q, STM32U5A9ZJY6QTR, STM32U5F7VIT6, STM32U5F7VIT6Q, STM32U5F7VJT6, STM32U5F7VJT6Q, STM32U5F9BJY6QTR, STM32U5F9NJH6Q, STM32U5F9VIT6Q, STM32U5F9VJT6Q, STM32U5F9ZIJ6QTR, STM32U5F9ZIT6Q, STM32U5F9ZJJ6QTR, STM32U5F9ZJT6Q, STM32U5G7VJT6, STM32U5G7VJT6Q, STM32U5G9BJY6QTR, STM32U5G9J-DK1, STM32U5G9J-DK2, STM32U5G9NJH6Q, STM32U5G9VJT6Q, STM32U5G9ZJJ6QTR, STM32U5G9ZJT6Q, STM32WB05KZV6TR, STM32WB05KZV7TR, STM32WB05TZF6TR, STM32WB05TZF7TR, STM32WB06CCF6TR, STM32WB06CCF7TR, STM32WB06CCV6TR, STM32WB06CCV7TR, STM32WB06KCV6TR, STM32WB06KCV7TR, STM32WB07CCF6TR, STM32WB07CCF7TR, STM32WB07CCV6TR, STM32WB07CCV7TR, STM32WB07KCV6TR, STM32WB07KCV7TR, STM32WB09KEV6TR, STM32WB09KEV7TR, STM32WB09TEF6TR, STM32WB09TEF7TR, STM32WB1MMCH6, STM32WBA50KGU6, STM32WBA50KGU6TR, STM32WBA52CEU6, STM32WBA52CEU6TR, STM32WBA52CEU7, STM32WBA52CEU7TR, STM32WBA52CGU6, STM32WBA52CGU6TR, STM32WBA52CGU6U, STM32WBA52CGU7, STM32WBA52CGU7TR, STM32WBA52KEU6, STM32WBA52KEU6TR, STM32WBA52KGU6, STM32WBA52KGU6TR, STM32WBA54CEU6, STM32WBA54CEU6TR, STM32WBA54CEU7, STM32WBA54CEU7TR, STM32WBA54CGU6, STM32WBA54CGU6TR, STM32WBA54CGU7, STM32WBA54CGU7TR, STM32WBA54KEU6, STM32WBA54KEU6TR, STM32WBA54KEU7, STM32WBA54KEU7TR, STM32WBA54KGU6, STM32WBA54KGU6TR, STM32WBA54KGU7, STM32WBA54KGU7TR, STM32WBA55CEU6, STM32WBA55CEU6TR, STM32WBA55CEU7, STM32WBA55CEU7TR, STM32WBA55CGU6, STM32WBA55CGU6TR, STM32WBA55CGU6U, STM32WBA55CGU7, STM32WBA55CGU7TR, STM32WBA55G-DK1, STM32WBA55HEF6, STM32WBA55HEF7, STM32WBA55HGF6, STM32WBA55HGF7, STM32WBA55UEI6, STM32WBA55UEI6TR, STM32WBA55UEI7, STM32WBA55UEI7TR, STM32WBA55UGI6, STM32WBA55UGI6TR, STM32WBA55UGI7, STM32WBA55UGI7TR, STM32WBA5MJGH6TR, STM32WBA5MJGH6U, STM32WL33C8V6, STM32WL33C8V6TR, STM32WL33C8V7, STM32WL33C8V7TR, STM32WL33CBV6, STM32WL33CBV6TR, STM32WL33CBV7, STM32WL33CBV7TR, STM32WL33CCV6, STM32WL33CCV6TR, STM32WL33CCV7, STM32WL33CCV7A, STM32WL33CCV7ATR, STM32WL33CCV7TR, STM32WL33K8V6, STM32WL33K8V6TR, STM32WL33K8V7, STM32WL33K8V7TR, STM32WL33KBV6, STM32WL33KBV6TR, STM32WL33KBV7, STM32WL33KBV7TR, STM32WL33KCV6, STM32WL33KCV6TR, STM32WL33KCV7, STM32WL33KCV7TR, STM32WL5MOCH6, STM32WL5MOCH6TR]
2025-02-14 19:32:11,604 [INFO] BoardInfo:889 - No configuration file found for board P-NUCLEO-WB55
2025-02-14 19:32:11,606 [INFO] DbBoards:161 - Kit is not supported: P-NUCLEO-WB55
2025-02-14 19:32:11,618 [INFO] BoardInfo:889 - No configuration file found for board STEVAL-BFA001V1B
2025-02-14 19:32:11,620 [INFO] DbBoards:161 - Kit is not supported: STEVAL-BFA001V1B
2025-02-14 19:32:11,621 [INFO] BoardInfo:889 - No configuration file found for board STEVAL-BFA001V2B
2025-02-14 19:32:11,623 [INFO] DbBoards:161 - Kit is not supported: STEVAL-BFA001V2B
2025-02-14 19:32:12,024 [INFO] DbBoards:168 - Found 209 boards, 206 are supported
2025-02-14 19:32:12,025 [INFO] DbBoards:169 - Found 209 boards, 42 of them is supported for  Bsp
2025-02-14 19:32:12,029 [INFO] ApiDb:668 - CubeFinder database Data Model version=2.1
2025-02-14 19:32:12,029 [INFO] ApiDb:669 - CubeFinder database Configuration version=3.0.39
2025-02-14 19:32:12,029 [INFO] ApiDb:670 - CubeFinder database generation date=2025-02-07 (1738919966)
2025-02-14 19:32:12,029 [INFO] ApiDb:671 - CubeFinder database FW Pack versions=[FP-ATR-ASTRA1_V2.0.0, FP-SNS-FLIGHT1_V5.0.2, FP-SNS-MOTENV1_V5.0.0, FP-SNS-MOTENVWB1_V1.4.0, FP-SNS-SMARTAG2_V1.2.0, FP-SNS-STBOX1_V2.0.0, STM32Cube_FW_C0_V1.3.0, STM32Cube_FW_F4_V1.28.1, STM32Cube_FW_F7_V1.17.2, STM32Cube_FW_G0_V1.6.2, STM32Cube_FW_G4_V1.6.1, STM32Cube_FW_H5_V1.4.0, STM32Cube_FW_H7RS_V1.1.0, STM32Cube_FW_H7_V1.12.0, STM32Cube_FW_L0_V1.12.2, STM32Cube_FW_L4_V1.18.1, STM32Cube_FW_L5_V1.5.1, STM32Cube_FW_N6_V1.0.0, STM32Cube_FW_U0_V1.2.0, STM32Cube_FW_U3_V1.0.0, STM32Cube_FW_U5_V1.7.0, STM32Cube_FW_WB0_V1.1.0, STM32Cube_FW_WBA_V1.5.0, STM32Cube_FW_WB_V1.21.0, STM32Cube_FW_WL3_V1.0.0, STM32Cube_FW_WL_V1.3.0, X-CUBE-ALGOBUILD_V1.4.0, X-CUBE-ALS_V1.0.2, X-CUBE-AZRTOS-F4_V1.1.0, X-CUBE-AZRTOS-F7_V1.1.0, X-CUBE-AZRTOS-G0_V1.1.0, X-CUBE-AZRTOS-G4_V2.0.0, X-CUBE-AZRTOS-H7RS_V1.0.0, X-CUBE-AZRTOS-H7_V3.3.0, X-CUBE-AZRTOS-L4_V2.0.0, X-CUBE-AZRTOS-L5_V2.0.0, X-CUBE-AZRTOS-WB_V2.0.0, X-CUBE-AZRTOS-WL_V2.0.0, X-CUBE-BLE1_V7.0.0, X-CUBE-BLE2_V3.3.0, X-CUBE-BLEMGR_V4.0.0, X-CUBE-EEPRMA1_V5.1.0, X-CUBE-FREERTOS_V1.2.0, X-CUBE-GNSS1_V6.0.0, X-CUBE-MEMS1_V11.1.0, X-CUBE-NFC4_V3.0.0, X-CUBE-NFC7_V1.0.1, X-CUBE-SFXS2LP1_V4.0.0, X-CUBE-SUBG2_V5.0.0, X-CUBE-TOF1_V3.4.2]
2025-02-14 19:32:14,778 [INFO] ApiDb:240 - Found 858 in-development CPN: [B-G473E-ZEST1S, B-WB1M-WPAN1, B-WBA5M-WPAN, B-WL5M-SUBG1, NUCLEO-C031C6, NUCLEO-C051C8, NUCLEO-C071RB, NUCLEO-C092RC, NUCLEO-H503RB, NUCLEO-H533RE, NUCLEO-H563ZI, NUCLEO-H7S3L8, NUCLEO-N657X0-Q, NUCLEO-U031R8, NUCLEO-U083RC, NUCLEO-U385RG-Q, NUCLEO-U545RE-Q, NUCLEO-U5A5ZJ-Q, NUCLEO-WB05KZ, NUCLEO-WB07CC, NUCLEO-WB09KE, NUCLEO-WBA52CG, NUCLEO-WBA55CG, NUCLEO-WL33CC1, NUCLEO-WL33CC2, STEVAL-PROTEUS1, STEVAL-SMARTAG2, STEVAL-STWINBX1, STM320518-EVAL, STM32C0116-DK, STM32C011D6Y3TR, STM32C011D6Y6TR, STM32C011F4P3, STM32C011F4P6, STM32C011F4U3, STM32C011F4U6TR, STM32C011F6P3, STM32C011F6P6, STM32C011F6U3, STM32C011F6U6TR, STM32C011J4M3, STM32C011J4M6, STM32C011J6M3, STM32C011J6M6, STM32C0316-DK, STM32C031C4T3, STM32C031C4T6, STM32C031C4U3, STM32C031C4U6, STM32C031C6T3, STM32C031C6T6, STM32C031C6U3, STM32C031C6U6, STM32C031F4P3, STM32C031F4P6, STM32C031F6P3, STM32C031F6P6, STM32C031G4U3, STM32C031G4U6, STM32C031G6U3, STM32C031G6U6, STM32C031K4T3, STM32C031K4T6, STM32C031K4U3, STM32C031K4U6, STM32C031K6T3, STM32C031K6T6, STM32C031K6U3, STM32C031K6U6, STM32C051C6T6, STM32C051C6U6, STM32C051C8T6, STM32C051C8U6, STM32C051D8Y6TR, STM32C051F6P6, STM32C051F8P6, STM32C051G6U6, STM32C051G8U6, STM32C051K6T6, STM32C051K6U6, STM32C051K8T6, STM32C071C8T6, STM32C071C8T6N, STM32C071C8U6, STM32C071C8U6N, STM32C071CBT6, STM32C071CBT6N, STM32C071CBU6, STM32C071CBU6N, STM32C071F8P6, STM32C071F8P6N, STM32C071FBP6, STM32C071FBP6N, STM32C071FBY6TR, STM32C071G8U6, STM32C071G8U6N, STM32C071GBU6, STM32C071GBU6N, STM32C071K8T6, STM32C071K8T6N, STM32C071K8U6, STM32C071K8U6N, STM32C071KBT6, STM32C071KBT6N, STM32C071KBU6, STM32C071KBU6N, STM32C071R8T6, STM32C071R8T6N, STM32C071RBI6N, STM32C071RBT6, STM32C071RBT6N, STM32C091CBT6, STM32C091CBU6, STM32C091CCT6, STM32C091CCU6, STM32C091ECY6TR, STM32C091FBP6, STM32C091FCP6, STM32C091GBU6, STM32C091GCU6, STM32C091KBT6, STM32C091KBU6, STM32C091KCT6, STM32C091KCU6, STM32C091RBT6, STM32C091RCI6, STM32C091RCT6, STM32C092CBT6, STM32C092CBU6, STM32C092CCT6, STM32C092CCU6, STM32C092ECY6TR, STM32C092FBP6, STM32C092FCP6, STM32C092GBU6, STM32C092GCU6, STM32C092KBT6, STM32C092KBU6, STM32C092KCT6, STM32C092KCU6, STM32C092RBT6, STM32C092RCI6, STM32C092RCT6, STM32G071K8TXN, STM32G071K8UXN, STM32G081GBU6N, STM32G081KBT6N, STM32G081KBUXN, STM32G0B1CCT6N, STM32G0B1KCT6, STM32G0B1NEY6TR, STM32G0B1RCT6N, STM32G0C1CCT6, STM32G0C1CCT6N, STM32G0C1CCU6N, STM32G0C1CET6N, STM32G0C1CEU6N, STM32G0C1KCT6, STM32G0C1NEY6TR, STM32G0C1RCI6N, STM32G0C1RCT6N, STM32G0C1REI6N, STM32G0C1RET6N, STM32G0C1VCI6, STM32G0C1VEI6, STM32G411C6T3, STM32G411C6T6, STM32G411C6U3, STM32G411C6U6, STM32G411C8T3, STM32G411C8T6, STM32G411C8U3, STM32G411C8U6, STM32G411CBT3, STM32G411CBT6, STM32G411CBU3, STM32G411CBU6, STM32G411CCT3, STM32G411CCT6, STM32G411CCU3, STM32G411CCU6, STM32G411K6T3, STM32G411K6T6, STM32G411K6U3, STM32G411K6U6, STM32G411K8T3, STM32G411K8T6, STM32G411K8U3, STM32G411K8U6, STM32G411KBT3, STM32G411KBT6, STM32G411KBU3, STM32G411KBU6, STM32G411M6T3, STM32G411M6T6, STM32G411M8T3, STM32G411M8T6, STM32G411MBT3, STM32G411MBT6, STM32G411MCT3, STM32G411MCT6, STM32G411R6T3, STM32G411R6T6, STM32G411R8T3, STM32G411R8T6, STM32G411RBT3, STM32G411RBT6, STM32G411RCT3, STM32G411RCT6, STM32G414CBT3, STM32G414CBT6, STM32G414CBU3, STM32G414CBU6, STM32G414CCT3, STM32G414CCT6, STM32G414CCU3, STM32G414CCU6, STM32G414MBT3, STM32G414MBT6, STM32G414MCT3, STM32G414MCT6, STM32G414RBT3, STM32G414RBT6, STM32G414RCT3, STM32G414RCT6, STM32G414VBT3, STM32G414VBT6, STM32G414VCT3, STM32G414VCT6, STM32G431CBT3Z, STM32G431RBT3Z, STM32G471CCT6, STM32G471CCU6, STM32G471CET3, STM32G471CET6, STM32G471CEU3, STM32G471CEU6, STM32G471MCT6, STM32G471MET3, STM32G471MET6, STM32G471MEY6TR, STM32G471QCT6, STM32G471QET3, STM32G471RCT6, STM32G471RET3, STM32G471RET6, STM32G471VCH6, STM32G471VCI6, STM32G471VCT6, STM32G471VEH3, STM32G471VEH6, STM32G471VEI3, STM32G471VEI6, STM32G471VET3, STM32G471VET6, STM32G473QET3Z, STM32G473RET3Z, STM32G474CCT6, STM32G491RET3Z, STM32H503CBT6, STM32H503CBU6, STM32H503EBY6TR, STM32H503KBU6, STM32H503RBT6, STM32H523CCT6, STM32H523CCU6, STM32H523CET6, STM32H523CEU6, STM32H523HEY6TR, STM32H523RCT6, STM32H523RET6, STM32H523VCI6, STM32H523VCT6, STM32H523VEI6, STM32H523VET6, STM32H523ZCJ6, STM32H523ZCT6, STM32H523ZEJ6, STM32H523ZET6, STM32H533CET6, STM32H533CEU6, STM32H533HEY6TR, STM32H533RET6, STM32H533VEI6, STM32H533VET6, STM32H533ZEJ6, STM32H533ZET6, STM32H562AGI6, STM32H562AII6, STM32H562IGK6, STM32H562IGT6, STM32H562IIK6, STM32H562IIT6, STM32H562RGT6, STM32H562RGV6, STM32H562RIT6, STM32H562RIV6, STM32H562VGT6, STM32H562VIT6, STM32H562ZGT6, STM32H562ZIT6, STM32H563AGI6, STM32H563AII3Q, STM32H563AII6, STM32H563IGK6, STM32H563IGT6, STM32H563IIK3Q, STM32H563IIK6, STM32H563IIT3Q, STM32H563IIT6, STM32H563MIY3QTR, STM32H563RGT6, STM32H563RGV6, STM32H563RIT6, STM32H563RIV6, STM32H563VGT6, STM32H563VIT3Q, STM32H563VIT6, STM32H563ZGT6, STM32H563ZIT3Q, STM32H563ZIT6, STM32H573AII3Q, STM32H573AII6, STM32H573I-DK, STM32H573IIK3Q, STM32H573IIK6, STM32H573IIT3Q, STM32H573IIT6, STM32H573MIY3QTR, STM32H573RIT6, STM32H573RIV6, STM32H573VIT3Q, STM32H573VIT6, STM32H573ZIT3Q, STM32H573ZIT6, STM32H7R3A8I6, STM32H7R3I8K6, STM32H7R3I8T6, STM32H7R3L8H6, STM32H7R3L8H6H, STM32H7R3R8V6, STM32H7R3V8H6, STM32H7R3V8T6, STM32H7R3V8Y6TR, STM32H7R3Z8J6, STM32H7R3Z8T6, STM32H7R7A8I6, STM32H7R7I8K6, STM32H7R7I8T6, STM32H7R7L8H6, STM32H7R7L8H6H, STM32H7R7Z8J6, STM32H7S3A8I6, STM32H7S3I8K6, STM32H7S3I8T6, STM32H7S3L8H6, STM32H7S3L8H6H, STM32H7S3R8V6, STM32H7S3V8H6, STM32H7S3V8T6, STM32H7S3V8Y6TR, STM32H7S3Z8J6, STM32H7S3Z8T6, STM32H7S78-DK, STM32H7S7A8I6, STM32H7S7I8K6, STM32H7S7I8T6, STM32H7S7L8H6, STM32H7S7L8H6H, STM32H7S7Z8J6, STM32L4R5QGI6STR, STM32MP131AAE3, STM32MP131AAF3, STM32MP131AAG3, STM32MP131CAE3, STM32MP131CAF3, STM32MP131CAG3, STM32MP131DAE7, STM32MP131DAF7, STM32MP131DAG7, STM32MP131FAE7, STM32MP131FAF7, STM32MP131FAG7, STM32MP133AAE3, STM32MP133AAF3, STM32MP133AAG3, STM32MP133CAE3, STM32MP133CAF3, STM32MP133CAG3, STM32MP133DAE7, STM32MP133DAF7, STM32MP133DAG7, STM32MP133FAE7, STM32MP133FAF7, STM32MP133FAG7, STM32MP135AAE3, STM32MP135AAF3, STM32MP135AAG3, STM32MP135CAE3, STM32MP135CAF3, STM32MP135CAG3, STM32MP135DAE7, STM32MP135DAF7, STM32MP135DAG7, STM32MP135F-DK, STM32MP135FAE7, STM32MP135FAF7, STM32MP135FAF7T, STM32MP135FAF7U, STM32MP135FAG7, STM32MP231AAJ3, STM32MP231AAK3, STM32MP231AAL3, STM32MP231CAJ3, STM32MP231CAK3, STM32MP231CAL3, STM32MP231DAJ3, STM32MP231DAK3, STM32MP231DAL3, STM32MP231FAJ3, STM32MP231FAK3, STM32MP231FAL3, STM32MP233AAJ3, STM32MP233AAK3, STM32MP233AAL3, STM32MP233CAJ3, STM32MP233CAK3, STM32MP233CAL3, STM32MP233DAJ3, STM32MP233DAK3, STM32MP233DAL3, STM32MP233FAJ3, STM32MP233FAK3, STM32MP233FAL3, STM32MP235AAJ3, STM32MP235AAK3, STM32MP235AAL3, STM32MP235CAJ3, STM32MP235CAK3, STM32MP235CAL3, STM32MP235DAJ3, STM32MP235DAK3, STM32MP235DAL3, STM32MP235FAJ3, STM32MP235FAK3, STM32MP235FAL3, STM32MP251AAI3, STM32MP251AAJ3, STM32MP251AAK3, STM32MP251AAL3, STM32MP251CAI3, STM32MP251CAJ3, STM32MP251CAK3, STM32MP251CAL3, STM32MP251DAI3, STM32MP251DAJ3, STM32MP251DAK3, STM32MP251DAL3, STM32MP251FAI3, STM32MP251FAJ3, STM32MP251FAK3, STM32MP251FAL3, STM32MP253AAI3, STM32MP253AAJ3, STM32MP253AAK3, STM32MP253AAL3, STM32MP253CAI3, STM32MP253CAJ3, STM32MP253CAK3, STM32MP253CAL3, STM32MP253DAI3, STM32MP253DAJ3, STM32MP253DAK3, STM32MP253DAL3, STM32MP253FAI3, STM32MP253FAJ3, STM32MP253FAK3, STM32MP253FAL3, STM32MP255AAI3, STM32MP255AAJ3, STM32MP255AAK3, STM32MP255AAL3, STM32MP255CAI3, STM32MP255CAJ3, STM32MP255CAK3, STM32MP255CAL3, STM32MP255DAI3, STM32MP255DAJ3, STM32MP255DAK3, STM32MP255DAL3, STM32MP255FAI3, STM32MP255FAJ3, STM32MP255FAK3, STM32MP255FAL3, STM32MP257AAI3, STM32MP257AAJ3, STM32MP257AAK3, STM32MP257AAL3, STM32MP257CAI3, STM32MP257CAJ3, STM32MP257CAK3, STM32MP257CAL3, STM32MP257DAI3, STM32MP257DAJ3, STM32MP257DAK3, STM32MP257DAL3, STM32MP257F-DK, STM32MP257F-EV1, STM32MP257FAI3, STM32MP257FAJ3, STM32MP257FAK3, STM32MP257FAL3, STM32N645A0H3Q, STM32N645B0H3Q, STM32N645I0H3Q, STM32N645L0H3Q, STM32N645X0H3Q, STM32N645Z0H3Q, STM32N647A0H3Q, STM32N647B0H3Q, STM32N647I0H3Q, STM32N647L0H3Q, STM32N647X0H3Q, STM32N647Z0H3Q, STM32N655A0H3Q, STM32N655B0H3Q, STM32N655I0H3Q, STM32N655L0H3Q, STM32N655X0H3Q, STM32N655Z0H3Q, STM32N6570-DK, STM32N657A0H3Q, STM32N657B0H3Q, STM32N657I0H3Q, STM32N657L0H3Q, STM32N657X0H3Q, STM32N657Z0H3Q, STM32U031C6T6, STM32U031C6U6, STM32U031C8T6, STM32U031C8U6, STM32U031F4P6, STM32U031F6P6, STM32U031F8P6, STM32U031G6Y6TR, STM32U031G8Y6TR, STM32U031K4U6, STM32U031K6U6, STM32U031K8U6, STM32U031R6I6, STM32U031R6T6, STM32U031R8I6, STM32U031R8T6, STM32U073C8T6, STM32U073C8U6, STM32U073CBT6, STM32U073CBU6, STM32U073CCT6, STM32U073CCU6, STM32U073H8Y6TR, STM32U073HBY6TR, STM32U073HCY6TR, STM32U073K8U6, STM32U073KBU6, STM32U073KCU6, STM32U073M8I6, STM32U073M8T6, STM32U073MBI6, STM32U073MBT6, STM32U073MCI6, STM32U073MCT6, STM32U073R8I6, STM32U073R8T6, STM32U073RBI6, STM32U073RBT6, STM32U073RCI6, STM32U073RCT6, STM32U083C-DK, STM32U083CCT6, STM32U083CCU6, STM32U083HCY6TR, STM32U083KCU6, STM32U083MCI6, STM32U083MCT6, STM32U083RCI6, STM32U083RCT6, STM32U375CET6, STM32U375CET6Q, STM32U375CEU6, STM32U375CEU6Q, STM32U375CEY6QTR, STM32U375CGT6, STM32U375CGT6Q, STM32U375CGU6, STM32U375CGU6Q, STM32U375CGY6QTR, STM32U375KEU6, STM32U375KGU6, STM32U375REI6, STM32U375REI6Q, STM32U375RET6, STM32U375RET6Q, STM32U375REY6GTR, STM32U375REY6QTR, STM32U375RGI6, STM32U375RGI6Q, STM32U375RGT6, STM32U375RGT6Q, STM32U375RGY6GTR, STM32U375RGY6QTR, STM32U375VEI6, STM32U375VEI6Q, STM32U375VET6, STM32U375VET6Q, STM32U375VGI6, STM32U375VGI6Q, STM32U375VGT6, STM32U375VGT6Q, STM32U385CGT6, STM32U385CGT6Q, STM32U385CGU6, STM32U385CGU6Q, STM32U385CGY6QTR, STM32U385KGU6, STM32U385RGI6, STM32U385RGI6Q, STM32U385RGT6, STM32U385RGT6Q, STM32U385RGY6GTR, STM32U385RGY6QTR, STM32U385VGI6, STM32U385VGI6Q, STM32U385VGT6, STM32U385VGT6Q, STM32U535CBT6, STM32U535CBT6Q, STM32U535CBU6, STM32U535CBU6Q, STM32U535CCT6, STM32U535CCT6Q, STM32U535CCU6, STM32U535CCU6Q, STM32U535CET6, STM32U535CET6Q, STM32U535CEU6, STM32U535CEU6Q, STM32U535JEY6QTR, STM32U535NCY6QTR, STM32U535NEY6QTR, STM32U535RBI6, STM32U535RBI6Q, STM32U535RBT6, STM32U535RBT6Q, STM32U535RCI6, STM32U535RCI6Q, STM32U535RCT6, STM32U535RCT6Q, STM32U535REI6, STM32U535REI6Q, STM32U535RET6, STM32U535RET6Q, STM32U535VCI6, STM32U535VCI6Q, STM32U535VCT6, STM32U535VCT6Q, STM32U535VEI6, STM32U535VEI6Q, STM32U535VET6, STM32U535VET6Q, STM32U545CET6, STM32U545CET6Q, STM32U545CEU6, STM32U545CEU6Q, STM32U545JEY6QTR, STM32U545NEY6QTR, STM32U545REI6, STM32U545REI6Q, STM32U545RET6, STM32U545RET6Q, STM32U545VEI6, STM32U545VEI6Q, STM32U545VET6, STM32U545VET6Q, STM32U595AIH6, STM32U595AIH6Q, STM32U595AJH6, STM32U595AJH6Q, STM32U595QII6, STM32U595QII6Q, STM32U595QJI6, STM32U595QJI6Q, STM32U595RIT6, STM32U595RIT6Q, STM32U595RJT6, STM32U595RJT6Q, STM32U595VIT6, STM32U595VIT6Q, STM32U595VJT6, STM32U595VJT6Q, STM32U595ZIT6, STM32U595ZIT6Q, STM32U595ZIY6QTR, STM32U595ZJT6, STM32U595ZJT6Q, STM32U595ZJY6QTR, STM32U599BJY6QTR, STM32U599NIH6Q, STM32U599NJH6Q, STM32U599VIT6Q, STM32U599VJT6, STM32U599VJT6Q, STM32U599ZIT6Q, STM32U599ZIY6QTR, STM32U599ZJT6Q, STM32U599ZJY6QTR, STM32U5A5AJH6, STM32U5A5AJH6Q, STM32U5A5QII3Q , STM32U5A5QJI6, STM32U5A5QJI6Q, STM32U5A5RJT6, STM32U5A5RJT6Q, STM32U5A5VJT6, STM32U5A5VJT6Q, STM32U5A5ZJT6, STM32U5A5ZJT6Q, STM32U5A5ZJY6QTR, STM32U5A9BJY6QTR, STM32U5A9J-DK, STM32U5A9NJH6Q, STM32U5A9VJT6Q, STM32U5A9ZJT6Q, STM32U5A9ZJY6QTR, STM32U5F7VIT6, STM32U5F7VIT6Q, STM32U5F7VJT6, STM32U5F7VJT6Q, STM32U5F9BJY6QTR, STM32U5F9NJH6Q, STM32U5F9VIT6Q, STM32U5F9VJT6Q, STM32U5F9ZIJ6QTR, STM32U5F9ZIT6Q, STM32U5F9ZJJ6QTR, STM32U5F9ZJT6Q, STM32U5G7VJT6, STM32U5G7VJT6Q, STM32U5G9BJY6QTR, STM32U5G9J-DK1, STM32U5G9J-DK2, STM32U5G9NJH6Q, STM32U5G9VJT6Q, STM32U5G9ZJJ6QTR, STM32U5G9ZJT6Q, STM32WB05KZV6TR, STM32WB05KZV7TR, STM32WB05TZF6TR, STM32WB05TZF7TR, STM32WB06CCF6TR, STM32WB06CCF7TR, STM32WB06CCV6TR, STM32WB06CCV7TR, STM32WB06KCV6TR, STM32WB06KCV7TR, STM32WB07CCF6TR, STM32WB07CCF7TR, STM32WB07CCV6TR, STM32WB07CCV7TR, STM32WB07KCV6TR, STM32WB07KCV7TR, STM32WB09KEV6TR, STM32WB09KEV7TR, STM32WB09TEF6TR, STM32WB09TEF7TR, STM32WB1MMCH6, STM32WBA50KGU6, STM32WBA50KGU6TR, STM32WBA52CEU6, STM32WBA52CEU6TR, STM32WBA52CEU7, STM32WBA52CEU7TR, STM32WBA52CGU6, STM32WBA52CGU6TR, STM32WBA52CGU6U, STM32WBA52CGU7, STM32WBA52CGU7TR, STM32WBA52KEU6, STM32WBA52KEU6TR, STM32WBA52KGU6, STM32WBA52KGU6TR, STM32WBA54CEU6, STM32WBA54CEU6TR, STM32WBA54CEU7, STM32WBA54CEU7TR, STM32WBA54CGU6, STM32WBA54CGU6TR, STM32WBA54CGU7, STM32WBA54CGU7TR, STM32WBA54KEU6, STM32WBA54KEU6TR, STM32WBA54KEU7, STM32WBA54KEU7TR, STM32WBA54KGU6, STM32WBA54KGU6TR, STM32WBA54KGU7, STM32WBA54KGU7TR, STM32WBA55CEU6, STM32WBA55CEU6TR, STM32WBA55CEU7, STM32WBA55CEU7TR, STM32WBA55CGU6, STM32WBA55CGU6TR, STM32WBA55CGU6U, STM32WBA55CGU7, STM32WBA55CGU7TR, STM32WBA55G-DK1, STM32WBA55HEF6, STM32WBA55HEF7, STM32WBA55HGF6, STM32WBA55HGF7, STM32WBA55UEI6, STM32WBA55UEI6TR, STM32WBA55UEI7, STM32WBA55UEI7TR, STM32WBA55UGI6, STM32WBA55UGI6TR, STM32WBA55UGI7, STM32WBA55UGI7TR, STM32WBA5MJGH6TR, STM32WBA5MJGH6U, STM32WL33C8V6, STM32WL33C8V6TR, STM32WL33C8V7, STM32WL33C8V7TR, STM32WL33CBV6, STM32WL33CBV6TR, STM32WL33CBV7, STM32WL33CBV7TR, STM32WL33CCV6, STM32WL33CCV6TR, STM32WL33CCV7, STM32WL33CCV7A, STM32WL33CCV7ATR, STM32WL33CCV7TR, STM32WL33K8V6, STM32WL33K8V6TR, STM32WL33K8V7, STM32WL33K8V7TR, STM32WL33KBV6, STM32WL33KBV6TR, STM32WL33KBV7, STM32WL33KBV7TR, STM32WL33KCV6, STM32WL33KCV6TR, STM32WL33KCV7, STM32WL33KCV7TR, STM32WL5MOCH6, STM32WL5MOCH6TR]
2025-02-14 19:32:14,788 [INFO] DbMcus:218 - Found 4545 MCUs, 4545 are supported
2025-02-14 19:32:14,790 [INFO] ApiDb:423 - Load user favorites file C:\Users\User/.stm32cubeide/favorites.mcus.txt: 0 item(s)
2025-02-14 19:32:14,790 [INFO] ApiDb:427 - User favorites MCUs=[]
2025-02-14 19:32:14,790 [INFO] DbMcus:224 - Set 0 / 0 favorites MCUs
2025-02-14 19:32:15,479 [INFO] ApiDb:423 - Load user favorites file C:\Users\User/.stm32cubeide/favorites.boards.txt: 0 item(s)
2025-02-14 19:32:15,479 [INFO] ApiDb:427 - User favorites Boards=[]
2025-02-14 19:32:15,479 [INFO] DbBoards:198 - Set 0 / 0 favorites Boards
2025-02-14 19:32:15,480 [INFO] McuFinderGlobals:76 - Set McuFinderConnectedMode to true
2025-02-14 19:32:15,489 [INFO] MultiScanPanel:200 - Auto-refresh data requested => check proxy status ongoing
2025-02-14 19:32:15,493 [INFO] FinderPluginLoader:95 - Searching for filters in installed packs
2025-02-14 19:32:17,518 [INFO] LoadUrlFilesThread:185 - End of LoadServerUrlFiles without Thread
2025-02-14 19:32:17,536 [INFO] DetailPanel:341 - Set advertising image to C:/Users/User/STM32Cube/Repository/\en.prom-stm32n6-mcu-finder.png
2025-02-14 19:32:25,973 [INFO] MultiScanPanel:200 - Auto-refresh data requested => check proxy status ongoing
2025-02-14 19:32:26,285 [INFO] LoadUrlFilesThread:185 - End of LoadServerUrlFiles without Thread
2025-02-14 19:32:26,285 [INFO] DetailPanel:341 - Set advertising image to C:/Users/User/STM32Cube/Repository/\en.prom-stm32n6-mcu-finder.png
2025-02-14 19:32:26,314 [INFO] DbBoards:642 - Loading board mini-images...
2025-02-14 19:32:26,734 [ERROR] DbBoards:659 - Image file not found for board B-WBA5M-WPAN: C:\Users\User\.stmcufinder\plugins\mcufinder//mcu//boards_images/B-WBA5M-WPAN.jpg
2025-02-14 19:32:29,551 [ERROR] DbBoards:659 - Image file not found for board NUCLEO-U385RG-Q: C:\Users\User\.stmcufinder\plugins\mcufinder//mcu//boards_images/NUCLEO-U385RG-Q.jpg
2025-02-14 19:32:33,504 [INFO] DbBoards:665 - Loaded 207 board mini-images
2025-02-14 19:33:41,314 [INFO] McuFinderGlobals:76 - Set McuFinderConnectedMode to true
2025-02-14 19:33:41,320 [INFO] ApiDb:448 - Save user favorites file C:\Users\User/.stm32cubeide/favorites.mcus.txt: 0 item(s)
2025-02-14 19:33:41,321 [INFO] ApiDb:452 - User favorites MCUs=[]
2025-02-14 19:33:41,323 [INFO] ApiDb:448 - Save user favorites file C:\Users\User/.stm32cubeide/favorites.boards.txt: 0 item(s)
2025-02-14 19:33:41,323 [INFO] ApiDb:452 - User favorites Boards=[]
2025-02-14 20:56:37,630 [INFO] WebApp:190 - Connection lost
2025-02-14 20:56:42,685 [ERROR] LogOutputStream:75 - [STDERR_REDIRECT] 20:56:42.680 ERROR Chromium process exit code: -2,147,483,645
2025-02-14 20:56:42,686 [ERROR] LogOutputStream:75 - [STDERR_REDIRECT] 
2025-02-14 20:56:42,689 [ERROR] LogOutputStream:75 - [STDERR_REDIRECT] 20:56:42.686 ERROR Crash dump dir: C:\Users\User\AppData\Local\JxBrowser\7.39.2\CrashReports
2025-02-14 20:56:42,690 [ERROR] LogOutputStream:75 - [STDERR_REDIRECT] 
2025-02-14 20:56:42,692 [ERROR] WebApp:398 - JxBrowser engine crashed! Exit code: -2147483645
