2025-03-04 00:19:10,411 [ERROR] LogOutputStream:75 - [STDERR_REDIRECT] 0:19:10.406 ERROR Chromium process exit code: -2,147,483,645
2025-03-04 00:19:10,422 [ERROR] LogOutputStream:75 - [STDERR_REDIRECT] 
2025-03-04 00:19:10,426 [ERROR] LogOutputStream:75 - [STDERR_REDIRECT] 0:19:10.423 ERROR Crash dump dir: C:\Users\User\AppData\Local\JxBrowser\7.39.2\CrashReports
2025-03-04 00:19:10,427 [ERROR] LogOutputStream:75 - [STDERR_REDIRECT] 
2025-03-04 00:19:10,429 [ERROR] WebApp:398 - JxBrowser engine crashed! Exit code: -2147483645
2025-03-04 01:17:34,127 [INFO] LogOutputStream:77 - [STDOUT_REDIRECT] StartTraceHandler.execute(), success : Collect=false
2025-03-04 01:17:36,655 [INFO] LogOutputStream:77 - [STDOUT_REDIRECT] StartTraceHandler.execute(), success : Collect=true
2025-03-04 01:17:38,373 [INFO] LogOutputStream:77 - [STDOUT_REDIRECT] StartTraceHandler.execute(), success : Collect=false
2025-03-04 01:17:41,403 [INFO] LogOutputStream:77 - [STDOUT_REDIRECT] StartTraceHandler.execute(), success : Collect=true
2025-03-04 01:26:38,686 [INFO] LogOutputStream:77 - [STDOUT_REDIRECT] StartTraceHandler.execute(), success : Collect=true
2025-03-04 01:49:07,827 [ERROR] LogOutputStream:75 - [STDERR_REDIRECT] Exception in thread "SWV client thread" java.lang.NullPointerException: Cannot invoke "com.st.stm32cube.ide.mcu.debug.swv.core.SWVPlugin.isDebugging()" because "com.st.stm32cube.ide.mcu.debug.swv.core.SWVPlugin.plugin" is null
2025-03-04 01:49:07,829 [ERROR] LogOutputStream:75 - [STDERR_REDIRECT] 	at com.st.stm32cube.ide.mcu.debug.swv.core.SWVPlugin.debugTrace(SWVPlugin.java:85)
2025-03-04 01:49:07,831 [ERROR] LogOutputStream:75 - [STDERR_REDIRECT] 	at com.st.stm32cube.ide.mcu.debug.swv.core.SWVClient.TRACE(SWVClient.java:768)
2025-03-04 01:49:07,834 [ERROR] LogOutputStream:75 - [STDERR_REDIRECT] 	at com.st.stm32cube.ide.mcu.debug.swv.core.SWVClient.readByte(SWVClient.java:296)
2025-03-04 01:49:07,836 [ERROR] LogOutputStream:75 - [STDERR_REDIRECT] 	at com.st.stm32cube.ide.mcu.debug.swv.core.SWVClient.getNextByte(SWVClient.java:277)
2025-03-04 01:49:07,840 [ERROR] LogOutputStream:75 - [STDERR_REDIRECT] 	at com.st.stm32cube.ide.mcu.debug.swv.core.SWVClient.run(SWVClient.java:313)
2025-03-04 01:53:43,231 [INFO] Activator:176 - 


2025-03-04 01:53:43,234 [INFO] Activator:177 - !SESSION log4j initialized
2025-03-04 01:53:51,766 [INFO] LogOutputStream:77 - [STDOUT_REDIRECT] 
2025-03-04 01:53:57,739 [INFO] ApplicationProperties:184 - Using Application install path: C:\ST\STM32CubeIDE_1.17.0\STM32CubeIDE\plugins\com.st.stm32cube.common.mx_6.13.0.202411220809
2025-03-04 01:53:57,766 [INFO] DbMcusXml:78 - Set database path to: C:\ST\STM32CubeIDE_1.17.0\STM32CubeIDE\plugins\com.st.stm32cube.common.mx_6.13.0.202411220809\\db\/mcu/
2025-03-04 01:53:57,767 [INFO] ApiDb:274 - Set plugin database path to: C:\ST\STM32CubeIDE_1.17.0\STM32CubeIDE\plugins\com.st.stm32cube.common.mx_6.13.0.202411220809\\db\/plugins/boardmanager/
2025-03-04 01:53:57,767 [WARN] ApiDb:259 - Overriding images path with different value:  => C:\ST\STM32CubeIDE_1.17.0\STM32CubeIDE\plugins\com.st.stm32cube.common.mx_6.13.0.202411220809\\db\/plugins/mcufinder/images/
2025-03-04 01:53:57,777 [INFO] ApiDb:250 - Set database path to: C:\Users\User\.stmcufinder\plugins\mcufinder//mcu/
2025-03-04 01:53:57,779 [INFO] DbMcusAds:125 - Set database path to: C:\Users\User\.stmcufinder\plugins\mcufinder//mcu/
2025-03-04 01:53:57,782 [INFO] CrossReferenceDbSqlite:203 - Set database path to: C:\Users\User\.stmcufinder\plugins\mcufinder//mcu/cs/
2025-03-04 01:53:57,962 [INFO] RulesReader:64 - Compatibility file has been processed (297 Rules)
2025-03-04 01:53:58,084 [INFO] DbMcusXml:78 - Set database path to: C:\ST\STM32CubeIDE_1.17.0\STM32CubeIDE\plugins\com.st.stm32cube.common.mx_6.13.0.202411220809\\db\/mcu/
2025-03-04 01:53:58,084 [INFO] ApiDb:274 - Set plugin database path to: C:\ST\STM32CubeIDE_1.17.0\STM32CubeIDE\plugins\com.st.stm32cube.common.mx_6.13.0.202411220809\\db\/plugins/boardmanager/
2025-03-04 01:53:58,085 [INFO] ApiDb:261 - Set plugin images path to: C:\ST\STM32CubeIDE_1.17.0\STM32CubeIDE\plugins\com.st.stm32cube.common.mx_6.13.0.202411220809\\db\/plugins/mcufinder/images/
2025-03-04 01:53:58,085 [WARN] DbFile:41 - Overriding database path with different value: C:\Users\User\.stmcufinder\plugins\mcufinder/ => C:\Users\User\.stmcufinder\plugins\mcufinder
2025-03-04 01:53:58,085 [INFO] ApiDb:250 - Set database path to: C:\Users\User\.stmcufinder\plugins\mcufinder//mcu/
2025-03-04 01:53:58,085 [WARN] DbFile:41 - Overriding database path with different value: C:\Users\User\.stmcufinder\plugins\mcufinder/ => C:\Users\User\.stmcufinder\plugins\mcufinder
2025-03-04 01:53:58,086 [INFO] DbMcusAds:125 - Set database path to: C:\Users\User\.stmcufinder\plugins\mcufinder//mcu/
2025-03-04 01:53:58,086 [WARN] DbFile:41 - Overriding database path with different value: C:\Users\User\.stmcufinder\plugins\mcufinder/ => C:\Users\User\.stmcufinder\plugins\mcufinder
2025-03-04 01:53:58,086 [WARN] DbFile:41 - Overriding database path with different value: C:\Users\User\.stmcufinder\plugins\mcufinder/ => C:\Users\User\.stmcufinder\plugins\mcufinder
2025-03-04 01:53:58,086 [INFO] CrossReferenceDbSqlite:203 - Set database path to: C:\Users\User\.stmcufinder\plugins\mcufinder//mcu/cs/
2025-03-04 01:53:58,195 [INFO] MainPanel:272 - HeapMemory: 268435456
2025-03-04 01:53:58,334 [INFO] DbMcusXml:78 - Set database path to: C:\ST\STM32CubeIDE_1.17.0\STM32CubeIDE\plugins\com.st.stm32cube.common.mx_6.13.0.202411220809\\db\/mcu/
2025-03-04 01:53:58,335 [INFO] ApiDb:274 - Set plugin database path to: C:\ST\STM32CubeIDE_1.17.0\STM32CubeIDE\plugins\com.st.stm32cube.common.mx_6.13.0.202411220809\\db\/plugins/boardmanager/
2025-03-04 01:53:58,335 [INFO] ApiDb:261 - Set plugin images path to: C:\ST\STM32CubeIDE_1.17.0\STM32CubeIDE\plugins\com.st.stm32cube.common.mx_6.13.0.202411220809\\db\/plugins/mcufinder/images/
2025-03-04 01:53:58,335 [WARN] DbFile:41 - Overriding database path with different value: C:\Users\User\.stmcufinder\plugins\mcufinder/ => C:\Users\User\.stmcufinder\plugins\mcufinder
2025-03-04 01:53:58,335 [INFO] ApiDb:250 - Set database path to: C:\Users\User\.stmcufinder\plugins\mcufinder//mcu/
2025-03-04 01:53:58,336 [WARN] DbFile:41 - Overriding database path with different value: C:\Users\User\.stmcufinder\plugins\mcufinder/ => C:\Users\User\.stmcufinder\plugins\mcufinder
2025-03-04 01:53:58,336 [INFO] DbMcusAds:125 - Set database path to: C:\Users\User\.stmcufinder\plugins\mcufinder//mcu/
2025-03-04 01:53:58,336 [WARN] DbFile:41 - Overriding database path with different value: C:\Users\User\.stmcufinder\plugins\mcufinder/ => C:\Users\User\.stmcufinder\plugins\mcufinder
2025-03-04 01:53:58,336 [WARN] DbFile:41 - Overriding database path with different value: C:\Users\User\.stmcufinder\plugins\mcufinder/ => C:\Users\User\.stmcufinder\plugins\mcufinder
2025-03-04 01:53:58,336 [INFO] CrossReferenceDbSqlite:203 - Set database path to: C:\Users\User\.stmcufinder\plugins\mcufinder//mcu/cs/
2025-03-04 01:53:58,362 [INFO] ApplicationProperties:184 - Using Application install path: C:\ST\STM32CubeIDE_1.17.0\STM32CubeIDE\plugins\com.st.stm32cube.common.mx_6.13.0.202411220809
2025-03-04 01:53:58,364 [INFO] PluginManage:196 - Search for loadable plugins [exclusion list=, ]
2025-03-04 01:53:58,366 [INFO] PluginManage:310 - Check plugin analytics
2025-03-04 01:54:03,129 [INFO] AnalyticsPlugin:253 - Accepted Software Licenses: 
2025-03-04 01:54:03,129 [INFO] AnalyticsPlugin:255 - Accepted CMSIS Pack Licenses: 
2025-03-04 01:54:03,130 [INFO] AnalyticsPlugin:257 - Accepted Firmware Licenses: FW.F4.1.28.0
2025-03-04 01:54:03,134 [INFO] PluginManage:359 - Loaded plugin analytics (category:tool,tabindex:-1)
2025-03-04 01:54:03,134 [INFO] PluginManage:310 - Check plugin cadmodel
2025-03-04 01:54:03,143 [INFO] CADModel:105 - Init CAD model plugin
2025-03-04 01:54:03,143 [INFO] PluginManage:359 - Loaded plugin cadmodel (category:power,tabindex:5)
2025-03-04 01:54:03,144 [INFO] PluginManage:310 - Check plugin clock
2025-03-04 01:54:03,160 [INFO] PluginManage:359 - Loaded plugin clock (category:base,tabindex:2)
2025-03-04 01:54:03,160 [INFO] PluginManage:310 - Check plugin ddr
2025-03-04 01:54:03,164 [INFO] PluginManage:359 - Loaded plugin ddr (category:tool,tabindex:6)
2025-03-04 01:54:03,164 [INFO] PluginManage:310 - Check plugin filemanager
2025-03-04 01:54:03,355 [INFO] PluginManage:359 - Loaded plugin filemanager (category:base,tabindex:10)
2025-03-04 01:54:03,355 [INFO] PluginManage:310 - Check plugin ipmanager
2025-03-04 01:54:03,363 [INFO] PluginManage:359 - Loaded plugin ipmanager (category:base,tabindex:5)
2025-03-04 01:54:03,363 [INFO] PluginManage:310 - Check plugin lpbam
2025-03-04 01:54:03,373 [INFO] PluginManage:359 - Loaded plugin lpbam (category:base,tabindex:0)
2025-03-04 01:54:03,374 [INFO] PluginManage:310 - Check plugin memorymap
2025-03-04 01:54:03,390 [INFO] PluginManage:359 - Loaded plugin memorymap (category:base,tabindex:4)
2025-03-04 01:54:03,390 [INFO] PluginManage:310 - Check plugin pinoutandconfiguration
2025-03-04 01:54:03,400 [INFO] PluginManage:359 - Loaded plugin pinoutandconfiguration (category:base,tabindex:1)
2025-03-04 01:54:03,400 [INFO] PluginManage:310 - Check plugin pinoutconfig
2025-03-04 01:54:03,527 [WARN] SupportedApi:132 - Cannot load RTOS API schema: s4s-elt-must-match.1: The content of 'definitions' must match (annotation?, (simpleType | complexType)?, (unique | key | keyref)*)). A problem was found starting at: attribute.
2025-03-04 01:54:03,772 [INFO] PluginManage:359 - Loaded plugin pinoutconfig (category:base,tabindex:0)
2025-03-04 01:54:03,773 [INFO] PluginManage:310 - Check plugin power
2025-03-04 01:54:03,784 [INFO] PluginManage:359 - Loaded plugin power (category:power,tabindex:4)
2025-03-04 01:54:03,785 [INFO] PluginManage:310 - Check plugin projectmanager
2025-03-04 01:54:03,807 [INFO] PluginManage:359 - Loaded plugin projectmanager (category:projectmanager,tabindex:4)
2025-03-04 01:54:03,808 [INFO] PluginManage:310 - Check plugin rif
2025-03-04 01:54:03,815 [INFO] PluginManage:359 - Loaded plugin rif (category:base,tabindex:3)
2025-03-04 01:54:03,815 [INFO] PluginManage:310 - Check plugin thirdparty
2025-03-04 01:54:03,997 [INFO] PluginManage:359 - Loaded plugin thirdparty (category:base,tabindex:-1)
2025-03-04 01:54:03,997 [INFO] PluginManage:310 - Check plugin tools
2025-03-04 01:54:03,997 [WARN] IntegrityCheckThread:84 - waiting for thirdparty lock release [integrity check]
2025-03-04 01:54:03,998 [INFO] IntegrityCheckThread:86 - entering critical section [integrity check]
2025-03-04 01:54:04,000 [INFO] ThirdPartyUpdaterWithRetryManager:70 - Updater plugin not ready yet. [1/15]
2025-03-04 01:54:04,001 [INFO] PluginManage:359 - Loaded plugin tools (category:base,tabindex:7)
2025-03-04 01:54:04,001 [INFO] PluginManage:310 - Check plugin tutovideos
2025-03-04 01:54:04,284 [INFO] PluginManage:359 - Loaded plugin tutovideos (category:base,tabindex:-1)
2025-03-04 01:54:04,284 [INFO] PluginManage:310 - Check plugin updater
2025-03-04 01:54:04,318 [INFO] PluginManage:359 - Loaded plugin updater (category:base,tabindex:12)
2025-03-04 01:54:04,319 [INFO] PluginManage:310 - Check plugin userauth
2025-03-04 01:54:04,327 [INFO] UserAuth:118 - Init User Auth plugin
2025-03-04 01:54:04,328 [INFO] PluginManage:359 - Loaded plugin userauth (category:base,tabindex:14)
2025-03-04 01:54:04,329 [INFO] PluginManage:283 - PluginManage : Loaded plugins [18]
2025-03-04 01:54:04,656 [INFO] PinOutPanel:1589 - setPackage(No Configuration,No Configuration)
2025-03-04 01:54:04,779 [INFO] CADModel:165 - CPN selected for project level
2025-03-04 01:54:04,779 [INFO] CADModel:114 - Register for checkConnection events
2025-03-04 01:54:04,798 [INFO] IPUIPlugin:80 - create IPUIPlugin
2025-03-04 01:54:04,798 [INFO] PluginManager:220 - loadIPPluginJar : add adc
2025-03-04 01:54:04,803 [INFO] IPUIPlugin:80 - create IPUIPlugin
2025-03-04 01:54:04,803 [INFO] PluginManager:220 - loadIPPluginJar : add aes
2025-03-04 01:54:04,807 [INFO] IPUIPlugin:80 - create IPUIPlugin
2025-03-04 01:54:04,807 [INFO] PluginManager:220 - loadIPPluginJar : add can
2025-03-04 01:54:04,809 [INFO] IPUIPlugin:80 - create IPUIPlugin
2025-03-04 01:54:04,810 [INFO] PluginManager:220 - loadIPPluginJar : add comp
2025-03-04 01:54:04,813 [INFO] IPUIPlugin:80 - create IPUIPlugin
2025-03-04 01:54:04,813 [INFO] PluginManager:220 - loadIPPluginJar : add cryp
2025-03-04 01:54:04,817 [INFO] IPUIPlugin:80 - create IPUIPlugin
2025-03-04 01:54:04,817 [INFO] PluginManager:220 - loadIPPluginJar : add ddr_ctrl_phy
2025-03-04 01:54:04,821 [INFO] IPUIPlugin:80 - create IPUIPlugin
2025-03-04 01:54:04,821 [INFO] PluginManager:220 - loadIPPluginJar : add dfsdm
2025-03-04 01:54:04,827 [INFO] IPUIPlugin:80 - create IPUIPlugin
2025-03-04 01:54:04,828 [INFO] PluginManager:220 - loadIPPluginJar : add dma
2025-03-04 01:54:04,832 [INFO] IPUIPlugin:80 - create IPUIPlugin
2025-03-04 01:54:04,832 [INFO] PluginManager:220 - loadIPPluginJar : add dma3
2025-03-04 01:54:04,836 [INFO] IPUIPlugin:80 - create IPUIPlugin
2025-03-04 01:54:04,836 [INFO] PluginManager:220 - loadIPPluginJar : add extmemmanager
2025-03-04 01:54:04,839 [INFO] IPUIPlugin:80 - create IPUIPlugin
2025-03-04 01:54:04,839 [INFO] PluginManager:220 - loadIPPluginJar : add fatfs
2025-03-04 01:54:04,845 [INFO] IPUIPlugin:80 - create IPUIPlugin
2025-03-04 01:54:04,845 [INFO] PluginManager:220 - loadIPPluginJar : add fmc
2025-03-04 01:54:04,853 [INFO] IPUIPlugin:80 - create IPUIPlugin
2025-03-04 01:54:04,853 [INFO] PluginManager:220 - loadIPPluginJar : add freertos
2025-03-04 01:54:04,856 [INFO] IPUIPlugin:80 - create IPUIPlugin
2025-03-04 01:54:04,856 [INFO] PluginManager:220 - loadIPPluginJar : add genericplugin
2025-03-04 01:54:04,859 [INFO] IPUIPlugin:80 - create IPUIPlugin
2025-03-04 01:54:04,860 [INFO] PluginManager:220 - loadIPPluginJar : add gfxmmu
2025-03-04 01:54:04,867 [INFO] IPUIPlugin:80 - create IPUIPlugin
2025-03-04 01:54:04,867 [INFO] PluginManager:220 - loadIPPluginJar : add gic
2025-03-04 01:54:04,873 [INFO] IPUIPlugin:80 - create IPUIPlugin
2025-03-04 01:54:04,873 [INFO] PluginManager:220 - loadIPPluginJar : add gpio
2025-03-04 01:54:04,877 [INFO] IPUIPlugin:80 - create IPUIPlugin
2025-03-04 01:54:04,877 [INFO] PluginManager:220 - loadIPPluginJar : add gtzc
2025-03-04 01:54:04,881 [INFO] IPUIPlugin:80 - create IPUIPlugin
2025-03-04 01:54:04,881 [INFO] PluginManager:220 - loadIPPluginJar : add hash
2025-03-04 01:54:04,885 [INFO] IPUIPlugin:80 - create IPUIPlugin
2025-03-04 01:54:04,886 [INFO] PluginManager:220 - loadIPPluginJar : add i2c
2025-03-04 01:54:04,890 [INFO] IPUIPlugin:80 - create IPUIPlugin
2025-03-04 01:54:04,890 [INFO] PluginManager:220 - loadIPPluginJar : add i2s
2025-03-04 01:54:04,894 [INFO] IPUIPlugin:80 - create IPUIPlugin
2025-03-04 01:54:04,894 [INFO] PluginManager:220 - loadIPPluginJar : add i3c
2025-03-04 01:54:04,901 [INFO] IPUIPlugin:80 - create IPUIPlugin
2025-03-04 01:54:04,901 [INFO] PluginManager:220 - loadIPPluginJar : add ipddr
2025-03-04 01:54:04,910 [INFO] IPUIPlugin:80 - create IPUIPlugin
2025-03-04 01:54:04,912 [INFO] PluginManager:220 - loadIPPluginJar : add linkedlist
2025-03-04 01:54:04,916 [INFO] IPUIPlugin:80 - create IPUIPlugin
2025-03-04 01:54:04,916 [INFO] PluginManager:220 - loadIPPluginJar : add lorawan
2025-03-04 01:54:04,918 [INFO] IPUIPlugin:80 - create IPUIPlugin
2025-03-04 01:54:04,918 [INFO] PluginManager:220 - loadIPPluginJar : add ltdc
2025-03-04 01:54:04,925 [INFO] IPUIPlugin:80 - create IPUIPlugin
2025-03-04 01:54:04,925 [INFO] PluginManager:220 - loadIPPluginJar : add mdma
2025-03-04 01:54:04,930 [INFO] IPUIPlugin:80 - create IPUIPlugin
2025-03-04 01:54:04,930 [INFO] PluginManager:220 - loadIPPluginJar : add nvic
2025-03-04 01:54:04,934 [INFO] IPUIPlugin:80 - create IPUIPlugin
2025-03-04 01:54:04,934 [INFO] PluginManager:220 - loadIPPluginJar : add opamp
2025-03-04 01:54:04,939 [INFO] IPUIPlugin:80 - create IPUIPlugin
2025-03-04 01:54:04,939 [INFO] PluginManager:220 - loadIPPluginJar : add openamp
2025-03-04 01:54:04,943 [INFO] IPUIPlugin:80 - create IPUIPlugin
2025-03-04 01:54:04,943 [INFO] PluginManager:220 - loadIPPluginJar : add pdm2pcm
2025-03-04 01:54:04,950 [INFO] IPUIPlugin:80 - create IPUIPlugin
2025-03-04 01:54:04,954 [INFO] PluginManager:220 - loadIPPluginJar : add plateformsettings
2025-03-04 01:54:04,956 [INFO] IPUIPlugin:80 - create IPUIPlugin
2025-03-04 01:54:04,956 [INFO] PluginManager:220 - loadIPPluginJar : add quadspi
2025-03-04 01:54:04,958 [INFO] IPUIPlugin:80 - create IPUIPlugin
2025-03-04 01:54:04,959 [INFO] PluginManager:220 - loadIPPluginJar : add radio
2025-03-04 01:54:04,963 [INFO] IPUIPlugin:80 - create IPUIPlugin
2025-03-04 01:54:04,964 [INFO] PluginManager:220 - loadIPPluginJar : add resmgrutility
2025-03-04 01:54:04,967 [INFO] IPUIPlugin:80 - create IPUIPlugin
2025-03-04 01:54:04,968 [INFO] PluginManager:220 - loadIPPluginJar : add sai
2025-03-04 01:54:04,972 [INFO] IPUIPlugin:80 - create IPUIPlugin
2025-03-04 01:54:04,972 [INFO] PluginManager:220 - loadIPPluginJar : add spi
2025-03-04 01:54:04,981 [INFO] IPUIPlugin:80 - create IPUIPlugin
2025-03-04 01:54:04,981 [INFO] PluginManager:220 - loadIPPluginJar : add stm32_wpan
2025-03-04 01:54:04,985 [INFO] IPUIPlugin:80 - create IPUIPlugin
2025-03-04 01:54:04,985 [INFO] PluginManager:220 - loadIPPluginJar : add tim
2025-03-04 01:54:04,989 [INFO] IPUIPlugin:80 - create IPUIPlugin
2025-03-04 01:54:04,989 [INFO] PluginManager:220 - loadIPPluginJar : add touchsensing
2025-03-04 01:54:04,992 [INFO] IPUIPlugin:80 - create IPUIPlugin
2025-03-04 01:54:04,993 [INFO] PluginManager:220 - loadIPPluginJar : add tracer_emb
2025-03-04 01:54:04,996 [INFO] IPUIPlugin:80 - create IPUIPlugin
2025-03-04 01:54:04,996 [INFO] PluginManager:220 - loadIPPluginJar : add ts
2025-03-04 01:54:04,998 [INFO] IPUIPlugin:80 - create IPUIPlugin
2025-03-04 01:54:04,998 [INFO] PluginManager:220 - loadIPPluginJar : add tsc
2025-03-04 01:54:05,001 [INFO] IPUIPlugin:80 - create IPUIPlugin
2025-03-04 01:54:05,001 [INFO] PluginManager:220 - loadIPPluginJar : add ucpd
2025-03-04 01:54:05,005 [INFO] IPUIPlugin:80 - create IPUIPlugin
2025-03-04 01:54:05,005 [INFO] PluginManager:220 - loadIPPluginJar : add usart
2025-03-04 01:54:05,010 [INFO] IPUIPlugin:80 - create IPUIPlugin
2025-03-04 01:54:05,010 [INFO] PluginManager:220 - loadIPPluginJar : add usbx
2025-03-04 01:54:05,202 [FATAL] Updater:351 - Updater called before beeing initialized
2025-03-04 01:54:05,282 [INFO] RulesReader:64 - Compatibility file has been processed (297 Rules)
2025-03-04 01:54:05,294 [INFO] RulesReader:64 - Compatibility file has been processed (297 Rules)
2025-03-04 01:54:05,306 [INFO] CADModel:165 - CPN selected for project level
2025-03-04 01:54:05,306 [INFO] CADModel:114 - Register for checkConnection events
2025-03-04 01:54:05,306 [FATAL] Updater:351 - Updater called before beeing initialized
2025-03-04 01:54:05,306 [ERROR] CADModel:125 - Updater not yet initialized, retry later 
2025-03-04 01:54:05,485 [FATAL] Updater:351 - Updater called before beeing initialized
2025-03-04 01:54:05,488 [INFO] CADModel:165 - CPN selected for project level
2025-03-04 01:54:05,488 [INFO] CADModel:114 - Register for checkConnection events
2025-03-04 01:54:05,488 [FATAL] Updater:351 - Updater called before beeing initialized
2025-03-04 01:54:05,488 [ERROR] CADModel:125 - Updater not yet initialized, retry later 
2025-03-04 01:54:05,492 [FATAL] Updater:351 - Updater called before beeing initialized
2025-03-04 01:54:05,702 [FATAL] Updater:351 - Updater called before beeing initialized
2025-03-04 01:54:05,707 [INFO] DbMcusAds:53 - JSON generation date=Tue Dec 17 17:01:15 CET 2024 (1734451275143)
2025-03-04 01:54:05,707 [FATAL] Updater:351 - Updater called before beeing initialized
2025-03-04 01:54:05,753 [WARN] DetailPanel:346 - Failed to get advertising image, set to default
2025-03-04 01:54:06,046 [FATAL] Updater:351 - Updater called before beeing initialized
2025-03-04 01:54:06,047 [FATAL] Updater:351 - Updater called before beeing initialized
2025-03-04 01:54:06,047 [FATAL] Updater:351 - Updater called before beeing initialized
2025-03-04 01:54:06,047 [WARN] DetailPanel:346 - Failed to get advertising image, set to default
2025-03-04 01:54:06,048 [FATAL] Updater:351 - Updater called before beeing initialized
2025-03-04 01:54:06,113 [ERROR] Updater:1198 - MainUpdater not yet initialized. External WinMGr cannot be set.
2025-03-04 01:54:06,115 [INFO] Updater:1134 - Updater Version found : 6.13.0
2025-03-04 01:54:06,136 [INFO] ApplicationProperties:184 - Using Application install path: C:\ST\STM32CubeIDE_1.17.0\STM32CubeIDE\plugins\com.st.stm32cube.common.mx_6.13.0.202411220809
2025-03-04 01:54:07,001 [INFO] ThirdPartyUpdaterWithRetryManager:70 - Updater plugin not ready yet. [2/15]
2025-03-04 01:54:07,721 [ERROR] LogOutputStream:75 - [STDERR_REDIRECT] Mar 04, 2025 1:54:07 AM java.util.prefs.WindowsPreferences <init>
2025-03-04 01:54:07,726 [ERROR] LogOutputStream:75 - [STDERR_REDIRECT] WARNING: Could not open/create prefs root node Software\JavaSoft\Prefs at root 0xffffffff80000002. Windows RegCreateKeyEx(...) returned error code 5.
2025-03-04 01:54:07,727 [ERROR] LogOutputStream:75 - [STDERR_REDIRECT] 
2025-03-04 01:54:08,102 [INFO] MainUpdater:2872 - connection check result : 10
2025-03-04 01:54:08,104 [INFO] MainUpdater:289 - Updater Check For Update Now.
2025-03-04 01:54:08,104 [INFO] MicroXplorer:498 - Change Database Version : DB.6.0.130
2025-03-04 01:54:08,116 [INFO] McuFinderGlobals:63 - Set McuFinder mode to 2 (CubeIDE integrated)
2025-03-04 01:54:08,118 [INFO] UserAuth:486 - Internet connection configuration mode: 1
2025-03-04 01:54:08,147 [INFO] JxBrowserEngine:152 - Initiate JxBrowser Engine with user profile folder
2025-03-04 01:54:08,392 [INFO] CheckServerUpdateThread:120 - End of CheckServer Thread
2025-03-04 01:54:09,587 [INFO] WebApp:168 - Instantiating new browser for Auth
2025-03-04 01:54:10,422 [WARN] PackLoader:240 - Cannot read IP mode file for STMicroelectronics.FP-SNS-MOTENVWB1.1.4.0
2025-03-04 01:54:10,436 [WARN] PackLoader:240 - Cannot read IP mode file for STMicroelectronics.FP-ATR-ASTRA1.2.0.2
2025-03-04 01:54:10,443 [WARN] PackLoader:240 - Cannot read IP mode file for STMicroelectronics.FP-ATR-ASTRA1.2.0.1
2025-03-04 01:54:10,456 [WARN] PackLoader:240 - Cannot read IP mode file for STMicroelectronics.X-CUBE-SMBUS.2.1.0
2025-03-04 01:54:10,483 [WARN] PackLoader:240 - Cannot read IP mode file for STMicroelectronics.X-CUBE-WB05N.1.1.0
2025-03-04 01:54:10,542 [WARN] PackLoader:240 - Cannot read IP mode file for STMicroelectronics.X-CUBE-AZRTOS-F7.1.1.0
2025-03-04 01:54:10,558 [WARN] PackLoader:240 - Cannot read IP mode file for STMicroelectronics.FP-SNS-FLIGHT1.5.0.2
2025-03-04 01:54:10,625 [WARN] PackLoader:240 - Cannot read IP mode file for Infineon.AIROC-Wi-Fi-Bluetooth-STM32.1.7.0
2025-03-04 01:54:10,650 [WARN] PackLoader:240 - Cannot read IP mode file for STMicroelectronics.X-CUBE-DISPLAY.3.0.0
2025-03-04 01:54:10,665 [WARN] PackLoader:240 - Cannot read IP mode file for STMicroelectronics.X-CUBE-BLE1.7.0.0
2025-03-04 01:54:10,674 [WARN] PackLoader:240 - Cannot read IP mode file for STMicroelectronics.X-CUBE-NFC10.1.0.0
2025-03-04 01:54:10,705 [WARN] PackLoader:240 - Cannot read IP mode file for STMicroelectronics.X-CUBE-BLEMGR.4.0.0
2025-03-04 01:54:10,717 [WARN] PackLoader:240 - Cannot read IP mode file for emotas.I-CUBE-CANOPEN.1.3.0
2025-03-04 01:54:10,726 [WARN] PackLoader:240 - Cannot read IP mode file for STMicroelectronics.X-CUBE-AI.10.0.0
2025-03-04 01:54:10,743 [WARN] PackLoader:240 - Cannot read IP mode file for STMicroelectronics.FP-SNS-SMARTAG2.1.2.0
2025-03-04 01:54:10,822 [WARN] PackLoader:240 - Cannot read IP mode file for STMicroelectronics.X-CUBE-MEMS1.11.1.0
2025-03-04 01:54:11,337 [INFO] LogOutputStream:77 - [STDOUT_REDIRECT] 1 : Invalid condition id : UX_CORESTACK_Condition cause : null
2025-03-04 01:54:11,338 [INFO] LogOutputStream:77 - [STDOUT_REDIRECT] 1 : Invalid condition id : UX_CORESTACK_Condition cause : null
2025-03-04 01:54:11,340 [INFO] LogOutputStream:77 - [STDOUT_REDIRECT] 1 : Invalid condition id : UX_CORESTACK_Condition cause : null
2025-03-04 01:54:11,341 [INFO] LogOutputStream:77 - [STDOUT_REDIRECT] 1 : Invalid condition id : UX_CORESTACK_Condition cause : null
2025-03-04 01:54:11,343 [INFO] LogOutputStream:77 - [STDOUT_REDIRECT] 1 : Invalid condition id : UX_CORESTACK_Condition cause : null
2025-03-04 01:54:11,348 [WARN] PackLoader:240 - Cannot read IP mode file for STMicroelectronics.X-CUBE-AZRTOS-WL.2.0.0
2025-03-04 01:54:11,360 [WARN] PackLoader:240 - Cannot read IP mode file for STMicroelectronics.FP-SNS-MOTENV1.5.0.0
2025-03-04 01:54:11,369 [WARN] PackLoader:240 - Cannot read IP mode file for wolfSSL.I-CUBE-wolfMQTT.1.19.0
2025-03-04 01:54:11,379 [WARN] PackLoader:240 - Cannot read IP mode file for WES.I-CUBE-Cesium.1.3.0
2025-03-04 01:54:11,415 [WARN] PackLoader:240 - Cannot read IP mode file for STMicroelectronics.X-CUBE-BLE2.3.3.0
2025-03-04 01:54:11,426 [WARN] PackLoader:240 - Cannot read IP mode file for STMicroelectronics.X-CUBE-NFC9.1.0.0
2025-03-04 01:54:11,435 [WARN] PackLoader:240 - Cannot read IP mode file for STMicroelectronics.X-CUBE-BLE1.7.1.0
2025-03-04 01:54:11,493 [WARN] PackLoader:240 - Cannot read IP mode file for STMicroelectronics.X-CUBE-AZRTOS-G0.1.1.0
2025-03-04 01:54:11,852 [WARN] PackLoader:240 - Cannot read IP mode file for STMicroelectronics.X-CUBE-SAFEA1.1.2.2
2025-03-04 01:54:11,864 [WARN] PackLoader:240 - Cannot read IP mode file for STMicroelectronics.X-CUBE-NFC4.3.0.0
2025-03-04 01:54:11,883 [WARN] PackLoader:240 - Cannot read IP mode file for EmbeddedOffice.I-CUBE-FS-RTOS.1.0.1
2025-03-04 01:54:11,894 [WARN] PackLoader:240 - Cannot read IP mode file for STMicroelectronics.X-CUBE-TCPP.4.2.0
2025-03-04 01:54:11,928 [WARN] PackLoader:240 - Cannot read IP mode file for RealThread.X-CUBE-RT-Thread_Nano.4.1.1
2025-03-04 01:54:11,935 [WARN] PackLoader:240 - Cannot read IP mode file for STMicroelectronics.FP-ATR-SIGFOX1.3.2.0
2025-03-04 01:54:11,941 [WARN] ConditionMgr:438 - getConditionDescription Invalid condition id : Cortex-A Device cause : null
2025-03-04 01:54:11,960 [WARN] ConditionMgr:1044 - genDependencies : Invalid condition id : Cortex-A Device cause : null
2025-03-04 01:54:11,960 [WARN] ConditionMgr:1044 - genDependencies : Invalid condition id : Cortex-A Device cause : null
2025-03-04 01:54:11,960 [WARN] ConditionMgr:1044 - genDependencies : Invalid condition id : Cortex-A Device cause : null
2025-03-04 01:54:11,971 [WARN] PackLoader:240 - Cannot read IP mode file for STMicroelectronics.X-CUBE-EEPRMA1.5.1.0
2025-03-04 01:54:11,980 [WARN] PackLoader:240 - Cannot read IP mode file for wolfSSL.I-CUBE-wolfSSL.5.7.4
2025-03-04 01:54:11,991 [WARN] PackLoader:240 - Cannot read IP mode file for ITTIA_DB.I-CUBE-ITTIADB.8.9.0
2025-03-04 01:54:12,095 [WARN] PackLoader:240 - Cannot read IP mode file for SEGGER.I-CUBE-embOS.1.3.1
2025-03-04 01:54:12,304 [WARN] PackLoader:240 - Cannot read IP mode file for STMicroelectronics.X-CUBE-ALGOBUILD.1.4.0
2025-03-04 01:54:12,331 [WARN] PackLoader:240 - Cannot read IP mode file for STMicroelectronics.X-CUBE-AI.9.1.0
2025-03-04 01:54:12,361 [WARN] PackLoader:240 - Cannot read IP mode file for STMicroelectronics.X-CUBE-AZRTOS-F4.1.1.0
2025-03-04 01:54:12,374 [WARN] PackLoader:240 - Cannot read IP mode file for STMicroelectronics.X-CUBE-ISPU.2.1.0
2025-03-04 01:54:12,399 [WARN] PackLoader:240 - Cannot read IP mode file for STMicroelectronics.X-CUBE-AZRTOS-L5.2.0.0
2025-03-04 01:54:12,420 [WARN] PackLoader:240 - Cannot read IP mode file for STMicroelectronics.X-CUBE-NFC6.3.1.0
2025-03-04 01:54:12,433 [WARN] PackLoader:240 - Cannot read IP mode file for STMicroelectronics.X-CUBE-DPower.1.2.0
2025-03-04 01:54:12,442 [WARN] PackLoader:240 - Cannot read IP mode file for STMicroelectronics.X-CUBE-FREERTOS.1.3.0
2025-03-04 01:54:12,464 [WARN] PackLoader:240 - Cannot read IP mode file for STMicroelectronics.X-CUBE-NFC7.1.0.1
2025-03-04 01:54:12,493 [WARN] ConditionMgr:438 - getConditionDescription Invalid condition id : LAN8742 Phy interface Condition cause : null
2025-03-04 01:54:12,494 [WARN] PackLoader:240 - Cannot read IP mode file for STMicroelectronics.X-CUBE-AZRTOS-L4.2.0.0
2025-03-04 01:54:12,495 [WARN] ConditionMgr:1044 - genDependencies : Invalid condition id : LAN8742 Phy interface Condition cause : null
2025-03-04 01:54:12,496 [WARN] ConditionMgr:1044 - genDependencies : Invalid condition id : LAN8742 Phy interface Condition cause : null
2025-03-04 01:54:12,497 [WARN] ConditionMgr:1044 - genDependencies : Invalid condition id : LAN8742 Phy interface Condition cause : null
2025-03-04 01:54:12,510 [WARN] PackLoader:240 - Cannot read IP mode file for STMicroelectronics.X-CUBE-SFXS2LP1.4.0.0
2025-03-04 01:54:12,545 [WARN] PackLoader:240 - Cannot read IP mode file for STMicroelectronics.X-CUBE-AZRTOS-H7.3.3.0
2025-03-04 01:54:12,595 [WARN] ConditionMgr:438 - getConditionDescription Invalid condition id : UX DEVICE CLASS RTOS Condition cause : null
2025-03-04 01:54:12,595 [WARN] ConditionMgr:438 - getConditionDescription Invalid condition id : UX DEVICE CLASS RTOS Condition cause : null
2025-03-04 01:54:12,598 [WARN] PackLoader:240 - Cannot read IP mode file for STMicroelectronics.X-CUBE-AZRTOS-WB.2.0.0
2025-03-04 01:54:12,599 [WARN] ConditionMgr:1044 - genDependencies : Invalid condition id : UX DEVICE CLASS RTOS Condition cause : null
2025-03-04 01:54:12,599 [WARN] ConditionMgr:1044 - genDependencies : Invalid condition id : UX DEVICE CLASS RTOS Condition cause : null
2025-03-04 01:54:12,600 [WARN] ConditionMgr:1044 - genDependencies : Invalid condition id : UX DEVICE CLASS RTOS Condition cause : null
2025-03-04 01:54:12,600 [WARN] ConditionMgr:1044 - genDependencies : Invalid condition id : UX DEVICE CLASS RTOS Condition cause : null
2025-03-04 01:54:12,601 [WARN] ConditionMgr:1044 - genDependencies : Invalid condition id : UX DEVICE CLASS RTOS Condition cause : null
2025-03-04 01:54:12,611 [WARN] PackLoader:240 - Cannot read IP mode file for STMicroelectronics.X-CUBE-GNSS1.7.0.1
2025-03-04 01:54:12,621 [WARN] PackLoader:240 - Cannot read IP mode file for STMicroelectronics.FP-SNS-STBOX1.2.0.0
2025-03-04 01:54:12,640 [WARN] PackLoader:240 - Cannot read IP mode file for STMicroelectronics.X-CUBE-SUBG2.5.0.0
2025-03-04 01:54:12,652 [WARN] PackLoader:240 - Cannot read IP mode file for Cesanta.I-CUBE-Mongoose.7.13.0
2025-03-04 01:54:12,673 [WARN] PackLoader:240 - Cannot read IP mode file for STMicroelectronics.X-CUBE-AZRTOS-G4.2.0.0
2025-03-04 01:54:12,709 [WARN] PackLoader:240 - Cannot read IP mode file for STMicroelectronics.X-CUBE-IPS.3.1.0
2025-03-04 01:54:12,729 [INFO] WebApp:449 - Apply proxy settings
2025-03-04 01:54:12,730 [INFO] WebApp:534 - Chromium requires no authentication
2025-03-04 01:54:12,734 [WARN] PackLoader:240 - Cannot read IP mode file for STMicroelectronics.X-CUBE-ALS.1.0.2
2025-03-04 01:54:12,741 [WARN] PackLoader:240 - Cannot read IP mode file for STMicroelectronics.X-CUBE-TOUCHGFX.4.24.2
2025-03-04 01:54:12,746 [WARN] PackLoader:240 - Cannot read IP mode file for wolfSSL.I-CUBE-wolfTPM.3.4.0
2025-03-04 01:54:12,754 [WARN] PackLoader:240 - Cannot read IP mode file for portGmbH.I-Cube-SoM-uGOAL.1.1.0
2025-03-04 01:54:12,755 [INFO] WebApp:477 - Direct internet connection detected
2025-03-04 01:54:12,781 [WARN] PackLoader:240 - Cannot read IP mode file for STMicroelectronics.X-CUBE-AZRTOS-H7RS.1.0.0
2025-03-04 01:54:12,799 [WARN] PackLoader:240 - Cannot read IP mode file for STMicroelectronics.X-CUBE-TOF1.3.4.2
2025-03-04 01:54:12,805 [INFO] WebApp:880 - Register for checkConnection events
2025-03-04 01:54:12,805 [INFO] WebApp:449 - Apply proxy settings
2025-03-04 01:54:12,805 [INFO] WebApp:534 - Chromium requires no authentication
2025-03-04 01:54:12,808 [INFO] WebApp:477 - Direct internet connection detected
2025-03-04 01:54:12,819 [WARN] PackLoader:240 - Cannot read IP mode file for wolfSSL.I-CUBE-wolfSSH.1.4.17
2025-03-04 01:54:12,820 [INFO] ThirdParty:978 - Integrity check success = true
2025-03-04 01:54:12,820 [INFO] IntegrityCheckThread:100 - exiting critical section [integrity check]
2025-03-04 01:54:12,820 [INFO] IntegrityCheckThread:103 - End integrity checks thread
2025-03-04 01:54:13,180 [INFO] WebApp:221 - Starting web application
2025-03-04 01:54:13,180 [INFO] WebApp:579 - Web application path used C:\ST\STM32CubeIDE_1.17.0\STM32CubeIDE\plugins\com.st.stm32cube.common.mx_6.13.0.202411220809\db\plugins\mcufinder\reactClient1\index.html
2025-03-04 01:54:13,223 [INFO] WebApp:187 - Connection restablished
2025-03-04 01:54:13,420 [INFO] UserAuth:486 - Internet connection configuration mode: 1
2025-03-04 23:14:57,239 [INFO] Activator:176 - 


2025-03-04 23:14:57,243 [INFO] Activator:177 - !SESSION log4j initialized
2025-03-04 23:15:10,653 [INFO] LogOutputStream:77 - [STDOUT_REDIRECT] 
2025-03-04 23:15:17,968 [INFO] ApplicationProperties:184 - Using Application install path: C:\ST\STM32CubeIDE_1.17.0\STM32CubeIDE\plugins\com.st.stm32cube.common.mx_6.13.0.202411220809
2025-03-04 23:15:17,989 [INFO] DbMcusXml:78 - Set database path to: C:\ST\STM32CubeIDE_1.17.0\STM32CubeIDE\plugins\com.st.stm32cube.common.mx_6.13.0.202411220809\\db\/mcu/
2025-03-04 23:15:17,990 [INFO] ApiDb:274 - Set plugin database path to: C:\ST\STM32CubeIDE_1.17.0\STM32CubeIDE\plugins\com.st.stm32cube.common.mx_6.13.0.202411220809\\db\/plugins/boardmanager/
2025-03-04 23:15:17,990 [WARN] ApiDb:259 - Overriding images path with different value:  => C:\ST\STM32CubeIDE_1.17.0\STM32CubeIDE\plugins\com.st.stm32cube.common.mx_6.13.0.202411220809\\db\/plugins/mcufinder/images/
2025-03-04 23:15:18,000 [INFO] ApiDb:250 - Set database path to: C:\Users\User\.stmcufinder\plugins\mcufinder//mcu/
2025-03-04 23:15:18,002 [INFO] DbMcusAds:125 - Set database path to: C:\Users\User\.stmcufinder\plugins\mcufinder//mcu/
2025-03-04 23:15:18,005 [INFO] CrossReferenceDbSqlite:203 - Set database path to: C:\Users\User\.stmcufinder\plugins\mcufinder//mcu/cs/
2025-03-04 23:15:18,180 [INFO] RulesReader:64 - Compatibility file has been processed (297 Rules)
2025-03-04 23:15:18,294 [INFO] DbMcusXml:78 - Set database path to: C:\ST\STM32CubeIDE_1.17.0\STM32CubeIDE\plugins\com.st.stm32cube.common.mx_6.13.0.202411220809\\db\/mcu/
2025-03-04 23:15:18,294 [INFO] ApiDb:274 - Set plugin database path to: C:\ST\STM32CubeIDE_1.17.0\STM32CubeIDE\plugins\com.st.stm32cube.common.mx_6.13.0.202411220809\\db\/plugins/boardmanager/
2025-03-04 23:15:18,295 [INFO] ApiDb:261 - Set plugin images path to: C:\ST\STM32CubeIDE_1.17.0\STM32CubeIDE\plugins\com.st.stm32cube.common.mx_6.13.0.202411220809\\db\/plugins/mcufinder/images/
2025-03-04 23:15:18,295 [WARN] DbFile:41 - Overriding database path with different value: C:\Users\User\.stmcufinder\plugins\mcufinder/ => C:\Users\User\.stmcufinder\plugins\mcufinder
2025-03-04 23:15:18,295 [INFO] ApiDb:250 - Set database path to: C:\Users\User\.stmcufinder\plugins\mcufinder//mcu/
2025-03-04 23:15:18,295 [WARN] DbFile:41 - Overriding database path with different value: C:\Users\User\.stmcufinder\plugins\mcufinder/ => C:\Users\User\.stmcufinder\plugins\mcufinder
2025-03-04 23:15:18,295 [INFO] DbMcusAds:125 - Set database path to: C:\Users\User\.stmcufinder\plugins\mcufinder//mcu/
2025-03-04 23:15:18,295 [WARN] DbFile:41 - Overriding database path with different value: C:\Users\User\.stmcufinder\plugins\mcufinder/ => C:\Users\User\.stmcufinder\plugins\mcufinder
2025-03-04 23:15:18,295 [WARN] DbFile:41 - Overriding database path with different value: C:\Users\User\.stmcufinder\plugins\mcufinder/ => C:\Users\User\.stmcufinder\plugins\mcufinder
2025-03-04 23:15:18,296 [INFO] CrossReferenceDbSqlite:203 - Set database path to: C:\Users\User\.stmcufinder\plugins\mcufinder//mcu/cs/
2025-03-04 23:15:18,407 [INFO] MainPanel:272 - HeapMemory: 268435456
2025-03-04 23:15:18,547 [INFO] DbMcusXml:78 - Set database path to: C:\ST\STM32CubeIDE_1.17.0\STM32CubeIDE\plugins\com.st.stm32cube.common.mx_6.13.0.202411220809\\db\/mcu/
2025-03-04 23:15:18,547 [INFO] ApiDb:274 - Set plugin database path to: C:\ST\STM32CubeIDE_1.17.0\STM32CubeIDE\plugins\com.st.stm32cube.common.mx_6.13.0.202411220809\\db\/plugins/boardmanager/
2025-03-04 23:15:18,547 [INFO] ApiDb:261 - Set plugin images path to: C:\ST\STM32CubeIDE_1.17.0\STM32CubeIDE\plugins\com.st.stm32cube.common.mx_6.13.0.202411220809\\db\/plugins/mcufinder/images/
2025-03-04 23:15:18,548 [WARN] DbFile:41 - Overriding database path with different value: C:\Users\User\.stmcufinder\plugins\mcufinder/ => C:\Users\User\.stmcufinder\plugins\mcufinder
2025-03-04 23:15:18,548 [INFO] ApiDb:250 - Set database path to: C:\Users\User\.stmcufinder\plugins\mcufinder//mcu/
2025-03-04 23:15:18,548 [WARN] DbFile:41 - Overriding database path with different value: C:\Users\User\.stmcufinder\plugins\mcufinder/ => C:\Users\User\.stmcufinder\plugins\mcufinder
2025-03-04 23:15:18,548 [INFO] DbMcusAds:125 - Set database path to: C:\Users\User\.stmcufinder\plugins\mcufinder//mcu/
2025-03-04 23:15:18,548 [WARN] DbFile:41 - Overriding database path with different value: C:\Users\User\.stmcufinder\plugins\mcufinder/ => C:\Users\User\.stmcufinder\plugins\mcufinder
2025-03-04 23:15:18,548 [WARN] DbFile:41 - Overriding database path with different value: C:\Users\User\.stmcufinder\plugins\mcufinder/ => C:\Users\User\.stmcufinder\plugins\mcufinder
2025-03-04 23:15:18,548 [INFO] CrossReferenceDbSqlite:203 - Set database path to: C:\Users\User\.stmcufinder\plugins\mcufinder//mcu/cs/
2025-03-04 23:15:18,575 [INFO] ApplicationProperties:184 - Using Application install path: C:\ST\STM32CubeIDE_1.17.0\STM32CubeIDE\plugins\com.st.stm32cube.common.mx_6.13.0.202411220809
2025-03-04 23:15:18,578 [INFO] PluginManage:196 - Search for loadable plugins [exclusion list=, ]
2025-03-04 23:15:18,580 [INFO] PluginManage:310 - Check plugin analytics
2025-03-04 23:15:23,388 [INFO] AnalyticsPlugin:253 - Accepted Software Licenses: 
2025-03-04 23:15:23,388 [INFO] AnalyticsPlugin:255 - Accepted CMSIS Pack Licenses: 
2025-03-04 23:15:23,389 [INFO] AnalyticsPlugin:257 - Accepted Firmware Licenses: FW.F4.1.28.0
2025-03-04 23:15:23,393 [INFO] PluginManage:359 - Loaded plugin analytics (category:tool,tabindex:-1)
2025-03-04 23:15:23,395 [INFO] PluginManage:310 - Check plugin cadmodel
2025-03-04 23:15:23,421 [INFO] CADModel:105 - Init CAD model plugin
2025-03-04 23:15:23,421 [INFO] PluginManage:359 - Loaded plugin cadmodel (category:power,tabindex:5)
2025-03-04 23:15:23,421 [INFO] PluginManage:310 - Check plugin clock
2025-03-04 23:15:23,447 [INFO] PluginManage:359 - Loaded plugin clock (category:base,tabindex:2)
2025-03-04 23:15:23,447 [INFO] PluginManage:310 - Check plugin ddr
2025-03-04 23:15:23,450 [INFO] PluginManage:359 - Loaded plugin ddr (category:tool,tabindex:6)
2025-03-04 23:15:23,450 [INFO] PluginManage:310 - Check plugin filemanager
2025-03-04 23:15:23,639 [INFO] PluginManage:359 - Loaded plugin filemanager (category:base,tabindex:10)
2025-03-04 23:15:23,639 [INFO] PluginManage:310 - Check plugin ipmanager
2025-03-04 23:15:23,651 [INFO] PluginManage:359 - Loaded plugin ipmanager (category:base,tabindex:5)
2025-03-04 23:15:23,651 [INFO] PluginManage:310 - Check plugin lpbam
2025-03-04 23:15:23,678 [INFO] PluginManage:359 - Loaded plugin lpbam (category:base,tabindex:0)
2025-03-04 23:15:23,678 [INFO] PluginManage:310 - Check plugin memorymap
2025-03-04 23:15:23,719 [INFO] PluginManage:359 - Loaded plugin memorymap (category:base,tabindex:4)
2025-03-04 23:15:23,719 [INFO] PluginManage:310 - Check plugin pinoutandconfiguration
2025-03-04 23:15:23,746 [INFO] PluginManage:359 - Loaded plugin pinoutandconfiguration (category:base,tabindex:1)
2025-03-04 23:15:23,746 [INFO] PluginManage:310 - Check plugin pinoutconfig
2025-03-04 23:15:23,880 [WARN] SupportedApi:132 - Cannot load RTOS API schema: s4s-elt-must-match.1: The content of 'definitions' must match (annotation?, (simpleType | complexType)?, (unique | key | keyref)*)). A problem was found starting at: attribute.
2025-03-04 23:15:24,107 [INFO] PluginManage:359 - Loaded plugin pinoutconfig (category:base,tabindex:0)
2025-03-04 23:15:24,107 [INFO] PluginManage:310 - Check plugin power
2025-03-04 23:15:24,138 [INFO] PluginManage:359 - Loaded plugin power (category:power,tabindex:4)
2025-03-04 23:15:24,138 [INFO] PluginManage:310 - Check plugin projectmanager
2025-03-04 23:15:24,160 [INFO] PluginManage:359 - Loaded plugin projectmanager (category:projectmanager,tabindex:4)
2025-03-04 23:15:24,161 [INFO] PluginManage:310 - Check plugin rif
2025-03-04 23:15:24,188 [INFO] PluginManage:359 - Loaded plugin rif (category:base,tabindex:3)
2025-03-04 23:15:24,188 [INFO] PluginManage:310 - Check plugin thirdparty
2025-03-04 23:15:24,572 [WARN] IntegrityCheckThread:84 - waiting for thirdparty lock release [integrity check]
2025-03-04 23:15:24,573 [INFO] PluginManage:359 - Loaded plugin thirdparty (category:base,tabindex:-1)
2025-03-04 23:15:24,573 [INFO] IntegrityCheckThread:86 - entering critical section [integrity check]
2025-03-04 23:15:24,573 [INFO] PluginManage:310 - Check plugin tools
2025-03-04 23:15:24,573 [INFO] ThirdPartyUpdaterWithRetryManager:70 - Updater plugin not ready yet. [1/15]
2025-03-04 23:15:24,625 [INFO] PluginManage:359 - Loaded plugin tools (category:base,tabindex:7)
2025-03-04 23:15:24,625 [INFO] PluginManage:310 - Check plugin tutovideos
2025-03-04 23:15:24,899 [INFO] PluginManage:359 - Loaded plugin tutovideos (category:base,tabindex:-1)
2025-03-04 23:15:24,899 [INFO] PluginManage:310 - Check plugin updater
2025-03-04 23:15:24,928 [INFO] PluginManage:359 - Loaded plugin updater (category:base,tabindex:12)
2025-03-04 23:15:24,928 [INFO] PluginManage:310 - Check plugin userauth
2025-03-04 23:15:24,934 [INFO] UserAuth:118 - Init User Auth plugin
2025-03-04 23:15:24,936 [INFO] PluginManage:359 - Loaded plugin userauth (category:base,tabindex:14)
2025-03-04 23:15:24,937 [INFO] PluginManage:283 - PluginManage : Loaded plugins [18]
2025-03-04 23:15:25,216 [INFO] PinOutPanel:1589 - setPackage(No Configuration,No Configuration)
2025-03-04 23:15:25,327 [INFO] CADModel:165 - CPN selected for project level
2025-03-04 23:15:25,327 [INFO] CADModel:114 - Register for checkConnection events
2025-03-04 23:15:25,367 [INFO] IPUIPlugin:80 - create IPUIPlugin
2025-03-04 23:15:25,367 [INFO] PluginManager:220 - loadIPPluginJar : add adc
2025-03-04 23:15:25,431 [INFO] IPUIPlugin:80 - create IPUIPlugin
2025-03-04 23:15:25,431 [INFO] PluginManager:220 - loadIPPluginJar : add aes
2025-03-04 23:15:25,497 [INFO] IPUIPlugin:80 - create IPUIPlugin
2025-03-04 23:15:25,498 [INFO] PluginManager:220 - loadIPPluginJar : add can
2025-03-04 23:15:25,542 [INFO] IPUIPlugin:80 - create IPUIPlugin
2025-03-04 23:15:25,542 [INFO] PluginManager:220 - loadIPPluginJar : add comp
2025-03-04 23:15:25,597 [INFO] IPUIPlugin:80 - create IPUIPlugin
2025-03-04 23:15:25,597 [INFO] PluginManager:220 - loadIPPluginJar : add cryp
2025-03-04 23:15:25,617 [INFO] IPUIPlugin:80 - create IPUIPlugin
2025-03-04 23:15:25,617 [INFO] PluginManager:220 - loadIPPluginJar : add ddr_ctrl_phy
2025-03-04 23:15:25,671 [INFO] IPUIPlugin:80 - create IPUIPlugin
2025-03-04 23:15:25,672 [INFO] PluginManager:220 - loadIPPluginJar : add dfsdm
2025-03-04 23:15:25,695 [INFO] IPUIPlugin:80 - create IPUIPlugin
2025-03-04 23:15:25,696 [INFO] PluginManager:220 - loadIPPluginJar : add dma
2025-03-04 23:15:25,754 [INFO] IPUIPlugin:80 - create IPUIPlugin
2025-03-04 23:15:25,754 [INFO] PluginManager:220 - loadIPPluginJar : add dma3
2025-03-04 23:15:25,823 [INFO] IPUIPlugin:80 - create IPUIPlugin
2025-03-04 23:15:25,823 [INFO] PluginManager:220 - loadIPPluginJar : add extmemmanager
2025-03-04 23:15:25,854 [INFO] IPUIPlugin:80 - create IPUIPlugin
2025-03-04 23:15:25,854 [INFO] PluginManager:220 - loadIPPluginJar : add fatfs
2025-03-04 23:15:25,921 [INFO] IPUIPlugin:80 - create IPUIPlugin
2025-03-04 23:15:25,921 [INFO] PluginManager:220 - loadIPPluginJar : add fmc
2025-03-04 23:15:25,946 [INFO] IPUIPlugin:80 - create IPUIPlugin
2025-03-04 23:15:25,947 [INFO] PluginManager:220 - loadIPPluginJar : add freertos
2025-03-04 23:15:25,979 [INFO] IPUIPlugin:80 - create IPUIPlugin
2025-03-04 23:15:25,979 [INFO] PluginManager:220 - loadIPPluginJar : add genericplugin
2025-03-04 23:15:26,124 [INFO] IPUIPlugin:80 - create IPUIPlugin
2025-03-04 23:15:26,124 [INFO] PluginManager:220 - loadIPPluginJar : add gfxmmu
2025-03-04 23:15:26,319 [INFO] IPUIPlugin:80 - create IPUIPlugin
2025-03-04 23:15:26,319 [INFO] PluginManager:220 - loadIPPluginJar : add gic
2025-03-04 23:15:26,340 [INFO] IPUIPlugin:80 - create IPUIPlugin
2025-03-04 23:15:26,340 [INFO] PluginManager:220 - loadIPPluginJar : add gpio
2025-03-04 23:15:26,474 [INFO] IPUIPlugin:80 - create IPUIPlugin
2025-03-04 23:15:26,474 [INFO] PluginManager:220 - loadIPPluginJar : add gtzc
2025-03-04 23:15:26,524 [INFO] IPUIPlugin:80 - create IPUIPlugin
2025-03-04 23:15:26,524 [INFO] PluginManager:220 - loadIPPluginJar : add hash
2025-03-04 23:15:26,602 [INFO] IPUIPlugin:80 - create IPUIPlugin
2025-03-04 23:15:26,602 [INFO] PluginManager:220 - loadIPPluginJar : add i2c
2025-03-04 23:15:26,661 [INFO] IPUIPlugin:80 - create IPUIPlugin
2025-03-04 23:15:26,661 [INFO] PluginManager:220 - loadIPPluginJar : add i2s
2025-03-04 23:15:26,724 [INFO] IPUIPlugin:80 - create IPUIPlugin
2025-03-04 23:15:26,724 [INFO] PluginManager:220 - loadIPPluginJar : add i3c
2025-03-04 23:15:26,873 [INFO] IPUIPlugin:80 - create IPUIPlugin
2025-03-04 23:15:26,873 [INFO] PluginManager:220 - loadIPPluginJar : add ipddr
2025-03-04 23:15:27,010 [INFO] IPUIPlugin:80 - create IPUIPlugin
2025-03-04 23:15:27,010 [INFO] PluginManager:220 - loadIPPluginJar : add linkedlist
2025-03-04 23:15:27,064 [INFO] IPUIPlugin:80 - create IPUIPlugin
2025-03-04 23:15:27,064 [INFO] PluginManager:220 - loadIPPluginJar : add lorawan
2025-03-04 23:15:27,118 [INFO] IPUIPlugin:80 - create IPUIPlugin
2025-03-04 23:15:27,119 [INFO] PluginManager:220 - loadIPPluginJar : add ltdc
2025-03-04 23:15:27,139 [INFO] IPUIPlugin:80 - create IPUIPlugin
2025-03-04 23:15:27,139 [INFO] PluginManager:220 - loadIPPluginJar : add mdma
2025-03-04 23:15:27,157 [INFO] IPUIPlugin:80 - create IPUIPlugin
2025-03-04 23:15:27,157 [INFO] PluginManager:220 - loadIPPluginJar : add nvic
2025-03-04 23:15:27,213 [INFO] IPUIPlugin:80 - create IPUIPlugin
2025-03-04 23:15:27,214 [INFO] PluginManager:220 - loadIPPluginJar : add opamp
2025-03-04 23:15:27,306 [INFO] IPUIPlugin:80 - create IPUIPlugin
2025-03-04 23:15:27,306 [INFO] PluginManager:220 - loadIPPluginJar : add openamp
2025-03-04 23:15:27,371 [INFO] IPUIPlugin:80 - create IPUIPlugin
2025-03-04 23:15:27,371 [INFO] PluginManager:220 - loadIPPluginJar : add pdm2pcm
2025-03-04 23:15:27,392 [INFO] IPUIPlugin:80 - create IPUIPlugin
2025-03-04 23:15:27,395 [INFO] PluginManager:220 - loadIPPluginJar : add plateformsettings
2025-03-04 23:15:27,428 [INFO] IPUIPlugin:80 - create IPUIPlugin
2025-03-04 23:15:27,428 [INFO] PluginManager:220 - loadIPPluginJar : add quadspi
2025-03-04 23:15:27,465 [INFO] IPUIPlugin:80 - create IPUIPlugin
2025-03-04 23:15:27,466 [INFO] PluginManager:220 - loadIPPluginJar : add radio
2025-03-04 23:15:27,485 [INFO] IPUIPlugin:80 - create IPUIPlugin
2025-03-04 23:15:27,485 [INFO] PluginManager:220 - loadIPPluginJar : add resmgrutility
2025-03-04 23:15:27,552 [INFO] IPUIPlugin:80 - create IPUIPlugin
2025-03-04 23:15:27,553 [INFO] PluginManager:220 - loadIPPluginJar : add sai
2025-03-04 23:15:27,575 [INFO] ThirdPartyUpdaterWithRetryManager:70 - Updater plugin not ready yet. [2/15]
2025-03-04 23:15:27,618 [INFO] IPUIPlugin:80 - create IPUIPlugin
2025-03-04 23:15:27,618 [INFO] PluginManager:220 - loadIPPluginJar : add spi
2025-03-04 23:15:27,716 [INFO] IPUIPlugin:80 - create IPUIPlugin
2025-03-04 23:15:27,716 [INFO] PluginManager:220 - loadIPPluginJar : add stm32_wpan
2025-03-04 23:15:27,750 [INFO] IPUIPlugin:80 - create IPUIPlugin
2025-03-04 23:15:27,750 [INFO] PluginManager:220 - loadIPPluginJar : add tim
2025-03-04 23:15:27,837 [INFO] IPUIPlugin:80 - create IPUIPlugin
2025-03-04 23:15:27,837 [INFO] PluginManager:220 - loadIPPluginJar : add touchsensing
2025-03-04 23:15:27,873 [INFO] IPUIPlugin:80 - create IPUIPlugin
2025-03-04 23:15:27,873 [INFO] PluginManager:220 - loadIPPluginJar : add tracer_emb
2025-03-04 23:15:27,906 [INFO] IPUIPlugin:80 - create IPUIPlugin
2025-03-04 23:15:27,907 [INFO] PluginManager:220 - loadIPPluginJar : add ts
2025-03-04 23:15:27,939 [INFO] IPUIPlugin:80 - create IPUIPlugin
2025-03-04 23:15:27,939 [INFO] PluginManager:220 - loadIPPluginJar : add tsc
2025-03-04 23:15:27,971 [INFO] IPUIPlugin:80 - create IPUIPlugin
2025-03-04 23:15:27,971 [INFO] PluginManager:220 - loadIPPluginJar : add ucpd
2025-03-04 23:15:28,032 [INFO] IPUIPlugin:80 - create IPUIPlugin
2025-03-04 23:15:28,032 [INFO] PluginManager:220 - loadIPPluginJar : add usart
2025-03-04 23:15:28,097 [INFO] IPUIPlugin:80 - create IPUIPlugin
2025-03-04 23:15:28,097 [INFO] PluginManager:220 - loadIPPluginJar : add usbx
2025-03-04 23:15:28,251 [FATAL] Updater:351 - Updater called before beeing initialized
2025-03-04 23:15:28,294 [INFO] RulesReader:64 - Compatibility file has been processed (297 Rules)
2025-03-04 23:15:28,309 [INFO] RulesReader:64 - Compatibility file has been processed (297 Rules)
2025-03-04 23:15:28,318 [INFO] CADModel:165 - CPN selected for project level
2025-03-04 23:15:28,318 [INFO] CADModel:114 - Register for checkConnection events
2025-03-04 23:15:28,318 [FATAL] Updater:351 - Updater called before beeing initialized
2025-03-04 23:15:28,319 [ERROR] CADModel:125 - Updater not yet initialized, retry later 
2025-03-04 23:15:28,499 [FATAL] Updater:351 - Updater called before beeing initialized
2025-03-04 23:15:28,502 [INFO] CADModel:165 - CPN selected for project level
2025-03-04 23:15:28,502 [INFO] CADModel:114 - Register for checkConnection events
2025-03-04 23:15:28,502 [FATAL] Updater:351 - Updater called before beeing initialized
2025-03-04 23:15:28,502 [ERROR] CADModel:125 - Updater not yet initialized, retry later 
2025-03-04 23:15:28,506 [FATAL] Updater:351 - Updater called before beeing initialized
2025-03-04 23:15:28,717 [FATAL] Updater:351 - Updater called before beeing initialized
2025-03-04 23:15:28,732 [INFO] DbMcusAds:53 - JSON generation date=Tue Dec 17 17:01:15 CET 2024 (1734451275143)
2025-03-04 23:15:28,732 [FATAL] Updater:351 - Updater called before beeing initialized
2025-03-04 23:15:28,782 [WARN] DetailPanel:346 - Failed to get advertising image, set to default
2025-03-04 23:15:29,077 [FATAL] Updater:351 - Updater called before beeing initialized
2025-03-04 23:15:29,080 [FATAL] Updater:351 - Updater called before beeing initialized
2025-03-04 23:15:29,081 [FATAL] Updater:351 - Updater called before beeing initialized
2025-03-04 23:15:29,081 [WARN] DetailPanel:346 - Failed to get advertising image, set to default
2025-03-04 23:15:29,082 [FATAL] Updater:351 - Updater called before beeing initialized
2025-03-04 23:15:29,172 [ERROR] Updater:1198 - MainUpdater not yet initialized. External WinMGr cannot be set.
2025-03-04 23:15:29,186 [INFO] Updater:1134 - Updater Version found : 6.13.0
2025-03-04 23:15:29,215 [INFO] ApplicationProperties:184 - Using Application install path: C:\ST\STM32CubeIDE_1.17.0\STM32CubeIDE\plugins\com.st.stm32cube.common.mx_6.13.0.202411220809
2025-03-04 23:15:30,576 [INFO] ThirdPartyUpdaterWithRetryManager:70 - Updater plugin not ready yet. [3/15]
2025-03-04 23:15:30,804 [ERROR] LogOutputStream:75 - [STDERR_REDIRECT] Mar 04, 2025 11:15:30 PM java.util.prefs.WindowsPreferences <init>
2025-03-04 23:15:30,806 [ERROR] LogOutputStream:75 - [STDERR_REDIRECT] WARNING: Could not open/create prefs root node Software\JavaSoft\Prefs at root 0xffffffff80000002. Windows RegCreateKeyEx(...) returned error code 5.
2025-03-04 23:15:30,807 [ERROR] LogOutputStream:75 - [STDERR_REDIRECT] 
2025-03-04 23:15:31,219 [INFO] MainUpdater:2872 - connection check result : 10
2025-03-04 23:15:31,220 [INFO] MainUpdater:289 - Updater Check For Update Now.
2025-03-04 23:15:31,221 [INFO] MicroXplorer:498 - Change Database Version : DB.6.0.130
2025-03-04 23:15:31,246 [INFO] McuFinderGlobals:63 - Set McuFinder mode to 2 (CubeIDE integrated)
2025-03-04 23:15:31,259 [INFO] UserAuth:486 - Internet connection configuration mode: 1
2025-03-04 23:15:31,305 [INFO] JxBrowserEngine:152 - Initiate JxBrowser Engine with user profile folder
2025-03-04 23:15:31,539 [INFO] CheckServerUpdateThread:120 - End of CheckServer Thread
2025-03-04 23:15:33,440 [INFO] WebApp:168 - Instantiating new browser for Auth
2025-03-04 23:15:34,226 [WARN] PackLoader:240 - Cannot read IP mode file for STMicroelectronics.FP-SNS-MOTENVWB1.1.4.0
2025-03-04 23:15:34,256 [WARN] PackLoader:240 - Cannot read IP mode file for STMicroelectronics.FP-ATR-ASTRA1.2.0.2
2025-03-04 23:15:34,283 [WARN] PackLoader:240 - Cannot read IP mode file for STMicroelectronics.FP-ATR-ASTRA1.2.0.1
2025-03-04 23:15:34,314 [WARN] PackLoader:240 - Cannot read IP mode file for STMicroelectronics.X-CUBE-SMBUS.2.1.0
2025-03-04 23:15:34,351 [WARN] PackLoader:240 - Cannot read IP mode file for STMicroelectronics.X-CUBE-WB05N.1.1.0
2025-03-04 23:15:34,481 [WARN] PackLoader:240 - Cannot read IP mode file for STMicroelectronics.X-CUBE-AZRTOS-F7.1.1.0
2025-03-04 23:15:34,530 [WARN] PackLoader:240 - Cannot read IP mode file for STMicroelectronics.FP-SNS-FLIGHT1.5.0.2
2025-03-04 23:15:34,609 [WARN] PackLoader:240 - Cannot read IP mode file for Infineon.AIROC-Wi-Fi-Bluetooth-STM32.1.7.0
2025-03-04 23:15:34,660 [WARN] PackLoader:240 - Cannot read IP mode file for STMicroelectronics.X-CUBE-DISPLAY.3.0.0
2025-03-04 23:15:34,694 [WARN] PackLoader:240 - Cannot read IP mode file for STMicroelectronics.X-CUBE-BLE1.7.0.0
2025-03-04 23:15:34,928 [WARN] PackLoader:240 - Cannot read IP mode file for STMicroelectronics.X-CUBE-NFC10.1.0.0
2025-03-04 23:15:34,998 [WARN] PackLoader:240 - Cannot read IP mode file for STMicroelectronics.X-CUBE-BLEMGR.4.0.0
2025-03-04 23:15:35,188 [WARN] PackLoader:240 - Cannot read IP mode file for emotas.I-CUBE-CANOPEN.1.3.0
2025-03-04 23:15:35,398 [WARN] PackLoader:240 - Cannot read IP mode file for STMicroelectronics.X-CUBE-AI.10.0.0
2025-03-04 23:15:35,433 [WARN] PackLoader:240 - Cannot read IP mode file for STMicroelectronics.FP-SNS-SMARTAG2.1.2.0
2025-03-04 23:15:35,522 [INFO] WebApp:449 - Apply proxy settings
2025-03-04 23:15:35,523 [INFO] WebApp:534 - Chromium requires no authentication
2025-03-04 23:15:35,538 [INFO] WebApp:477 - Direct internet connection detected
2025-03-04 23:15:35,600 [INFO] WebApp:880 - Register for checkConnection events
2025-03-04 23:15:35,600 [INFO] WebApp:449 - Apply proxy settings
2025-03-04 23:15:35,600 [INFO] WebApp:534 - Chromium requires no authentication
2025-03-04 23:15:35,601 [INFO] WebApp:477 - Direct internet connection detected
2025-03-04 23:15:35,631 [WARN] PackLoader:240 - Cannot read IP mode file for STMicroelectronics.X-CUBE-MEMS1.11.1.0
2025-03-04 23:15:35,987 [INFO] WebApp:187 - Connection restablished
2025-03-04 23:15:36,441 [INFO] LogOutputStream:77 - [STDOUT_REDIRECT] 1 : Invalid condition id : UX_CORESTACK_Condition cause : null
2025-03-04 23:15:36,442 [INFO] LogOutputStream:77 - [STDOUT_REDIRECT] 1 : Invalid condition id : UX_CORESTACK_Condition cause : null
2025-03-04 23:15:36,444 [INFO] LogOutputStream:77 - [STDOUT_REDIRECT] 1 : Invalid condition id : UX_CORESTACK_Condition cause : null
2025-03-04 23:15:36,447 [INFO] LogOutputStream:77 - [STDOUT_REDIRECT] 1 : Invalid condition id : UX_CORESTACK_Condition cause : null
2025-03-04 23:15:36,449 [INFO] LogOutputStream:77 - [STDOUT_REDIRECT] 1 : Invalid condition id : UX_CORESTACK_Condition cause : null
2025-03-04 23:15:36,454 [WARN] PackLoader:240 - Cannot read IP mode file for STMicroelectronics.X-CUBE-AZRTOS-WL.2.0.0
2025-03-04 23:15:36,485 [INFO] WebApp:221 - Starting web application
2025-03-04 23:15:36,485 [INFO] WebApp:579 - Web application path used C:\ST\STM32CubeIDE_1.17.0\STM32CubeIDE\plugins\com.st.stm32cube.common.mx_6.13.0.202411220809\db\plugins\mcufinder\reactClient1\index.html
2025-03-04 23:15:36,494 [WARN] PackLoader:240 - Cannot read IP mode file for STMicroelectronics.FP-SNS-MOTENV1.5.0.0
2025-03-04 23:15:36,519 [WARN] PackLoader:240 - Cannot read IP mode file for wolfSSL.I-CUBE-wolfMQTT.1.19.0
2025-03-04 23:15:36,568 [WARN] PackLoader:240 - Cannot read IP mode file for WES.I-CUBE-Cesium.1.3.0
2025-03-04 23:15:36,599 [WARN] PackLoader:240 - Cannot read IP mode file for STMicroelectronics.X-CUBE-BLE2.3.3.0
2025-03-04 23:15:36,783 [WARN] PackLoader:240 - Cannot read IP mode file for STMicroelectronics.X-CUBE-NFC9.1.0.0
2025-03-04 23:15:36,894 [WARN] PackLoader:240 - Cannot read IP mode file for STMicroelectronics.X-CUBE-BLE1.7.1.0
2025-03-04 23:15:36,900 [INFO] UserAuth:486 - Internet connection configuration mode: 1
2025-03-04 23:15:37,021 [WARN] PackLoader:240 - Cannot read IP mode file for STMicroelectronics.X-CUBE-AZRTOS-G0.1.1.0
2025-03-04 23:15:37,060 [WARN] PackLoader:240 - Cannot read IP mode file for STMicroelectronics.X-CUBE-SAFEA1.1.2.2
2025-03-04 23:15:37,308 [WARN] PackLoader:240 - Cannot read IP mode file for STMicroelectronics.X-CUBE-NFC4.3.0.0
2025-03-04 23:15:37,375 [WARN] PackLoader:240 - Cannot read IP mode file for EmbeddedOffice.I-CUBE-FS-RTOS.1.0.1
2025-03-04 23:15:37,427 [WARN] PackLoader:240 - Cannot read IP mode file for STMicroelectronics.X-CUBE-TCPP.4.2.0
2025-03-04 23:15:37,459 [WARN] PackLoader:240 - Cannot read IP mode file for RealThread.X-CUBE-RT-Thread_Nano.4.1.1
2025-03-04 23:15:37,483 [WARN] PackLoader:240 - Cannot read IP mode file for STMicroelectronics.FP-ATR-SIGFOX1.3.2.0
2025-03-04 23:15:37,509 [WARN] ConditionMgr:438 - getConditionDescription Invalid condition id : Cortex-A Device cause : null
2025-03-04 23:15:37,555 [WARN] ConditionMgr:1044 - genDependencies : Invalid condition id : Cortex-A Device cause : null
2025-03-04 23:15:37,556 [WARN] ConditionMgr:1044 - genDependencies : Invalid condition id : Cortex-A Device cause : null
2025-03-04 23:15:37,556 [WARN] ConditionMgr:1044 - genDependencies : Invalid condition id : Cortex-A Device cause : null
2025-03-04 23:15:37,582 [WARN] PackLoader:240 - Cannot read IP mode file for STMicroelectronics.X-CUBE-EEPRMA1.5.1.0
2025-03-04 23:15:37,606 [WARN] PackLoader:240 - Cannot read IP mode file for wolfSSL.I-CUBE-wolfSSL.5.7.4
2025-03-04 23:15:37,632 [WARN] PackLoader:240 - Cannot read IP mode file for ITTIA_DB.I-CUBE-ITTIADB.8.9.0
2025-03-04 23:15:37,704 [WARN] PackLoader:240 - Cannot read IP mode file for SEGGER.I-CUBE-embOS.1.3.1
2025-03-04 23:15:37,976 [WARN] PackLoader:240 - Cannot read IP mode file for STMicroelectronics.X-CUBE-ALGOBUILD.1.4.0
2025-03-04 23:15:38,006 [WARN] PackLoader:240 - Cannot read IP mode file for STMicroelectronics.X-CUBE-AI.9.1.0
2025-03-04 23:15:38,062 [WARN] PackLoader:240 - Cannot read IP mode file for STMicroelectronics.X-CUBE-AZRTOS-F4.1.1.0
2025-03-04 23:15:38,101 [WARN] PackLoader:240 - Cannot read IP mode file for STMicroelectronics.X-CUBE-ISPU.2.1.0
2025-03-04 23:15:38,184 [WARN] PackLoader:240 - Cannot read IP mode file for STMicroelectronics.X-CUBE-AZRTOS-L5.2.0.0
2025-03-04 23:15:38,224 [WARN] PackLoader:240 - Cannot read IP mode file for STMicroelectronics.X-CUBE-NFC6.3.1.0
2025-03-04 23:15:38,260 [WARN] PackLoader:240 - Cannot read IP mode file for STMicroelectronics.X-CUBE-DPower.1.2.0
2025-03-04 23:15:38,291 [WARN] PackLoader:240 - Cannot read IP mode file for STMicroelectronics.X-CUBE-FREERTOS.1.3.0
2025-03-04 23:15:38,318 [WARN] PackLoader:240 - Cannot read IP mode file for STMicroelectronics.X-CUBE-NFC7.1.0.1
2025-03-04 23:15:38,370 [WARN] ConditionMgr:438 - getConditionDescription Invalid condition id : LAN8742 Phy interface Condition cause : null
2025-03-04 23:15:38,373 [WARN] PackLoader:240 - Cannot read IP mode file for STMicroelectronics.X-CUBE-AZRTOS-L4.2.0.0
2025-03-04 23:15:38,375 [WARN] ConditionMgr:1044 - genDependencies : Invalid condition id : LAN8742 Phy interface Condition cause : null
2025-03-04 23:15:38,375 [WARN] ConditionMgr:1044 - genDependencies : Invalid condition id : LAN8742 Phy interface Condition cause : null
2025-03-04 23:15:38,376 [WARN] ConditionMgr:1044 - genDependencies : Invalid condition id : LAN8742 Phy interface Condition cause : null
2025-03-04 23:15:38,436 [WARN] PackLoader:240 - Cannot read IP mode file for STMicroelectronics.X-CUBE-SFXS2LP1.4.0.0
2025-03-04 23:15:38,498 [WARN] PackLoader:240 - Cannot read IP mode file for STMicroelectronics.X-CUBE-AZRTOS-H7.3.3.0
2025-03-04 23:15:38,548 [WARN] ConditionMgr:438 - getConditionDescription Invalid condition id : UX DEVICE CLASS RTOS Condition cause : null
2025-03-04 23:15:38,548 [WARN] ConditionMgr:438 - getConditionDescription Invalid condition id : UX DEVICE CLASS RTOS Condition cause : null
2025-03-04 23:15:38,551 [WARN] PackLoader:240 - Cannot read IP mode file for STMicroelectronics.X-CUBE-AZRTOS-WB.2.0.0
2025-03-04 23:15:38,552 [WARN] ConditionMgr:1044 - genDependencies : Invalid condition id : UX DEVICE CLASS RTOS Condition cause : null
2025-03-04 23:15:38,552 [WARN] ConditionMgr:1044 - genDependencies : Invalid condition id : UX DEVICE CLASS RTOS Condition cause : null
2025-03-04 23:15:38,552 [WARN] ConditionMgr:1044 - genDependencies : Invalid condition id : UX DEVICE CLASS RTOS Condition cause : null
2025-03-04 23:15:38,553 [WARN] ConditionMgr:1044 - genDependencies : Invalid condition id : UX DEVICE CLASS RTOS Condition cause : null
2025-03-04 23:15:38,553 [WARN] ConditionMgr:1044 - genDependencies : Invalid condition id : UX DEVICE CLASS RTOS Condition cause : null
2025-03-04 23:15:38,584 [WARN] PackLoader:240 - Cannot read IP mode file for STMicroelectronics.X-CUBE-GNSS1.7.0.1
2025-03-04 23:15:38,619 [WARN] PackLoader:240 - Cannot read IP mode file for STMicroelectronics.FP-SNS-STBOX1.2.0.0
2025-03-04 23:15:39,067 [WARN] PackLoader:240 - Cannot read IP mode file for STMicroelectronics.X-CUBE-SUBG2.5.0.0
2025-03-04 23:15:39,098 [WARN] PackLoader:240 - Cannot read IP mode file for Cesanta.I-CUBE-Mongoose.7.13.0
2025-03-04 23:15:39,167 [WARN] PackLoader:240 - Cannot read IP mode file for STMicroelectronics.X-CUBE-AZRTOS-G4.2.0.0
2025-03-04 23:15:39,243 [WARN] PackLoader:240 - Cannot read IP mode file for STMicroelectronics.X-CUBE-IPS.3.1.0
2025-03-04 23:15:39,295 [WARN] PackLoader:240 - Cannot read IP mode file for STMicroelectronics.X-CUBE-ALS.1.0.2
2025-03-04 23:15:39,339 [WARN] PackLoader:240 - Cannot read IP mode file for STMicroelectronics.X-CUBE-TOUCHGFX.4.24.2
2025-03-04 23:15:39,365 [WARN] PackLoader:240 - Cannot read IP mode file for wolfSSL.I-CUBE-wolfTPM.3.4.0
2025-03-04 23:15:39,394 [WARN] PackLoader:240 - Cannot read IP mode file for portGmbH.I-Cube-SoM-uGOAL.1.1.0
2025-03-04 23:15:39,492 [WARN] PackLoader:240 - Cannot read IP mode file for STMicroelectronics.X-CUBE-AZRTOS-H7RS.1.0.0
2025-03-04 23:15:39,534 [WARN] PackLoader:240 - Cannot read IP mode file for STMicroelectronics.X-CUBE-TOF1.3.4.2
2025-03-04 23:15:39,576 [WARN] PackLoader:240 - Cannot read IP mode file for wolfSSL.I-CUBE-wolfSSH.1.4.17
2025-03-04 23:15:39,577 [INFO] ThirdParty:978 - Integrity check success = true
2025-03-04 23:15:39,577 [INFO] IntegrityCheckThread:100 - exiting critical section [integrity check]
2025-03-04 23:15:39,577 [INFO] IntegrityCheckThread:103 - End integrity checks thread
2025-03-04 23:36:34,692 [INFO] Activator:176 - 


2025-03-04 23:36:34,696 [INFO] Activator:177 - !SESSION log4j initialized
2025-03-04 23:36:44,630 [INFO] LogOutputStream:77 - [STDOUT_REDIRECT] 
2025-03-04 23:36:50,497 [INFO] ApplicationProperties:184 - Using Application install path: C:\ST\STM32CubeIDE_1.17.0\STM32CubeIDE\plugins\com.st.stm32cube.common.mx_6.13.0.202411220809
2025-03-04 23:36:50,536 [INFO] DbMcusXml:78 - Set database path to: C:\ST\STM32CubeIDE_1.17.0\STM32CubeIDE\plugins\com.st.stm32cube.common.mx_6.13.0.202411220809\\db\/mcu/
2025-03-04 23:36:50,536 [INFO] ApiDb:274 - Set plugin database path to: C:\ST\STM32CubeIDE_1.17.0\STM32CubeIDE\plugins\com.st.stm32cube.common.mx_6.13.0.202411220809\\db\/plugins/boardmanager/
2025-03-04 23:36:50,537 [WARN] ApiDb:259 - Overriding images path with different value:  => C:\ST\STM32CubeIDE_1.17.0\STM32CubeIDE\plugins\com.st.stm32cube.common.mx_6.13.0.202411220809\\db\/plugins/mcufinder/images/
2025-03-04 23:36:50,551 [INFO] ApiDb:250 - Set database path to: C:\Users\User\.stmcufinder\plugins\mcufinder//mcu/
2025-03-04 23:36:50,552 [INFO] DbMcusAds:125 - Set database path to: C:\Users\User\.stmcufinder\plugins\mcufinder//mcu/
2025-03-04 23:36:50,559 [INFO] CrossReferenceDbSqlite:203 - Set database path to: C:\Users\User\.stmcufinder\plugins\mcufinder//mcu/cs/
2025-03-04 23:36:50,806 [INFO] RulesReader:64 - Compatibility file has been processed (297 Rules)
2025-03-04 23:36:50,982 [INFO] DbMcusXml:78 - Set database path to: C:\ST\STM32CubeIDE_1.17.0\STM32CubeIDE\plugins\com.st.stm32cube.common.mx_6.13.0.202411220809\\db\/mcu/
2025-03-04 23:36:50,982 [INFO] ApiDb:274 - Set plugin database path to: C:\ST\STM32CubeIDE_1.17.0\STM32CubeIDE\plugins\com.st.stm32cube.common.mx_6.13.0.202411220809\\db\/plugins/boardmanager/
2025-03-04 23:36:50,983 [INFO] ApiDb:261 - Set plugin images path to: C:\ST\STM32CubeIDE_1.17.0\STM32CubeIDE\plugins\com.st.stm32cube.common.mx_6.13.0.202411220809\\db\/plugins/mcufinder/images/
2025-03-04 23:36:50,983 [WARN] DbFile:41 - Overriding database path with different value: C:\Users\User\.stmcufinder\plugins\mcufinder/ => C:\Users\User\.stmcufinder\plugins\mcufinder
2025-03-04 23:36:50,983 [INFO] ApiDb:250 - Set database path to: C:\Users\User\.stmcufinder\plugins\mcufinder//mcu/
2025-03-04 23:36:50,984 [WARN] DbFile:41 - Overriding database path with different value: C:\Users\User\.stmcufinder\plugins\mcufinder/ => C:\Users\User\.stmcufinder\plugins\mcufinder
2025-03-04 23:36:50,984 [INFO] DbMcusAds:125 - Set database path to: C:\Users\User\.stmcufinder\plugins\mcufinder//mcu/
2025-03-04 23:36:50,984 [WARN] DbFile:41 - Overriding database path with different value: C:\Users\User\.stmcufinder\plugins\mcufinder/ => C:\Users\User\.stmcufinder\plugins\mcufinder
2025-03-04 23:36:50,984 [WARN] DbFile:41 - Overriding database path with different value: C:\Users\User\.stmcufinder\plugins\mcufinder/ => C:\Users\User\.stmcufinder\plugins\mcufinder
2025-03-04 23:36:50,984 [INFO] CrossReferenceDbSqlite:203 - Set database path to: C:\Users\User\.stmcufinder\plugins\mcufinder//mcu/cs/
2025-03-04 23:36:51,168 [INFO] MainPanel:272 - HeapMemory: 268435456
2025-03-04 23:36:51,327 [INFO] DbMcusXml:78 - Set database path to: C:\ST\STM32CubeIDE_1.17.0\STM32CubeIDE\plugins\com.st.stm32cube.common.mx_6.13.0.202411220809\\db\/mcu/
2025-03-04 23:36:51,327 [INFO] ApiDb:274 - Set plugin database path to: C:\ST\STM32CubeIDE_1.17.0\STM32CubeIDE\plugins\com.st.stm32cube.common.mx_6.13.0.202411220809\\db\/plugins/boardmanager/
2025-03-04 23:36:51,327 [INFO] ApiDb:261 - Set plugin images path to: C:\ST\STM32CubeIDE_1.17.0\STM32CubeIDE\plugins\com.st.stm32cube.common.mx_6.13.0.202411220809\\db\/plugins/mcufinder/images/
2025-03-04 23:36:51,328 [WARN] DbFile:41 - Overriding database path with different value: C:\Users\User\.stmcufinder\plugins\mcufinder/ => C:\Users\User\.stmcufinder\plugins\mcufinder
2025-03-04 23:36:51,328 [INFO] ApiDb:250 - Set database path to: C:\Users\User\.stmcufinder\plugins\mcufinder//mcu/
2025-03-04 23:36:51,328 [WARN] DbFile:41 - Overriding database path with different value: C:\Users\User\.stmcufinder\plugins\mcufinder/ => C:\Users\User\.stmcufinder\plugins\mcufinder
2025-03-04 23:36:51,328 [INFO] DbMcusAds:125 - Set database path to: C:\Users\User\.stmcufinder\plugins\mcufinder//mcu/
2025-03-04 23:36:51,328 [WARN] DbFile:41 - Overriding database path with different value: C:\Users\User\.stmcufinder\plugins\mcufinder/ => C:\Users\User\.stmcufinder\plugins\mcufinder
2025-03-04 23:36:51,329 [WARN] DbFile:41 - Overriding database path with different value: C:\Users\User\.stmcufinder\plugins\mcufinder/ => C:\Users\User\.stmcufinder\plugins\mcufinder
2025-03-04 23:36:51,329 [INFO] CrossReferenceDbSqlite:203 - Set database path to: C:\Users\User\.stmcufinder\plugins\mcufinder//mcu/cs/
2025-03-04 23:36:51,355 [INFO] ApplicationProperties:184 - Using Application install path: C:\ST\STM32CubeIDE_1.17.0\STM32CubeIDE\plugins\com.st.stm32cube.common.mx_6.13.0.202411220809
2025-03-04 23:36:51,358 [INFO] PluginManage:196 - Search for loadable plugins [exclusion list=, ]
2025-03-04 23:36:51,360 [INFO] PluginManage:310 - Check plugin analytics
2025-03-04 23:36:56,127 [INFO] AnalyticsPlugin:253 - Accepted Software Licenses: 
2025-03-04 23:36:56,128 [INFO] AnalyticsPlugin:255 - Accepted CMSIS Pack Licenses: 
2025-03-04 23:36:56,128 [INFO] AnalyticsPlugin:257 - Accepted Firmware Licenses: FW.F4.1.28.0
2025-03-04 23:36:56,135 [INFO] PluginManage:359 - Loaded plugin analytics (category:tool,tabindex:-1)
2025-03-04 23:36:56,135 [INFO] PluginManage:310 - Check plugin cadmodel
2025-03-04 23:36:56,142 [INFO] CADModel:105 - Init CAD model plugin
2025-03-04 23:36:56,142 [INFO] PluginManage:359 - Loaded plugin cadmodel (category:power,tabindex:5)
2025-03-04 23:36:56,143 [INFO] PluginManage:310 - Check plugin clock
2025-03-04 23:36:56,155 [INFO] PluginManage:359 - Loaded plugin clock (category:base,tabindex:2)
2025-03-04 23:36:56,155 [INFO] PluginManage:310 - Check plugin ddr
2025-03-04 23:36:56,158 [INFO] PluginManage:359 - Loaded plugin ddr (category:tool,tabindex:6)
2025-03-04 23:36:56,159 [INFO] PluginManage:310 - Check plugin filemanager
2025-03-04 23:36:56,330 [INFO] PluginManage:359 - Loaded plugin filemanager (category:base,tabindex:10)
2025-03-04 23:36:56,330 [INFO] PluginManage:310 - Check plugin ipmanager
2025-03-04 23:36:56,338 [INFO] PluginManage:359 - Loaded plugin ipmanager (category:base,tabindex:5)
2025-03-04 23:36:56,338 [INFO] PluginManage:310 - Check plugin lpbam
2025-03-04 23:36:56,348 [INFO] PluginManage:359 - Loaded plugin lpbam (category:base,tabindex:0)
2025-03-04 23:36:56,348 [INFO] PluginManage:310 - Check plugin memorymap
2025-03-04 23:36:56,368 [INFO] PluginManage:359 - Loaded plugin memorymap (category:base,tabindex:4)
2025-03-04 23:36:56,368 [INFO] PluginManage:310 - Check plugin pinoutandconfiguration
2025-03-04 23:36:56,380 [INFO] PluginManage:359 - Loaded plugin pinoutandconfiguration (category:base,tabindex:1)
2025-03-04 23:36:56,381 [INFO] PluginManage:310 - Check plugin pinoutconfig
2025-03-04 23:36:56,503 [WARN] SupportedApi:132 - Cannot load RTOS API schema: s4s-elt-must-match.1: The content of 'definitions' must match (annotation?, (simpleType | complexType)?, (unique | key | keyref)*)). A problem was found starting at: attribute.
2025-03-04 23:36:56,679 [INFO] PluginManage:359 - Loaded plugin pinoutconfig (category:base,tabindex:0)
2025-03-04 23:36:56,679 [INFO] PluginManage:310 - Check plugin power
2025-03-04 23:36:56,690 [INFO] PluginManage:359 - Loaded plugin power (category:power,tabindex:4)
2025-03-04 23:36:56,691 [INFO] PluginManage:310 - Check plugin projectmanager
2025-03-04 23:36:56,710 [INFO] PluginManage:359 - Loaded plugin projectmanager (category:projectmanager,tabindex:4)
2025-03-04 23:36:56,710 [INFO] PluginManage:310 - Check plugin rif
2025-03-04 23:36:56,719 [INFO] PluginManage:359 - Loaded plugin rif (category:base,tabindex:3)
2025-03-04 23:36:56,719 [INFO] PluginManage:310 - Check plugin thirdparty
2025-03-04 23:36:56,895 [INFO] PluginManage:359 - Loaded plugin thirdparty (category:base,tabindex:-1)
2025-03-04 23:36:56,896 [INFO] PluginManage:310 - Check plugin tools
2025-03-04 23:36:56,895 [WARN] IntegrityCheckThread:84 - waiting for thirdparty lock release [integrity check]
2025-03-04 23:36:56,896 [INFO] IntegrityCheckThread:86 - entering critical section [integrity check]
2025-03-04 23:36:56,897 [INFO] ThirdPartyUpdaterWithRetryManager:70 - Updater plugin not ready yet. [1/15]
2025-03-04 23:36:56,899 [INFO] PluginManage:359 - Loaded plugin tools (category:base,tabindex:7)
2025-03-04 23:36:56,899 [INFO] PluginManage:310 - Check plugin tutovideos
2025-03-04 23:36:57,129 [INFO] PluginManage:359 - Loaded plugin tutovideos (category:base,tabindex:-1)
2025-03-04 23:36:57,129 [INFO] PluginManage:310 - Check plugin updater
2025-03-04 23:36:57,165 [INFO] PluginManage:359 - Loaded plugin updater (category:base,tabindex:12)
2025-03-04 23:36:57,166 [INFO] PluginManage:310 - Check plugin userauth
2025-03-04 23:36:57,172 [INFO] UserAuth:118 - Init User Auth plugin
2025-03-04 23:36:57,173 [INFO] PluginManage:359 - Loaded plugin userauth (category:base,tabindex:14)
2025-03-04 23:36:57,174 [INFO] PluginManage:283 - PluginManage : Loaded plugins [18]
2025-03-04 23:36:57,453 [INFO] PinOutPanel:1589 - setPackage(No Configuration,No Configuration)
2025-03-04 23:36:57,629 [INFO] CADModel:165 - CPN selected for project level
2025-03-04 23:36:57,629 [INFO] CADModel:114 - Register for checkConnection events
2025-03-04 23:36:57,658 [INFO] IPUIPlugin:80 - create IPUIPlugin
2025-03-04 23:36:57,658 [INFO] PluginManager:220 - loadIPPluginJar : add adc
2025-03-04 23:36:57,662 [INFO] IPUIPlugin:80 - create IPUIPlugin
2025-03-04 23:36:57,663 [INFO] PluginManager:220 - loadIPPluginJar : add aes
2025-03-04 23:36:57,668 [INFO] IPUIPlugin:80 - create IPUIPlugin
2025-03-04 23:36:57,668 [INFO] PluginManager:220 - loadIPPluginJar : add can
2025-03-04 23:36:57,671 [INFO] IPUIPlugin:80 - create IPUIPlugin
2025-03-04 23:36:57,671 [INFO] PluginManager:220 - loadIPPluginJar : add comp
2025-03-04 23:36:57,676 [INFO] IPUIPlugin:80 - create IPUIPlugin
2025-03-04 23:36:57,676 [INFO] PluginManager:220 - loadIPPluginJar : add cryp
2025-03-04 23:36:57,681 [INFO] IPUIPlugin:80 - create IPUIPlugin
2025-03-04 23:36:57,681 [INFO] PluginManager:220 - loadIPPluginJar : add ddr_ctrl_phy
2025-03-04 23:36:57,685 [INFO] IPUIPlugin:80 - create IPUIPlugin
2025-03-04 23:36:57,686 [INFO] PluginManager:220 - loadIPPluginJar : add dfsdm
2025-03-04 23:36:57,694 [INFO] IPUIPlugin:80 - create IPUIPlugin
2025-03-04 23:36:57,695 [INFO] PluginManager:220 - loadIPPluginJar : add dma
2025-03-04 23:36:57,700 [INFO] IPUIPlugin:80 - create IPUIPlugin
2025-03-04 23:36:57,700 [INFO] PluginManager:220 - loadIPPluginJar : add dma3
2025-03-04 23:36:57,705 [INFO] IPUIPlugin:80 - create IPUIPlugin
2025-03-04 23:36:57,705 [INFO] PluginManager:220 - loadIPPluginJar : add extmemmanager
2025-03-04 23:36:57,708 [INFO] IPUIPlugin:80 - create IPUIPlugin
2025-03-04 23:36:57,708 [INFO] PluginManager:220 - loadIPPluginJar : add fatfs
2025-03-04 23:36:57,716 [INFO] IPUIPlugin:80 - create IPUIPlugin
2025-03-04 23:36:57,716 [INFO] PluginManager:220 - loadIPPluginJar : add fmc
2025-03-04 23:36:57,724 [INFO] IPUIPlugin:80 - create IPUIPlugin
2025-03-04 23:36:57,725 [INFO] PluginManager:220 - loadIPPluginJar : add freertos
2025-03-04 23:36:57,727 [INFO] IPUIPlugin:80 - create IPUIPlugin
2025-03-04 23:36:57,728 [INFO] PluginManager:220 - loadIPPluginJar : add genericplugin
2025-03-04 23:36:57,730 [INFO] IPUIPlugin:80 - create IPUIPlugin
2025-03-04 23:36:57,731 [INFO] PluginManager:220 - loadIPPluginJar : add gfxmmu
2025-03-04 23:36:57,739 [INFO] IPUIPlugin:80 - create IPUIPlugin
2025-03-04 23:36:57,739 [INFO] PluginManager:220 - loadIPPluginJar : add gic
2025-03-04 23:36:57,746 [INFO] IPUIPlugin:80 - create IPUIPlugin
2025-03-04 23:36:57,746 [INFO] PluginManager:220 - loadIPPluginJar : add gpio
2025-03-04 23:36:57,750 [INFO] IPUIPlugin:80 - create IPUIPlugin
2025-03-04 23:36:57,751 [INFO] PluginManager:220 - loadIPPluginJar : add gtzc
2025-03-04 23:36:57,756 [INFO] IPUIPlugin:80 - create IPUIPlugin
2025-03-04 23:36:57,756 [INFO] PluginManager:220 - loadIPPluginJar : add hash
2025-03-04 23:36:57,761 [INFO] IPUIPlugin:80 - create IPUIPlugin
2025-03-04 23:36:57,761 [INFO] PluginManager:220 - loadIPPluginJar : add i2c
2025-03-04 23:36:57,765 [INFO] IPUIPlugin:80 - create IPUIPlugin
2025-03-04 23:36:57,765 [INFO] PluginManager:220 - loadIPPluginJar : add i2s
2025-03-04 23:36:57,769 [INFO] IPUIPlugin:80 - create IPUIPlugin
2025-03-04 23:36:57,769 [INFO] PluginManager:220 - loadIPPluginJar : add i3c
2025-03-04 23:36:57,775 [INFO] IPUIPlugin:80 - create IPUIPlugin
2025-03-04 23:36:57,775 [INFO] PluginManager:220 - loadIPPluginJar : add ipddr
2025-03-04 23:36:57,784 [INFO] IPUIPlugin:80 - create IPUIPlugin
2025-03-04 23:36:57,784 [INFO] PluginManager:220 - loadIPPluginJar : add linkedlist
2025-03-04 23:36:57,788 [INFO] IPUIPlugin:80 - create IPUIPlugin
2025-03-04 23:36:57,788 [INFO] PluginManager:220 - loadIPPluginJar : add lorawan
2025-03-04 23:36:57,790 [INFO] IPUIPlugin:80 - create IPUIPlugin
2025-03-04 23:36:57,790 [INFO] PluginManager:220 - loadIPPluginJar : add ltdc
2025-03-04 23:36:57,797 [INFO] IPUIPlugin:80 - create IPUIPlugin
2025-03-04 23:36:57,797 [INFO] PluginManager:220 - loadIPPluginJar : add mdma
2025-03-04 23:36:57,802 [INFO] IPUIPlugin:80 - create IPUIPlugin
2025-03-04 23:36:57,802 [INFO] PluginManager:220 - loadIPPluginJar : add nvic
2025-03-04 23:36:57,807 [INFO] IPUIPlugin:80 - create IPUIPlugin
2025-03-04 23:36:57,807 [INFO] PluginManager:220 - loadIPPluginJar : add opamp
2025-03-04 23:36:57,812 [INFO] IPUIPlugin:80 - create IPUIPlugin
2025-03-04 23:36:57,812 [INFO] PluginManager:220 - loadIPPluginJar : add openamp
2025-03-04 23:36:57,816 [INFO] IPUIPlugin:80 - create IPUIPlugin
2025-03-04 23:36:57,816 [INFO] PluginManager:220 - loadIPPluginJar : add pdm2pcm
2025-03-04 23:36:57,825 [INFO] IPUIPlugin:80 - create IPUIPlugin
2025-03-04 23:36:57,828 [INFO] PluginManager:220 - loadIPPluginJar : add plateformsettings
2025-03-04 23:36:57,831 [INFO] IPUIPlugin:80 - create IPUIPlugin
2025-03-04 23:36:57,831 [INFO] PluginManager:220 - loadIPPluginJar : add quadspi
2025-03-04 23:36:57,833 [INFO] IPUIPlugin:80 - create IPUIPlugin
2025-03-04 23:36:57,834 [INFO] PluginManager:220 - loadIPPluginJar : add radio
2025-03-04 23:36:57,839 [INFO] IPUIPlugin:80 - create IPUIPlugin
2025-03-04 23:36:57,839 [INFO] PluginManager:220 - loadIPPluginJar : add resmgrutility
2025-03-04 23:36:57,844 [INFO] IPUIPlugin:80 - create IPUIPlugin
2025-03-04 23:36:57,844 [INFO] PluginManager:220 - loadIPPluginJar : add sai
2025-03-04 23:36:57,847 [INFO] IPUIPlugin:80 - create IPUIPlugin
2025-03-04 23:36:57,847 [INFO] PluginManager:220 - loadIPPluginJar : add spi
2025-03-04 23:36:57,854 [INFO] IPUIPlugin:80 - create IPUIPlugin
2025-03-04 23:36:57,855 [INFO] PluginManager:220 - loadIPPluginJar : add stm32_wpan
2025-03-04 23:36:57,858 [INFO] IPUIPlugin:80 - create IPUIPlugin
2025-03-04 23:36:57,858 [INFO] PluginManager:220 - loadIPPluginJar : add tim
2025-03-04 23:36:57,862 [INFO] IPUIPlugin:80 - create IPUIPlugin
2025-03-04 23:36:57,862 [INFO] PluginManager:220 - loadIPPluginJar : add touchsensing
2025-03-04 23:36:57,865 [INFO] IPUIPlugin:80 - create IPUIPlugin
2025-03-04 23:36:57,865 [INFO] PluginManager:220 - loadIPPluginJar : add tracer_emb
2025-03-04 23:36:57,868 [INFO] IPUIPlugin:80 - create IPUIPlugin
2025-03-04 23:36:57,868 [INFO] PluginManager:220 - loadIPPluginJar : add ts
2025-03-04 23:36:57,870 [INFO] IPUIPlugin:80 - create IPUIPlugin
2025-03-04 23:36:57,870 [INFO] PluginManager:220 - loadIPPluginJar : add tsc
2025-03-04 23:36:57,873 [INFO] IPUIPlugin:80 - create IPUIPlugin
2025-03-04 23:36:57,873 [INFO] PluginManager:220 - loadIPPluginJar : add ucpd
2025-03-04 23:36:57,876 [INFO] IPUIPlugin:80 - create IPUIPlugin
2025-03-04 23:36:57,877 [INFO] PluginManager:220 - loadIPPluginJar : add usart
2025-03-04 23:36:57,880 [INFO] IPUIPlugin:80 - create IPUIPlugin
2025-03-04 23:36:57,880 [INFO] PluginManager:220 - loadIPPluginJar : add usbx
2025-03-04 23:36:58,037 [FATAL] Updater:351 - Updater called before beeing initialized
2025-03-04 23:36:58,108 [INFO] RulesReader:64 - Compatibility file has been processed (297 Rules)
2025-03-04 23:36:58,127 [INFO] RulesReader:64 - Compatibility file has been processed (297 Rules)
2025-03-04 23:36:58,142 [INFO] CADModel:165 - CPN selected for project level
2025-03-04 23:36:58,142 [INFO] CADModel:114 - Register for checkConnection events
2025-03-04 23:36:58,142 [FATAL] Updater:351 - Updater called before beeing initialized
2025-03-04 23:36:58,142 [ERROR] CADModel:125 - Updater not yet initialized, retry later 
2025-03-04 23:36:58,326 [FATAL] Updater:351 - Updater called before beeing initialized
2025-03-04 23:36:58,328 [INFO] CADModel:165 - CPN selected for project level
2025-03-04 23:36:58,328 [INFO] CADModel:114 - Register for checkConnection events
2025-03-04 23:36:58,328 [FATAL] Updater:351 - Updater called before beeing initialized
2025-03-04 23:36:58,328 [ERROR] CADModel:125 - Updater not yet initialized, retry later 
2025-03-04 23:36:58,332 [FATAL] Updater:351 - Updater called before beeing initialized
2025-03-04 23:36:58,492 [FATAL] Updater:351 - Updater called before beeing initialized
2025-03-04 23:36:58,497 [INFO] DbMcusAds:53 - JSON generation date=Tue Dec 17 17:01:15 CET 2024 (1734451275143)
2025-03-04 23:36:58,498 [FATAL] Updater:351 - Updater called before beeing initialized
2025-03-04 23:36:58,543 [WARN] DetailPanel:346 - Failed to get advertising image, set to default
2025-03-04 23:36:58,834 [FATAL] Updater:351 - Updater called before beeing initialized
2025-03-04 23:36:58,836 [FATAL] Updater:351 - Updater called before beeing initialized
2025-03-04 23:36:58,836 [FATAL] Updater:351 - Updater called before beeing initialized
2025-03-04 23:36:58,836 [WARN] DetailPanel:346 - Failed to get advertising image, set to default
2025-03-04 23:36:58,837 [FATAL] Updater:351 - Updater called before beeing initialized
2025-03-04 23:36:58,898 [ERROR] Updater:1198 - MainUpdater not yet initialized. External WinMGr cannot be set.
2025-03-04 23:36:58,901 [INFO] Updater:1134 - Updater Version found : 6.13.0
2025-03-04 23:36:58,922 [INFO] ApplicationProperties:184 - Using Application install path: C:\ST\STM32CubeIDE_1.17.0\STM32CubeIDE\plugins\com.st.stm32cube.common.mx_6.13.0.202411220809
2025-03-04 23:36:59,899 [INFO] ThirdPartyUpdaterWithRetryManager:70 - Updater plugin not ready yet. [2/15]
2025-03-04 23:37:00,503 [ERROR] LogOutputStream:75 - [STDERR_REDIRECT] Mar 04, 2025 11:37:00 PM java.util.prefs.WindowsPreferences <init>
2025-03-04 23:37:00,508 [ERROR] LogOutputStream:75 - [STDERR_REDIRECT] WARNING: Could not open/create prefs root node Software\JavaSoft\Prefs at root 0xffffffff80000002. Windows RegCreateKeyEx(...) returned error code 5.
2025-03-04 23:37:00,509 [ERROR] LogOutputStream:75 - [STDERR_REDIRECT] 
2025-03-04 23:37:00,888 [INFO] MainUpdater:2872 - connection check result : 10
2025-03-04 23:37:00,889 [INFO] MainUpdater:289 - Updater Check For Update Now.
2025-03-04 23:37:00,890 [INFO] MicroXplorer:498 - Change Database Version : DB.6.0.130
2025-03-04 23:37:00,899 [INFO] McuFinderGlobals:63 - Set McuFinder mode to 2 (CubeIDE integrated)
2025-03-04 23:37:00,900 [INFO] UserAuth:486 - Internet connection configuration mode: 1
2025-03-04 23:37:00,931 [INFO] JxBrowserEngine:152 - Initiate JxBrowser Engine with user profile folder
2025-03-04 23:37:01,170 [INFO] CheckServerUpdateThread:120 - End of CheckServer Thread
2025-03-04 23:37:02,363 [INFO] WebApp:168 - Instantiating new browser for Auth
2025-03-04 23:37:03,418 [WARN] PackLoader:240 - Cannot read IP mode file for STMicroelectronics.FP-SNS-MOTENVWB1.1.4.0
2025-03-04 23:37:03,459 [WARN] PackLoader:240 - Cannot read IP mode file for STMicroelectronics.FP-ATR-ASTRA1.2.0.2
2025-03-04 23:37:03,466 [WARN] PackLoader:240 - Cannot read IP mode file for STMicroelectronics.FP-ATR-ASTRA1.2.0.1
2025-03-04 23:37:03,495 [WARN] PackLoader:240 - Cannot read IP mode file for STMicroelectronics.X-CUBE-SMBUS.2.1.0
2025-03-04 23:37:03,528 [WARN] PackLoader:240 - Cannot read IP mode file for STMicroelectronics.X-CUBE-WB05N.1.1.0
2025-03-04 23:37:03,650 [WARN] PackLoader:240 - Cannot read IP mode file for STMicroelectronics.X-CUBE-AZRTOS-F7.1.1.0
2025-03-04 23:37:03,703 [WARN] PackLoader:240 - Cannot read IP mode file for STMicroelectronics.FP-SNS-FLIGHT1.5.0.2
2025-03-04 23:37:03,830 [WARN] PackLoader:240 - Cannot read IP mode file for Infineon.AIROC-Wi-Fi-Bluetooth-STM32.1.7.0
2025-03-04 23:37:03,872 [INFO] WebApp:449 - Apply proxy settings
2025-03-04 23:37:03,872 [INFO] WebApp:534 - Chromium requires no authentication
2025-03-04 23:37:03,890 [WARN] PackLoader:240 - Cannot read IP mode file for STMicroelectronics.X-CUBE-DISPLAY.3.0.0
2025-03-04 23:37:03,905 [INFO] WebApp:477 - Direct internet connection detected
2025-03-04 23:37:03,906 [WARN] PackLoader:240 - Cannot read IP mode file for STMicroelectronics.X-CUBE-BLE1.7.0.0
2025-03-04 23:37:03,935 [WARN] PackLoader:240 - Cannot read IP mode file for STMicroelectronics.X-CUBE-NFC10.1.0.0
2025-03-04 23:37:04,009 [WARN] PackLoader:240 - Cannot read IP mode file for STMicroelectronics.X-CUBE-BLEMGR.4.0.0
2025-03-04 23:37:04,040 [INFO] WebApp:880 - Register for checkConnection events
2025-03-04 23:37:04,040 [INFO] WebApp:449 - Apply proxy settings
2025-03-04 23:37:04,040 [INFO] WebApp:534 - Chromium requires no authentication
2025-03-04 23:37:04,041 [INFO] WebApp:477 - Direct internet connection detected
2025-03-04 23:37:04,054 [WARN] PackLoader:240 - Cannot read IP mode file for emotas.I-CUBE-CANOPEN.1.3.0
2025-03-04 23:37:04,060 [WARN] PackLoader:240 - Cannot read IP mode file for STMicroelectronics.X-CUBE-AI.10.0.0
2025-03-04 23:37:04,067 [WARN] PackLoader:240 - Cannot read IP mode file for STMicroelectronics.FP-SNS-SMARTAG2.1.2.0
2025-03-04 23:37:04,248 [WARN] PackLoader:240 - Cannot read IP mode file for STMicroelectronics.X-CUBE-MEMS1.11.1.0
2025-03-04 23:37:04,481 [INFO] WebApp:187 - Connection restablished
2025-03-04 23:37:04,993 [INFO] LogOutputStream:77 - [STDOUT_REDIRECT] 1 : Invalid condition id : UX_CORESTACK_Condition cause : null
2025-03-04 23:37:04,994 [INFO] LogOutputStream:77 - [STDOUT_REDIRECT] 1 : Invalid condition id : UX_CORESTACK_Condition cause : null
2025-03-04 23:37:04,996 [INFO] LogOutputStream:77 - [STDOUT_REDIRECT] 1 : Invalid condition id : UX_CORESTACK_Condition cause : null
2025-03-04 23:37:04,997 [INFO] LogOutputStream:77 - [STDOUT_REDIRECT] 1 : Invalid condition id : UX_CORESTACK_Condition cause : null
2025-03-04 23:37:04,999 [INFO] LogOutputStream:77 - [STDOUT_REDIRECT] 1 : Invalid condition id : UX_CORESTACK_Condition cause : null
2025-03-04 23:37:05,004 [WARN] PackLoader:240 - Cannot read IP mode file for STMicroelectronics.X-CUBE-AZRTOS-WL.2.0.0
2025-03-04 23:37:05,012 [WARN] PackLoader:240 - Cannot read IP mode file for STMicroelectronics.FP-SNS-MOTENV1.5.0.0
2025-03-04 23:37:05,019 [WARN] PackLoader:240 - Cannot read IP mode file for wolfSSL.I-CUBE-wolfMQTT.1.19.0
2025-03-04 23:37:05,028 [WARN] PackLoader:240 - Cannot read IP mode file for WES.I-CUBE-Cesium.1.3.0
2025-03-04 23:37:05,035 [WARN] PackLoader:240 - Cannot read IP mode file for STMicroelectronics.X-CUBE-BLE2.3.3.0
2025-03-04 23:37:05,062 [WARN] PackLoader:240 - Cannot read IP mode file for STMicroelectronics.X-CUBE-NFC9.1.0.0
2025-03-04 23:37:05,073 [INFO] WebApp:221 - Starting web application
2025-03-04 23:37:05,073 [WARN] PackLoader:240 - Cannot read IP mode file for STMicroelectronics.X-CUBE-BLE1.7.1.0
2025-03-04 23:37:05,073 [INFO] WebApp:579 - Web application path used C:\ST\STM32CubeIDE_1.17.0\STM32CubeIDE\plugins\com.st.stm32cube.common.mx_6.13.0.202411220809\db\plugins\mcufinder\reactClient1\index.html
2025-03-04 23:37:05,108 [WARN] PackLoader:240 - Cannot read IP mode file for STMicroelectronics.X-CUBE-AZRTOS-G0.1.1.0
2025-03-04 23:37:05,121 [WARN] PackLoader:240 - Cannot read IP mode file for STMicroelectronics.X-CUBE-SAFEA1.1.2.2
2025-03-04 23:37:05,132 [WARN] PackLoader:240 - Cannot read IP mode file for STMicroelectronics.X-CUBE-NFC4.3.0.0
2025-03-04 23:37:05,149 [WARN] PackLoader:240 - Cannot read IP mode file for EmbeddedOffice.I-CUBE-FS-RTOS.1.0.1
2025-03-04 23:37:05,177 [WARN] PackLoader:240 - Cannot read IP mode file for STMicroelectronics.X-CUBE-TCPP.4.2.0
2025-03-04 23:37:05,190 [WARN] PackLoader:240 - Cannot read IP mode file for RealThread.X-CUBE-RT-Thread_Nano.4.1.1
2025-03-04 23:37:05,197 [WARN] PackLoader:240 - Cannot read IP mode file for STMicroelectronics.FP-ATR-SIGFOX1.3.2.0
2025-03-04 23:37:05,216 [WARN] ConditionMgr:438 - getConditionDescription Invalid condition id : Cortex-A Device cause : null
2025-03-04 23:37:05,261 [WARN] ConditionMgr:1044 - genDependencies : Invalid condition id : Cortex-A Device cause : null
2025-03-04 23:37:05,262 [WARN] ConditionMgr:1044 - genDependencies : Invalid condition id : Cortex-A Device cause : null
2025-03-04 23:37:05,262 [WARN] ConditionMgr:1044 - genDependencies : Invalid condition id : Cortex-A Device cause : null
2025-03-04 23:37:05,274 [WARN] PackLoader:240 - Cannot read IP mode file for STMicroelectronics.X-CUBE-EEPRMA1.5.1.0
2025-03-04 23:37:05,311 [WARN] PackLoader:240 - Cannot read IP mode file for wolfSSL.I-CUBE-wolfSSL.5.7.4
2025-03-04 23:37:05,321 [WARN] PackLoader:240 - Cannot read IP mode file for ITTIA_DB.I-CUBE-ITTIADB.8.9.0
2025-03-04 23:37:05,429 [WARN] PackLoader:240 - Cannot read IP mode file for SEGGER.I-CUBE-embOS.1.3.1
2025-03-04 23:37:05,532 [WARN] PackLoader:240 - Cannot read IP mode file for STMicroelectronics.X-CUBE-ALGOBUILD.1.4.0
2025-03-04 23:37:05,538 [WARN] PackLoader:240 - Cannot read IP mode file for STMicroelectronics.X-CUBE-AI.9.1.0
2025-03-04 23:37:05,558 [WARN] PackLoader:240 - Cannot read IP mode file for STMicroelectronics.X-CUBE-AZRTOS-F4.1.1.0
2025-03-04 23:37:05,576 [WARN] PackLoader:240 - Cannot read IP mode file for STMicroelectronics.X-CUBE-ISPU.2.1.0
2025-03-04 23:37:05,603 [WARN] PackLoader:240 - Cannot read IP mode file for STMicroelectronics.X-CUBE-AZRTOS-L5.2.0.0
2025-03-04 23:37:05,620 [WARN] PackLoader:240 - Cannot read IP mode file for STMicroelectronics.X-CUBE-NFC6.3.1.0
2025-03-04 23:37:05,631 [WARN] PackLoader:240 - Cannot read IP mode file for STMicroelectronics.X-CUBE-DPower.1.2.0
2025-03-04 23:37:05,638 [WARN] PackLoader:240 - Cannot read IP mode file for STMicroelectronics.X-CUBE-FREERTOS.1.3.0
2025-03-04 23:37:05,648 [WARN] PackLoader:240 - Cannot read IP mode file for STMicroelectronics.X-CUBE-NFC7.1.0.1
2025-03-04 23:37:05,741 [WARN] ConditionMgr:438 - getConditionDescription Invalid condition id : LAN8742 Phy interface Condition cause : null
2025-03-04 23:37:05,742 [WARN] PackLoader:240 - Cannot read IP mode file for STMicroelectronics.X-CUBE-AZRTOS-L4.2.0.0
2025-03-04 23:37:05,743 [WARN] ConditionMgr:1044 - genDependencies : Invalid condition id : LAN8742 Phy interface Condition cause : null
2025-03-04 23:37:05,744 [WARN] ConditionMgr:1044 - genDependencies : Invalid condition id : LAN8742 Phy interface Condition cause : null
2025-03-04 23:37:05,744 [WARN] ConditionMgr:1044 - genDependencies : Invalid condition id : LAN8742 Phy interface Condition cause : null
2025-03-04 23:37:05,777 [WARN] PackLoader:240 - Cannot read IP mode file for STMicroelectronics.X-CUBE-SFXS2LP1.4.0.0
2025-03-04 23:37:05,806 [WARN] PackLoader:240 - Cannot read IP mode file for STMicroelectronics.X-CUBE-AZRTOS-H7.3.3.0
2025-03-04 23:37:05,885 [WARN] ConditionMgr:438 - getConditionDescription Invalid condition id : UX DEVICE CLASS RTOS Condition cause : null
2025-03-04 23:37:05,885 [WARN] ConditionMgr:438 - getConditionDescription Invalid condition id : UX DEVICE CLASS RTOS Condition cause : null
2025-03-04 23:37:05,888 [WARN] PackLoader:240 - Cannot read IP mode file for STMicroelectronics.X-CUBE-AZRTOS-WB.2.0.0
2025-03-04 23:37:05,889 [WARN] ConditionMgr:1044 - genDependencies : Invalid condition id : UX DEVICE CLASS RTOS Condition cause : null
2025-03-04 23:37:05,889 [WARN] ConditionMgr:1044 - genDependencies : Invalid condition id : UX DEVICE CLASS RTOS Condition cause : null
2025-03-04 23:37:05,890 [WARN] ConditionMgr:1044 - genDependencies : Invalid condition id : UX DEVICE CLASS RTOS Condition cause : null
2025-03-04 23:37:05,890 [WARN] ConditionMgr:1044 - genDependencies : Invalid condition id : UX DEVICE CLASS RTOS Condition cause : null
2025-03-04 23:37:05,890 [WARN] ConditionMgr:1044 - genDependencies : Invalid condition id : UX DEVICE CLASS RTOS Condition cause : null
2025-03-04 23:37:05,898 [WARN] PackLoader:240 - Cannot read IP mode file for STMicroelectronics.X-CUBE-GNSS1.7.0.1
2025-03-04 23:37:05,956 [INFO] UserAuth:486 - Internet connection configuration mode: 1
2025-03-04 23:37:06,019 [WARN] PackLoader:240 - Cannot read IP mode file for STMicroelectronics.FP-SNS-STBOX1.2.0.0
2025-03-04 23:37:06,037 [WARN] PackLoader:240 - Cannot read IP mode file for STMicroelectronics.X-CUBE-SUBG2.5.0.0
2025-03-04 23:37:06,051 [WARN] PackLoader:240 - Cannot read IP mode file for Cesanta.I-CUBE-Mongoose.7.13.0
2025-03-04 23:37:06,179 [WARN] PackLoader:240 - Cannot read IP mode file for STMicroelectronics.X-CUBE-AZRTOS-G4.2.0.0
2025-03-04 23:37:06,282 [WARN] PackLoader:240 - Cannot read IP mode file for STMicroelectronics.X-CUBE-IPS.3.1.0
2025-03-04 23:37:06,324 [WARN] PackLoader:240 - Cannot read IP mode file for STMicroelectronics.X-CUBE-ALS.1.0.2
2025-03-04 23:37:06,331 [WARN] PackLoader:240 - Cannot read IP mode file for STMicroelectronics.X-CUBE-TOUCHGFX.4.24.2
2025-03-04 23:37:06,338 [WARN] PackLoader:240 - Cannot read IP mode file for wolfSSL.I-CUBE-wolfTPM.3.4.0
2025-03-04 23:37:06,359 [WARN] PackLoader:240 - Cannot read IP mode file for portGmbH.I-Cube-SoM-uGOAL.1.1.0
2025-03-04 23:37:06,390 [WARN] PackLoader:240 - Cannot read IP mode file for STMicroelectronics.X-CUBE-AZRTOS-H7RS.1.0.0
2025-03-04 23:37:06,409 [WARN] PackLoader:240 - Cannot read IP mode file for STMicroelectronics.X-CUBE-TOF1.3.4.2
2025-03-04 23:37:06,433 [WARN] PackLoader:240 - Cannot read IP mode file for wolfSSL.I-CUBE-wolfSSH.1.4.17
2025-03-04 23:37:06,435 [INFO] ThirdParty:978 - Integrity check success = true
2025-03-04 23:37:06,435 [INFO] IntegrityCheckThread:100 - exiting critical section [integrity check]
2025-03-04 23:37:06,435 [INFO] IntegrityCheckThread:103 - End integrity checks thread
2025-03-04 23:52:27,673 [INFO] WebApp:190 - Connection lost
2025-03-04 23:52:27,817 [INFO] WebApp:187 - Connection restablished
