2025-03-16 02:48:35,983 [INFO] Activator:176 - 


2025-03-16 02:48:35,992 [INFO] Activator:177 - !SESSION log4j initialized
2025-03-16 02:48:46,135 [INFO] LogOutputStream:77 - [STDOUT_REDIRECT] 
2025-03-16 02:48:53,791 [INFO] ApplicationProperties:184 - Using Application install path: C:\ST\STM32CubeIDE_1.17.0\STM32CubeIDE\plugins\com.st.stm32cube.common.mx_6.13.0.202411220809
2025-03-16 02:48:53,813 [INFO] DbMcusXml:78 - Set database path to: C:\ST\STM32CubeIDE_1.17.0\STM32CubeIDE\plugins\com.st.stm32cube.common.mx_6.13.0.202411220809\\db\/mcu/
2025-03-16 02:48:53,814 [INFO] ApiDb:274 - Set plugin database path to: C:\ST\STM32CubeIDE_1.17.0\STM32CubeIDE\plugins\com.st.stm32cube.common.mx_6.13.0.202411220809\\db\/plugins/boardmanager/
2025-03-16 02:48:53,815 [WARN] ApiDb:259 - Overriding images path with different value:  => C:\ST\STM32CubeIDE_1.17.0\STM32CubeIDE\plugins\com.st.stm32cube.common.mx_6.13.0.202411220809\\db\/plugins/mcufinder/images/
2025-03-16 02:48:53,827 [INFO] ApiDb:250 - Set database path to: C:\Users\User\.stmcufinder\plugins\mcufinder//mcu/
2025-03-16 02:48:53,829 [INFO] DbMcusAds:125 - Set database path to: C:\Users\User\.stmcufinder\plugins\mcufinder//mcu/
2025-03-16 02:48:53,833 [INFO] CrossReferenceDbSqlite:203 - Set database path to: C:\Users\User\.stmcufinder\plugins\mcufinder//mcu/cs/
2025-03-16 02:48:54,153 [INFO] RulesReader:64 - Compatibility file has been processed (297 Rules)
2025-03-16 02:48:54,261 [INFO] DbMcusXml:78 - Set database path to: C:\ST\STM32CubeIDE_1.17.0\STM32CubeIDE\plugins\com.st.stm32cube.common.mx_6.13.0.202411220809\\db\/mcu/
2025-03-16 02:48:54,261 [INFO] ApiDb:274 - Set plugin database path to: C:\ST\STM32CubeIDE_1.17.0\STM32CubeIDE\plugins\com.st.stm32cube.common.mx_6.13.0.202411220809\\db\/plugins/boardmanager/
2025-03-16 02:48:54,261 [INFO] ApiDb:261 - Set plugin images path to: C:\ST\STM32CubeIDE_1.17.0\STM32CubeIDE\plugins\com.st.stm32cube.common.mx_6.13.0.202411220809\\db\/plugins/mcufinder/images/
2025-03-16 02:48:54,262 [WARN] DbFile:41 - Overriding database path with different value: C:\Users\User\.stmcufinder\plugins\mcufinder/ => C:\Users\User\.stmcufinder\plugins\mcufinder
2025-03-16 02:48:54,262 [INFO] ApiDb:250 - Set database path to: C:\Users\User\.stmcufinder\plugins\mcufinder//mcu/
2025-03-16 02:48:54,262 [WARN] DbFile:41 - Overriding database path with different value: C:\Users\User\.stmcufinder\plugins\mcufinder/ => C:\Users\User\.stmcufinder\plugins\mcufinder
2025-03-16 02:48:54,262 [INFO] DbMcusAds:125 - Set database path to: C:\Users\User\.stmcufinder\plugins\mcufinder//mcu/
2025-03-16 02:48:54,262 [WARN] DbFile:41 - Overriding database path with different value: C:\Users\User\.stmcufinder\plugins\mcufinder/ => C:\Users\User\.stmcufinder\plugins\mcufinder
2025-03-16 02:48:54,263 [WARN] DbFile:41 - Overriding database path with different value: C:\Users\User\.stmcufinder\plugins\mcufinder/ => C:\Users\User\.stmcufinder\plugins\mcufinder
2025-03-16 02:48:54,263 [INFO] CrossReferenceDbSqlite:203 - Set database path to: C:\Users\User\.stmcufinder\plugins\mcufinder//mcu/cs/
2025-03-16 02:48:54,370 [INFO] MainPanel:272 - HeapMemory: 268435456
2025-03-16 02:48:54,504 [INFO] DbMcusXml:78 - Set database path to: C:\ST\STM32CubeIDE_1.17.0\STM32CubeIDE\plugins\com.st.stm32cube.common.mx_6.13.0.202411220809\\db\/mcu/
2025-03-16 02:48:54,504 [INFO] ApiDb:274 - Set plugin database path to: C:\ST\STM32CubeIDE_1.17.0\STM32CubeIDE\plugins\com.st.stm32cube.common.mx_6.13.0.202411220809\\db\/plugins/boardmanager/
2025-03-16 02:48:54,504 [INFO] ApiDb:261 - Set plugin images path to: C:\ST\STM32CubeIDE_1.17.0\STM32CubeIDE\plugins\com.st.stm32cube.common.mx_6.13.0.202411220809\\db\/plugins/mcufinder/images/
2025-03-16 02:48:54,505 [WARN] DbFile:41 - Overriding database path with different value: C:\Users\User\.stmcufinder\plugins\mcufinder/ => C:\Users\User\.stmcufinder\plugins\mcufinder
2025-03-16 02:48:54,505 [INFO] ApiDb:250 - Set database path to: C:\Users\User\.stmcufinder\plugins\mcufinder//mcu/
2025-03-16 02:48:54,505 [WARN] DbFile:41 - Overriding database path with different value: C:\Users\User\.stmcufinder\plugins\mcufinder/ => C:\Users\User\.stmcufinder\plugins\mcufinder
2025-03-16 02:48:54,505 [INFO] DbMcusAds:125 - Set database path to: C:\Users\User\.stmcufinder\plugins\mcufinder//mcu/
2025-03-16 02:48:54,505 [WARN] DbFile:41 - Overriding database path with different value: C:\Users\User\.stmcufinder\plugins\mcufinder/ => C:\Users\User\.stmcufinder\plugins\mcufinder
2025-03-16 02:48:54,505 [WARN] DbFile:41 - Overriding database path with different value: C:\Users\User\.stmcufinder\plugins\mcufinder/ => C:\Users\User\.stmcufinder\plugins\mcufinder
2025-03-16 02:48:54,505 [INFO] CrossReferenceDbSqlite:203 - Set database path to: C:\Users\User\.stmcufinder\plugins\mcufinder//mcu/cs/
2025-03-16 02:48:54,530 [INFO] ApplicationProperties:184 - Using Application install path: C:\ST\STM32CubeIDE_1.17.0\STM32CubeIDE\plugins\com.st.stm32cube.common.mx_6.13.0.202411220809
2025-03-16 02:48:54,531 [INFO] PluginManage:196 - Search for loadable plugins [exclusion list=, ]
2025-03-16 02:48:54,533 [INFO] PluginManage:310 - Check plugin analytics
2025-03-16 02:48:59,436 [INFO] AnalyticsPlugin:253 - Accepted Software Licenses: 
2025-03-16 02:48:59,437 [INFO] AnalyticsPlugin:255 - Accepted CMSIS Pack Licenses: 
2025-03-16 02:48:59,437 [INFO] AnalyticsPlugin:257 - Accepted Firmware Licenses: FW.F4.1.28.0
2025-03-16 02:48:59,441 [INFO] PluginManage:359 - Loaded plugin analytics (category:tool,tabindex:-1)
2025-03-16 02:48:59,442 [INFO] PluginManage:310 - Check plugin cadmodel
2025-03-16 02:48:59,471 [INFO] CADModel:105 - Init CAD model plugin
2025-03-16 02:48:59,471 [INFO] PluginManage:359 - Loaded plugin cadmodel (category:power,tabindex:5)
2025-03-16 02:48:59,471 [INFO] PluginManage:310 - Check plugin clock
2025-03-16 02:48:59,494 [INFO] PluginManage:359 - Loaded plugin clock (category:base,tabindex:2)
2025-03-16 02:48:59,495 [INFO] PluginManage:310 - Check plugin ddr
2025-03-16 02:48:59,497 [INFO] PluginManage:359 - Loaded plugin ddr (category:tool,tabindex:6)
2025-03-16 02:48:59,497 [INFO] PluginManage:310 - Check plugin filemanager
2025-03-16 02:48:59,697 [INFO] PluginManage:359 - Loaded plugin filemanager (category:base,tabindex:10)
2025-03-16 02:48:59,697 [INFO] PluginManage:310 - Check plugin ipmanager
2025-03-16 02:48:59,722 [INFO] PluginManage:359 - Loaded plugin ipmanager (category:base,tabindex:5)
2025-03-16 02:48:59,722 [INFO] PluginManage:310 - Check plugin lpbam
2025-03-16 02:48:59,771 [INFO] PluginManage:359 - Loaded plugin lpbam (category:base,tabindex:0)
2025-03-16 02:48:59,771 [INFO] PluginManage:310 - Check plugin memorymap
2025-03-16 02:48:59,859 [INFO] PluginManage:359 - Loaded plugin memorymap (category:base,tabindex:4)
2025-03-16 02:48:59,860 [INFO] PluginManage:310 - Check plugin pinoutandconfiguration
2025-03-16 02:48:59,890 [INFO] PluginManage:359 - Loaded plugin pinoutandconfiguration (category:base,tabindex:1)
2025-03-16 02:48:59,890 [INFO] PluginManage:310 - Check plugin pinoutconfig
2025-03-16 02:49:00,020 [WARN] SupportedApi:132 - Cannot load RTOS API schema: s4s-elt-must-match.1: The content of 'definitions' must match (annotation?, (simpleType | complexType)?, (unique | key | keyref)*)). A problem was found starting at: attribute.
2025-03-16 02:49:00,324 [INFO] PluginManage:359 - Loaded plugin pinoutconfig (category:base,tabindex:0)
2025-03-16 02:49:00,324 [INFO] PluginManage:310 - Check plugin power
2025-03-16 02:49:00,349 [INFO] PluginManage:359 - Loaded plugin power (category:power,tabindex:4)
2025-03-16 02:49:00,349 [INFO] PluginManage:310 - Check plugin projectmanager
2025-03-16 02:49:00,367 [INFO] PluginManage:359 - Loaded plugin projectmanager (category:projectmanager,tabindex:4)
2025-03-16 02:49:00,367 [INFO] PluginManage:310 - Check plugin rif
2025-03-16 02:49:00,389 [INFO] PluginManage:359 - Loaded plugin rif (category:base,tabindex:3)
2025-03-16 02:49:00,389 [INFO] PluginManage:310 - Check plugin thirdparty
2025-03-16 02:49:00,860 [INFO] PluginManage:359 - Loaded plugin thirdparty (category:base,tabindex:-1)
2025-03-16 02:49:00,860 [WARN] IntegrityCheckThread:84 - waiting for thirdparty lock release [integrity check]
2025-03-16 02:49:00,860 [INFO] PluginManage:310 - Check plugin tools
2025-03-16 02:49:00,861 [INFO] IntegrityCheckThread:86 - entering critical section [integrity check]
2025-03-16 02:49:00,861 [INFO] ThirdPartyUpdaterWithRetryManager:70 - Updater plugin not ready yet. [1/15]
2025-03-16 02:49:00,867 [INFO] PluginManage:359 - Loaded plugin tools (category:base,tabindex:7)
2025-03-16 02:49:00,868 [INFO] PluginManage:310 - Check plugin tutovideos
2025-03-16 02:49:01,172 [INFO] PluginManage:359 - Loaded plugin tutovideos (category:base,tabindex:-1)
2025-03-16 02:49:01,173 [INFO] PluginManage:310 - Check plugin updater
2025-03-16 02:49:01,202 [INFO] PluginManage:359 - Loaded plugin updater (category:base,tabindex:12)
2025-03-16 02:49:01,203 [INFO] PluginManage:310 - Check plugin userauth
2025-03-16 02:49:01,209 [INFO] UserAuth:118 - Init User Auth plugin
2025-03-16 02:49:01,210 [INFO] PluginManage:359 - Loaded plugin userauth (category:base,tabindex:14)
2025-03-16 02:49:01,211 [INFO] PluginManage:283 - PluginManage : Loaded plugins [18]
2025-03-16 02:49:01,821 [INFO] PinOutPanel:1589 - setPackage(No Configuration,No Configuration)
2025-03-16 02:49:01,964 [INFO] CADModel:165 - CPN selected for project level
2025-03-16 02:49:01,964 [INFO] CADModel:114 - Register for checkConnection events
2025-03-16 02:49:01,996 [INFO] IPUIPlugin:80 - create IPUIPlugin
2025-03-16 02:49:01,997 [INFO] PluginManager:220 - loadIPPluginJar : add adc
2025-03-16 02:49:02,085 [INFO] IPUIPlugin:80 - create IPUIPlugin
2025-03-16 02:49:02,085 [INFO] PluginManager:220 - loadIPPluginJar : add aes
2025-03-16 02:49:02,195 [INFO] IPUIPlugin:80 - create IPUIPlugin
2025-03-16 02:49:02,195 [INFO] PluginManager:220 - loadIPPluginJar : add can
2025-03-16 02:49:02,202 [INFO] IPUIPlugin:80 - create IPUIPlugin
2025-03-16 02:49:02,202 [INFO] PluginManager:220 - loadIPPluginJar : add comp
2025-03-16 02:49:02,253 [INFO] IPUIPlugin:80 - create IPUIPlugin
2025-03-16 02:49:02,253 [INFO] PluginManager:220 - loadIPPluginJar : add cryp
2025-03-16 02:49:02,271 [INFO] IPUIPlugin:80 - create IPUIPlugin
2025-03-16 02:49:02,271 [INFO] PluginManager:220 - loadIPPluginJar : add ddr_ctrl_phy
2025-03-16 02:49:02,317 [INFO] IPUIPlugin:80 - create IPUIPlugin
2025-03-16 02:49:02,317 [INFO] PluginManager:220 - loadIPPluginJar : add dfsdm
2025-03-16 02:49:02,339 [INFO] IPUIPlugin:80 - create IPUIPlugin
2025-03-16 02:49:02,340 [INFO] PluginManager:220 - loadIPPluginJar : add dma
2025-03-16 02:49:02,435 [INFO] IPUIPlugin:80 - create IPUIPlugin
2025-03-16 02:49:02,435 [INFO] PluginManager:220 - loadIPPluginJar : add dma3
2025-03-16 02:49:02,558 [INFO] IPUIPlugin:80 - create IPUIPlugin
2025-03-16 02:49:02,559 [INFO] PluginManager:220 - loadIPPluginJar : add extmemmanager
2025-03-16 02:49:02,563 [INFO] IPUIPlugin:80 - create IPUIPlugin
2025-03-16 02:49:02,564 [INFO] PluginManager:220 - loadIPPluginJar : add fatfs
2025-03-16 02:49:02,639 [INFO] IPUIPlugin:80 - create IPUIPlugin
2025-03-16 02:49:02,639 [INFO] PluginManager:220 - loadIPPluginJar : add fmc
2025-03-16 02:49:02,674 [INFO] IPUIPlugin:80 - create IPUIPlugin
2025-03-16 02:49:02,674 [INFO] PluginManager:220 - loadIPPluginJar : add freertos
2025-03-16 02:49:02,679 [INFO] IPUIPlugin:80 - create IPUIPlugin
2025-03-16 02:49:02,679 [INFO] PluginManager:220 - loadIPPluginJar : add genericplugin
2025-03-16 02:49:02,910 [INFO] IPUIPlugin:80 - create IPUIPlugin
2025-03-16 02:49:02,910 [INFO] PluginManager:220 - loadIPPluginJar : add gfxmmu
2025-03-16 02:49:03,227 [INFO] IPUIPlugin:80 - create IPUIPlugin
2025-03-16 02:49:03,227 [INFO] PluginManager:220 - loadIPPluginJar : add gic
2025-03-16 02:49:03,252 [INFO] IPUIPlugin:80 - create IPUIPlugin
2025-03-16 02:49:03,253 [INFO] PluginManager:220 - loadIPPluginJar : add gpio
2025-03-16 02:49:03,400 [INFO] IPUIPlugin:80 - create IPUIPlugin
2025-03-16 02:49:03,401 [INFO] PluginManager:220 - loadIPPluginJar : add gtzc
2025-03-16 02:49:03,500 [INFO] IPUIPlugin:80 - create IPUIPlugin
2025-03-16 02:49:03,501 [INFO] PluginManager:220 - loadIPPluginJar : add hash
2025-03-16 02:49:03,687 [INFO] IPUIPlugin:80 - create IPUIPlugin
2025-03-16 02:49:03,687 [INFO] PluginManager:220 - loadIPPluginJar : add i2c
2025-03-16 02:49:03,768 [INFO] IPUIPlugin:80 - create IPUIPlugin
2025-03-16 02:49:03,768 [INFO] PluginManager:220 - loadIPPluginJar : add i2s
2025-03-16 02:49:03,861 [INFO] IPUIPlugin:80 - create IPUIPlugin
2025-03-16 02:49:03,862 [INFO] PluginManager:220 - loadIPPluginJar : add i3c
2025-03-16 02:49:03,864 [INFO] ThirdPartyUpdaterWithRetryManager:70 - Updater plugin not ready yet. [2/15]
2025-03-16 02:49:04,133 [INFO] IPUIPlugin:80 - create IPUIPlugin
2025-03-16 02:49:04,134 [INFO] PluginManager:220 - loadIPPluginJar : add ipddr
2025-03-16 02:49:04,275 [INFO] IPUIPlugin:80 - create IPUIPlugin
2025-03-16 02:49:04,275 [INFO] PluginManager:220 - loadIPPluginJar : add linkedlist
2025-03-16 02:49:04,342 [INFO] IPUIPlugin:80 - create IPUIPlugin
2025-03-16 02:49:04,342 [INFO] PluginManager:220 - loadIPPluginJar : add lorawan
2025-03-16 02:49:04,399 [INFO] IPUIPlugin:80 - create IPUIPlugin
2025-03-16 02:49:04,399 [INFO] PluginManager:220 - loadIPPluginJar : add ltdc
2025-03-16 02:49:04,421 [INFO] IPUIPlugin:80 - create IPUIPlugin
2025-03-16 02:49:04,421 [INFO] PluginManager:220 - loadIPPluginJar : add mdma
2025-03-16 02:49:04,437 [INFO] IPUIPlugin:80 - create IPUIPlugin
2025-03-16 02:49:04,437 [INFO] PluginManager:220 - loadIPPluginJar : add nvic
2025-03-16 02:49:04,491 [INFO] IPUIPlugin:80 - create IPUIPlugin
2025-03-16 02:49:04,492 [INFO] PluginManager:220 - loadIPPluginJar : add opamp
2025-03-16 02:49:04,588 [INFO] IPUIPlugin:80 - create IPUIPlugin
2025-03-16 02:49:04,588 [INFO] PluginManager:220 - loadIPPluginJar : add openamp
2025-03-16 02:49:04,658 [INFO] IPUIPlugin:80 - create IPUIPlugin
2025-03-16 02:49:04,658 [INFO] PluginManager:220 - loadIPPluginJar : add pdm2pcm
2025-03-16 02:49:04,685 [INFO] IPUIPlugin:80 - create IPUIPlugin
2025-03-16 02:49:04,688 [INFO] PluginManager:220 - loadIPPluginJar : add plateformsettings
2025-03-16 02:49:04,691 [INFO] IPUIPlugin:80 - create IPUIPlugin
2025-03-16 02:49:04,692 [INFO] PluginManager:220 - loadIPPluginJar : add quadspi
2025-03-16 02:49:04,731 [INFO] IPUIPlugin:80 - create IPUIPlugin
2025-03-16 02:49:04,731 [INFO] PluginManager:220 - loadIPPluginJar : add radio
2025-03-16 02:49:04,749 [INFO] IPUIPlugin:80 - create IPUIPlugin
2025-03-16 02:49:04,749 [INFO] PluginManager:220 - loadIPPluginJar : add resmgrutility
2025-03-16 02:49:04,817 [INFO] IPUIPlugin:80 - create IPUIPlugin
2025-03-16 02:49:04,817 [INFO] PluginManager:220 - loadIPPluginJar : add sai
2025-03-16 02:49:04,880 [INFO] IPUIPlugin:80 - create IPUIPlugin
2025-03-16 02:49:04,881 [INFO] PluginManager:220 - loadIPPluginJar : add spi
2025-03-16 02:49:05,070 [INFO] IPUIPlugin:80 - create IPUIPlugin
2025-03-16 02:49:05,070 [INFO] PluginManager:220 - loadIPPluginJar : add stm32_wpan
2025-03-16 02:49:05,080 [INFO] IPUIPlugin:80 - create IPUIPlugin
2025-03-16 02:49:05,081 [INFO] PluginManager:220 - loadIPPluginJar : add tim
2025-03-16 02:49:05,184 [INFO] IPUIPlugin:80 - create IPUIPlugin
2025-03-16 02:49:05,184 [INFO] PluginManager:220 - loadIPPluginJar : add touchsensing
2025-03-16 02:49:05,187 [INFO] IPUIPlugin:80 - create IPUIPlugin
2025-03-16 02:49:05,187 [INFO] PluginManager:220 - loadIPPluginJar : add tracer_emb
2025-03-16 02:49:05,191 [INFO] IPUIPlugin:80 - create IPUIPlugin
2025-03-16 02:49:05,191 [INFO] PluginManager:220 - loadIPPluginJar : add ts
2025-03-16 02:49:05,194 [INFO] IPUIPlugin:80 - create IPUIPlugin
2025-03-16 02:49:05,195 [INFO] PluginManager:220 - loadIPPluginJar : add tsc
2025-03-16 02:49:05,228 [INFO] IPUIPlugin:80 - create IPUIPlugin
2025-03-16 02:49:05,229 [INFO] PluginManager:220 - loadIPPluginJar : add ucpd
2025-03-16 02:49:05,304 [INFO] IPUIPlugin:80 - create IPUIPlugin
2025-03-16 02:49:05,304 [INFO] PluginManager:220 - loadIPPluginJar : add usart
2025-03-16 02:49:05,427 [INFO] IPUIPlugin:80 - create IPUIPlugin
2025-03-16 02:49:05,427 [INFO] PluginManager:220 - loadIPPluginJar : add usbx
2025-03-16 02:49:05,635 [FATAL] Updater:351 - Updater called before beeing initialized
2025-03-16 02:49:05,718 [INFO] RulesReader:64 - Compatibility file has been processed (297 Rules)
2025-03-16 02:49:05,815 [INFO] RulesReader:64 - Compatibility file has been processed (297 Rules)
2025-03-16 02:49:05,855 [INFO] CADModel:165 - CPN selected for project level
2025-03-16 02:49:05,855 [INFO] CADModel:114 - Register for checkConnection events
2025-03-16 02:49:05,855 [FATAL] Updater:351 - Updater called before beeing initialized
2025-03-16 02:49:05,856 [ERROR] CADModel:125 - Updater not yet initialized, retry later 
2025-03-16 02:49:06,066 [FATAL] Updater:351 - Updater called before beeing initialized
2025-03-16 02:49:06,069 [INFO] CADModel:165 - CPN selected for project level
2025-03-16 02:49:06,069 [INFO] CADModel:114 - Register for checkConnection events
2025-03-16 02:49:06,070 [FATAL] Updater:351 - Updater called before beeing initialized
2025-03-16 02:49:06,070 [ERROR] CADModel:125 - Updater not yet initialized, retry later 
2025-03-16 02:49:06,073 [FATAL] Updater:351 - Updater called before beeing initialized
2025-03-16 02:49:06,247 [FATAL] Updater:351 - Updater called before beeing initialized
2025-03-16 02:49:06,267 [INFO] DbMcusAds:53 - JSON generation date=Thu Mar 06 15:54:21 CET 2025 (1741272861825)
2025-03-16 02:49:06,268 [FATAL] Updater:351 - Updater called before beeing initialized
2025-03-16 02:49:06,319 [WARN] DetailPanel:346 - Failed to get advertising image, set to default
2025-03-16 02:49:06,614 [FATAL] Updater:351 - Updater called before beeing initialized
2025-03-16 02:49:06,615 [FATAL] Updater:351 - Updater called before beeing initialized
2025-03-16 02:49:06,616 [FATAL] Updater:351 - Updater called before beeing initialized
2025-03-16 02:49:06,616 [WARN] DetailPanel:346 - Failed to get advertising image, set to default
2025-03-16 02:49:06,617 [FATAL] Updater:351 - Updater called before beeing initialized
2025-03-16 02:49:06,707 [ERROR] Updater:1198 - MainUpdater not yet initialized. External WinMGr cannot be set.
2025-03-16 02:49:06,711 [INFO] Updater:1134 - Updater Version found : 6.13.0
2025-03-16 02:49:06,737 [INFO] ApplicationProperties:184 - Using Application install path: C:\ST\STM32CubeIDE_1.17.0\STM32CubeIDE\plugins\com.st.stm32cube.common.mx_6.13.0.202411220809
2025-03-16 02:49:06,881 [INFO] ThirdPartyUpdaterWithRetryManager:70 - Updater plugin not ready yet. [3/15]
2025-03-16 02:49:08,342 [ERROR] LogOutputStream:75 - [STDERR_REDIRECT] Mar 16, 2025 2:49:08 AM java.util.prefs.WindowsPreferences <init>
2025-03-16 02:49:08,344 [ERROR] LogOutputStream:75 - [STDERR_REDIRECT] WARNING: Could not open/create prefs root node Software\JavaSoft\Prefs at root 0xffffffff80000002. Windows RegCreateKeyEx(...) returned error code 5.
2025-03-16 02:49:08,345 [ERROR] LogOutputStream:75 - [STDERR_REDIRECT] 
2025-03-16 02:49:08,728 [INFO] MainUpdater:2872 - connection check result : 10
2025-03-16 02:49:08,729 [INFO] MainUpdater:289 - Updater Check For Update Now.
2025-03-16 02:49:08,729 [INFO] MicroXplorer:498 - Change Database Version : DB.6.0.130
2025-03-16 02:49:08,746 [INFO] McuFinderGlobals:63 - Set McuFinder mode to 2 (CubeIDE integrated)
2025-03-16 02:49:08,749 [INFO] UserAuth:486 - Internet connection configuration mode: 1
2025-03-16 02:49:08,920 [INFO] JxBrowserEngine:152 - Initiate JxBrowser Engine with user profile folder
2025-03-16 02:49:09,436 [INFO] CheckServerUpdateThread:120 - End of CheckServer Thread
2025-03-16 02:49:10,993 [WARN] PackLoader:240 - Cannot read IP mode file for STMicroelectronics.FP-SNS-MOTENVWB1.1.4.0
2025-03-16 02:49:11,023 [WARN] PackLoader:240 - Cannot read IP mode file for STMicroelectronics.FP-ATR-ASTRA1.2.0.2
2025-03-16 02:49:11,073 [WARN] PackLoader:240 - Cannot read IP mode file for STMicroelectronics.FP-ATR-ASTRA1.2.0.1
2025-03-16 02:49:11,104 [WARN] PackLoader:240 - Cannot read IP mode file for STMicroelectronics.X-CUBE-SMBUS.2.1.0
2025-03-16 02:49:11,211 [WARN] PackLoader:240 - Cannot read IP mode file for STMicroelectronics.X-CUBE-WB05N.1.1.0
2025-03-16 02:49:11,258 [INFO] WebApp:168 - Instantiating new browser for Auth
2025-03-16 02:49:11,590 [WARN] PackLoader:240 - Cannot read IP mode file for STMicroelectronics.X-CUBE-AZRTOS-F7.1.1.0
2025-03-16 02:49:11,634 [WARN] PackLoader:240 - Cannot read IP mode file for STMicroelectronics.FP-SNS-FLIGHT1.5.0.2
2025-03-16 02:49:11,844 [WARN] PackLoader:240 - Cannot read IP mode file for Infineon.AIROC-Wi-Fi-Bluetooth-STM32.1.7.0
2025-03-16 02:49:11,929 [WARN] PackLoader:240 - Cannot read IP mode file for STMicroelectronics.X-CUBE-DISPLAY.3.0.0
2025-03-16 02:49:11,969 [WARN] PackLoader:240 - Cannot read IP mode file for STMicroelectronics.X-CUBE-BLE1.7.0.0
2025-03-16 02:49:12,007 [WARN] PackLoader:240 - Cannot read IP mode file for STMicroelectronics.X-CUBE-NFC10.1.0.0
2025-03-16 02:49:12,042 [WARN] PackLoader:240 - Cannot read IP mode file for STMicroelectronics.X-CUBE-BLEMGR.4.0.0
2025-03-16 02:49:12,076 [WARN] PackLoader:240 - Cannot read IP mode file for emotas.I-CUBE-CANOPEN.1.3.0
2025-03-16 02:49:12,101 [WARN] PackLoader:240 - Cannot read IP mode file for STMicroelectronics.X-CUBE-AI.10.0.0
2025-03-16 02:49:12,123 [WARN] PackLoader:240 - Cannot read IP mode file for STMicroelectronics.FP-SNS-SMARTAG2.1.2.0
2025-03-16 02:49:12,148 [WARN] PackLoader:240 - Cannot read IP mode file for STMicroelectronics.FP-SNS-FLIGHT1.5.1.0
2025-03-16 02:49:12,592 [WARN] PackLoader:240 - Cannot read IP mode file for STMicroelectronics.X-CUBE-MEMS1.11.1.0
2025-03-16 02:49:13,185 [INFO] LogOutputStream:77 - [STDOUT_REDIRECT] 1 : Invalid condition id : UX_CORESTACK_Condition cause : null
2025-03-16 02:49:13,185 [INFO] LogOutputStream:77 - [STDOUT_REDIRECT] 1 : Invalid condition id : UX_CORESTACK_Condition cause : null
2025-03-16 02:49:13,188 [INFO] LogOutputStream:77 - [STDOUT_REDIRECT] 1 : Invalid condition id : UX_CORESTACK_Condition cause : null
2025-03-16 02:49:13,190 [INFO] LogOutputStream:77 - [STDOUT_REDIRECT] 1 : Invalid condition id : UX_CORESTACK_Condition cause : null
2025-03-16 02:49:13,192 [INFO] LogOutputStream:77 - [STDOUT_REDIRECT] 1 : Invalid condition id : UX_CORESTACK_Condition cause : null
2025-03-16 02:49:13,200 [WARN] PackLoader:240 - Cannot read IP mode file for STMicroelectronics.X-CUBE-AZRTOS-WL.2.0.0
2025-03-16 02:49:13,422 [WARN] PackLoader:240 - Cannot read IP mode file for STMicroelectronics.FP-SNS-MOTENV1.5.0.0
2025-03-16 02:49:13,434 [WARN] PackLoader:240 - Cannot read IP mode file for wolfSSL.I-CUBE-wolfMQTT.1.19.0
2025-03-16 02:49:13,462 [WARN] PackLoader:240 - Cannot read IP mode file for WES.I-CUBE-Cesium.1.3.0
2025-03-16 02:49:13,495 [WARN] PackLoader:240 - Cannot read IP mode file for STMicroelectronics.X-CUBE-BLE2.3.3.0
2025-03-16 02:49:13,535 [WARN] PackLoader:240 - Cannot read IP mode file for STMicroelectronics.X-CUBE-NFC9.1.0.0
2025-03-16 02:49:13,641 [WARN] PackLoader:240 - Cannot read IP mode file for STMicroelectronics.X-CUBE-BLE1.7.1.0
2025-03-16 02:49:13,766 [WARN] PackLoader:240 - Cannot read IP mode file for STMicroelectronics.X-CUBE-AZRTOS-G0.1.1.0
2025-03-16 02:49:13,875 [WARN] PackLoader:240 - Cannot read IP mode file for STMicroelectronics.X-CUBE-SAFEA1.1.2.2
2025-03-16 02:49:13,902 [WARN] PackLoader:240 - Cannot read IP mode file for STMicroelectronics.X-CUBE-NFC4.3.0.0
2025-03-16 02:49:13,988 [WARN] PackLoader:240 - Cannot read IP mode file for EmbeddedOffice.I-CUBE-FS-RTOS.1.0.1
2025-03-16 02:49:14,031 [WARN] PackLoader:240 - Cannot read IP mode file for STMicroelectronics.X-CUBE-TCPP.4.2.0
2025-03-16 02:49:14,092 [WARN] PackLoader:240 - Cannot read IP mode file for RealThread.X-CUBE-RT-Thread_Nano.4.1.1
2025-03-16 02:49:14,102 [INFO] WebApp:449 - Apply proxy settings
2025-03-16 02:49:14,103 [INFO] WebApp:534 - Chromium requires no authentication
2025-03-16 02:49:14,118 [WARN] PackLoader:240 - Cannot read IP mode file for STMicroelectronics.FP-ATR-SIGFOX1.3.2.0
2025-03-16 02:49:14,120 [INFO] WebApp:477 - Direct internet connection detected
2025-03-16 02:49:14,146 [WARN] ConditionMgr:438 - getConditionDescription Invalid condition id : Cortex-A Device cause : null
2025-03-16 02:49:14,188 [WARN] ConditionMgr:1044 - genDependencies : Invalid condition id : Cortex-A Device cause : null
2025-03-16 02:49:14,189 [WARN] ConditionMgr:1044 - genDependencies : Invalid condition id : Cortex-A Device cause : null
2025-03-16 02:49:14,190 [WARN] ConditionMgr:1044 - genDependencies : Invalid condition id : Cortex-A Device cause : null
2025-03-16 02:49:14,201 [INFO] WebApp:880 - Register for checkConnection events
2025-03-16 02:49:14,201 [INFO] WebApp:449 - Apply proxy settings
2025-03-16 02:49:14,201 [INFO] WebApp:534 - Chromium requires no authentication
2025-03-16 02:49:14,202 [INFO] WebApp:477 - Direct internet connection detected
2025-03-16 02:49:14,216 [WARN] PackLoader:240 - Cannot read IP mode file for STMicroelectronics.X-CUBE-EEPRMA1.5.1.0
2025-03-16 02:49:14,242 [WARN] PackLoader:240 - Cannot read IP mode file for wolfSSL.I-CUBE-wolfSSL.5.7.4
2025-03-16 02:49:14,270 [WARN] PackLoader:240 - Cannot read IP mode file for ITTIA_DB.I-CUBE-ITTIADB.8.9.0
2025-03-16 02:49:14,368 [WARN] PackLoader:240 - Cannot read IP mode file for SEGGER.I-CUBE-embOS.1.3.1
2025-03-16 02:49:14,494 [WARN] PackLoader:240 - Cannot read IP mode file for STMicroelectronics.X-CUBE-ALGOBUILD.1.4.0
2025-03-16 02:49:14,553 [WARN] PackLoader:240 - Cannot read IP mode file for STMicroelectronics.X-CUBE-AI.9.1.0
2025-03-16 02:49:14,728 [WARN] PackLoader:240 - Cannot read IP mode file for STMicroelectronics.X-CUBE-AZRTOS-F4.1.1.0
2025-03-16 02:49:14,779 [INFO] WebApp:187 - Connection restablished
2025-03-16 02:49:14,794 [WARN] PackLoader:240 - Cannot read IP mode file for STMicroelectronics.X-CUBE-ISPU.2.1.0
2025-03-16 02:49:15,139 [WARN] PackLoader:240 - Cannot read IP mode file for STMicroelectronics.X-CUBE-AZRTOS-L5.2.0.0
2025-03-16 02:49:15,717 [WARN] PackLoader:240 - Cannot read IP mode file for STMicroelectronics.X-CUBE-NFC6.3.1.0
2025-03-16 02:49:15,725 [INFO] WebApp:221 - Starting web application
2025-03-16 02:49:15,726 [INFO] WebApp:579 - Web application path used C:\ST\STM32CubeIDE_1.17.0\STM32CubeIDE\plugins\com.st.stm32cube.common.mx_6.13.0.202411220809\db\plugins\mcufinder\reactClient1\index.html
2025-03-16 02:49:15,827 [WARN] PackLoader:240 - Cannot read IP mode file for STMicroelectronics.X-CUBE-DPower.1.2.0
2025-03-16 02:49:15,853 [WARN] PackLoader:240 - Cannot read IP mode file for STMicroelectronics.X-CUBE-FREERTOS.1.3.0
2025-03-16 02:49:15,885 [WARN] PackLoader:240 - Cannot read IP mode file for STMicroelectronics.X-CUBE-NFC7.1.0.1
2025-03-16 02:49:16,140 [WARN] ConditionMgr:438 - getConditionDescription Invalid condition id : LAN8742 Phy interface Condition cause : null
2025-03-16 02:49:16,141 [WARN] PackLoader:240 - Cannot read IP mode file for STMicroelectronics.X-CUBE-AZRTOS-L4.2.0.0
2025-03-16 02:49:16,151 [WARN] ConditionMgr:1044 - genDependencies : Invalid condition id : LAN8742 Phy interface Condition cause : null
2025-03-16 02:49:16,151 [WARN] ConditionMgr:1044 - genDependencies : Invalid condition id : LAN8742 Phy interface Condition cause : null
2025-03-16 02:49:16,152 [WARN] ConditionMgr:1044 - genDependencies : Invalid condition id : LAN8742 Phy interface Condition cause : null
2025-03-16 02:49:16,300 [WARN] PackLoader:240 - Cannot read IP mode file for STMicroelectronics.X-CUBE-SFXS2LP1.4.0.0
2025-03-16 02:49:16,473 [WARN] PackLoader:240 - Cannot read IP mode file for STMicroelectronics.X-CUBE-AZRTOS-H7.3.3.0
2025-03-16 02:49:16,520 [INFO] UserAuth:486 - Internet connection configuration mode: 1
2025-03-16 02:49:16,649 [WARN] ConditionMgr:438 - getConditionDescription Invalid condition id : UX DEVICE CLASS RTOS Condition cause : null
2025-03-16 02:49:16,649 [WARN] ConditionMgr:438 - getConditionDescription Invalid condition id : UX DEVICE CLASS RTOS Condition cause : null
2025-03-16 02:49:16,652 [WARN] PackLoader:240 - Cannot read IP mode file for STMicroelectronics.X-CUBE-AZRTOS-WB.2.0.0
2025-03-16 02:49:16,652 [WARN] ConditionMgr:1044 - genDependencies : Invalid condition id : UX DEVICE CLASS RTOS Condition cause : null
2025-03-16 02:49:16,653 [WARN] ConditionMgr:1044 - genDependencies : Invalid condition id : UX DEVICE CLASS RTOS Condition cause : null
2025-03-16 02:49:16,653 [WARN] ConditionMgr:1044 - genDependencies : Invalid condition id : UX DEVICE CLASS RTOS Condition cause : null
2025-03-16 02:49:16,654 [WARN] ConditionMgr:1044 - genDependencies : Invalid condition id : UX DEVICE CLASS RTOS Condition cause : null
2025-03-16 02:49:16,654 [WARN] ConditionMgr:1044 - genDependencies : Invalid condition id : UX DEVICE CLASS RTOS Condition cause : null
2025-03-16 02:49:16,733 [WARN] PackLoader:240 - Cannot read IP mode file for STMicroelectronics.X-CUBE-GNSS1.7.0.1
2025-03-16 02:49:16,789 [WARN] PackLoader:240 - Cannot read IP mode file for STMicroelectronics.X-CUBE-TOUCHGFX.4.25.0
2025-03-16 02:49:16,818 [WARN] PackLoader:240 - Cannot read IP mode file for STMicroelectronics.FP-SNS-STBOX1.2.0.0
2025-03-16 02:49:16,867 [WARN] PackLoader:240 - Cannot read IP mode file for STMicroelectronics.X-CUBE-SUBG2.5.0.0
2025-03-16 02:49:16,917 [WARN] PackLoader:240 - Cannot read IP mode file for Cesanta.I-CUBE-Mongoose.7.13.0
2025-03-16 02:49:16,969 [WARN] PackLoader:240 - Cannot read IP mode file for STMicroelectronics.X-CUBE-AZRTOS-G4.2.0.0
2025-03-16 02:49:17,015 [WARN] PackLoader:240 - Cannot read IP mode file for STMicroelectronics.X-CUBE-IPS.3.1.0
2025-03-16 02:49:17,052 [WARN] PackLoader:240 - Cannot read IP mode file for STMicroelectronics.X-CUBE-ALS.1.0.2
2025-03-16 02:49:17,078 [WARN] PackLoader:240 - Cannot read IP mode file for STMicroelectronics.X-CUBE-TOUCHGFX.4.24.2
2025-03-16 02:49:17,086 [WARN] PackLoader:240 - Cannot read IP mode file for wolfSSL.I-CUBE-wolfTPM.3.4.0
2025-03-16 02:49:17,114 [WARN] PackLoader:240 - Cannot read IP mode file for portGmbH.I-Cube-SoM-uGOAL.1.1.0
2025-03-16 02:49:17,169 [WARN] PackLoader:240 - Cannot read IP mode file for STMicroelectronics.X-CUBE-AZRTOS-H7RS.1.0.0
2025-03-16 02:49:17,226 [WARN] PackLoader:240 - Cannot read IP mode file for STMicroelectronics.X-CUBE-TOF1.3.4.2
2025-03-16 02:49:17,245 [WARN] PackLoader:240 - Cannot read IP mode file for wolfSSL.I-CUBE-wolfSSH.1.4.17
2025-03-16 02:49:17,246 [INFO] ThirdParty:978 - Integrity check success = true
2025-03-16 02:49:17,246 [INFO] IntegrityCheckThread:100 - exiting critical section [integrity check]
2025-03-16 02:49:17,247 [INFO] IntegrityCheckThread:103 - End integrity checks thread
2025-03-16 03:14:43,853 [INFO] WebApp:190 - Connection lost
2025-03-16 03:14:44,025 [INFO] WebApp:187 - Connection restablished
