2025-02-15 12:52:45,624 [INFO] Activator:176 - 


2025-02-15 12:52:45,632 [INFO] Activator:177 - !SESSION log4j initialized
2025-02-15 12:52:54,847 [INFO] LogOutputStream:77 - [STDOUT_REDIRECT] 
2025-02-15 12:52:57,358 [INFO] ApplicationProperties:184 - Using Application install path: C:\ST\STM32CubeIDE_1.17.0\STM32CubeIDE\plugins\com.st.stm32cube.common.mx_6.13.0.202411220809
2025-02-15 12:52:57,386 [INFO] DbMcusXml:78 - Set database path to: C:\ST\STM32CubeIDE_1.17.0\STM32CubeIDE\plugins\com.st.stm32cube.common.mx_6.13.0.202411220809\\db\/mcu/
2025-02-15 12:52:57,386 [INFO] ApiDb:274 - Set plugin database path to: C:\ST\STM32CubeIDE_1.17.0\STM32CubeIDE\plugins\com.st.stm32cube.common.mx_6.13.0.202411220809\\db\/plugins/boardmanager/
2025-02-15 12:52:57,387 [WARN] ApiDb:259 - Overriding images path with different value:  => C:\ST\STM32CubeIDE_1.17.0\STM32CubeIDE\plugins\com.st.stm32cube.common.mx_6.13.0.202411220809\\db\/plugins/mcufinder/images/
2025-02-15 12:52:57,405 [INFO] ApiDb:250 - Set database path to: C:\Users\User\.stmcufinder\plugins\mcufinder//mcu/
2025-02-15 12:52:57,407 [INFO] DbMcusAds:125 - Set database path to: C:\Users\User\.stmcufinder\plugins\mcufinder//mcu/
2025-02-15 12:52:57,411 [INFO] CrossReferenceDbSqlite:203 - Set database path to: C:\Users\User\.stmcufinder\plugins\mcufinder//mcu/cs/
2025-02-15 12:52:57,582 [INFO] RulesReader:64 - Compatibility file has been processed (297 Rules)
2025-02-15 12:52:57,690 [INFO] DbMcusXml:78 - Set database path to: C:\ST\STM32CubeIDE_1.17.0\STM32CubeIDE\plugins\com.st.stm32cube.common.mx_6.13.0.202411220809\\db\/mcu/
2025-02-15 12:52:57,691 [INFO] ApiDb:274 - Set plugin database path to: C:\ST\STM32CubeIDE_1.17.0\STM32CubeIDE\plugins\com.st.stm32cube.common.mx_6.13.0.202411220809\\db\/plugins/boardmanager/
2025-02-15 12:52:57,691 [INFO] ApiDb:261 - Set plugin images path to: C:\ST\STM32CubeIDE_1.17.0\STM32CubeIDE\plugins\com.st.stm32cube.common.mx_6.13.0.202411220809\\db\/plugins/mcufinder/images/
2025-02-15 12:52:57,691 [WARN] DbFile:41 - Overriding database path with different value: C:\Users\User\.stmcufinder\plugins\mcufinder/ => C:\Users\User\.stmcufinder\plugins\mcufinder
2025-02-15 12:52:57,691 [INFO] ApiDb:250 - Set database path to: C:\Users\User\.stmcufinder\plugins\mcufinder//mcu/
2025-02-15 12:52:57,692 [WARN] DbFile:41 - Overriding database path with different value: C:\Users\User\.stmcufinder\plugins\mcufinder/ => C:\Users\User\.stmcufinder\plugins\mcufinder
2025-02-15 12:52:57,692 [INFO] DbMcusAds:125 - Set database path to: C:\Users\User\.stmcufinder\plugins\mcufinder//mcu/
2025-02-15 12:52:57,692 [WARN] DbFile:41 - Overriding database path with different value: C:\Users\User\.stmcufinder\plugins\mcufinder/ => C:\Users\User\.stmcufinder\plugins\mcufinder
2025-02-15 12:52:57,692 [WARN] DbFile:41 - Overriding database path with different value: C:\Users\User\.stmcufinder\plugins\mcufinder/ => C:\Users\User\.stmcufinder\plugins\mcufinder
2025-02-15 12:52:57,692 [INFO] CrossReferenceDbSqlite:203 - Set database path to: C:\Users\User\.stmcufinder\plugins\mcufinder//mcu/cs/
2025-02-15 12:52:57,800 [INFO] MainPanel:272 - HeapMemory: 268435456
2025-02-15 12:52:57,951 [INFO] DbMcusXml:78 - Set database path to: C:\ST\STM32CubeIDE_1.17.0\STM32CubeIDE\plugins\com.st.stm32cube.common.mx_6.13.0.202411220809\\db\/mcu/
2025-02-15 12:52:57,951 [INFO] ApiDb:274 - Set plugin database path to: C:\ST\STM32CubeIDE_1.17.0\STM32CubeIDE\plugins\com.st.stm32cube.common.mx_6.13.0.202411220809\\db\/plugins/boardmanager/
2025-02-15 12:52:57,952 [INFO] ApiDb:261 - Set plugin images path to: C:\ST\STM32CubeIDE_1.17.0\STM32CubeIDE\plugins\com.st.stm32cube.common.mx_6.13.0.202411220809\\db\/plugins/mcufinder/images/
2025-02-15 12:52:57,952 [WARN] DbFile:41 - Overriding database path with different value: C:\Users\User\.stmcufinder\plugins\mcufinder/ => C:\Users\User\.stmcufinder\plugins\mcufinder
2025-02-15 12:52:57,952 [INFO] ApiDb:250 - Set database path to: C:\Users\User\.stmcufinder\plugins\mcufinder//mcu/
2025-02-15 12:52:57,952 [WARN] DbFile:41 - Overriding database path with different value: C:\Users\User\.stmcufinder\plugins\mcufinder/ => C:\Users\User\.stmcufinder\plugins\mcufinder
2025-02-15 12:52:57,952 [INFO] DbMcusAds:125 - Set database path to: C:\Users\User\.stmcufinder\plugins\mcufinder//mcu/
2025-02-15 12:52:57,952 [WARN] DbFile:41 - Overriding database path with different value: C:\Users\User\.stmcufinder\plugins\mcufinder/ => C:\Users\User\.stmcufinder\plugins\mcufinder
2025-02-15 12:52:57,953 [WARN] DbFile:41 - Overriding database path with different value: C:\Users\User\.stmcufinder\plugins\mcufinder/ => C:\Users\User\.stmcufinder\plugins\mcufinder
2025-02-15 12:52:57,953 [INFO] CrossReferenceDbSqlite:203 - Set database path to: C:\Users\User\.stmcufinder\plugins\mcufinder//mcu/cs/
2025-02-15 12:52:57,978 [INFO] ApplicationProperties:184 - Using Application install path: C:\ST\STM32CubeIDE_1.17.0\STM32CubeIDE\plugins\com.st.stm32cube.common.mx_6.13.0.202411220809
2025-02-15 12:52:57,981 [INFO] PluginManage:196 - Search for loadable plugins [exclusion list=, ]
2025-02-15 12:52:57,983 [INFO] PluginManage:310 - Check plugin analytics
2025-02-15 12:52:58,206 [INFO] AnalyticsPlugin:253 - Accepted Software Licenses: 
2025-02-15 12:52:58,207 [INFO] AnalyticsPlugin:255 - Accepted CMSIS Pack Licenses: 
2025-02-15 12:52:58,207 [INFO] AnalyticsPlugin:257 - Accepted Firmware Licenses: FW.F4.1.28.0
2025-02-15 12:52:58,211 [INFO] PluginManage:359 - Loaded plugin analytics (category:tool,tabindex:-1)
2025-02-15 12:52:58,211 [INFO] PluginManage:310 - Check plugin cadmodel
2025-02-15 12:52:58,232 [INFO] CADModel:105 - Init CAD model plugin
2025-02-15 12:52:58,233 [INFO] PluginManage:359 - Loaded plugin cadmodel (category:power,tabindex:5)
2025-02-15 12:52:58,233 [INFO] PluginManage:310 - Check plugin clock
2025-02-15 12:52:58,256 [INFO] PluginManage:359 - Loaded plugin clock (category:base,tabindex:2)
2025-02-15 12:52:58,256 [INFO] PluginManage:310 - Check plugin ddr
2025-02-15 12:52:58,260 [INFO] PluginManage:359 - Loaded plugin ddr (category:tool,tabindex:6)
2025-02-15 12:52:58,260 [INFO] PluginManage:310 - Check plugin filemanager
2025-02-15 12:52:58,467 [INFO] PluginManage:359 - Loaded plugin filemanager (category:base,tabindex:10)
2025-02-15 12:52:58,467 [INFO] PluginManage:310 - Check plugin ipmanager
2025-02-15 12:52:58,478 [INFO] PluginManage:359 - Loaded plugin ipmanager (category:base,tabindex:5)
2025-02-15 12:52:58,478 [INFO] PluginManage:310 - Check plugin lpbam
2025-02-15 12:52:58,504 [INFO] PluginManage:359 - Loaded plugin lpbam (category:base,tabindex:0)
2025-02-15 12:52:58,504 [INFO] PluginManage:310 - Check plugin memorymap
2025-02-15 12:52:58,538 [INFO] PluginManage:359 - Loaded plugin memorymap (category:base,tabindex:4)
2025-02-15 12:52:58,538 [INFO] PluginManage:310 - Check plugin pinoutandconfiguration
2025-02-15 12:52:58,567 [INFO] PluginManage:359 - Loaded plugin pinoutandconfiguration (category:base,tabindex:1)
2025-02-15 12:52:58,567 [INFO] PluginManage:310 - Check plugin pinoutconfig
2025-02-15 12:52:58,698 [WARN] SupportedApi:132 - Cannot load RTOS API schema: s4s-elt-must-match.1: The content of 'definitions' must match (annotation?, (simpleType | complexType)?, (unique | key | keyref)*)). A problem was found starting at: attribute.
2025-02-15 12:52:58,898 [INFO] PluginManage:359 - Loaded plugin pinoutconfig (category:base,tabindex:0)
2025-02-15 12:52:58,899 [INFO] PluginManage:310 - Check plugin power
2025-02-15 12:52:58,927 [INFO] PluginManage:359 - Loaded plugin power (category:power,tabindex:4)
2025-02-15 12:52:58,927 [INFO] PluginManage:310 - Check plugin projectmanager
2025-02-15 12:52:58,951 [INFO] PluginManage:359 - Loaded plugin projectmanager (category:projectmanager,tabindex:4)
2025-02-15 12:52:58,954 [INFO] PluginManage:310 - Check plugin rif
2025-02-15 12:52:58,993 [INFO] PluginManage:359 - Loaded plugin rif (category:base,tabindex:3)
2025-02-15 12:52:58,993 [INFO] PluginManage:310 - Check plugin thirdparty
2025-02-15 12:52:59,476 [INFO] PluginManage:359 - Loaded plugin thirdparty (category:base,tabindex:-1)
2025-02-15 12:52:59,477 [INFO] PluginManage:310 - Check plugin tools
2025-02-15 12:52:59,476 [WARN] IntegrityCheckThread:84 - waiting for thirdparty lock release [integrity check]
2025-02-15 12:52:59,477 [INFO] IntegrityCheckThread:86 - entering critical section [integrity check]
2025-02-15 12:52:59,478 [INFO] ThirdPartyUpdaterWithRetryManager:70 - Updater plugin not ready yet. [1/15]
2025-02-15 12:52:59,543 [INFO] PluginManage:359 - Loaded plugin tools (category:base,tabindex:7)
2025-02-15 12:52:59,544 [INFO] PluginManage:310 - Check plugin tutovideos
2025-02-15 12:52:59,811 [INFO] PluginManage:359 - Loaded plugin tutovideos (category:base,tabindex:-1)
2025-02-15 12:52:59,811 [INFO] PluginManage:310 - Check plugin updater
2025-02-15 12:52:59,842 [INFO] PluginManage:359 - Loaded plugin updater (category:base,tabindex:12)
2025-02-15 12:52:59,842 [INFO] PluginManage:310 - Check plugin userauth
2025-02-15 12:52:59,848 [INFO] UserAuth:118 - Init User Auth plugin
2025-02-15 12:52:59,849 [INFO] PluginManage:359 - Loaded plugin userauth (category:base,tabindex:14)
2025-02-15 12:52:59,850 [INFO] PluginManage:283 - PluginManage : Loaded plugins [18]
2025-02-15 12:53:00,170 [INFO] PinOutPanel:1589 - setPackage(No Configuration,No Configuration)
2025-02-15 12:53:00,293 [INFO] CADModel:165 - CPN selected for project level
2025-02-15 12:53:00,293 [INFO] CADModel:114 - Register for checkConnection events
2025-02-15 12:53:00,331 [INFO] IPUIPlugin:80 - create IPUIPlugin
2025-02-15 12:53:00,332 [INFO] PluginManager:220 - loadIPPluginJar : add adc
2025-02-15 12:53:00,390 [INFO] IPUIPlugin:80 - create IPUIPlugin
2025-02-15 12:53:00,390 [INFO] PluginManager:220 - loadIPPluginJar : add aes
2025-02-15 12:53:00,462 [INFO] IPUIPlugin:80 - create IPUIPlugin
2025-02-15 12:53:00,462 [INFO] PluginManager:220 - loadIPPluginJar : add can
2025-02-15 12:53:00,501 [INFO] IPUIPlugin:80 - create IPUIPlugin
2025-02-15 12:53:00,501 [INFO] PluginManager:220 - loadIPPluginJar : add comp
2025-02-15 12:53:00,554 [INFO] IPUIPlugin:80 - create IPUIPlugin
2025-02-15 12:53:00,555 [INFO] PluginManager:220 - loadIPPluginJar : add cryp
2025-02-15 12:53:00,573 [INFO] IPUIPlugin:80 - create IPUIPlugin
2025-02-15 12:53:00,573 [INFO] PluginManager:220 - loadIPPluginJar : add ddr_ctrl_phy
2025-02-15 12:53:00,622 [INFO] IPUIPlugin:80 - create IPUIPlugin
2025-02-15 12:53:00,622 [INFO] PluginManager:220 - loadIPPluginJar : add dfsdm
2025-02-15 12:53:00,641 [INFO] IPUIPlugin:80 - create IPUIPlugin
2025-02-15 12:53:00,642 [INFO] PluginManager:220 - loadIPPluginJar : add dma
2025-02-15 12:53:00,700 [INFO] IPUIPlugin:80 - create IPUIPlugin
2025-02-15 12:53:00,700 [INFO] PluginManager:220 - loadIPPluginJar : add dma3
2025-02-15 12:53:00,764 [INFO] IPUIPlugin:80 - create IPUIPlugin
2025-02-15 12:53:00,764 [INFO] PluginManager:220 - loadIPPluginJar : add extmemmanager
2025-02-15 12:53:00,797 [INFO] IPUIPlugin:80 - create IPUIPlugin
2025-02-15 12:53:00,797 [INFO] PluginManager:220 - loadIPPluginJar : add fatfs
2025-02-15 12:53:00,869 [INFO] IPUIPlugin:80 - create IPUIPlugin
2025-02-15 12:53:00,869 [INFO] PluginManager:220 - loadIPPluginJar : add fmc
2025-02-15 12:53:00,891 [INFO] IPUIPlugin:80 - create IPUIPlugin
2025-02-15 12:53:00,892 [INFO] PluginManager:220 - loadIPPluginJar : add freertos
2025-02-15 12:53:00,924 [INFO] IPUIPlugin:80 - create IPUIPlugin
2025-02-15 12:53:00,924 [INFO] PluginManager:220 - loadIPPluginJar : add genericplugin
2025-02-15 12:53:01,068 [INFO] IPUIPlugin:80 - create IPUIPlugin
2025-02-15 12:53:01,069 [INFO] PluginManager:220 - loadIPPluginJar : add gfxmmu
2025-02-15 12:53:01,274 [INFO] IPUIPlugin:80 - create IPUIPlugin
2025-02-15 12:53:01,274 [INFO] PluginManager:220 - loadIPPluginJar : add gic
2025-02-15 12:53:01,296 [INFO] IPUIPlugin:80 - create IPUIPlugin
2025-02-15 12:53:01,296 [INFO] PluginManager:220 - loadIPPluginJar : add gpio
2025-02-15 12:53:01,426 [INFO] IPUIPlugin:80 - create IPUIPlugin
2025-02-15 12:53:01,426 [INFO] PluginManager:220 - loadIPPluginJar : add gtzc
2025-02-15 12:53:01,475 [INFO] IPUIPlugin:80 - create IPUIPlugin
2025-02-15 12:53:01,475 [INFO] PluginManager:220 - loadIPPluginJar : add hash
2025-02-15 12:53:01,551 [INFO] IPUIPlugin:80 - create IPUIPlugin
2025-02-15 12:53:01,551 [INFO] PluginManager:220 - loadIPPluginJar : add i2c
2025-02-15 12:53:01,610 [INFO] IPUIPlugin:80 - create IPUIPlugin
2025-02-15 12:53:01,610 [INFO] PluginManager:220 - loadIPPluginJar : add i2s
2025-02-15 12:53:01,667 [INFO] IPUIPlugin:80 - create IPUIPlugin
2025-02-15 12:53:01,668 [INFO] PluginManager:220 - loadIPPluginJar : add i3c
2025-02-15 12:53:01,854 [INFO] IPUIPlugin:80 - create IPUIPlugin
2025-02-15 12:53:01,854 [INFO] PluginManager:220 - loadIPPluginJar : add ipddr
2025-02-15 12:53:01,989 [INFO] IPUIPlugin:80 - create IPUIPlugin
2025-02-15 12:53:01,989 [INFO] PluginManager:220 - loadIPPluginJar : add linkedlist
2025-02-15 12:53:02,043 [INFO] IPUIPlugin:80 - create IPUIPlugin
2025-02-15 12:53:02,043 [INFO] PluginManager:220 - loadIPPluginJar : add lorawan
2025-02-15 12:53:02,107 [INFO] IPUIPlugin:80 - create IPUIPlugin
2025-02-15 12:53:02,107 [INFO] PluginManager:220 - loadIPPluginJar : add ltdc
2025-02-15 12:53:02,136 [INFO] IPUIPlugin:80 - create IPUIPlugin
2025-02-15 12:53:02,136 [INFO] PluginManager:220 - loadIPPluginJar : add mdma
2025-02-15 12:53:02,165 [INFO] IPUIPlugin:80 - create IPUIPlugin
2025-02-15 12:53:02,166 [INFO] PluginManager:220 - loadIPPluginJar : add nvic
2025-02-15 12:53:02,232 [INFO] IPUIPlugin:80 - create IPUIPlugin
2025-02-15 12:53:02,232 [INFO] PluginManager:220 - loadIPPluginJar : add opamp
2025-02-15 12:53:02,339 [INFO] IPUIPlugin:80 - create IPUIPlugin
2025-02-15 12:53:02,339 [INFO] PluginManager:220 - loadIPPluginJar : add openamp
2025-02-15 12:53:02,421 [INFO] IPUIPlugin:80 - create IPUIPlugin
2025-02-15 12:53:02,422 [INFO] PluginManager:220 - loadIPPluginJar : add pdm2pcm
2025-02-15 12:53:02,447 [INFO] IPUIPlugin:80 - create IPUIPlugin
2025-02-15 12:53:02,450 [INFO] PluginManager:220 - loadIPPluginJar : add plateformsettings
2025-02-15 12:53:02,481 [INFO] ThirdPartyUpdaterWithRetryManager:70 - Updater plugin not ready yet. [2/15]
2025-02-15 12:53:02,483 [INFO] IPUIPlugin:80 - create IPUIPlugin
2025-02-15 12:53:02,483 [INFO] PluginManager:220 - loadIPPluginJar : add quadspi
2025-02-15 12:53:02,521 [INFO] IPUIPlugin:80 - create IPUIPlugin
2025-02-15 12:53:02,522 [INFO] PluginManager:220 - loadIPPluginJar : add radio
2025-02-15 12:53:02,540 [INFO] IPUIPlugin:80 - create IPUIPlugin
2025-02-15 12:53:02,540 [INFO] PluginManager:220 - loadIPPluginJar : add resmgrutility
2025-02-15 12:53:02,606 [INFO] IPUIPlugin:80 - create IPUIPlugin
2025-02-15 12:53:02,607 [INFO] PluginManager:220 - loadIPPluginJar : add sai
2025-02-15 12:53:02,661 [INFO] IPUIPlugin:80 - create IPUIPlugin
2025-02-15 12:53:02,661 [INFO] PluginManager:220 - loadIPPluginJar : add spi
2025-02-15 12:53:02,758 [INFO] IPUIPlugin:80 - create IPUIPlugin
2025-02-15 12:53:02,758 [INFO] PluginManager:220 - loadIPPluginJar : add stm32_wpan
2025-02-15 12:53:02,805 [INFO] IPUIPlugin:80 - create IPUIPlugin
2025-02-15 12:53:02,805 [INFO] PluginManager:220 - loadIPPluginJar : add tim
2025-02-15 12:53:02,892 [INFO] IPUIPlugin:80 - create IPUIPlugin
2025-02-15 12:53:02,892 [INFO] PluginManager:220 - loadIPPluginJar : add touchsensing
2025-02-15 12:53:02,937 [INFO] IPUIPlugin:80 - create IPUIPlugin
2025-02-15 12:53:02,938 [INFO] PluginManager:220 - loadIPPluginJar : add tracer_emb
2025-02-15 12:53:02,972 [INFO] IPUIPlugin:80 - create IPUIPlugin
2025-02-15 12:53:02,972 [INFO] PluginManager:220 - loadIPPluginJar : add ts
2025-02-15 12:53:03,005 [INFO] IPUIPlugin:80 - create IPUIPlugin
2025-02-15 12:53:03,005 [INFO] PluginManager:220 - loadIPPluginJar : add tsc
2025-02-15 12:53:03,039 [INFO] IPUIPlugin:80 - create IPUIPlugin
2025-02-15 12:53:03,039 [INFO] PluginManager:220 - loadIPPluginJar : add ucpd
2025-02-15 12:53:03,102 [INFO] IPUIPlugin:80 - create IPUIPlugin
2025-02-15 12:53:03,102 [INFO] PluginManager:220 - loadIPPluginJar : add usart
2025-02-15 12:53:03,163 [INFO] IPUIPlugin:80 - create IPUIPlugin
2025-02-15 12:53:03,163 [INFO] PluginManager:220 - loadIPPluginJar : add usbx
2025-02-15 12:53:03,325 [FATAL] Updater:351 - Updater called before beeing initialized
2025-02-15 12:53:03,374 [INFO] RulesReader:64 - Compatibility file has been processed (297 Rules)
2025-02-15 12:53:03,385 [INFO] RulesReader:64 - Compatibility file has been processed (297 Rules)
2025-02-15 12:53:03,398 [INFO] CADModel:165 - CPN selected for project level
2025-02-15 12:53:03,398 [INFO] CADModel:114 - Register for checkConnection events
2025-02-15 12:53:03,398 [FATAL] Updater:351 - Updater called before beeing initialized
2025-02-15 12:53:03,399 [ERROR] CADModel:125 - Updater not yet initialized, retry later 
2025-02-15 12:53:03,585 [FATAL] Updater:351 - Updater called before beeing initialized
2025-02-15 12:53:03,587 [INFO] CADModel:165 - CPN selected for project level
2025-02-15 12:53:03,588 [INFO] CADModel:114 - Register for checkConnection events
2025-02-15 12:53:03,588 [FATAL] Updater:351 - Updater called before beeing initialized
2025-02-15 12:53:03,588 [ERROR] CADModel:125 - Updater not yet initialized, retry later 
2025-02-15 12:53:03,591 [FATAL] Updater:351 - Updater called before beeing initialized
2025-02-15 12:53:03,761 [FATAL] Updater:351 - Updater called before beeing initialized
2025-02-15 12:53:03,775 [INFO] DbMcusAds:53 - JSON generation date=Tue Dec 17 17:01:15 CET 2024 (1734451275111)
2025-02-15 12:53:03,775 [FATAL] Updater:351 - Updater called before beeing initialized
2025-02-15 12:53:03,824 [WARN] DetailPanel:346 - Failed to get advertising image, set to default
2025-02-15 12:53:04,141 [FATAL] Updater:351 - Updater called before beeing initialized
2025-02-15 12:53:04,143 [FATAL] Updater:351 - Updater called before beeing initialized
2025-02-15 12:53:04,143 [FATAL] Updater:351 - Updater called before beeing initialized
2025-02-15 12:53:04,144 [WARN] DetailPanel:346 - Failed to get advertising image, set to default
2025-02-15 12:53:04,144 [FATAL] Updater:351 - Updater called before beeing initialized
2025-02-15 12:53:04,236 [ERROR] Updater:1198 - MainUpdater not yet initialized. External WinMGr cannot be set.
2025-02-15 12:53:04,249 [INFO] Updater:1134 - Updater Version found : 6.13.0
2025-02-15 12:53:04,275 [INFO] ApplicationProperties:184 - Using Application install path: C:\ST\STM32CubeIDE_1.17.0\STM32CubeIDE\plugins\com.st.stm32cube.common.mx_6.13.0.202411220809
2025-02-15 12:53:05,482 [INFO] ThirdPartyUpdaterWithRetryManager:70 - Updater plugin not ready yet. [3/15]
2025-02-15 12:53:05,875 [ERROR] LogOutputStream:75 - [STDERR_REDIRECT] Feb 15, 2025 12:53:05 PM java.util.prefs.WindowsPreferences <init>
2025-02-15 12:53:05,877 [ERROR] LogOutputStream:75 - [STDERR_REDIRECT] WARNING: Could not open/create prefs root node Software\JavaSoft\Prefs at root 0xffffffff80000002. Windows RegCreateKeyEx(...) returned error code 5.
2025-02-15 12:53:05,877 [ERROR] LogOutputStream:75 - [STDERR_REDIRECT] 
2025-02-15 12:53:06,291 [INFO] MainUpdater:2872 - connection check result : 10
2025-02-15 12:53:06,291 [INFO] MainUpdater:3566 - Updater definition file requires update
2025-02-15 12:53:06,293 [INFO] MainUpdater:289 - Updater Check For Update Now.
2025-02-15 12:53:06,293 [INFO] MicroXplorer:498 - Change Database Version : DB.6.0.130
2025-02-15 12:53:06,322 [INFO] McuFinderGlobals:63 - Set McuFinder mode to 2 (CubeIDE integrated)
2025-02-15 12:53:06,335 [INFO] UserAuth:486 - Internet connection configuration mode: 1
2025-02-15 12:53:06,360 [INFO] ServerAccessManage:473 - Download File updaters.zip
2025-02-15 12:53:06,396 [INFO] JxBrowserEngine:152 - Initiate JxBrowser Engine with user profile folder
2025-02-15 12:53:06,499 [INFO] FileExtend:240 - Unzip File : updaters.zip
2025-02-15 12:53:06,499 [INFO] FileExtend:255 - Standard Zip Deflate
2025-02-15 12:53:07,648 [INFO] ServerAccessManage:473 - Download File PacksControlFlags.xml
2025-02-15 12:53:07,860 [INFO] ServerAccessManage:473 - Download File cubemx.pidx
2025-02-15 12:53:08,177 [INFO] LoadServerUpdatesThread:375 - End of LoadServerUpdate Thread
2025-02-15 12:53:08,486 [WARN] MainUpdater:1193 - Updater busy. Cannot search thirdparties
2025-02-15 12:53:08,486 [INFO] ThirdPartyUpdaterWithRetryManager:96 - Updater plugin is busy. [1/15]
2025-02-15 12:53:08,913 [INFO] CheckServerUpdateThread:120 - End of CheckServer Thread
2025-02-15 12:53:10,021 [INFO] WebApp:168 - Instantiating new browser for Auth
2025-02-15 12:53:11,944 [INFO] WebApp:449 - Apply proxy settings
2025-02-15 12:53:11,944 [INFO] WebApp:534 - Chromium requires no authentication
2025-02-15 12:53:11,962 [INFO] WebApp:477 - Direct internet connection detected
2025-02-15 12:53:11,987 [WARN] PackLoader:240 - Cannot read IP mode file for STMicroelectronics.FP-SNS-MOTENVWB1.1.4.0
2025-02-15 12:53:12,014 [INFO] WebApp:880 - Register for checkConnection events
2025-02-15 12:53:12,014 [INFO] WebApp:449 - Apply proxy settings
2025-02-15 12:53:12,014 [INFO] WebApp:534 - Chromium requires no authentication
2025-02-15 12:53:12,015 [INFO] WebApp:477 - Direct internet connection detected
2025-02-15 12:53:12,046 [WARN] PackLoader:240 - Cannot read IP mode file for STMicroelectronics.FP-ATR-ASTRA1.2.0.1
2025-02-15 12:53:12,115 [WARN] PackLoader:240 - Cannot read IP mode file for STMicroelectronics.X-CUBE-SMBUS.2.1.0
2025-02-15 12:53:12,144 [WARN] PackLoader:240 - Cannot read IP mode file for STMicroelectronics.X-CUBE-WB05N.1.1.0
2025-02-15 12:53:12,230 [WARN] PackLoader:240 - Cannot read IP mode file for STMicroelectronics.X-CUBE-AZRTOS-F7.1.1.0
2025-02-15 12:53:12,262 [WARN] PackLoader:240 - Cannot read IP mode file for STMicroelectronics.FP-SNS-FLIGHT1.5.0.2
2025-02-15 12:53:12,359 [WARN] PackLoader:240 - Cannot read IP mode file for Infineon.AIROC-Wi-Fi-Bluetooth-STM32.1.7.0
2025-02-15 12:53:12,402 [WARN] PackLoader:240 - Cannot read IP mode file for STMicroelectronics.X-CUBE-DISPLAY.3.0.0
2025-02-15 12:53:12,438 [WARN] PackLoader:240 - Cannot read IP mode file for STMicroelectronics.X-CUBE-BLE1.7.0.0
2025-02-15 12:53:12,471 [WARN] PackLoader:240 - Cannot read IP mode file for STMicroelectronics.X-CUBE-NFC10.1.0.0
2025-02-15 12:53:12,547 [WARN] PackLoader:240 - Cannot read IP mode file for STMicroelectronics.X-CUBE-BLEMGR.4.0.0
2025-02-15 12:53:12,580 [WARN] PackLoader:240 - Cannot read IP mode file for emotas.I-CUBE-CANOPEN.1.3.0
2025-02-15 12:53:12,606 [WARN] PackLoader:240 - Cannot read IP mode file for STMicroelectronics.X-CUBE-AI.10.0.0
2025-02-15 12:53:12,630 [WARN] PackLoader:240 - Cannot read IP mode file for STMicroelectronics.FP-SNS-SMARTAG2.1.2.0
2025-02-15 12:53:12,740 [INFO] WebApp:221 - Starting web application
2025-02-15 12:53:12,740 [INFO] WebApp:579 - Web application path used C:\ST\STM32CubeIDE_1.17.0\STM32CubeIDE\plugins\com.st.stm32cube.common.mx_6.13.0.202411220809\db\plugins\mcufinder\reactClient1\index.html
2025-02-15 12:53:12,788 [WARN] PackLoader:240 - Cannot read IP mode file for STMicroelectronics.X-CUBE-MEMS1.11.1.0
2025-02-15 12:53:13,143 [INFO] LogOutputStream:77 - [STDOUT_REDIRECT] 1 : Invalid condition id : UX_CORESTACK_Condition cause : null
2025-02-15 12:53:13,143 [INFO] LogOutputStream:77 - [STDOUT_REDIRECT] 1 : Invalid condition id : UX_CORESTACK_Condition cause : null
2025-02-15 12:53:13,145 [INFO] LogOutputStream:77 - [STDOUT_REDIRECT] 1 : Invalid condition id : UX_CORESTACK_Condition cause : null
2025-02-15 12:53:13,147 [INFO] LogOutputStream:77 - [STDOUT_REDIRECT] 1 : Invalid condition id : UX_CORESTACK_Condition cause : null
2025-02-15 12:53:13,150 [INFO] LogOutputStream:77 - [STDOUT_REDIRECT] 1 : Invalid condition id : UX_CORESTACK_Condition cause : null
2025-02-15 12:53:13,153 [WARN] PackLoader:240 - Cannot read IP mode file for STMicroelectronics.X-CUBE-AZRTOS-WL.2.0.0
2025-02-15 12:53:13,178 [WARN] PackLoader:240 - Cannot read IP mode file for STMicroelectronics.FP-SNS-MOTENV1.5.0.0
2025-02-15 12:53:13,200 [WARN] PackLoader:240 - Cannot read IP mode file for wolfSSL.I-CUBE-wolfMQTT.1.19.0
2025-02-15 12:53:13,224 [WARN] PackLoader:240 - Cannot read IP mode file for WES.I-CUBE-Cesium.1.3.0
2025-02-15 12:53:13,245 [WARN] PackLoader:240 - Cannot read IP mode file for STMicroelectronics.X-CUBE-BLE2.3.3.0
2025-02-15 12:53:13,272 [WARN] PackLoader:240 - Cannot read IP mode file for STMicroelectronics.X-CUBE-NFC9.1.0.0
2025-02-15 12:53:13,322 [WARN] PackLoader:240 - Cannot read IP mode file for STMicroelectronics.X-CUBE-AZRTOS-G0.1.1.0
2025-02-15 12:53:13,351 [WARN] PackLoader:240 - Cannot read IP mode file for STMicroelectronics.X-CUBE-SAFEA1.1.2.2
2025-02-15 12:53:13,404 [WARN] PackLoader:240 - Cannot read IP mode file for STMicroelectronics.X-CUBE-NFC4.3.0.0
2025-02-15 12:53:13,436 [WARN] PackLoader:240 - Cannot read IP mode file for EmbeddedOffice.I-CUBE-FS-RTOS.1.0.1
2025-02-15 12:53:13,463 [WARN] PackLoader:240 - Cannot read IP mode file for STMicroelectronics.X-CUBE-TCPP.4.2.0
2025-02-15 12:53:13,491 [WARN] PackLoader:240 - Cannot read IP mode file for RealThread.X-CUBE-RT-Thread_Nano.4.1.1
2025-02-15 12:53:13,512 [INFO] UserAuth:486 - Internet connection configuration mode: 1
2025-02-15 12:53:13,516 [WARN] PackLoader:240 - Cannot read IP mode file for STMicroelectronics.FP-ATR-SIGFOX1.3.2.0
2025-02-15 12:53:13,539 [WARN] ConditionMgr:438 - getConditionDescription Invalid condition id : Cortex-A Device cause : null
2025-02-15 12:53:13,643 [WARN] ConditionMgr:1044 - genDependencies : Invalid condition id : Cortex-A Device cause : null
2025-02-15 12:53:13,644 [WARN] ConditionMgr:1044 - genDependencies : Invalid condition id : Cortex-A Device cause : null
2025-02-15 12:53:13,644 [WARN] ConditionMgr:1044 - genDependencies : Invalid condition id : Cortex-A Device cause : null
2025-02-15 12:53:13,675 [INFO] WebApp:187 - Connection restablished
2025-02-15 12:53:13,681 [WARN] PackLoader:240 - Cannot read IP mode file for STMicroelectronics.X-CUBE-EEPRMA1.5.1.0
2025-02-15 12:53:13,712 [WARN] PackLoader:240 - Cannot read IP mode file for wolfSSL.I-CUBE-wolfSSL.5.7.4
2025-02-15 12:53:13,741 [WARN] PackLoader:240 - Cannot read IP mode file for ITTIA_DB.I-CUBE-ITTIADB.8.9.0
2025-02-15 12:53:13,806 [WARN] PackLoader:240 - Cannot read IP mode file for SEGGER.I-CUBE-embOS.1.3.1
2025-02-15 12:53:13,944 [WARN] PackLoader:240 - Cannot read IP mode file for STMicroelectronics.X-CUBE-ALGOBUILD.1.4.0
2025-02-15 12:53:13,968 [WARN] PackLoader:240 - Cannot read IP mode file for STMicroelectronics.X-CUBE-AI.9.1.0
2025-02-15 12:53:14,019 [WARN] PackLoader:240 - Cannot read IP mode file for STMicroelectronics.X-CUBE-AZRTOS-F4.1.1.0
2025-02-15 12:53:14,043 [WARN] PackLoader:240 - Cannot read IP mode file for STMicroelectronics.X-CUBE-ISPU.2.1.0
2025-02-15 12:53:14,092 [WARN] PackLoader:240 - Cannot read IP mode file for STMicroelectronics.X-CUBE-AZRTOS-L5.2.0.0
2025-02-15 12:53:14,151 [WARN] PackLoader:240 - Cannot read IP mode file for STMicroelectronics.X-CUBE-NFC6.3.1.0
2025-02-15 12:53:14,184 [WARN] PackLoader:240 - Cannot read IP mode file for STMicroelectronics.X-CUBE-DPower.1.2.0
2025-02-15 12:53:14,207 [WARN] PackLoader:240 - Cannot read IP mode file for STMicroelectronics.X-CUBE-FREERTOS.1.3.0
2025-02-15 12:53:14,233 [WARN] PackLoader:240 - Cannot read IP mode file for STMicroelectronics.X-CUBE-NFC7.1.0.1
2025-02-15 12:53:14,305 [WARN] ConditionMgr:438 - getConditionDescription Invalid condition id : LAN8742 Phy interface Condition cause : null
2025-02-15 12:53:14,306 [WARN] PackLoader:240 - Cannot read IP mode file for STMicroelectronics.X-CUBE-AZRTOS-L4.2.0.0
2025-02-15 12:53:14,308 [WARN] ConditionMgr:1044 - genDependencies : Invalid condition id : LAN8742 Phy interface Condition cause : null
2025-02-15 12:53:14,308 [WARN] ConditionMgr:1044 - genDependencies : Invalid condition id : LAN8742 Phy interface Condition cause : null
2025-02-15 12:53:14,309 [WARN] ConditionMgr:1044 - genDependencies : Invalid condition id : LAN8742 Phy interface Condition cause : null
2025-02-15 12:53:14,339 [WARN] PackLoader:240 - Cannot read IP mode file for STMicroelectronics.X-CUBE-SFXS2LP1.4.0.0
2025-02-15 12:53:14,409 [WARN] PackLoader:240 - Cannot read IP mode file for STMicroelectronics.X-CUBE-AZRTOS-H7.3.3.0
2025-02-15 12:53:14,469 [WARN] ConditionMgr:438 - getConditionDescription Invalid condition id : UX DEVICE CLASS RTOS Condition cause : null
2025-02-15 12:53:14,469 [WARN] ConditionMgr:438 - getConditionDescription Invalid condition id : UX DEVICE CLASS RTOS Condition cause : null
2025-02-15 12:53:14,472 [WARN] PackLoader:240 - Cannot read IP mode file for STMicroelectronics.X-CUBE-AZRTOS-WB.2.0.0
2025-02-15 12:53:14,473 [WARN] ConditionMgr:1044 - genDependencies : Invalid condition id : UX DEVICE CLASS RTOS Condition cause : null
2025-02-15 12:53:14,473 [WARN] ConditionMgr:1044 - genDependencies : Invalid condition id : UX DEVICE CLASS RTOS Condition cause : null
2025-02-15 12:53:14,474 [WARN] ConditionMgr:1044 - genDependencies : Invalid condition id : UX DEVICE CLASS RTOS Condition cause : null
2025-02-15 12:53:14,474 [WARN] ConditionMgr:1044 - genDependencies : Invalid condition id : UX DEVICE CLASS RTOS Condition cause : null
2025-02-15 12:53:14,474 [WARN] ConditionMgr:1044 - genDependencies : Invalid condition id : UX DEVICE CLASS RTOS Condition cause : null
2025-02-15 12:53:14,502 [WARN] PackLoader:240 - Cannot read IP mode file for STMicroelectronics.X-CUBE-GNSS1.7.0.1
2025-02-15 12:53:14,530 [WARN] PackLoader:240 - Cannot read IP mode file for STMicroelectronics.FP-SNS-STBOX1.2.0.0
2025-02-15 12:53:14,567 [WARN] PackLoader:240 - Cannot read IP mode file for STMicroelectronics.X-CUBE-SUBG2.5.0.0
2025-02-15 12:53:14,595 [WARN] PackLoader:240 - Cannot read IP mode file for Cesanta.I-CUBE-Mongoose.7.13.0
2025-02-15 12:53:14,639 [WARN] PackLoader:240 - Cannot read IP mode file for STMicroelectronics.X-CUBE-AZRTOS-G4.2.0.0
2025-02-15 12:53:14,684 [WARN] PackLoader:240 - Cannot read IP mode file for STMicroelectronics.X-CUBE-IPS.3.1.0
2025-02-15 12:53:14,734 [WARN] PackLoader:240 - Cannot read IP mode file for STMicroelectronics.X-CUBE-ALS.1.0.2
2025-02-15 12:53:14,767 [WARN] PackLoader:240 - Cannot read IP mode file for STMicroelectronics.X-CUBE-TOUCHGFX.4.24.2
2025-02-15 12:53:14,798 [WARN] PackLoader:240 - Cannot read IP mode file for wolfSSL.I-CUBE-wolfTPM.3.4.0
2025-02-15 12:53:14,823 [WARN] PackLoader:240 - Cannot read IP mode file for portGmbH.I-Cube-SoM-uGOAL.1.1.0
2025-02-15 12:53:14,873 [WARN] PackLoader:240 - Cannot read IP mode file for STMicroelectronics.X-CUBE-AZRTOS-H7RS.1.0.0
2025-02-15 12:53:14,910 [WARN] PackLoader:240 - Cannot read IP mode file for STMicroelectronics.X-CUBE-TOF1.3.4.2
2025-02-15 12:53:14,973 [WARN] PackLoader:240 - Cannot read IP mode file for wolfSSL.I-CUBE-wolfSSH.1.4.17
2025-02-15 12:53:14,974 [INFO] ThirdParty:978 - Integrity check success = true
2025-02-15 12:53:14,974 [INFO] IntegrityCheckThread:100 - exiting critical section [integrity check]
2025-02-15 12:53:14,974 [INFO] IntegrityCheckThread:103 - End integrity checks thread
2025-02-15 13:14:51,957 [INFO] LogOutputStream:77 - [STDOUT_REDIRECT] StartTraceHandler.execute(), success : Collect=true
2025-02-15 13:14:53,199 [INFO] LogOutputStream:77 - [STDOUT_REDIRECT] StartTraceHandler.execute(), success : Collect=false
2025-02-15 13:14:53,831 [INFO] LogOutputStream:77 - [STDOUT_REDIRECT] StartTraceHandler.execute(), success : Collect=true
2025-02-15 13:14:54,576 [INFO] LogOutputStream:77 - [STDOUT_REDIRECT] StartTraceHandler.execute(), success : Collect=false
2025-02-15 13:14:56,365 [INFO] LogOutputStream:77 - [STDOUT_REDIRECT] StartTraceHandler.execute(), success : Collect=true
2025-02-15 13:15:55,898 [INFO] LogOutputStream:77 - [STDOUT_REDIRECT] StartTraceHandler.execute(), success : Collect=false
2025-02-15 13:16:57,257 [INFO] LogOutputStream:77 - [STDOUT_REDIRECT] StartTraceHandler.execute(), success : Collect=true
2025-02-15 13:18:27,786 [INFO] LogOutputStream:77 - [STDOUT_REDIRECT] StartTraceHandler.execute(), success : Collect=false
2025-02-15 13:18:29,299 [INFO] LogOutputStream:77 - [STDOUT_REDIRECT] StartTraceHandler.execute(), success : Collect=true
2025-02-15 13:23:06,695 [INFO] LogOutputStream:77 - [STDOUT_REDIRECT] StartTraceHandler.execute(), success : Collect=false
2025-02-15 13:23:11,692 [INFO] LogOutputStream:77 - [STDOUT_REDIRECT] StartTraceHandler.execute(), success : Collect=true
2025-02-15 13:38:10,714 [INFO] LogOutputStream:77 - [STDOUT_REDIRECT] StartTraceHandler.execute(), success : Collect=false
2025-02-15 13:38:13,505 [INFO] LogOutputStream:77 - [STDOUT_REDIRECT] StartTraceHandler.execute(), success : Collect=true
2025-02-15 13:39:32,335 [INFO] LogOutputStream:77 - [STDOUT_REDIRECT] StartTraceHandler.execute(), success : Collect=false
2025-02-15 13:39:36,102 [INFO] LogOutputStream:77 - [STDOUT_REDIRECT] StartTraceHandler.execute(), success : Collect=true
2025-02-15 13:43:51,745 [INFO] Activator:176 - 


2025-02-15 13:43:51,748 [INFO] Activator:177 - !SESSION log4j initialized
2025-02-15 13:43:59,020 [INFO] LogOutputStream:77 - [STDOUT_REDIRECT] 
2025-02-15 13:44:00,487 [INFO] ApplicationProperties:184 - Using Application install path: C:\ST\STM32CubeIDE_1.17.0\STM32CubeIDE\plugins\com.st.stm32cube.common.mx_6.13.0.202411220809
2025-02-15 13:44:00,506 [INFO] DbMcusXml:78 - Set database path to: C:\ST\STM32CubeIDE_1.17.0\STM32CubeIDE\plugins\com.st.stm32cube.common.mx_6.13.0.202411220809\\db\/mcu/
2025-02-15 13:44:00,507 [INFO] ApiDb:274 - Set plugin database path to: C:\ST\STM32CubeIDE_1.17.0\STM32CubeIDE\plugins\com.st.stm32cube.common.mx_6.13.0.202411220809\\db\/plugins/boardmanager/
2025-02-15 13:44:00,507 [WARN] ApiDb:259 - Overriding images path with different value:  => C:\ST\STM32CubeIDE_1.17.0\STM32CubeIDE\plugins\com.st.stm32cube.common.mx_6.13.0.202411220809\\db\/plugins/mcufinder/images/
2025-02-15 13:44:00,513 [INFO] ApiDb:250 - Set database path to: C:\Users\User\.stmcufinder\plugins\mcufinder//mcu/
2025-02-15 13:44:00,515 [INFO] DbMcusAds:125 - Set database path to: C:\Users\User\.stmcufinder\plugins\mcufinder//mcu/
2025-02-15 13:44:00,518 [INFO] CrossReferenceDbSqlite:203 - Set database path to: C:\Users\User\.stmcufinder\plugins\mcufinder//mcu/cs/
2025-02-15 13:44:00,654 [INFO] RulesReader:64 - Compatibility file has been processed (297 Rules)
2025-02-15 13:44:00,767 [INFO] DbMcusXml:78 - Set database path to: C:\ST\STM32CubeIDE_1.17.0\STM32CubeIDE\plugins\com.st.stm32cube.common.mx_6.13.0.202411220809\\db\/mcu/
2025-02-15 13:44:00,767 [INFO] ApiDb:274 - Set plugin database path to: C:\ST\STM32CubeIDE_1.17.0\STM32CubeIDE\plugins\com.st.stm32cube.common.mx_6.13.0.202411220809\\db\/plugins/boardmanager/
2025-02-15 13:44:00,767 [INFO] ApiDb:261 - Set plugin images path to: C:\ST\STM32CubeIDE_1.17.0\STM32CubeIDE\plugins\com.st.stm32cube.common.mx_6.13.0.202411220809\\db\/plugins/mcufinder/images/
2025-02-15 13:44:00,768 [WARN] DbFile:41 - Overriding database path with different value: C:\Users\User\.stmcufinder\plugins\mcufinder/ => C:\Users\User\.stmcufinder\plugins\mcufinder
2025-02-15 13:44:00,768 [INFO] ApiDb:250 - Set database path to: C:\Users\User\.stmcufinder\plugins\mcufinder//mcu/
2025-02-15 13:44:00,768 [WARN] DbFile:41 - Overriding database path with different value: C:\Users\User\.stmcufinder\plugins\mcufinder/ => C:\Users\User\.stmcufinder\plugins\mcufinder
2025-02-15 13:44:00,768 [INFO] DbMcusAds:125 - Set database path to: C:\Users\User\.stmcufinder\plugins\mcufinder//mcu/
2025-02-15 13:44:00,768 [WARN] DbFile:41 - Overriding database path with different value: C:\Users\User\.stmcufinder\plugins\mcufinder/ => C:\Users\User\.stmcufinder\plugins\mcufinder
2025-02-15 13:44:00,768 [WARN] DbFile:41 - Overriding database path with different value: C:\Users\User\.stmcufinder\plugins\mcufinder/ => C:\Users\User\.stmcufinder\plugins\mcufinder
2025-02-15 13:44:00,768 [INFO] CrossReferenceDbSqlite:203 - Set database path to: C:\Users\User\.stmcufinder\plugins\mcufinder//mcu/cs/
2025-02-15 13:44:00,874 [INFO] MainPanel:272 - HeapMemory: 268435456
2025-02-15 13:44:01,010 [INFO] DbMcusXml:78 - Set database path to: C:\ST\STM32CubeIDE_1.17.0\STM32CubeIDE\plugins\com.st.stm32cube.common.mx_6.13.0.202411220809\\db\/mcu/
2025-02-15 13:44:01,011 [INFO] ApiDb:274 - Set plugin database path to: C:\ST\STM32CubeIDE_1.17.0\STM32CubeIDE\plugins\com.st.stm32cube.common.mx_6.13.0.202411220809\\db\/plugins/boardmanager/
2025-02-15 13:44:01,011 [INFO] ApiDb:261 - Set plugin images path to: C:\ST\STM32CubeIDE_1.17.0\STM32CubeIDE\plugins\com.st.stm32cube.common.mx_6.13.0.202411220809\\db\/plugins/mcufinder/images/
2025-02-15 13:44:01,011 [WARN] DbFile:41 - Overriding database path with different value: C:\Users\User\.stmcufinder\plugins\mcufinder/ => C:\Users\User\.stmcufinder\plugins\mcufinder
2025-02-15 13:44:01,011 [INFO] ApiDb:250 - Set database path to: C:\Users\User\.stmcufinder\plugins\mcufinder//mcu/
2025-02-15 13:44:01,011 [WARN] DbFile:41 - Overriding database path with different value: C:\Users\User\.stmcufinder\plugins\mcufinder/ => C:\Users\User\.stmcufinder\plugins\mcufinder
2025-02-15 13:44:01,012 [INFO] DbMcusAds:125 - Set database path to: C:\Users\User\.stmcufinder\plugins\mcufinder//mcu/
2025-02-15 13:44:01,012 [WARN] DbFile:41 - Overriding database path with different value: C:\Users\User\.stmcufinder\plugins\mcufinder/ => C:\Users\User\.stmcufinder\plugins\mcufinder
2025-02-15 13:44:01,012 [WARN] DbFile:41 - Overriding database path with different value: C:\Users\User\.stmcufinder\plugins\mcufinder/ => C:\Users\User\.stmcufinder\plugins\mcufinder
2025-02-15 13:44:01,012 [INFO] CrossReferenceDbSqlite:203 - Set database path to: C:\Users\User\.stmcufinder\plugins\mcufinder//mcu/cs/
2025-02-15 13:44:01,037 [INFO] ApplicationProperties:184 - Using Application install path: C:\ST\STM32CubeIDE_1.17.0\STM32CubeIDE\plugins\com.st.stm32cube.common.mx_6.13.0.202411220809
2025-02-15 13:44:01,039 [INFO] PluginManage:196 - Search for loadable plugins [exclusion list=, ]
2025-02-15 13:44:01,041 [INFO] PluginManage:310 - Check plugin analytics
2025-02-15 13:44:01,274 [INFO] AnalyticsPlugin:253 - Accepted Software Licenses: 
2025-02-15 13:44:01,275 [INFO] AnalyticsPlugin:255 - Accepted CMSIS Pack Licenses: 
2025-02-15 13:44:01,275 [INFO] AnalyticsPlugin:257 - Accepted Firmware Licenses: FW.F4.1.28.0
2025-02-15 13:44:01,279 [INFO] PluginManage:359 - Loaded plugin analytics (category:tool,tabindex:-1)
2025-02-15 13:44:01,280 [INFO] PluginManage:310 - Check plugin cadmodel
2025-02-15 13:44:01,286 [INFO] CADModel:105 - Init CAD model plugin
2025-02-15 13:44:01,286 [INFO] PluginManage:359 - Loaded plugin cadmodel (category:power,tabindex:5)
2025-02-15 13:44:01,286 [INFO] PluginManage:310 - Check plugin clock
2025-02-15 13:44:01,300 [INFO] PluginManage:359 - Loaded plugin clock (category:base,tabindex:2)
2025-02-15 13:44:01,300 [INFO] PluginManage:310 - Check plugin ddr
2025-02-15 13:44:01,304 [INFO] PluginManage:359 - Loaded plugin ddr (category:tool,tabindex:6)
2025-02-15 13:44:01,304 [INFO] PluginManage:310 - Check plugin filemanager
2025-02-15 13:44:01,539 [INFO] PluginManage:359 - Loaded plugin filemanager (category:base,tabindex:10)
2025-02-15 13:44:01,540 [INFO] PluginManage:310 - Check plugin ipmanager
2025-02-15 13:44:01,552 [INFO] PluginManage:359 - Loaded plugin ipmanager (category:base,tabindex:5)
2025-02-15 13:44:01,552 [INFO] PluginManage:310 - Check plugin lpbam
2025-02-15 13:44:01,572 [INFO] PluginManage:359 - Loaded plugin lpbam (category:base,tabindex:0)
2025-02-15 13:44:01,572 [INFO] PluginManage:310 - Check plugin memorymap
2025-02-15 13:44:01,596 [INFO] PluginManage:359 - Loaded plugin memorymap (category:base,tabindex:4)
2025-02-15 13:44:01,597 [INFO] PluginManage:310 - Check plugin pinoutandconfiguration
2025-02-15 13:44:01,607 [INFO] PluginManage:359 - Loaded plugin pinoutandconfiguration (category:base,tabindex:1)
2025-02-15 13:44:01,607 [INFO] PluginManage:310 - Check plugin pinoutconfig
2025-02-15 13:44:01,728 [WARN] SupportedApi:132 - Cannot load RTOS API schema: s4s-elt-must-match.1: The content of 'definitions' must match (annotation?, (simpleType | complexType)?, (unique | key | keyref)*)). A problem was found starting at: attribute.
2025-02-15 13:44:01,887 [INFO] PluginManage:359 - Loaded plugin pinoutconfig (category:base,tabindex:0)
2025-02-15 13:44:01,887 [INFO] PluginManage:310 - Check plugin power
2025-02-15 13:44:01,897 [INFO] PluginManage:359 - Loaded plugin power (category:power,tabindex:4)
2025-02-15 13:44:01,897 [INFO] PluginManage:310 - Check plugin projectmanager
2025-02-15 13:44:01,921 [INFO] PluginManage:359 - Loaded plugin projectmanager (category:projectmanager,tabindex:4)
2025-02-15 13:44:01,921 [INFO] PluginManage:310 - Check plugin rif
2025-02-15 13:44:01,929 [INFO] PluginManage:359 - Loaded plugin rif (category:base,tabindex:3)
2025-02-15 13:44:01,929 [INFO] PluginManage:310 - Check plugin thirdparty
2025-02-15 13:44:02,155 [INFO] PluginManage:359 - Loaded plugin thirdparty (category:base,tabindex:-1)
2025-02-15 13:44:02,156 [INFO] PluginManage:310 - Check plugin tools
2025-02-15 13:44:02,159 [INFO] PluginManage:359 - Loaded plugin tools (category:base,tabindex:7)
2025-02-15 13:44:02,161 [INFO] PluginManage:310 - Check plugin tutovideos
2025-02-15 13:44:02,175 [WARN] IntegrityCheckThread:84 - waiting for thirdparty lock release [integrity check]
2025-02-15 13:44:02,175 [INFO] IntegrityCheckThread:86 - entering critical section [integrity check]
2025-02-15 13:44:02,176 [INFO] ThirdPartyUpdaterWithRetryManager:70 - Updater plugin not ready yet. [1/15]
2025-02-15 13:44:02,641 [INFO] PluginManage:359 - Loaded plugin tutovideos (category:base,tabindex:-1)
2025-02-15 13:44:02,642 [INFO] PluginManage:310 - Check plugin updater
2025-02-15 13:44:02,733 [INFO] PluginManage:359 - Loaded plugin updater (category:base,tabindex:12)
2025-02-15 13:44:02,733 [INFO] PluginManage:310 - Check plugin userauth
2025-02-15 13:44:02,740 [INFO] UserAuth:118 - Init User Auth plugin
2025-02-15 13:44:02,742 [INFO] PluginManage:359 - Loaded plugin userauth (category:base,tabindex:14)
2025-02-15 13:44:02,743 [INFO] PluginManage:283 - PluginManage : Loaded plugins [18]
2025-02-15 13:44:03,252 [INFO] PinOutPanel:1589 - setPackage(No Configuration,No Configuration)
2025-02-15 13:44:03,384 [INFO] CADModel:165 - CPN selected for project level
2025-02-15 13:44:03,384 [INFO] CADModel:114 - Register for checkConnection events
2025-02-15 13:44:03,410 [INFO] IPUIPlugin:80 - create IPUIPlugin
2025-02-15 13:44:03,411 [INFO] PluginManager:220 - loadIPPluginJar : add adc
2025-02-15 13:44:03,415 [INFO] IPUIPlugin:80 - create IPUIPlugin
2025-02-15 13:44:03,415 [INFO] PluginManager:220 - loadIPPluginJar : add aes
2025-02-15 13:44:03,420 [INFO] IPUIPlugin:80 - create IPUIPlugin
2025-02-15 13:44:03,420 [INFO] PluginManager:220 - loadIPPluginJar : add can
2025-02-15 13:44:03,423 [INFO] IPUIPlugin:80 - create IPUIPlugin
2025-02-15 13:44:03,423 [INFO] PluginManager:220 - loadIPPluginJar : add comp
2025-02-15 13:44:03,427 [INFO] IPUIPlugin:80 - create IPUIPlugin
2025-02-15 13:44:03,427 [INFO] PluginManager:220 - loadIPPluginJar : add cryp
2025-02-15 13:44:03,431 [INFO] IPUIPlugin:80 - create IPUIPlugin
2025-02-15 13:44:03,431 [INFO] PluginManager:220 - loadIPPluginJar : add ddr_ctrl_phy
2025-02-15 13:44:03,435 [INFO] IPUIPlugin:80 - create IPUIPlugin
2025-02-15 13:44:03,436 [INFO] PluginManager:220 - loadIPPluginJar : add dfsdm
2025-02-15 13:44:03,444 [INFO] IPUIPlugin:80 - create IPUIPlugin
2025-02-15 13:44:03,445 [INFO] PluginManager:220 - loadIPPluginJar : add dma
2025-02-15 13:44:03,449 [INFO] IPUIPlugin:80 - create IPUIPlugin
2025-02-15 13:44:03,449 [INFO] PluginManager:220 - loadIPPluginJar : add dma3
2025-02-15 13:44:03,454 [INFO] IPUIPlugin:80 - create IPUIPlugin
2025-02-15 13:44:03,454 [INFO] PluginManager:220 - loadIPPluginJar : add extmemmanager
2025-02-15 13:44:03,457 [INFO] IPUIPlugin:80 - create IPUIPlugin
2025-02-15 13:44:03,457 [INFO] PluginManager:220 - loadIPPluginJar : add fatfs
2025-02-15 13:44:03,465 [INFO] IPUIPlugin:80 - create IPUIPlugin
2025-02-15 13:44:03,465 [INFO] PluginManager:220 - loadIPPluginJar : add fmc
2025-02-15 13:44:03,473 [INFO] IPUIPlugin:80 - create IPUIPlugin
2025-02-15 13:44:03,473 [INFO] PluginManager:220 - loadIPPluginJar : add freertos
2025-02-15 13:44:03,475 [INFO] IPUIPlugin:80 - create IPUIPlugin
2025-02-15 13:44:03,476 [INFO] PluginManager:220 - loadIPPluginJar : add genericplugin
2025-02-15 13:44:03,479 [INFO] IPUIPlugin:80 - create IPUIPlugin
2025-02-15 13:44:03,479 [INFO] PluginManager:220 - loadIPPluginJar : add gfxmmu
2025-02-15 13:44:03,487 [INFO] IPUIPlugin:80 - create IPUIPlugin
2025-02-15 13:44:03,487 [INFO] PluginManager:220 - loadIPPluginJar : add gic
2025-02-15 13:44:03,493 [INFO] IPUIPlugin:80 - create IPUIPlugin
2025-02-15 13:44:03,493 [INFO] PluginManager:220 - loadIPPluginJar : add gpio
2025-02-15 13:44:03,498 [INFO] IPUIPlugin:80 - create IPUIPlugin
2025-02-15 13:44:03,498 [INFO] PluginManager:220 - loadIPPluginJar : add gtzc
2025-02-15 13:44:03,502 [INFO] IPUIPlugin:80 - create IPUIPlugin
2025-02-15 13:44:03,502 [INFO] PluginManager:220 - loadIPPluginJar : add hash
2025-02-15 13:44:03,506 [INFO] IPUIPlugin:80 - create IPUIPlugin
2025-02-15 13:44:03,506 [INFO] PluginManager:220 - loadIPPluginJar : add i2c
2025-02-15 13:44:03,510 [INFO] IPUIPlugin:80 - create IPUIPlugin
2025-02-15 13:44:03,510 [INFO] PluginManager:220 - loadIPPluginJar : add i2s
2025-02-15 13:44:03,514 [INFO] IPUIPlugin:80 - create IPUIPlugin
2025-02-15 13:44:03,515 [INFO] PluginManager:220 - loadIPPluginJar : add i3c
2025-02-15 13:44:03,523 [INFO] IPUIPlugin:80 - create IPUIPlugin
2025-02-15 13:44:03,523 [INFO] PluginManager:220 - loadIPPluginJar : add ipddr
2025-02-15 13:44:03,533 [INFO] IPUIPlugin:80 - create IPUIPlugin
2025-02-15 13:44:03,534 [INFO] PluginManager:220 - loadIPPluginJar : add linkedlist
2025-02-15 13:44:03,539 [INFO] IPUIPlugin:80 - create IPUIPlugin
2025-02-15 13:44:03,539 [INFO] PluginManager:220 - loadIPPluginJar : add lorawan
2025-02-15 13:44:03,541 [INFO] IPUIPlugin:80 - create IPUIPlugin
2025-02-15 13:44:03,541 [INFO] PluginManager:220 - loadIPPluginJar : add ltdc
2025-02-15 13:44:03,550 [INFO] IPUIPlugin:80 - create IPUIPlugin
2025-02-15 13:44:03,551 [INFO] PluginManager:220 - loadIPPluginJar : add mdma
2025-02-15 13:44:03,556 [INFO] IPUIPlugin:80 - create IPUIPlugin
2025-02-15 13:44:03,556 [INFO] PluginManager:220 - loadIPPluginJar : add nvic
2025-02-15 13:44:03,561 [INFO] IPUIPlugin:80 - create IPUIPlugin
2025-02-15 13:44:03,561 [INFO] PluginManager:220 - loadIPPluginJar : add opamp
2025-02-15 13:44:03,566 [INFO] IPUIPlugin:80 - create IPUIPlugin
2025-02-15 13:44:03,567 [INFO] PluginManager:220 - loadIPPluginJar : add openamp
2025-02-15 13:44:03,571 [INFO] IPUIPlugin:80 - create IPUIPlugin
2025-02-15 13:44:03,572 [INFO] PluginManager:220 - loadIPPluginJar : add pdm2pcm
2025-02-15 13:44:03,581 [INFO] IPUIPlugin:80 - create IPUIPlugin
2025-02-15 13:44:03,584 [INFO] PluginManager:220 - loadIPPluginJar : add plateformsettings
2025-02-15 13:44:03,587 [INFO] IPUIPlugin:80 - create IPUIPlugin
2025-02-15 13:44:03,587 [INFO] PluginManager:220 - loadIPPluginJar : add quadspi
2025-02-15 13:44:03,590 [INFO] IPUIPlugin:80 - create IPUIPlugin
2025-02-15 13:44:03,591 [INFO] PluginManager:220 - loadIPPluginJar : add radio
2025-02-15 13:44:03,596 [INFO] IPUIPlugin:80 - create IPUIPlugin
2025-02-15 13:44:03,596 [INFO] PluginManager:220 - loadIPPluginJar : add resmgrutility
2025-02-15 13:44:03,601 [INFO] IPUIPlugin:80 - create IPUIPlugin
2025-02-15 13:44:03,601 [INFO] PluginManager:220 - loadIPPluginJar : add sai
2025-02-15 13:44:03,605 [INFO] IPUIPlugin:80 - create IPUIPlugin
2025-02-15 13:44:03,605 [INFO] PluginManager:220 - loadIPPluginJar : add spi
2025-02-15 13:44:03,614 [INFO] IPUIPlugin:80 - create IPUIPlugin
2025-02-15 13:44:03,615 [INFO] PluginManager:220 - loadIPPluginJar : add stm32_wpan
2025-02-15 13:44:03,617 [INFO] IPUIPlugin:80 - create IPUIPlugin
2025-02-15 13:44:03,618 [INFO] PluginManager:220 - loadIPPluginJar : add tim
2025-02-15 13:44:03,623 [INFO] IPUIPlugin:80 - create IPUIPlugin
2025-02-15 13:44:03,624 [INFO] PluginManager:220 - loadIPPluginJar : add touchsensing
2025-02-15 13:44:03,627 [INFO] IPUIPlugin:80 - create IPUIPlugin
2025-02-15 13:44:03,627 [INFO] PluginManager:220 - loadIPPluginJar : add tracer_emb
2025-02-15 13:44:03,630 [INFO] IPUIPlugin:80 - create IPUIPlugin
2025-02-15 13:44:03,631 [INFO] PluginManager:220 - loadIPPluginJar : add ts
2025-02-15 13:44:03,633 [INFO] IPUIPlugin:80 - create IPUIPlugin
2025-02-15 13:44:03,633 [INFO] PluginManager:220 - loadIPPluginJar : add tsc
2025-02-15 13:44:03,636 [INFO] IPUIPlugin:80 - create IPUIPlugin
2025-02-15 13:44:03,636 [INFO] PluginManager:220 - loadIPPluginJar : add ucpd
2025-02-15 13:44:03,641 [INFO] IPUIPlugin:80 - create IPUIPlugin
2025-02-15 13:44:03,641 [INFO] PluginManager:220 - loadIPPluginJar : add usart
2025-02-15 13:44:03,646 [INFO] IPUIPlugin:80 - create IPUIPlugin
2025-02-15 13:44:03,646 [INFO] PluginManager:220 - loadIPPluginJar : add usbx
2025-02-15 13:44:03,817 [FATAL] Updater:351 - Updater called before beeing initialized
2025-02-15 13:44:03,884 [INFO] RulesReader:64 - Compatibility file has been processed (297 Rules)
2025-02-15 13:44:03,901 [INFO] RulesReader:64 - Compatibility file has been processed (297 Rules)
2025-02-15 13:44:03,914 [INFO] CADModel:165 - CPN selected for project level
2025-02-15 13:44:03,914 [INFO] CADModel:114 - Register for checkConnection events
2025-02-15 13:44:03,914 [FATAL] Updater:351 - Updater called before beeing initialized
2025-02-15 13:44:03,914 [ERROR] CADModel:125 - Updater not yet initialized, retry later 
2025-02-15 13:44:04,132 [FATAL] Updater:351 - Updater called before beeing initialized
2025-02-15 13:44:04,135 [INFO] CADModel:165 - CPN selected for project level
2025-02-15 13:44:04,135 [INFO] CADModel:114 - Register for checkConnection events
2025-02-15 13:44:04,135 [FATAL] Updater:351 - Updater called before beeing initialized
2025-02-15 13:44:04,135 [ERROR] CADModel:125 - Updater not yet initialized, retry later 
2025-02-15 13:44:04,139 [FATAL] Updater:351 - Updater called before beeing initialized
2025-02-15 13:44:04,293 [FATAL] Updater:351 - Updater called before beeing initialized
2025-02-15 13:44:04,302 [INFO] DbMcusAds:53 - JSON generation date=Tue Dec 17 17:01:15 CET 2024 (1734451275111)
2025-02-15 13:44:04,302 [FATAL] Updater:351 - Updater called before beeing initialized
2025-02-15 13:44:04,350 [WARN] DetailPanel:346 - Failed to get advertising image, set to default
2025-02-15 13:44:04,645 [FATAL] Updater:351 - Updater called before beeing initialized
2025-02-15 13:44:04,647 [FATAL] Updater:351 - Updater called before beeing initialized
2025-02-15 13:44:04,648 [FATAL] Updater:351 - Updater called before beeing initialized
2025-02-15 13:44:04,648 [WARN] DetailPanel:346 - Failed to get advertising image, set to default
2025-02-15 13:44:04,649 [FATAL] Updater:351 - Updater called before beeing initialized
2025-02-15 13:44:04,721 [ERROR] Updater:1198 - MainUpdater not yet initialized. External WinMGr cannot be set.
2025-02-15 13:44:04,724 [INFO] Updater:1134 - Updater Version found : 6.13.0
2025-02-15 13:44:04,750 [INFO] ApplicationProperties:184 - Using Application install path: C:\ST\STM32CubeIDE_1.17.0\STM32CubeIDE\plugins\com.st.stm32cube.common.mx_6.13.0.202411220809
2025-02-15 13:44:05,177 [INFO] ThirdPartyUpdaterWithRetryManager:70 - Updater plugin not ready yet. [2/15]
2025-02-15 13:44:06,334 [ERROR] LogOutputStream:75 - [STDERR_REDIRECT] Feb 15, 2025 1:44:06 PM java.util.prefs.WindowsPreferences <init>
2025-02-15 13:44:06,336 [ERROR] LogOutputStream:75 - [STDERR_REDIRECT] WARNING: Could not open/create prefs root node Software\JavaSoft\Prefs at root 0xffffffff80000002. Windows RegCreateKeyEx(...) returned error code 5.
2025-02-15 13:44:06,336 [ERROR] LogOutputStream:75 - [STDERR_REDIRECT] 
2025-02-15 13:44:06,719 [INFO] MainUpdater:2872 - connection check result : 10
2025-02-15 13:44:06,720 [INFO] MainUpdater:289 - Updater Check For Update Now.
2025-02-15 13:44:06,720 [INFO] MicroXplorer:498 - Change Database Version : DB.6.0.130
2025-02-15 13:44:06,731 [INFO] McuFinderGlobals:63 - Set McuFinder mode to 2 (CubeIDE integrated)
2025-02-15 13:44:06,732 [INFO] UserAuth:486 - Internet connection configuration mode: 1
2025-02-15 13:44:06,759 [INFO] JxBrowserEngine:152 - Initiate JxBrowser Engine with user profile folder
2025-02-15 13:44:06,985 [INFO] CheckServerUpdateThread:120 - End of CheckServer Thread
2025-02-15 13:44:07,814 [INFO] WebApp:168 - Instantiating new browser for Auth
2025-02-15 13:44:08,894 [WARN] PackLoader:240 - Cannot read IP mode file for STMicroelectronics.FP-SNS-MOTENVWB1.1.4.0
2025-02-15 13:44:08,917 [WARN] PackLoader:240 - Cannot read IP mode file for STMicroelectronics.FP-ATR-ASTRA1.2.0.1
2025-02-15 13:44:08,937 [WARN] PackLoader:240 - Cannot read IP mode file for STMicroelectronics.X-CUBE-SMBUS.2.1.0
2025-02-15 13:44:08,957 [WARN] PackLoader:240 - Cannot read IP mode file for STMicroelectronics.X-CUBE-WB05N.1.1.0
2025-02-15 13:44:09,090 [WARN] PackLoader:240 - Cannot read IP mode file for STMicroelectronics.X-CUBE-AZRTOS-F7.1.1.0
2025-02-15 13:44:09,132 [WARN] PackLoader:240 - Cannot read IP mode file for STMicroelectronics.FP-SNS-FLIGHT1.5.0.2
2025-02-15 13:44:09,419 [WARN] PackLoader:240 - Cannot read IP mode file for Infineon.AIROC-Wi-Fi-Bluetooth-STM32.1.7.0
2025-02-15 13:44:09,722 [WARN] PackLoader:240 - Cannot read IP mode file for STMicroelectronics.X-CUBE-DISPLAY.3.0.0
2025-02-15 13:44:09,757 [WARN] PackLoader:240 - Cannot read IP mode file for STMicroelectronics.X-CUBE-BLE1.7.0.0
2025-02-15 13:44:09,778 [WARN] PackLoader:240 - Cannot read IP mode file for STMicroelectronics.X-CUBE-NFC10.1.0.0
2025-02-15 13:44:09,869 [WARN] PackLoader:240 - Cannot read IP mode file for STMicroelectronics.X-CUBE-BLEMGR.4.0.0
2025-02-15 13:44:09,909 [WARN] PackLoader:240 - Cannot read IP mode file for emotas.I-CUBE-CANOPEN.1.3.0
2025-02-15 13:44:09,933 [WARN] PackLoader:240 - Cannot read IP mode file for STMicroelectronics.X-CUBE-AI.10.0.0
2025-02-15 13:44:09,954 [WARN] PackLoader:240 - Cannot read IP mode file for STMicroelectronics.FP-SNS-SMARTAG2.1.2.0
2025-02-15 13:44:10,010 [INFO] WebApp:449 - Apply proxy settings
2025-02-15 13:44:10,010 [INFO] WebApp:534 - Chromium requires no authentication
2025-02-15 13:44:10,049 [INFO] WebApp:477 - Direct internet connection detected
2025-02-15 13:44:10,137 [INFO] WebApp:880 - Register for checkConnection events
2025-02-15 13:44:10,137 [INFO] WebApp:449 - Apply proxy settings
2025-02-15 13:44:10,138 [INFO] WebApp:534 - Chromium requires no authentication
2025-02-15 13:44:10,138 [INFO] WebApp:477 - Direct internet connection detected
2025-02-15 13:44:10,153 [WARN] PackLoader:240 - Cannot read IP mode file for STMicroelectronics.X-CUBE-MEMS1.11.1.0
2025-02-15 13:44:11,036 [INFO] LogOutputStream:77 - [STDOUT_REDIRECT] 1 : Invalid condition id : UX_CORESTACK_Condition cause : null
2025-02-15 13:44:11,037 [INFO] LogOutputStream:77 - [STDOUT_REDIRECT] 1 : Invalid condition id : UX_CORESTACK_Condition cause : null
2025-02-15 13:44:11,039 [INFO] LogOutputStream:77 - [STDOUT_REDIRECT] 1 : Invalid condition id : UX_CORESTACK_Condition cause : null
2025-02-15 13:44:11,041 [INFO] LogOutputStream:77 - [STDOUT_REDIRECT] 1 : Invalid condition id : UX_CORESTACK_Condition cause : null
2025-02-15 13:44:11,043 [INFO] LogOutputStream:77 - [STDOUT_REDIRECT] 1 : Invalid condition id : UX_CORESTACK_Condition cause : null
2025-02-15 13:44:11,048 [WARN] PackLoader:240 - Cannot read IP mode file for STMicroelectronics.X-CUBE-AZRTOS-WL.2.0.0
2025-02-15 13:44:11,057 [WARN] PackLoader:240 - Cannot read IP mode file for STMicroelectronics.FP-SNS-MOTENV1.5.0.0
2025-02-15 13:44:11,068 [WARN] PackLoader:240 - Cannot read IP mode file for wolfSSL.I-CUBE-wolfMQTT.1.19.0
2025-02-15 13:44:11,071 [INFO] WebApp:221 - Starting web application
2025-02-15 13:44:11,071 [INFO] WebApp:579 - Web application path used C:\ST\STM32CubeIDE_1.17.0\STM32CubeIDE\plugins\com.st.stm32cube.common.mx_6.13.0.202411220809\db\plugins\mcufinder\reactClient1\index.html
2025-02-15 13:44:11,141 [WARN] PackLoader:240 - Cannot read IP mode file for WES.I-CUBE-Cesium.1.3.0
2025-02-15 13:44:11,149 [WARN] PackLoader:240 - Cannot read IP mode file for STMicroelectronics.X-CUBE-BLE2.3.3.0
2025-02-15 13:44:11,161 [WARN] PackLoader:240 - Cannot read IP mode file for STMicroelectronics.X-CUBE-NFC9.1.0.0
2025-02-15 13:44:11,253 [WARN] PackLoader:240 - Cannot read IP mode file for STMicroelectronics.X-CUBE-AZRTOS-G0.1.1.0
2025-02-15 13:44:11,291 [INFO] UserAuth:486 - Internet connection configuration mode: 1
2025-02-15 13:44:11,355 [WARN] PackLoader:240 - Cannot read IP mode file for STMicroelectronics.X-CUBE-SAFEA1.1.2.2
2025-02-15 13:44:11,364 [WARN] PackLoader:240 - Cannot read IP mode file for STMicroelectronics.X-CUBE-NFC4.3.0.0
2025-02-15 13:44:11,378 [WARN] PackLoader:240 - Cannot read IP mode file for EmbeddedOffice.I-CUBE-FS-RTOS.1.0.1
2025-02-15 13:44:11,447 [WARN] PackLoader:240 - Cannot read IP mode file for STMicroelectronics.X-CUBE-TCPP.4.2.0
2025-02-15 13:44:11,456 [WARN] PackLoader:240 - Cannot read IP mode file for RealThread.X-CUBE-RT-Thread_Nano.4.1.1
2025-02-15 13:44:11,464 [WARN] PackLoader:240 - Cannot read IP mode file for STMicroelectronics.FP-ATR-SIGFOX1.3.2.0
2025-02-15 13:44:11,471 [WARN] ConditionMgr:438 - getConditionDescription Invalid condition id : Cortex-A Device cause : null
2025-02-15 13:44:11,549 [INFO] WebApp:187 - Connection restablished
2025-02-15 13:44:11,759 [WARN] ConditionMgr:1044 - genDependencies : Invalid condition id : Cortex-A Device cause : null
2025-02-15 13:44:11,760 [WARN] ConditionMgr:1044 - genDependencies : Invalid condition id : Cortex-A Device cause : null
2025-02-15 13:44:11,760 [WARN] ConditionMgr:1044 - genDependencies : Invalid condition id : Cortex-A Device cause : null
2025-02-15 13:44:11,771 [WARN] PackLoader:240 - Cannot read IP mode file for STMicroelectronics.X-CUBE-EEPRMA1.5.1.0
2025-02-15 13:44:11,780 [WARN] PackLoader:240 - Cannot read IP mode file for wolfSSL.I-CUBE-wolfSSL.5.7.4
2025-02-15 13:44:11,814 [WARN] PackLoader:240 - Cannot read IP mode file for ITTIA_DB.I-CUBE-ITTIADB.8.9.0
2025-02-15 13:44:12,262 [WARN] PackLoader:240 - Cannot read IP mode file for SEGGER.I-CUBE-embOS.1.3.1
2025-02-15 13:44:12,474 [WARN] PackLoader:240 - Cannot read IP mode file for STMicroelectronics.X-CUBE-ALGOBUILD.1.4.0
2025-02-15 13:44:12,551 [WARN] PackLoader:240 - Cannot read IP mode file for STMicroelectronics.X-CUBE-AI.9.1.0
2025-02-15 13:44:12,585 [WARN] PackLoader:240 - Cannot read IP mode file for STMicroelectronics.X-CUBE-AZRTOS-F4.1.1.0
2025-02-15 13:44:12,613 [WARN] PackLoader:240 - Cannot read IP mode file for STMicroelectronics.X-CUBE-ISPU.2.1.0
2025-02-15 13:44:12,670 [WARN] PackLoader:240 - Cannot read IP mode file for STMicroelectronics.X-CUBE-AZRTOS-L5.2.0.0
2025-02-15 13:44:12,721 [WARN] PackLoader:240 - Cannot read IP mode file for STMicroelectronics.X-CUBE-NFC6.3.1.0
2025-02-15 13:44:12,750 [WARN] PackLoader:240 - Cannot read IP mode file for STMicroelectronics.X-CUBE-DPower.1.2.0
2025-02-15 13:44:12,767 [WARN] PackLoader:240 - Cannot read IP mode file for STMicroelectronics.X-CUBE-FREERTOS.1.3.0
2025-02-15 13:44:12,802 [WARN] PackLoader:240 - Cannot read IP mode file for STMicroelectronics.X-CUBE-NFC7.1.0.1
2025-02-15 13:44:12,935 [WARN] ConditionMgr:438 - getConditionDescription Invalid condition id : LAN8742 Phy interface Condition cause : null
2025-02-15 13:44:12,936 [WARN] PackLoader:240 - Cannot read IP mode file for STMicroelectronics.X-CUBE-AZRTOS-L4.2.0.0
2025-02-15 13:44:12,937 [WARN] ConditionMgr:1044 - genDependencies : Invalid condition id : LAN8742 Phy interface Condition cause : null
2025-02-15 13:44:12,938 [WARN] ConditionMgr:1044 - genDependencies : Invalid condition id : LAN8742 Phy interface Condition cause : null
2025-02-15 13:44:12,938 [WARN] ConditionMgr:1044 - genDependencies : Invalid condition id : LAN8742 Phy interface Condition cause : null
2025-02-15 13:44:12,979 [WARN] PackLoader:240 - Cannot read IP mode file for STMicroelectronics.X-CUBE-SFXS2LP1.4.0.0
2025-02-15 13:44:13,026 [WARN] PackLoader:240 - Cannot read IP mode file for STMicroelectronics.X-CUBE-AZRTOS-H7.3.3.0
2025-02-15 13:44:13,052 [WARN] ConditionMgr:438 - getConditionDescription Invalid condition id : UX DEVICE CLASS RTOS Condition cause : null
2025-02-15 13:44:13,053 [WARN] ConditionMgr:438 - getConditionDescription Invalid condition id : UX DEVICE CLASS RTOS Condition cause : null
2025-02-15 13:44:13,056 [WARN] PackLoader:240 - Cannot read IP mode file for STMicroelectronics.X-CUBE-AZRTOS-WB.2.0.0
2025-02-15 13:44:13,057 [WARN] ConditionMgr:1044 - genDependencies : Invalid condition id : UX DEVICE CLASS RTOS Condition cause : null
2025-02-15 13:44:13,057 [WARN] ConditionMgr:1044 - genDependencies : Invalid condition id : UX DEVICE CLASS RTOS Condition cause : null
2025-02-15 13:44:13,058 [WARN] ConditionMgr:1044 - genDependencies : Invalid condition id : UX DEVICE CLASS RTOS Condition cause : null
2025-02-15 13:44:13,058 [WARN] ConditionMgr:1044 - genDependencies : Invalid condition id : UX DEVICE CLASS RTOS Condition cause : null
2025-02-15 13:44:13,059 [WARN] ConditionMgr:1044 - genDependencies : Invalid condition id : UX DEVICE CLASS RTOS Condition cause : null
2025-02-15 13:44:13,079 [WARN] PackLoader:240 - Cannot read IP mode file for STMicroelectronics.X-CUBE-GNSS1.7.0.1
2025-02-15 13:44:13,108 [WARN] PackLoader:240 - Cannot read IP mode file for STMicroelectronics.FP-SNS-STBOX1.2.0.0
2025-02-15 13:44:13,148 [WARN] PackLoader:240 - Cannot read IP mode file for STMicroelectronics.X-CUBE-SUBG2.5.0.0
2025-02-15 13:44:13,241 [WARN] PackLoader:240 - Cannot read IP mode file for Cesanta.I-CUBE-Mongoose.7.13.0
2025-02-15 13:44:13,290 [WARN] PackLoader:240 - Cannot read IP mode file for STMicroelectronics.X-CUBE-AZRTOS-G4.2.0.0
2025-02-15 13:44:13,338 [WARN] PackLoader:240 - Cannot read IP mode file for STMicroelectronics.X-CUBE-IPS.3.1.0
2025-02-15 13:44:13,388 [WARN] PackLoader:240 - Cannot read IP mode file for STMicroelectronics.X-CUBE-ALS.1.0.2
2025-02-15 13:44:13,400 [WARN] PackLoader:240 - Cannot read IP mode file for STMicroelectronics.X-CUBE-TOUCHGFX.4.24.2
2025-02-15 13:44:13,408 [WARN] PackLoader:240 - Cannot read IP mode file for wolfSSL.I-CUBE-wolfTPM.3.4.0
2025-02-15 13:44:13,424 [WARN] PackLoader:240 - Cannot read IP mode file for portGmbH.I-Cube-SoM-uGOAL.1.1.0
2025-02-15 13:44:13,469 [WARN] PackLoader:240 - Cannot read IP mode file for STMicroelectronics.X-CUBE-AZRTOS-H7RS.1.0.0
2025-02-15 13:44:13,674 [WARN] PackLoader:240 - Cannot read IP mode file for STMicroelectronics.X-CUBE-TOF1.3.4.2
2025-02-15 13:44:13,892 [WARN] PackLoader:240 - Cannot read IP mode file for wolfSSL.I-CUBE-wolfSSH.1.4.17
2025-02-15 13:44:13,898 [INFO] ThirdParty:978 - Integrity check success = true
2025-02-15 13:44:13,898 [INFO] IntegrityCheckThread:100 - exiting critical section [integrity check]
2025-02-15 13:44:13,898 [INFO] IntegrityCheckThread:103 - End integrity checks thread
2025-02-15 13:53:05,354 [INFO] LogOutputStream:77 - [STDOUT_REDIRECT] StartTraceHandler.execute(), success : Collect=false
2025-02-15 13:53:07,570 [INFO] LogOutputStream:77 - [STDOUT_REDIRECT] StartTraceHandler.execute(), success : Collect=true
2025-02-15 14:15:30,274 [INFO] WebApp:190 - Connection lost
2025-02-15 14:15:31,681 [INFO] WebApp:187 - Connection restablished
2025-02-15 14:15:31,884 [INFO] WebApp:190 - Connection lost
2025-02-15 14:15:32,079 [INFO] WebApp:187 - Connection restablished
2025-02-15 14:15:34,994 [INFO] WebApp:190 - Connection lost
2025-02-15 14:15:35,123 [INFO] WebApp:187 - Connection restablished
2025-02-15 14:56:46,426 [INFO] WebApp:190 - Connection lost
2025-02-15 14:56:46,585 [INFO] WebApp:187 - Connection restablished
2025-02-15 16:43:47,338 [INFO] WebApp:190 - Connection lost
2025-02-15 16:43:47,535 [INFO] WebApp:187 - Connection restablished
2025-02-15 16:43:49,866 [INFO] WebApp:190 - Connection lost
2025-02-15 16:43:49,990 [INFO] WebApp:187 - Connection restablished
2025-02-15 16:43:52,999 [INFO] WebApp:190 - Connection lost
2025-02-15 16:43:53,122 [INFO] WebApp:187 - Connection restablished
2025-02-15 21:12:12,006 [INFO] WebApp:190 - Connection lost
2025-02-15 21:12:13,644 [INFO] WebApp:187 - Connection restablished
2025-02-15 21:12:15,232 [INFO] WebApp:190 - Connection lost
2025-02-15 21:12:15,616 [INFO] WebApp:187 - Connection restablished
2025-02-15 21:33:30,646 [INFO] WebApp:190 - Connection lost
2025-02-15 21:33:33,648 [INFO] WebApp:187 - Connection restablished
2025-02-15 21:33:35,146 [INFO] WebApp:190 - Connection lost
2025-02-15 21:33:35,277 [INFO] WebApp:187 - Connection restablished
2025-02-15 21:33:37,972 [INFO] WebApp:190 - Connection lost
2025-02-15 21:33:38,102 [INFO] WebApp:187 - Connection restablished
2025-02-15 22:48:09,068 [INFO] WebApp:190 - Connection lost
2025-02-15 22:48:10,233 [INFO] WebApp:187 - Connection restablished
2025-02-15 22:48:11,862 [INFO] WebApp:190 - Connection lost
2025-02-15 22:48:11,980 [INFO] WebApp:187 - Connection restablished
2025-02-15 22:48:14,958 [INFO] WebApp:190 - Connection lost
2025-02-15 22:48:15,081 [INFO] WebApp:187 - Connection restablished
2025-02-15 23:51:58,418 [INFO] WebApp:190 - Connection lost
2025-02-15 23:51:58,607 [INFO] WebApp:187 - Connection restablished
