2025-02-12 00:45:12,463 [ERROR] LogOutputStream:75 - [STDERR_REDIRECT] 
2025-02-12 00:45:12,489 [ERROR] LogOutputStream:75 - [STDERR_REDIRECT] 
2025-02-12 20:39:26,841 [INFO] Activator:176 - 


2025-02-12 20:39:26,843 [INFO] Activator:177 - !SESSION log4j initialized
2025-02-12 20:39:35,676 [INFO] LogOutputStream:77 - [STDOUT_REDIRECT] 
2025-02-12 20:39:42,206 [INFO] ApplicationProperties:184 - Using Application install path: C:\ST\STM32CubeIDE_1.17.0\STM32CubeIDE\plugins\com.st.stm32cube.common.mx_6.13.0.202411220809
2025-02-12 20:39:42,228 [INFO] DbMcusXml:78 - Set database path to: C:\ST\STM32CubeIDE_1.17.0\STM32CubeIDE\plugins\com.st.stm32cube.common.mx_6.13.0.202411220809\\db\/mcu/
2025-02-12 20:39:42,229 [INFO] ApiDb:274 - Set plugin database path to: C:\ST\STM32CubeIDE_1.17.0\STM32CubeIDE\plugins\com.st.stm32cube.common.mx_6.13.0.202411220809\\db\/plugins/boardmanager/
2025-02-12 20:39:42,229 [WARN] ApiDb:259 - Overriding images path with different value:  => C:\ST\STM32CubeIDE_1.17.0\STM32CubeIDE\plugins\com.st.stm32cube.common.mx_6.13.0.202411220809\\db\/plugins/mcufinder/images/
2025-02-12 20:39:42,240 [INFO] ApiDb:250 - Set database path to: C:\Users\User\.stmcufinder\plugins\mcufinder//mcu/
2025-02-12 20:39:42,241 [INFO] DbMcusAds:125 - Set database path to: C:\Users\User\.stmcufinder\plugins\mcufinder//mcu/
2025-02-12 20:39:42,244 [INFO] CrossReferenceDbSqlite:203 - Set database path to: C:\Users\User\.stmcufinder\plugins\mcufinder//mcu/cs/
2025-02-12 20:39:42,405 [INFO] RulesReader:64 - Compatibility file has been processed (297 Rules)
2025-02-12 20:39:42,517 [INFO] DbMcusXml:78 - Set database path to: C:\ST\STM32CubeIDE_1.17.0\STM32CubeIDE\plugins\com.st.stm32cube.common.mx_6.13.0.202411220809\\db\/mcu/
2025-02-12 20:39:42,517 [INFO] ApiDb:274 - Set plugin database path to: C:\ST\STM32CubeIDE_1.17.0\STM32CubeIDE\plugins\com.st.stm32cube.common.mx_6.13.0.202411220809\\db\/plugins/boardmanager/
2025-02-12 20:39:42,517 [INFO] ApiDb:261 - Set plugin images path to: C:\ST\STM32CubeIDE_1.17.0\STM32CubeIDE\plugins\com.st.stm32cube.common.mx_6.13.0.202411220809\\db\/plugins/mcufinder/images/
2025-02-12 20:39:42,517 [WARN] DbFile:41 - Overriding database path with different value: C:\Users\User\.stmcufinder\plugins\mcufinder/ => C:\Users\User\.stmcufinder\plugins\mcufinder
2025-02-12 20:39:42,518 [INFO] ApiDb:250 - Set database path to: C:\Users\User\.stmcufinder\plugins\mcufinder//mcu/
2025-02-12 20:39:42,518 [WARN] DbFile:41 - Overriding database path with different value: C:\Users\User\.stmcufinder\plugins\mcufinder/ => C:\Users\User\.stmcufinder\plugins\mcufinder
2025-02-12 20:39:42,518 [INFO] DbMcusAds:125 - Set database path to: C:\Users\User\.stmcufinder\plugins\mcufinder//mcu/
2025-02-12 20:39:42,518 [WARN] DbFile:41 - Overriding database path with different value: C:\Users\User\.stmcufinder\plugins\mcufinder/ => C:\Users\User\.stmcufinder\plugins\mcufinder
2025-02-12 20:39:42,518 [WARN] DbFile:41 - Overriding database path with different value: C:\Users\User\.stmcufinder\plugins\mcufinder/ => C:\Users\User\.stmcufinder\plugins\mcufinder
2025-02-12 20:39:42,518 [INFO] CrossReferenceDbSqlite:203 - Set database path to: C:\Users\User\.stmcufinder\plugins\mcufinder//mcu/cs/
2025-02-12 20:39:42,615 [INFO] MainPanel:272 - HeapMemory: 268435456
2025-02-12 20:39:42,759 [INFO] DbMcusXml:78 - Set database path to: C:\ST\STM32CubeIDE_1.17.0\STM32CubeIDE\plugins\com.st.stm32cube.common.mx_6.13.0.202411220809\\db\/mcu/
2025-02-12 20:39:42,759 [INFO] ApiDb:274 - Set plugin database path to: C:\ST\STM32CubeIDE_1.17.0\STM32CubeIDE\plugins\com.st.stm32cube.common.mx_6.13.0.202411220809\\db\/plugins/boardmanager/
2025-02-12 20:39:42,760 [INFO] ApiDb:261 - Set plugin images path to: C:\ST\STM32CubeIDE_1.17.0\STM32CubeIDE\plugins\com.st.stm32cube.common.mx_6.13.0.202411220809\\db\/plugins/mcufinder/images/
2025-02-12 20:39:42,760 [WARN] DbFile:41 - Overriding database path with different value: C:\Users\User\.stmcufinder\plugins\mcufinder/ => C:\Users\User\.stmcufinder\plugins\mcufinder
2025-02-12 20:39:42,760 [INFO] ApiDb:250 - Set database path to: C:\Users\User\.stmcufinder\plugins\mcufinder//mcu/
2025-02-12 20:39:42,760 [WARN] DbFile:41 - Overriding database path with different value: C:\Users\User\.stmcufinder\plugins\mcufinder/ => C:\Users\User\.stmcufinder\plugins\mcufinder
2025-02-12 20:39:42,760 [INFO] DbMcusAds:125 - Set database path to: C:\Users\User\.stmcufinder\plugins\mcufinder//mcu/
2025-02-12 20:39:42,761 [WARN] DbFile:41 - Overriding database path with different value: C:\Users\User\.stmcufinder\plugins\mcufinder/ => C:\Users\User\.stmcufinder\plugins\mcufinder
2025-02-12 20:39:42,761 [WARN] DbFile:41 - Overriding database path with different value: C:\Users\User\.stmcufinder\plugins\mcufinder/ => C:\Users\User\.stmcufinder\plugins\mcufinder
2025-02-12 20:39:42,761 [INFO] CrossReferenceDbSqlite:203 - Set database path to: C:\Users\User\.stmcufinder\plugins\mcufinder//mcu/cs/
2025-02-12 20:39:42,783 [INFO] ApplicationProperties:184 - Using Application install path: C:\ST\STM32CubeIDE_1.17.0\STM32CubeIDE\plugins\com.st.stm32cube.common.mx_6.13.0.202411220809
2025-02-12 20:39:42,785 [INFO] PluginManage:196 - Search for loadable plugins [exclusion list=, ]
2025-02-12 20:39:42,787 [INFO] PluginManage:310 - Check plugin analytics
2025-02-12 20:39:47,553 [INFO] AnalyticsPlugin:253 - Accepted Software Licenses: 
2025-02-12 20:39:47,554 [INFO] AnalyticsPlugin:255 - Accepted CMSIS Pack Licenses: 
2025-02-12 20:39:47,554 [INFO] AnalyticsPlugin:257 - Accepted Firmware Licenses: FW.F4.1.28.0
2025-02-12 20:39:47,559 [INFO] PluginManage:359 - Loaded plugin analytics (category:tool,tabindex:-1)
2025-02-12 20:39:47,560 [INFO] PluginManage:310 - Check plugin cadmodel
2025-02-12 20:39:47,587 [INFO] CADModel:105 - Init CAD model plugin
2025-02-12 20:39:47,587 [INFO] PluginManage:359 - Loaded plugin cadmodel (category:power,tabindex:5)
2025-02-12 20:39:47,587 [INFO] PluginManage:310 - Check plugin clock
2025-02-12 20:39:47,616 [INFO] PluginManage:359 - Loaded plugin clock (category:base,tabindex:2)
2025-02-12 20:39:47,616 [INFO] PluginManage:310 - Check plugin ddr
2025-02-12 20:39:47,621 [INFO] PluginManage:359 - Loaded plugin ddr (category:tool,tabindex:6)
2025-02-12 20:39:47,621 [INFO] PluginManage:310 - Check plugin filemanager
2025-02-12 20:39:47,806 [INFO] PluginManage:359 - Loaded plugin filemanager (category:base,tabindex:10)
2025-02-12 20:39:47,806 [INFO] PluginManage:310 - Check plugin ipmanager
2025-02-12 20:39:47,816 [INFO] PluginManage:359 - Loaded plugin ipmanager (category:base,tabindex:5)
2025-02-12 20:39:47,816 [INFO] PluginManage:310 - Check plugin lpbam
2025-02-12 20:39:47,840 [INFO] PluginManage:359 - Loaded plugin lpbam (category:base,tabindex:0)
2025-02-12 20:39:47,840 [INFO] PluginManage:310 - Check plugin memorymap
2025-02-12 20:39:47,874 [INFO] PluginManage:359 - Loaded plugin memorymap (category:base,tabindex:4)
2025-02-12 20:39:47,875 [INFO] PluginManage:310 - Check plugin pinoutandconfiguration
2025-02-12 20:39:47,900 [INFO] PluginManage:359 - Loaded plugin pinoutandconfiguration (category:base,tabindex:1)
2025-02-12 20:39:47,900 [INFO] PluginManage:310 - Check plugin pinoutconfig
2025-02-12 20:39:48,045 [WARN] SupportedApi:132 - Cannot load RTOS API schema: s4s-elt-must-match.1: The content of 'definitions' must match (annotation?, (simpleType | complexType)?, (unique | key | keyref)*)). A problem was found starting at: attribute.
2025-02-12 20:39:48,240 [INFO] PluginManage:359 - Loaded plugin pinoutconfig (category:base,tabindex:0)
2025-02-12 20:39:48,240 [INFO] PluginManage:310 - Check plugin power
2025-02-12 20:39:48,274 [INFO] PluginManage:359 - Loaded plugin power (category:power,tabindex:4)
2025-02-12 20:39:48,274 [INFO] PluginManage:310 - Check plugin projectmanager
2025-02-12 20:39:48,300 [INFO] PluginManage:359 - Loaded plugin projectmanager (category:projectmanager,tabindex:4)
2025-02-12 20:39:48,300 [INFO] PluginManage:310 - Check plugin rif
2025-02-12 20:39:48,330 [INFO] PluginManage:359 - Loaded plugin rif (category:base,tabindex:3)
2025-02-12 20:39:48,331 [INFO] PluginManage:310 - Check plugin thirdparty
2025-02-12 20:39:48,732 [WARN] IntegrityCheckThread:84 - waiting for thirdparty lock release [integrity check]
2025-02-12 20:39:48,732 [INFO] PluginManage:359 - Loaded plugin thirdparty (category:base,tabindex:-1)
2025-02-12 20:39:48,733 [INFO] IntegrityCheckThread:86 - entering critical section [integrity check]
2025-02-12 20:39:48,733 [INFO] PluginManage:310 - Check plugin tools
2025-02-12 20:39:48,733 [INFO] ThirdPartyUpdaterWithRetryManager:70 - Updater plugin not ready yet. [1/15]
2025-02-12 20:39:48,787 [INFO] PluginManage:359 - Loaded plugin tools (category:base,tabindex:7)
2025-02-12 20:39:48,787 [INFO] PluginManage:310 - Check plugin tutovideos
2025-02-12 20:39:49,108 [INFO] PluginManage:359 - Loaded plugin tutovideos (category:base,tabindex:-1)
2025-02-12 20:39:49,108 [INFO] PluginManage:310 - Check plugin updater
2025-02-12 20:39:49,139 [INFO] PluginManage:359 - Loaded plugin updater (category:base,tabindex:12)
2025-02-12 20:39:49,139 [INFO] PluginManage:310 - Check plugin userauth
2025-02-12 20:39:49,144 [INFO] UserAuth:118 - Init User Auth plugin
2025-02-12 20:39:49,146 [INFO] PluginManage:359 - Loaded plugin userauth (category:base,tabindex:14)
2025-02-12 20:39:49,147 [INFO] PluginManage:283 - PluginManage : Loaded plugins [18]
2025-02-12 20:39:49,432 [INFO] PinOutPanel:1589 - setPackage(No Configuration,No Configuration)
2025-02-12 20:39:49,545 [INFO] CADModel:165 - CPN selected for project level
2025-02-12 20:39:49,545 [INFO] CADModel:114 - Register for checkConnection events
2025-02-12 20:39:49,580 [INFO] IPUIPlugin:80 - create IPUIPlugin
2025-02-12 20:39:49,580 [INFO] PluginManager:220 - loadIPPluginJar : add adc
2025-02-12 20:39:49,637 [INFO] IPUIPlugin:80 - create IPUIPlugin
2025-02-12 20:39:49,637 [INFO] PluginManager:220 - loadIPPluginJar : add aes
2025-02-12 20:39:49,701 [INFO] IPUIPlugin:80 - create IPUIPlugin
2025-02-12 20:39:49,701 [INFO] PluginManager:220 - loadIPPluginJar : add can
2025-02-12 20:39:49,743 [INFO] IPUIPlugin:80 - create IPUIPlugin
2025-02-12 20:39:49,744 [INFO] PluginManager:220 - loadIPPluginJar : add comp
2025-02-12 20:39:49,796 [INFO] IPUIPlugin:80 - create IPUIPlugin
2025-02-12 20:39:49,796 [INFO] PluginManager:220 - loadIPPluginJar : add cryp
2025-02-12 20:39:49,816 [INFO] IPUIPlugin:80 - create IPUIPlugin
2025-02-12 20:39:49,816 [INFO] PluginManager:220 - loadIPPluginJar : add ddr_ctrl_phy
2025-02-12 20:39:49,866 [INFO] IPUIPlugin:80 - create IPUIPlugin
2025-02-12 20:39:49,866 [INFO] PluginManager:220 - loadIPPluginJar : add dfsdm
2025-02-12 20:39:49,886 [INFO] IPUIPlugin:80 - create IPUIPlugin
2025-02-12 20:39:49,887 [INFO] PluginManager:220 - loadIPPluginJar : add dma
2025-02-12 20:39:49,950 [INFO] IPUIPlugin:80 - create IPUIPlugin
2025-02-12 20:39:49,950 [INFO] PluginManager:220 - loadIPPluginJar : add dma3
2025-02-12 20:39:50,020 [INFO] IPUIPlugin:80 - create IPUIPlugin
2025-02-12 20:39:50,020 [INFO] PluginManager:220 - loadIPPluginJar : add extmemmanager
2025-02-12 20:39:50,055 [INFO] IPUIPlugin:80 - create IPUIPlugin
2025-02-12 20:39:50,055 [INFO] PluginManager:220 - loadIPPluginJar : add fatfs
2025-02-12 20:39:50,126 [INFO] IPUIPlugin:80 - create IPUIPlugin
2025-02-12 20:39:50,126 [INFO] PluginManager:220 - loadIPPluginJar : add fmc
2025-02-12 20:39:50,153 [INFO] IPUIPlugin:80 - create IPUIPlugin
2025-02-12 20:39:50,153 [INFO] PluginManager:220 - loadIPPluginJar : add freertos
2025-02-12 20:39:50,186 [INFO] IPUIPlugin:80 - create IPUIPlugin
2025-02-12 20:39:50,186 [INFO] PluginManager:220 - loadIPPluginJar : add genericplugin
2025-02-12 20:39:50,332 [INFO] IPUIPlugin:80 - create IPUIPlugin
2025-02-12 20:39:50,332 [INFO] PluginManager:220 - loadIPPluginJar : add gfxmmu
2025-02-12 20:39:50,540 [INFO] IPUIPlugin:80 - create IPUIPlugin
2025-02-12 20:39:50,540 [INFO] PluginManager:220 - loadIPPluginJar : add gic
2025-02-12 20:39:50,562 [INFO] IPUIPlugin:80 - create IPUIPlugin
2025-02-12 20:39:50,562 [INFO] PluginManager:220 - loadIPPluginJar : add gpio
2025-02-12 20:39:50,697 [INFO] IPUIPlugin:80 - create IPUIPlugin
2025-02-12 20:39:50,697 [INFO] PluginManager:220 - loadIPPluginJar : add gtzc
2025-02-12 20:39:50,758 [INFO] IPUIPlugin:80 - create IPUIPlugin
2025-02-12 20:39:50,758 [INFO] PluginManager:220 - loadIPPluginJar : add hash
2025-02-12 20:39:50,847 [INFO] IPUIPlugin:80 - create IPUIPlugin
2025-02-12 20:39:50,847 [INFO] PluginManager:220 - loadIPPluginJar : add i2c
2025-02-12 20:39:50,924 [INFO] IPUIPlugin:80 - create IPUIPlugin
2025-02-12 20:39:50,925 [INFO] PluginManager:220 - loadIPPluginJar : add i2s
2025-02-12 20:39:50,989 [INFO] IPUIPlugin:80 - create IPUIPlugin
2025-02-12 20:39:50,989 [INFO] PluginManager:220 - loadIPPluginJar : add i3c
2025-02-12 20:39:51,140 [INFO] IPUIPlugin:80 - create IPUIPlugin
2025-02-12 20:39:51,140 [INFO] PluginManager:220 - loadIPPluginJar : add ipddr
2025-02-12 20:39:51,282 [INFO] IPUIPlugin:80 - create IPUIPlugin
2025-02-12 20:39:51,283 [INFO] PluginManager:220 - loadIPPluginJar : add linkedlist
2025-02-12 20:39:51,339 [INFO] IPUIPlugin:80 - create IPUIPlugin
2025-02-12 20:39:51,339 [INFO] PluginManager:220 - loadIPPluginJar : add lorawan
2025-02-12 20:39:51,395 [INFO] IPUIPlugin:80 - create IPUIPlugin
2025-02-12 20:39:51,395 [INFO] PluginManager:220 - loadIPPluginJar : add ltdc
2025-02-12 20:39:51,418 [INFO] IPUIPlugin:80 - create IPUIPlugin
2025-02-12 20:39:51,418 [INFO] PluginManager:220 - loadIPPluginJar : add mdma
2025-02-12 20:39:51,435 [INFO] IPUIPlugin:80 - create IPUIPlugin
2025-02-12 20:39:51,436 [INFO] PluginManager:220 - loadIPPluginJar : add nvic
2025-02-12 20:39:51,490 [INFO] IPUIPlugin:80 - create IPUIPlugin
2025-02-12 20:39:51,490 [INFO] PluginManager:220 - loadIPPluginJar : add opamp
2025-02-12 20:39:51,583 [INFO] IPUIPlugin:80 - create IPUIPlugin
2025-02-12 20:39:51,583 [INFO] PluginManager:220 - loadIPPluginJar : add openamp
2025-02-12 20:39:51,655 [INFO] IPUIPlugin:80 - create IPUIPlugin
2025-02-12 20:39:51,655 [INFO] PluginManager:220 - loadIPPluginJar : add pdm2pcm
2025-02-12 20:39:51,680 [INFO] IPUIPlugin:80 - create IPUIPlugin
2025-02-12 20:39:51,683 [INFO] PluginManager:220 - loadIPPluginJar : add plateformsettings
2025-02-12 20:39:51,719 [INFO] IPUIPlugin:80 - create IPUIPlugin
2025-02-12 20:39:51,719 [INFO] PluginManager:220 - loadIPPluginJar : add quadspi
2025-02-12 20:39:51,735 [INFO] ThirdPartyUpdaterWithRetryManager:70 - Updater plugin not ready yet. [2/15]
2025-02-12 20:39:51,759 [INFO] IPUIPlugin:80 - create IPUIPlugin
2025-02-12 20:39:51,760 [INFO] PluginManager:220 - loadIPPluginJar : add radio
2025-02-12 20:39:51,778 [INFO] IPUIPlugin:80 - create IPUIPlugin
2025-02-12 20:39:51,779 [INFO] PluginManager:220 - loadIPPluginJar : add resmgrutility
2025-02-12 20:39:51,847 [INFO] IPUIPlugin:80 - create IPUIPlugin
2025-02-12 20:39:51,847 [INFO] PluginManager:220 - loadIPPluginJar : add sai
2025-02-12 20:39:51,914 [INFO] IPUIPlugin:80 - create IPUIPlugin
2025-02-12 20:39:51,914 [INFO] PluginManager:220 - loadIPPluginJar : add spi
2025-02-12 20:39:52,015 [INFO] IPUIPlugin:80 - create IPUIPlugin
2025-02-12 20:39:52,016 [INFO] PluginManager:220 - loadIPPluginJar : add stm32_wpan
2025-02-12 20:39:52,051 [INFO] IPUIPlugin:80 - create IPUIPlugin
2025-02-12 20:39:52,051 [INFO] PluginManager:220 - loadIPPluginJar : add tim
2025-02-12 20:39:52,140 [INFO] IPUIPlugin:80 - create IPUIPlugin
2025-02-12 20:39:52,140 [INFO] PluginManager:220 - loadIPPluginJar : add touchsensing
2025-02-12 20:39:52,177 [INFO] IPUIPlugin:80 - create IPUIPlugin
2025-02-12 20:39:52,177 [INFO] PluginManager:220 - loadIPPluginJar : add tracer_emb
2025-02-12 20:39:52,213 [INFO] IPUIPlugin:80 - create IPUIPlugin
2025-02-12 20:39:52,213 [INFO] PluginManager:220 - loadIPPluginJar : add ts
2025-02-12 20:39:52,257 [INFO] IPUIPlugin:80 - create IPUIPlugin
2025-02-12 20:39:52,258 [INFO] PluginManager:220 - loadIPPluginJar : add tsc
2025-02-12 20:39:52,291 [INFO] IPUIPlugin:80 - create IPUIPlugin
2025-02-12 20:39:52,291 [INFO] PluginManager:220 - loadIPPluginJar : add ucpd
2025-02-12 20:39:52,355 [INFO] IPUIPlugin:80 - create IPUIPlugin
2025-02-12 20:39:52,355 [INFO] PluginManager:220 - loadIPPluginJar : add usart
2025-02-12 20:39:52,421 [INFO] IPUIPlugin:80 - create IPUIPlugin
2025-02-12 20:39:52,421 [INFO] PluginManager:220 - loadIPPluginJar : add usbx
2025-02-12 20:39:52,571 [FATAL] Updater:351 - Updater called before beeing initialized
2025-02-12 20:39:52,618 [INFO] RulesReader:64 - Compatibility file has been processed (297 Rules)
2025-02-12 20:39:52,631 [INFO] RulesReader:64 - Compatibility file has been processed (297 Rules)
2025-02-12 20:39:52,640 [INFO] CADModel:165 - CPN selected for project level
2025-02-12 20:39:52,641 [INFO] CADModel:114 - Register for checkConnection events
2025-02-12 20:39:52,641 [FATAL] Updater:351 - Updater called before beeing initialized
2025-02-12 20:39:52,641 [ERROR] CADModel:125 - Updater not yet initialized, retry later 
2025-02-12 20:39:52,820 [FATAL] Updater:351 - Updater called before beeing initialized
2025-02-12 20:39:52,822 [INFO] CADModel:165 - CPN selected for project level
2025-02-12 20:39:52,823 [INFO] CADModel:114 - Register for checkConnection events
2025-02-12 20:39:52,823 [FATAL] Updater:351 - Updater called before beeing initialized
2025-02-12 20:39:52,823 [ERROR] CADModel:125 - Updater not yet initialized, retry later 
2025-02-12 20:39:52,828 [FATAL] Updater:351 - Updater called before beeing initialized
2025-02-12 20:39:53,030 [FATAL] Updater:351 - Updater called before beeing initialized
2025-02-12 20:39:53,043 [INFO] DbMcusAds:53 - JSON generation date=Tue Dec 17 17:01:15 CET 2024 (1734451275111)
2025-02-12 20:39:53,043 [FATAL] Updater:351 - Updater called before beeing initialized
2025-02-12 20:39:53,092 [WARN] DetailPanel:346 - Failed to get advertising image, set to default
2025-02-12 20:39:53,403 [FATAL] Updater:351 - Updater called before beeing initialized
2025-02-12 20:39:53,405 [FATAL] Updater:351 - Updater called before beeing initialized
2025-02-12 20:39:53,405 [FATAL] Updater:351 - Updater called before beeing initialized
2025-02-12 20:39:53,406 [WARN] DetailPanel:346 - Failed to get advertising image, set to default
2025-02-12 20:39:53,406 [FATAL] Updater:351 - Updater called before beeing initialized
2025-02-12 20:39:53,496 [ERROR] Updater:1198 - MainUpdater not yet initialized. External WinMGr cannot be set.
2025-02-12 20:39:53,514 [INFO] Updater:1134 - Updater Version found : 6.13.0
2025-02-12 20:39:53,538 [INFO] ApplicationProperties:184 - Using Application install path: C:\ST\STM32CubeIDE_1.17.0\STM32CubeIDE\plugins\com.st.stm32cube.common.mx_6.13.0.202411220809
2025-02-12 20:39:54,736 [INFO] ThirdPartyUpdaterWithRetryManager:70 - Updater plugin not ready yet. [3/15]
2025-02-12 20:39:55,143 [ERROR] LogOutputStream:75 - [STDERR_REDIRECT] Feb 12, 2025 8:39:55 PM java.util.prefs.WindowsPreferences <init>
2025-02-12 20:39:55,149 [ERROR] LogOutputStream:75 - [STDERR_REDIRECT] WARNING: Could not open/create prefs root node Software\JavaSoft\Prefs at root 0xffffffff80000002. Windows RegCreateKeyEx(...) returned error code 5.
2025-02-12 20:39:55,150 [ERROR] LogOutputStream:75 - [STDERR_REDIRECT] 
2025-02-12 20:39:55,546 [INFO] MainUpdater:2872 - connection check result : 10
2025-02-12 20:39:55,547 [INFO] MainUpdater:289 - Updater Check For Update Now.
2025-02-12 20:39:55,547 [INFO] MicroXplorer:498 - Change Database Version : DB.6.0.130
2025-02-12 20:39:55,574 [INFO] McuFinderGlobals:63 - Set McuFinder mode to 2 (CubeIDE integrated)
2025-02-12 20:39:55,588 [INFO] UserAuth:486 - Internet connection configuration mode: 1
2025-02-12 20:39:55,635 [INFO] JxBrowserEngine:152 - Initiate JxBrowser Engine with user profile folder
2025-02-12 20:39:55,880 [INFO] CheckServerUpdateThread:120 - End of CheckServer Thread
2025-02-12 20:39:57,417 [INFO] WebApp:168 - Instantiating new browser for Auth
2025-02-12 20:39:58,268 [WARN] PackLoader:240 - Cannot read IP mode file for STMicroelectronics.FP-SNS-MOTENVWB1.1.4.0
2025-02-12 20:39:58,313 [WARN] PackLoader:240 - Cannot read IP mode file for STMicroelectronics.FP-ATR-ASTRA1.2.0.1
2025-02-12 20:39:58,349 [WARN] PackLoader:240 - Cannot read IP mode file for STMicroelectronics.X-CUBE-SMBUS.2.1.0
2025-02-12 20:39:58,381 [WARN] PackLoader:240 - Cannot read IP mode file for STMicroelectronics.X-CUBE-WB05N.1.1.0
2025-02-12 20:39:58,459 [WARN] PackLoader:240 - Cannot read IP mode file for STMicroelectronics.X-CUBE-AZRTOS-F7.1.1.0
2025-02-12 20:39:58,492 [WARN] PackLoader:240 - Cannot read IP mode file for STMicroelectronics.FP-SNS-FLIGHT1.5.0.2
2025-02-12 20:39:58,569 [WARN] PackLoader:240 - Cannot read IP mode file for Infineon.AIROC-Wi-Fi-Bluetooth-STM32.1.7.0
2025-02-12 20:39:58,619 [WARN] PackLoader:240 - Cannot read IP mode file for STMicroelectronics.X-CUBE-DISPLAY.3.0.0
2025-02-12 20:39:58,656 [WARN] PackLoader:240 - Cannot read IP mode file for STMicroelectronics.X-CUBE-BLE1.7.0.0
2025-02-12 20:39:58,684 [WARN] PackLoader:240 - Cannot read IP mode file for STMicroelectronics.X-CUBE-NFC10.1.0.0
2025-02-12 20:39:58,775 [WARN] PackLoader:240 - Cannot read IP mode file for STMicroelectronics.X-CUBE-BLEMGR.4.0.0
2025-02-12 20:39:58,809 [WARN] PackLoader:240 - Cannot read IP mode file for emotas.I-CUBE-CANOPEN.1.3.0
2025-02-12 20:39:58,831 [WARN] PackLoader:240 - Cannot read IP mode file for STMicroelectronics.X-CUBE-AI.10.0.0
2025-02-12 20:39:58,856 [WARN] PackLoader:240 - Cannot read IP mode file for STMicroelectronics.FP-SNS-SMARTAG2.1.2.0
2025-02-12 20:39:58,987 [WARN] PackLoader:240 - Cannot read IP mode file for STMicroelectronics.X-CUBE-MEMS1.11.1.0
2025-02-12 20:39:59,311 [INFO] LogOutputStream:77 - [STDOUT_REDIRECT] 1 : Invalid condition id : UX_CORESTACK_Condition cause : null
2025-02-12 20:39:59,312 [INFO] LogOutputStream:77 - [STDOUT_REDIRECT] 1 : Invalid condition id : UX_CORESTACK_Condition cause : null
2025-02-12 20:39:59,314 [INFO] LogOutputStream:77 - [STDOUT_REDIRECT] 1 : Invalid condition id : UX_CORESTACK_Condition cause : null
2025-02-12 20:39:59,317 [INFO] LogOutputStream:77 - [STDOUT_REDIRECT] 1 : Invalid condition id : UX_CORESTACK_Condition cause : null
2025-02-12 20:39:59,318 [INFO] LogOutputStream:77 - [STDOUT_REDIRECT] 1 : Invalid condition id : UX_CORESTACK_Condition cause : null
2025-02-12 20:39:59,323 [WARN] PackLoader:240 - Cannot read IP mode file for STMicroelectronics.X-CUBE-AZRTOS-WL.2.0.0
2025-02-12 20:39:59,350 [WARN] PackLoader:240 - Cannot read IP mode file for STMicroelectronics.FP-SNS-MOTENV1.5.0.0
2025-02-12 20:39:59,374 [WARN] PackLoader:240 - Cannot read IP mode file for wolfSSL.I-CUBE-wolfMQTT.1.19.0
2025-02-12 20:39:59,447 [WARN] PackLoader:240 - Cannot read IP mode file for WES.I-CUBE-Cesium.1.3.0
2025-02-12 20:39:59,474 [WARN] PackLoader:240 - Cannot read IP mode file for STMicroelectronics.X-CUBE-BLE2.3.3.0
2025-02-12 20:39:59,501 [WARN] PackLoader:240 - Cannot read IP mode file for STMicroelectronics.X-CUBE-NFC9.1.0.0
2025-02-12 20:39:59,565 [WARN] PackLoader:240 - Cannot read IP mode file for STMicroelectronics.X-CUBE-AZRTOS-G0.1.1.0
2025-02-12 20:39:59,841 [WARN] PackLoader:240 - Cannot read IP mode file for STMicroelectronics.X-CUBE-SAFEA1.1.2.2
2025-02-12 20:39:59,868 [WARN] PackLoader:240 - Cannot read IP mode file for STMicroelectronics.X-CUBE-NFC4.3.0.0
2025-02-12 20:39:59,901 [WARN] PackLoader:240 - Cannot read IP mode file for EmbeddedOffice.I-CUBE-FS-RTOS.1.0.1
2025-02-12 20:39:59,926 [WARN] PackLoader:240 - Cannot read IP mode file for STMicroelectronics.X-CUBE-TCPP.4.2.0
2025-02-12 20:39:59,959 [WARN] PackLoader:240 - Cannot read IP mode file for RealThread.X-CUBE-RT-Thread_Nano.4.1.1
2025-02-12 20:39:59,983 [WARN] PackLoader:240 - Cannot read IP mode file for STMicroelectronics.FP-ATR-SIGFOX1.3.2.0
2025-02-12 20:40:00,009 [WARN] ConditionMgr:438 - getConditionDescription Invalid condition id : Cortex-A Device cause : null
2025-02-12 20:40:00,044 [WARN] ConditionMgr:1044 - genDependencies : Invalid condition id : Cortex-A Device cause : null
2025-02-12 20:40:00,044 [WARN] ConditionMgr:1044 - genDependencies : Invalid condition id : Cortex-A Device cause : null
2025-02-12 20:40:00,045 [WARN] ConditionMgr:1044 - genDependencies : Invalid condition id : Cortex-A Device cause : null
2025-02-12 20:40:00,071 [WARN] PackLoader:240 - Cannot read IP mode file for STMicroelectronics.X-CUBE-EEPRMA1.5.1.0
2025-02-12 20:40:00,094 [WARN] PackLoader:240 - Cannot read IP mode file for wolfSSL.I-CUBE-wolfSSL.5.7.4
2025-02-12 20:40:00,120 [WARN] PackLoader:240 - Cannot read IP mode file for ITTIA_DB.I-CUBE-ITTIADB.8.9.0
2025-02-12 20:40:00,175 [WARN] PackLoader:240 - Cannot read IP mode file for SEGGER.I-CUBE-embOS.1.3.1
2025-02-12 20:40:00,276 [WARN] PackLoader:240 - Cannot read IP mode file for STMicroelectronics.X-CUBE-ALGOBUILD.1.4.0
2025-02-12 20:40:00,295 [INFO] WebApp:449 - Apply proxy settings
2025-02-12 20:40:00,296 [INFO] WebApp:534 - Chromium requires no authentication
2025-02-12 20:40:00,301 [WARN] PackLoader:240 - Cannot read IP mode file for STMicroelectronics.X-CUBE-AI.9.1.0
2025-02-12 20:40:00,314 [INFO] WebApp:477 - Direct internet connection detected
2025-02-12 20:40:00,359 [WARN] PackLoader:240 - Cannot read IP mode file for STMicroelectronics.X-CUBE-AZRTOS-F4.1.1.0
2025-02-12 20:40:00,364 [INFO] WebApp:880 - Register for checkConnection events
2025-02-12 20:40:00,364 [INFO] WebApp:449 - Apply proxy settings
2025-02-12 20:40:00,365 [INFO] WebApp:534 - Chromium requires no authentication
2025-02-12 20:40:00,366 [INFO] WebApp:477 - Direct internet connection detected
2025-02-12 20:40:00,390 [WARN] PackLoader:240 - Cannot read IP mode file for STMicroelectronics.X-CUBE-ISPU.2.1.0
2025-02-12 20:40:00,464 [WARN] PackLoader:240 - Cannot read IP mode file for STMicroelectronics.X-CUBE-AZRTOS-L5.2.0.0
2025-02-12 20:40:00,494 [WARN] PackLoader:240 - Cannot read IP mode file for STMicroelectronics.X-CUBE-NFC6.3.1.0
2025-02-12 20:40:00,522 [WARN] PackLoader:240 - Cannot read IP mode file for STMicroelectronics.X-CUBE-DPower.1.2.0
2025-02-12 20:40:00,547 [WARN] PackLoader:240 - Cannot read IP mode file for STMicroelectronics.X-CUBE-FREERTOS.1.3.0
2025-02-12 20:40:00,573 [WARN] PackLoader:240 - Cannot read IP mode file for STMicroelectronics.X-CUBE-NFC7.1.0.1
2025-02-12 20:40:00,684 [WARN] ConditionMgr:438 - getConditionDescription Invalid condition id : LAN8742 Phy interface Condition cause : null
2025-02-12 20:40:00,685 [WARN] PackLoader:240 - Cannot read IP mode file for STMicroelectronics.X-CUBE-AZRTOS-L4.2.0.0
2025-02-12 20:40:00,687 [WARN] ConditionMgr:1044 - genDependencies : Invalid condition id : LAN8742 Phy interface Condition cause : null
2025-02-12 20:40:00,687 [WARN] ConditionMgr:1044 - genDependencies : Invalid condition id : LAN8742 Phy interface Condition cause : null
2025-02-12 20:40:00,688 [WARN] ConditionMgr:1044 - genDependencies : Invalid condition id : LAN8742 Phy interface Condition cause : null
2025-02-12 20:40:00,718 [WARN] PackLoader:240 - Cannot read IP mode file for STMicroelectronics.X-CUBE-SFXS2LP1.4.0.0
2025-02-12 20:40:00,802 [WARN] PackLoader:240 - Cannot read IP mode file for STMicroelectronics.X-CUBE-AZRTOS-H7.3.3.0
2025-02-12 20:40:00,846 [WARN] ConditionMgr:438 - getConditionDescription Invalid condition id : UX DEVICE CLASS RTOS Condition cause : null
2025-02-12 20:40:00,846 [WARN] ConditionMgr:438 - getConditionDescription Invalid condition id : UX DEVICE CLASS RTOS Condition cause : null
2025-02-12 20:40:00,850 [WARN] PackLoader:240 - Cannot read IP mode file for STMicroelectronics.X-CUBE-AZRTOS-WB.2.0.0
2025-02-12 20:40:00,851 [WARN] ConditionMgr:1044 - genDependencies : Invalid condition id : UX DEVICE CLASS RTOS Condition cause : null
2025-02-12 20:40:00,851 [WARN] ConditionMgr:1044 - genDependencies : Invalid condition id : UX DEVICE CLASS RTOS Condition cause : null
2025-02-12 20:40:00,851 [WARN] ConditionMgr:1044 - genDependencies : Invalid condition id : UX DEVICE CLASS RTOS Condition cause : null
2025-02-12 20:40:00,852 [WARN] ConditionMgr:1044 - genDependencies : Invalid condition id : UX DEVICE CLASS RTOS Condition cause : null
2025-02-12 20:40:00,852 [WARN] ConditionMgr:1044 - genDependencies : Invalid condition id : UX DEVICE CLASS RTOS Condition cause : null
2025-02-12 20:40:00,879 [WARN] PackLoader:240 - Cannot read IP mode file for STMicroelectronics.X-CUBE-GNSS1.7.0.1
2025-02-12 20:40:00,907 [WARN] PackLoader:240 - Cannot read IP mode file for STMicroelectronics.FP-SNS-STBOX1.2.0.0
2025-02-12 20:40:00,941 [WARN] PackLoader:240 - Cannot read IP mode file for STMicroelectronics.X-CUBE-SUBG2.5.0.0
2025-02-12 20:40:00,945 [INFO] WebApp:221 - Starting web application
2025-02-12 20:40:00,945 [INFO] WebApp:579 - Web application path used C:\ST\STM32CubeIDE_1.17.0\STM32CubeIDE\plugins\com.st.stm32cube.common.mx_6.13.0.202411220809\db\plugins\mcufinder\reactClient1\index.html
2025-02-12 20:40:00,971 [WARN] PackLoader:240 - Cannot read IP mode file for Cesanta.I-CUBE-Mongoose.7.13.0
2025-02-12 20:40:01,044 [WARN] PackLoader:240 - Cannot read IP mode file for STMicroelectronics.X-CUBE-AZRTOS-G4.2.0.0
2025-02-12 20:40:01,092 [WARN] PackLoader:240 - Cannot read IP mode file for STMicroelectronics.X-CUBE-IPS.3.1.0
2025-02-12 20:40:01,125 [WARN] PackLoader:240 - Cannot read IP mode file for STMicroelectronics.X-CUBE-ALS.1.0.2
2025-02-12 20:40:01,149 [WARN] PackLoader:240 - Cannot read IP mode file for STMicroelectronics.X-CUBE-TOUCHGFX.4.24.2
2025-02-12 20:40:01,173 [WARN] PackLoader:240 - Cannot read IP mode file for wolfSSL.I-CUBE-wolfTPM.3.4.0
2025-02-12 20:40:01,196 [WARN] PackLoader:240 - Cannot read IP mode file for portGmbH.I-Cube-SoM-uGOAL.1.1.0
2025-02-12 20:40:01,242 [WARN] PackLoader:240 - Cannot read IP mode file for STMicroelectronics.X-CUBE-AZRTOS-H7RS.1.0.0
2025-02-12 20:40:01,278 [WARN] PackLoader:240 - Cannot read IP mode file for STMicroelectronics.X-CUBE-TOF1.3.4.2
2025-02-12 20:40:01,378 [INFO] UserAuth:486 - Internet connection configuration mode: 1
2025-02-12 20:40:01,403 [WARN] PackLoader:240 - Cannot read IP mode file for wolfSSL.I-CUBE-wolfSSH.1.4.17
2025-02-12 20:40:01,404 [INFO] ThirdParty:978 - Integrity check success = true
2025-02-12 20:40:01,404 [INFO] IntegrityCheckThread:100 - exiting critical section [integrity check]
2025-02-12 20:40:01,404 [INFO] IntegrityCheckThread:103 - End integrity checks thread
2025-02-12 20:40:02,000 [INFO] WebApp:187 - Connection restablished
2025-02-12 22:04:39,897 [INFO] WebApp:190 - Connection lost
2025-02-12 22:04:41,721 [INFO] WebApp:187 - Connection restablished
2025-02-12 22:04:41,986 [INFO] WebApp:190 - Connection lost
2025-02-12 22:04:42,174 [INFO] WebApp:187 - Connection restablished
2025-02-12 22:56:56,777 [ERROR] ConfigurationRetriever:142 - IOException on connection: Connect timed out
