2025-02-16 02:26:58,647 [ERROR] LogOutputStream:75 - [STDERR_REDIRECT] 
2025-02-16 18:48:45,517 [INFO] Activator:176 - 


2025-02-16 18:48:45,520 [INFO] Activator:177 - !SESSION log4j initialized
2025-02-16 18:48:55,340 [INFO] LogOutputStream:77 - [STDOUT_REDIRECT] 
2025-02-16 18:49:02,381 [INFO] ApplicationProperties:184 - Using Application install path: C:\ST\STM32CubeIDE_1.17.0\STM32CubeIDE\plugins\com.st.stm32cube.common.mx_6.13.0.202411220809
2025-02-16 18:49:02,406 [INFO] DbMcusXml:78 - Set database path to: C:\ST\STM32CubeIDE_1.17.0\STM32CubeIDE\plugins\com.st.stm32cube.common.mx_6.13.0.202411220809\\db\/mcu/
2025-02-16 18:49:02,407 [INFO] ApiDb:274 - Set plugin database path to: C:\ST\STM32CubeIDE_1.17.0\STM32CubeIDE\plugins\com.st.stm32cube.common.mx_6.13.0.202411220809\\db\/plugins/boardmanager/
2025-02-16 18:49:02,407 [WARN] ApiDb:259 - Overriding images path with different value:  => C:\ST\STM32CubeIDE_1.17.0\STM32CubeIDE\plugins\com.st.stm32cube.common.mx_6.13.0.202411220809\\db\/plugins/mcufinder/images/
2025-02-16 18:49:02,418 [INFO] ApiDb:250 - Set database path to: C:\Users\User\.stmcufinder\plugins\mcufinder//mcu/
2025-02-16 18:49:02,419 [INFO] DbMcusAds:125 - Set database path to: C:\Users\User\.stmcufinder\plugins\mcufinder//mcu/
2025-02-16 18:49:02,423 [INFO] CrossReferenceDbSqlite:203 - Set database path to: C:\Users\User\.stmcufinder\plugins\mcufinder//mcu/cs/
2025-02-16 18:49:02,577 [INFO] RulesReader:64 - Compatibility file has been processed (297 Rules)
2025-02-16 18:49:02,687 [INFO] DbMcusXml:78 - Set database path to: C:\ST\STM32CubeIDE_1.17.0\STM32CubeIDE\plugins\com.st.stm32cube.common.mx_6.13.0.202411220809\\db\/mcu/
2025-02-16 18:49:02,687 [INFO] ApiDb:274 - Set plugin database path to: C:\ST\STM32CubeIDE_1.17.0\STM32CubeIDE\plugins\com.st.stm32cube.common.mx_6.13.0.202411220809\\db\/plugins/boardmanager/
2025-02-16 18:49:02,687 [INFO] ApiDb:261 - Set plugin images path to: C:\ST\STM32CubeIDE_1.17.0\STM32CubeIDE\plugins\com.st.stm32cube.common.mx_6.13.0.202411220809\\db\/plugins/mcufinder/images/
2025-02-16 18:49:02,687 [WARN] DbFile:41 - Overriding database path with different value: C:\Users\User\.stmcufinder\plugins\mcufinder/ => C:\Users\User\.stmcufinder\plugins\mcufinder
2025-02-16 18:49:02,688 [INFO] ApiDb:250 - Set database path to: C:\Users\User\.stmcufinder\plugins\mcufinder//mcu/
2025-02-16 18:49:02,688 [WARN] DbFile:41 - Overriding database path with different value: C:\Users\User\.stmcufinder\plugins\mcufinder/ => C:\Users\User\.stmcufinder\plugins\mcufinder
2025-02-16 18:49:02,688 [INFO] DbMcusAds:125 - Set database path to: C:\Users\User\.stmcufinder\plugins\mcufinder//mcu/
2025-02-16 18:49:02,688 [WARN] DbFile:41 - Overriding database path with different value: C:\Users\User\.stmcufinder\plugins\mcufinder/ => C:\Users\User\.stmcufinder\plugins\mcufinder
2025-02-16 18:49:02,688 [WARN] DbFile:41 - Overriding database path with different value: C:\Users\User\.stmcufinder\plugins\mcufinder/ => C:\Users\User\.stmcufinder\plugins\mcufinder
2025-02-16 18:49:02,688 [INFO] CrossReferenceDbSqlite:203 - Set database path to: C:\Users\User\.stmcufinder\plugins\mcufinder//mcu/cs/
2025-02-16 18:49:02,793 [INFO] MainPanel:272 - HeapMemory: 268435456
2025-02-16 18:49:02,937 [INFO] DbMcusXml:78 - Set database path to: C:\ST\STM32CubeIDE_1.17.0\STM32CubeIDE\plugins\com.st.stm32cube.common.mx_6.13.0.202411220809\\db\/mcu/
2025-02-16 18:49:02,938 [INFO] ApiDb:274 - Set plugin database path to: C:\ST\STM32CubeIDE_1.17.0\STM32CubeIDE\plugins\com.st.stm32cube.common.mx_6.13.0.202411220809\\db\/plugins/boardmanager/
2025-02-16 18:49:02,938 [INFO] ApiDb:261 - Set plugin images path to: C:\ST\STM32CubeIDE_1.17.0\STM32CubeIDE\plugins\com.st.stm32cube.common.mx_6.13.0.202411220809\\db\/plugins/mcufinder/images/
2025-02-16 18:49:02,938 [WARN] DbFile:41 - Overriding database path with different value: C:\Users\User\.stmcufinder\plugins\mcufinder/ => C:\Users\User\.stmcufinder\plugins\mcufinder
2025-02-16 18:49:02,938 [INFO] ApiDb:250 - Set database path to: C:\Users\User\.stmcufinder\plugins\mcufinder//mcu/
2025-02-16 18:49:02,939 [WARN] DbFile:41 - Overriding database path with different value: C:\Users\User\.stmcufinder\plugins\mcufinder/ => C:\Users\User\.stmcufinder\plugins\mcufinder
2025-02-16 18:49:02,939 [INFO] DbMcusAds:125 - Set database path to: C:\Users\User\.stmcufinder\plugins\mcufinder//mcu/
2025-02-16 18:49:02,939 [WARN] DbFile:41 - Overriding database path with different value: C:\Users\User\.stmcufinder\plugins\mcufinder/ => C:\Users\User\.stmcufinder\plugins\mcufinder
2025-02-16 18:49:02,939 [WARN] DbFile:41 - Overriding database path with different value: C:\Users\User\.stmcufinder\plugins\mcufinder/ => C:\Users\User\.stmcufinder\plugins\mcufinder
2025-02-16 18:49:02,939 [INFO] CrossReferenceDbSqlite:203 - Set database path to: C:\Users\User\.stmcufinder\plugins\mcufinder//mcu/cs/
2025-02-16 18:49:02,967 [INFO] ApplicationProperties:184 - Using Application install path: C:\ST\STM32CubeIDE_1.17.0\STM32CubeIDE\plugins\com.st.stm32cube.common.mx_6.13.0.202411220809
2025-02-16 18:49:02,972 [INFO] PluginManage:196 - Search for loadable plugins [exclusion list=, ]
2025-02-16 18:49:02,975 [INFO] PluginManage:310 - Check plugin analytics
2025-02-16 18:49:07,756 [INFO] AnalyticsPlugin:253 - Accepted Software Licenses: 
2025-02-16 18:49:07,756 [INFO] AnalyticsPlugin:255 - Accepted CMSIS Pack Licenses: 
2025-02-16 18:49:07,757 [INFO] AnalyticsPlugin:257 - Accepted Firmware Licenses: FW.F4.1.28.0
2025-02-16 18:49:07,761 [INFO] PluginManage:359 - Loaded plugin analytics (category:tool,tabindex:-1)
2025-02-16 18:49:07,761 [INFO] PluginManage:310 - Check plugin cadmodel
2025-02-16 18:49:07,791 [INFO] CADModel:105 - Init CAD model plugin
2025-02-16 18:49:07,791 [INFO] PluginManage:359 - Loaded plugin cadmodel (category:power,tabindex:5)
2025-02-16 18:49:07,791 [INFO] PluginManage:310 - Check plugin clock
2025-02-16 18:49:07,822 [INFO] PluginManage:359 - Loaded plugin clock (category:base,tabindex:2)
2025-02-16 18:49:07,822 [INFO] PluginManage:310 - Check plugin ddr
2025-02-16 18:49:07,827 [INFO] PluginManage:359 - Loaded plugin ddr (category:tool,tabindex:6)
2025-02-16 18:49:07,827 [INFO] PluginManage:310 - Check plugin filemanager
2025-02-16 18:49:08,052 [INFO] PluginManage:359 - Loaded plugin filemanager (category:base,tabindex:10)
2025-02-16 18:49:08,052 [INFO] PluginManage:310 - Check plugin ipmanager
2025-02-16 18:49:08,061 [INFO] PluginManage:359 - Loaded plugin ipmanager (category:base,tabindex:5)
2025-02-16 18:49:08,061 [INFO] PluginManage:310 - Check plugin lpbam
2025-02-16 18:49:08,084 [INFO] PluginManage:359 - Loaded plugin lpbam (category:base,tabindex:0)
2025-02-16 18:49:08,085 [INFO] PluginManage:310 - Check plugin memorymap
2025-02-16 18:49:08,116 [INFO] PluginManage:359 - Loaded plugin memorymap (category:base,tabindex:4)
2025-02-16 18:49:08,116 [INFO] PluginManage:310 - Check plugin pinoutandconfiguration
2025-02-16 18:49:08,141 [INFO] PluginManage:359 - Loaded plugin pinoutandconfiguration (category:base,tabindex:1)
2025-02-16 18:49:08,141 [INFO] PluginManage:310 - Check plugin pinoutconfig
2025-02-16 18:49:08,272 [WARN] SupportedApi:132 - Cannot load RTOS API schema: s4s-elt-must-match.1: The content of 'definitions' must match (annotation?, (simpleType | complexType)?, (unique | key | keyref)*)). A problem was found starting at: attribute.
2025-02-16 18:49:08,464 [INFO] PluginManage:359 - Loaded plugin pinoutconfig (category:base,tabindex:0)
2025-02-16 18:49:08,465 [INFO] PluginManage:310 - Check plugin power
2025-02-16 18:49:08,499 [INFO] PluginManage:359 - Loaded plugin power (category:power,tabindex:4)
2025-02-16 18:49:08,500 [INFO] PluginManage:310 - Check plugin projectmanager
2025-02-16 18:49:08,526 [INFO] PluginManage:359 - Loaded plugin projectmanager (category:projectmanager,tabindex:4)
2025-02-16 18:49:08,527 [INFO] PluginManage:310 - Check plugin rif
2025-02-16 18:49:08,559 [INFO] PluginManage:359 - Loaded plugin rif (category:base,tabindex:3)
2025-02-16 18:49:08,559 [INFO] PluginManage:310 - Check plugin thirdparty
2025-02-16 18:49:08,953 [INFO] PluginManage:359 - Loaded plugin thirdparty (category:base,tabindex:-1)
2025-02-16 18:49:08,954 [INFO] PluginManage:310 - Check plugin tools
2025-02-16 18:49:08,953 [WARN] IntegrityCheckThread:84 - waiting for thirdparty lock release [integrity check]
2025-02-16 18:49:08,954 [INFO] IntegrityCheckThread:86 - entering critical section [integrity check]
2025-02-16 18:49:08,957 [INFO] ThirdPartyUpdaterWithRetryManager:70 - Updater plugin not ready yet. [1/15]
2025-02-16 18:49:09,010 [INFO] PluginManage:359 - Loaded plugin tools (category:base,tabindex:7)
2025-02-16 18:49:09,010 [INFO] PluginManage:310 - Check plugin tutovideos
2025-02-16 18:49:09,275 [INFO] PluginManage:359 - Loaded plugin tutovideos (category:base,tabindex:-1)
2025-02-16 18:49:09,276 [INFO] PluginManage:310 - Check plugin updater
2025-02-16 18:49:09,310 [INFO] PluginManage:359 - Loaded plugin updater (category:base,tabindex:12)
2025-02-16 18:49:09,310 [INFO] PluginManage:310 - Check plugin userauth
2025-02-16 18:49:09,317 [INFO] UserAuth:118 - Init User Auth plugin
2025-02-16 18:49:09,319 [INFO] PluginManage:359 - Loaded plugin userauth (category:base,tabindex:14)
2025-02-16 18:49:09,319 [INFO] PluginManage:283 - PluginManage : Loaded plugins [18]
2025-02-16 18:49:09,638 [INFO] PinOutPanel:1589 - setPackage(No Configuration,No Configuration)
2025-02-16 18:49:09,760 [INFO] CADModel:165 - CPN selected for project level
2025-02-16 18:49:09,761 [INFO] CADModel:114 - Register for checkConnection events
2025-02-16 18:49:09,798 [INFO] IPUIPlugin:80 - create IPUIPlugin
2025-02-16 18:49:09,799 [INFO] PluginManager:220 - loadIPPluginJar : add adc
2025-02-16 18:49:09,857 [INFO] IPUIPlugin:80 - create IPUIPlugin
2025-02-16 18:49:09,857 [INFO] PluginManager:220 - loadIPPluginJar : add aes
2025-02-16 18:49:09,920 [INFO] IPUIPlugin:80 - create IPUIPlugin
2025-02-16 18:49:09,920 [INFO] PluginManager:220 - loadIPPluginJar : add can
2025-02-16 18:49:09,961 [INFO] IPUIPlugin:80 - create IPUIPlugin
2025-02-16 18:49:09,961 [INFO] PluginManager:220 - loadIPPluginJar : add comp
2025-02-16 18:49:10,014 [INFO] IPUIPlugin:80 - create IPUIPlugin
2025-02-16 18:49:10,014 [INFO] PluginManager:220 - loadIPPluginJar : add cryp
2025-02-16 18:49:10,038 [INFO] IPUIPlugin:80 - create IPUIPlugin
2025-02-16 18:49:10,038 [INFO] PluginManager:220 - loadIPPluginJar : add ddr_ctrl_phy
2025-02-16 18:49:10,096 [INFO] IPUIPlugin:80 - create IPUIPlugin
2025-02-16 18:49:10,096 [INFO] PluginManager:220 - loadIPPluginJar : add dfsdm
2025-02-16 18:49:10,119 [INFO] IPUIPlugin:80 - create IPUIPlugin
2025-02-16 18:49:10,120 [INFO] PluginManager:220 - loadIPPluginJar : add dma
2025-02-16 18:49:10,198 [INFO] IPUIPlugin:80 - create IPUIPlugin
2025-02-16 18:49:10,199 [INFO] PluginManager:220 - loadIPPluginJar : add dma3
2025-02-16 18:49:10,262 [INFO] IPUIPlugin:80 - create IPUIPlugin
2025-02-16 18:49:10,263 [INFO] PluginManager:220 - loadIPPluginJar : add extmemmanager
2025-02-16 18:49:10,295 [INFO] IPUIPlugin:80 - create IPUIPlugin
2025-02-16 18:49:10,295 [INFO] PluginManager:220 - loadIPPluginJar : add fatfs
2025-02-16 18:49:10,362 [INFO] IPUIPlugin:80 - create IPUIPlugin
2025-02-16 18:49:10,362 [INFO] PluginManager:220 - loadIPPluginJar : add fmc
2025-02-16 18:49:10,387 [INFO] IPUIPlugin:80 - create IPUIPlugin
2025-02-16 18:49:10,387 [INFO] PluginManager:220 - loadIPPluginJar : add freertos
2025-02-16 18:49:10,425 [INFO] IPUIPlugin:80 - create IPUIPlugin
2025-02-16 18:49:10,425 [INFO] PluginManager:220 - loadIPPluginJar : add genericplugin
2025-02-16 18:49:10,570 [INFO] IPUIPlugin:80 - create IPUIPlugin
2025-02-16 18:49:10,570 [INFO] PluginManager:220 - loadIPPluginJar : add gfxmmu
2025-02-16 18:49:10,773 [INFO] IPUIPlugin:80 - create IPUIPlugin
2025-02-16 18:49:10,773 [INFO] PluginManager:220 - loadIPPluginJar : add gic
2025-02-16 18:49:10,791 [INFO] IPUIPlugin:80 - create IPUIPlugin
2025-02-16 18:49:10,792 [INFO] PluginManager:220 - loadIPPluginJar : add gpio
2025-02-16 18:49:10,927 [INFO] IPUIPlugin:80 - create IPUIPlugin
2025-02-16 18:49:10,927 [INFO] PluginManager:220 - loadIPPluginJar : add gtzc
2025-02-16 18:49:10,978 [INFO] IPUIPlugin:80 - create IPUIPlugin
2025-02-16 18:49:10,978 [INFO] PluginManager:220 - loadIPPluginJar : add hash
2025-02-16 18:49:11,054 [INFO] IPUIPlugin:80 - create IPUIPlugin
2025-02-16 18:49:11,054 [INFO] PluginManager:220 - loadIPPluginJar : add i2c
2025-02-16 18:49:11,113 [INFO] IPUIPlugin:80 - create IPUIPlugin
2025-02-16 18:49:11,113 [INFO] PluginManager:220 - loadIPPluginJar : add i2s
2025-02-16 18:49:11,176 [INFO] IPUIPlugin:80 - create IPUIPlugin
2025-02-16 18:49:11,176 [INFO] PluginManager:220 - loadIPPluginJar : add i3c
2025-02-16 18:49:11,334 [INFO] IPUIPlugin:80 - create IPUIPlugin
2025-02-16 18:49:11,334 [INFO] PluginManager:220 - loadIPPluginJar : add ipddr
2025-02-16 18:49:11,472 [INFO] IPUIPlugin:80 - create IPUIPlugin
2025-02-16 18:49:11,473 [INFO] PluginManager:220 - loadIPPluginJar : add linkedlist
2025-02-16 18:49:11,529 [INFO] IPUIPlugin:80 - create IPUIPlugin
2025-02-16 18:49:11,530 [INFO] PluginManager:220 - loadIPPluginJar : add lorawan
2025-02-16 18:49:11,584 [INFO] IPUIPlugin:80 - create IPUIPlugin
2025-02-16 18:49:11,584 [INFO] PluginManager:220 - loadIPPluginJar : add ltdc
2025-02-16 18:49:11,611 [INFO] IPUIPlugin:80 - create IPUIPlugin
2025-02-16 18:49:11,611 [INFO] PluginManager:220 - loadIPPluginJar : add mdma
2025-02-16 18:49:11,630 [INFO] IPUIPlugin:80 - create IPUIPlugin
2025-02-16 18:49:11,631 [INFO] PluginManager:220 - loadIPPluginJar : add nvic
2025-02-16 18:49:11,688 [INFO] IPUIPlugin:80 - create IPUIPlugin
2025-02-16 18:49:11,688 [INFO] PluginManager:220 - loadIPPluginJar : add opamp
2025-02-16 18:49:11,784 [INFO] IPUIPlugin:80 - create IPUIPlugin
2025-02-16 18:49:11,784 [INFO] PluginManager:220 - loadIPPluginJar : add openamp
2025-02-16 18:49:11,854 [INFO] IPUIPlugin:80 - create IPUIPlugin
2025-02-16 18:49:11,854 [INFO] PluginManager:220 - loadIPPluginJar : add pdm2pcm
2025-02-16 18:49:11,873 [INFO] IPUIPlugin:80 - create IPUIPlugin
2025-02-16 18:49:11,875 [INFO] PluginManager:220 - loadIPPluginJar : add plateformsettings
2025-02-16 18:49:11,909 [INFO] IPUIPlugin:80 - create IPUIPlugin
2025-02-16 18:49:11,909 [INFO] PluginManager:220 - loadIPPluginJar : add quadspi
2025-02-16 18:49:11,949 [INFO] IPUIPlugin:80 - create IPUIPlugin
2025-02-16 18:49:11,950 [INFO] PluginManager:220 - loadIPPluginJar : add radio
2025-02-16 18:49:11,959 [INFO] ThirdPartyUpdaterWithRetryManager:70 - Updater plugin not ready yet. [2/15]
2025-02-16 18:49:11,969 [INFO] IPUIPlugin:80 - create IPUIPlugin
2025-02-16 18:49:11,970 [INFO] PluginManager:220 - loadIPPluginJar : add resmgrutility
2025-02-16 18:49:12,045 [INFO] IPUIPlugin:80 - create IPUIPlugin
2025-02-16 18:49:12,045 [INFO] PluginManager:220 - loadIPPluginJar : add sai
2025-02-16 18:49:12,098 [INFO] IPUIPlugin:80 - create IPUIPlugin
2025-02-16 18:49:12,098 [INFO] PluginManager:220 - loadIPPluginJar : add spi
2025-02-16 18:49:12,197 [INFO] IPUIPlugin:80 - create IPUIPlugin
2025-02-16 18:49:12,197 [INFO] PluginManager:220 - loadIPPluginJar : add stm32_wpan
2025-02-16 18:49:12,242 [INFO] IPUIPlugin:80 - create IPUIPlugin
2025-02-16 18:49:12,242 [INFO] PluginManager:220 - loadIPPluginJar : add tim
2025-02-16 18:49:12,329 [INFO] IPUIPlugin:80 - create IPUIPlugin
2025-02-16 18:49:12,329 [INFO] PluginManager:220 - loadIPPluginJar : add touchsensing
2025-02-16 18:49:12,365 [INFO] IPUIPlugin:80 - create IPUIPlugin
2025-02-16 18:49:12,365 [INFO] PluginManager:220 - loadIPPluginJar : add tracer_emb
2025-02-16 18:49:12,401 [INFO] IPUIPlugin:80 - create IPUIPlugin
2025-02-16 18:49:12,401 [INFO] PluginManager:220 - loadIPPluginJar : add ts
2025-02-16 18:49:12,434 [INFO] IPUIPlugin:80 - create IPUIPlugin
2025-02-16 18:49:12,434 [INFO] PluginManager:220 - loadIPPluginJar : add tsc
2025-02-16 18:49:12,466 [INFO] IPUIPlugin:80 - create IPUIPlugin
2025-02-16 18:49:12,467 [INFO] PluginManager:220 - loadIPPluginJar : add ucpd
2025-02-16 18:49:12,529 [INFO] IPUIPlugin:80 - create IPUIPlugin
2025-02-16 18:49:12,529 [INFO] PluginManager:220 - loadIPPluginJar : add usart
2025-02-16 18:49:12,594 [INFO] IPUIPlugin:80 - create IPUIPlugin
2025-02-16 18:49:12,594 [INFO] PluginManager:220 - loadIPPluginJar : add usbx
2025-02-16 18:49:12,745 [FATAL] Updater:351 - Updater called before beeing initialized
2025-02-16 18:49:12,798 [INFO] RulesReader:64 - Compatibility file has been processed (297 Rules)
2025-02-16 18:49:12,811 [INFO] RulesReader:64 - Compatibility file has been processed (297 Rules)
2025-02-16 18:49:12,820 [INFO] CADModel:165 - CPN selected for project level
2025-02-16 18:49:12,820 [INFO] CADModel:114 - Register for checkConnection events
2025-02-16 18:49:12,820 [FATAL] Updater:351 - Updater called before beeing initialized
2025-02-16 18:49:12,820 [ERROR] CADModel:125 - Updater not yet initialized, retry later 
2025-02-16 18:49:13,003 [FATAL] Updater:351 - Updater called before beeing initialized
2025-02-16 18:49:13,006 [INFO] CADModel:165 - CPN selected for project level
2025-02-16 18:49:13,006 [INFO] CADModel:114 - Register for checkConnection events
2025-02-16 18:49:13,006 [FATAL] Updater:351 - Updater called before beeing initialized
2025-02-16 18:49:13,006 [ERROR] CADModel:125 - Updater not yet initialized, retry later 
2025-02-16 18:49:13,010 [FATAL] Updater:351 - Updater called before beeing initialized
2025-02-16 18:49:13,182 [FATAL] Updater:351 - Updater called before beeing initialized
2025-02-16 18:49:13,196 [INFO] DbMcusAds:53 - JSON generation date=Tue Dec 17 17:01:15 CET 2024 (1734451275111)
2025-02-16 18:49:13,196 [FATAL] Updater:351 - Updater called before beeing initialized
2025-02-16 18:49:13,243 [WARN] DetailPanel:346 - Failed to get advertising image, set to default
2025-02-16 18:49:13,571 [FATAL] Updater:351 - Updater called before beeing initialized
2025-02-16 18:49:13,572 [FATAL] Updater:351 - Updater called before beeing initialized
2025-02-16 18:49:13,572 [FATAL] Updater:351 - Updater called before beeing initialized
2025-02-16 18:49:13,573 [WARN] DetailPanel:346 - Failed to get advertising image, set to default
2025-02-16 18:49:13,573 [FATAL] Updater:351 - Updater called before beeing initialized
2025-02-16 18:49:13,665 [ERROR] Updater:1198 - MainUpdater not yet initialized. External WinMGr cannot be set.
2025-02-16 18:49:13,677 [INFO] Updater:1134 - Updater Version found : 6.13.0
2025-02-16 18:49:13,699 [INFO] ApplicationProperties:184 - Using Application install path: C:\ST\STM32CubeIDE_1.17.0\STM32CubeIDE\plugins\com.st.stm32cube.common.mx_6.13.0.202411220809
2025-02-16 18:49:14,959 [INFO] ThirdPartyUpdaterWithRetryManager:70 - Updater plugin not ready yet. [3/15]
2025-02-16 18:49:15,285 [ERROR] LogOutputStream:75 - [STDERR_REDIRECT] Feb 16, 2025 6:49:15 PM java.util.prefs.WindowsPreferences <init>
2025-02-16 18:49:15,287 [ERROR] LogOutputStream:75 - [STDERR_REDIRECT] WARNING: Could not open/create prefs root node Software\JavaSoft\Prefs at root 0xffffffff80000002. Windows RegCreateKeyEx(...) returned error code 5.
2025-02-16 18:49:15,287 [ERROR] LogOutputStream:75 - [STDERR_REDIRECT] 
2025-02-16 18:49:15,659 [INFO] MainUpdater:2872 - connection check result : 10
2025-02-16 18:49:15,660 [INFO] MainUpdater:289 - Updater Check For Update Now.
2025-02-16 18:49:15,661 [INFO] MicroXplorer:498 - Change Database Version : DB.6.0.130
2025-02-16 18:49:15,688 [INFO] McuFinderGlobals:63 - Set McuFinder mode to 2 (CubeIDE integrated)
2025-02-16 18:49:15,703 [INFO] UserAuth:486 - Internet connection configuration mode: 1
2025-02-16 18:49:15,755 [INFO] JxBrowserEngine:152 - Initiate JxBrowser Engine with user profile folder
2025-02-16 18:49:16,002 [INFO] CheckServerUpdateThread:120 - End of CheckServer Thread
2025-02-16 18:49:17,812 [INFO] WebApp:168 - Instantiating new browser for Auth
2025-02-16 18:49:18,796 [WARN] PackLoader:240 - Cannot read IP mode file for STMicroelectronics.FP-SNS-MOTENVWB1.1.4.0
2025-02-16 18:49:18,822 [WARN] PackLoader:240 - Cannot read IP mode file for STMicroelectronics.FP-ATR-ASTRA1.2.0.1
2025-02-16 18:49:18,854 [WARN] PackLoader:240 - Cannot read IP mode file for STMicroelectronics.X-CUBE-SMBUS.2.1.0
2025-02-16 18:49:18,893 [WARN] PackLoader:240 - Cannot read IP mode file for STMicroelectronics.X-CUBE-WB05N.1.1.0
2025-02-16 18:49:19,008 [WARN] PackLoader:240 - Cannot read IP mode file for STMicroelectronics.X-CUBE-AZRTOS-F7.1.1.0
2025-02-16 18:49:19,067 [WARN] PackLoader:240 - Cannot read IP mode file for STMicroelectronics.FP-SNS-FLIGHT1.5.0.2
2025-02-16 18:49:19,219 [WARN] PackLoader:240 - Cannot read IP mode file for Infineon.AIROC-Wi-Fi-Bluetooth-STM32.1.7.0
2025-02-16 18:49:19,309 [WARN] PackLoader:240 - Cannot read IP mode file for STMicroelectronics.X-CUBE-DISPLAY.3.0.0
2025-02-16 18:49:19,368 [WARN] PackLoader:240 - Cannot read IP mode file for STMicroelectronics.X-CUBE-BLE1.7.0.0
2025-02-16 18:49:19,447 [WARN] PackLoader:240 - Cannot read IP mode file for STMicroelectronics.X-CUBE-NFC10.1.0.0
2025-02-16 18:49:19,578 [WARN] PackLoader:240 - Cannot read IP mode file for STMicroelectronics.X-CUBE-BLEMGR.4.0.0
2025-02-16 18:49:19,613 [WARN] PackLoader:240 - Cannot read IP mode file for emotas.I-CUBE-CANOPEN.1.3.0
2025-02-16 18:49:19,686 [WARN] PackLoader:240 - Cannot read IP mode file for STMicroelectronics.X-CUBE-AI.10.0.0
2025-02-16 18:49:19,715 [WARN] PackLoader:240 - Cannot read IP mode file for STMicroelectronics.FP-SNS-SMARTAG2.1.2.0
2025-02-16 18:49:20,005 [WARN] PackLoader:240 - Cannot read IP mode file for STMicroelectronics.X-CUBE-MEMS1.11.1.0
2025-02-16 18:49:20,014 [INFO] WebApp:449 - Apply proxy settings
2025-02-16 18:49:20,015 [INFO] WebApp:534 - Chromium requires no authentication
2025-02-16 18:49:20,033 [INFO] WebApp:477 - Direct internet connection detected
2025-02-16 18:49:20,091 [INFO] WebApp:880 - Register for checkConnection events
2025-02-16 18:49:20,092 [INFO] WebApp:449 - Apply proxy settings
2025-02-16 18:49:20,092 [INFO] WebApp:534 - Chromium requires no authentication
2025-02-16 18:49:20,096 [INFO] WebApp:477 - Direct internet connection detected
2025-02-16 18:49:20,665 [INFO] LogOutputStream:77 - [STDOUT_REDIRECT] 1 : Invalid condition id : UX_CORESTACK_Condition cause : null
2025-02-16 18:49:20,666 [INFO] LogOutputStream:77 - [STDOUT_REDIRECT] 1 : Invalid condition id : UX_CORESTACK_Condition cause : null
2025-02-16 18:49:20,670 [INFO] LogOutputStream:77 - [STDOUT_REDIRECT] 1 : Invalid condition id : UX_CORESTACK_Condition cause : null
2025-02-16 18:49:20,672 [INFO] LogOutputStream:77 - [STDOUT_REDIRECT] 1 : Invalid condition id : UX_CORESTACK_Condition cause : null
2025-02-16 18:49:20,674 [INFO] LogOutputStream:77 - [STDOUT_REDIRECT] 1 : Invalid condition id : UX_CORESTACK_Condition cause : null
2025-02-16 18:49:20,680 [WARN] PackLoader:240 - Cannot read IP mode file for STMicroelectronics.X-CUBE-AZRTOS-WL.2.0.0
2025-02-16 18:49:20,725 [INFO] WebApp:221 - Starting web application
2025-02-16 18:49:20,726 [INFO] WebApp:579 - Web application path used C:\ST\STM32CubeIDE_1.17.0\STM32CubeIDE\plugins\com.st.stm32cube.common.mx_6.13.0.202411220809\db\plugins\mcufinder\reactClient1\index.html
2025-02-16 18:49:20,767 [WARN] PackLoader:240 - Cannot read IP mode file for STMicroelectronics.FP-SNS-MOTENV1.5.0.0
2025-02-16 18:49:20,793 [WARN] PackLoader:240 - Cannot read IP mode file for wolfSSL.I-CUBE-wolfMQTT.1.19.0
2025-02-16 18:49:20,838 [WARN] PackLoader:240 - Cannot read IP mode file for WES.I-CUBE-Cesium.1.3.0
2025-02-16 18:49:20,862 [WARN] PackLoader:240 - Cannot read IP mode file for STMicroelectronics.X-CUBE-BLE2.3.3.0
2025-02-16 18:49:20,887 [WARN] PackLoader:240 - Cannot read IP mode file for STMicroelectronics.X-CUBE-NFC9.1.0.0
2025-02-16 18:49:21,004 [WARN] PackLoader:240 - Cannot read IP mode file for STMicroelectronics.X-CUBE-AZRTOS-G0.1.1.0
2025-02-16 18:49:21,068 [INFO] WebApp:187 - Connection restablished
2025-02-16 18:49:21,141 [WARN] PackLoader:240 - Cannot read IP mode file for STMicroelectronics.X-CUBE-SAFEA1.1.2.2
2025-02-16 18:49:21,182 [WARN] PackLoader:240 - Cannot read IP mode file for STMicroelectronics.X-CUBE-NFC4.3.0.0
2025-02-16 18:49:21,232 [WARN] PackLoader:240 - Cannot read IP mode file for EmbeddedOffice.I-CUBE-FS-RTOS.1.0.1
2025-02-16 18:49:21,346 [INFO] UserAuth:486 - Internet connection configuration mode: 1
2025-02-16 18:49:21,423 [WARN] PackLoader:240 - Cannot read IP mode file for STMicroelectronics.X-CUBE-TCPP.4.2.0
2025-02-16 18:49:21,473 [WARN] PackLoader:240 - Cannot read IP mode file for RealThread.X-CUBE-RT-Thread_Nano.4.1.1
2025-02-16 18:49:21,499 [WARN] PackLoader:240 - Cannot read IP mode file for STMicroelectronics.FP-ATR-SIGFOX1.3.2.0
2025-02-16 18:49:21,522 [WARN] ConditionMgr:438 - getConditionDescription Invalid condition id : Cortex-A Device cause : null
2025-02-16 18:49:21,623 [WARN] ConditionMgr:1044 - genDependencies : Invalid condition id : Cortex-A Device cause : null
2025-02-16 18:49:21,623 [WARN] ConditionMgr:1044 - genDependencies : Invalid condition id : Cortex-A Device cause : null
2025-02-16 18:49:21,623 [WARN] ConditionMgr:1044 - genDependencies : Invalid condition id : Cortex-A Device cause : null
2025-02-16 18:49:21,651 [WARN] PackLoader:240 - Cannot read IP mode file for STMicroelectronics.X-CUBE-EEPRMA1.5.1.0
2025-02-16 18:49:21,683 [WARN] PackLoader:240 - Cannot read IP mode file for wolfSSL.I-CUBE-wolfSSL.5.7.4
2025-02-16 18:49:21,813 [WARN] PackLoader:240 - Cannot read IP mode file for ITTIA_DB.I-CUBE-ITTIADB.8.9.0
2025-02-16 18:49:21,885 [WARN] PackLoader:240 - Cannot read IP mode file for SEGGER.I-CUBE-embOS.1.3.1
2025-02-16 18:49:22,037 [WARN] PackLoader:240 - Cannot read IP mode file for STMicroelectronics.X-CUBE-ALGOBUILD.1.4.0
2025-02-16 18:49:22,132 [WARN] PackLoader:240 - Cannot read IP mode file for STMicroelectronics.X-CUBE-AI.9.1.0
2025-02-16 18:49:22,202 [WARN] PackLoader:240 - Cannot read IP mode file for STMicroelectronics.X-CUBE-AZRTOS-F4.1.1.0
2025-02-16 18:49:22,227 [WARN] PackLoader:240 - Cannot read IP mode file for STMicroelectronics.X-CUBE-ISPU.2.1.0
2025-02-16 18:49:22,283 [WARN] PackLoader:240 - Cannot read IP mode file for STMicroelectronics.X-CUBE-AZRTOS-L5.2.0.0
2025-02-16 18:49:22,318 [WARN] PackLoader:240 - Cannot read IP mode file for STMicroelectronics.X-CUBE-NFC6.3.1.0
2025-02-16 18:49:22,348 [WARN] PackLoader:240 - Cannot read IP mode file for STMicroelectronics.X-CUBE-DPower.1.2.0
2025-02-16 18:49:22,372 [WARN] PackLoader:240 - Cannot read IP mode file for STMicroelectronics.X-CUBE-FREERTOS.1.3.0
2025-02-16 18:49:22,401 [WARN] PackLoader:240 - Cannot read IP mode file for STMicroelectronics.X-CUBE-NFC7.1.0.1
2025-02-16 18:49:22,490 [WARN] ConditionMgr:438 - getConditionDescription Invalid condition id : LAN8742 Phy interface Condition cause : null
2025-02-16 18:49:22,491 [WARN] PackLoader:240 - Cannot read IP mode file for STMicroelectronics.X-CUBE-AZRTOS-L4.2.0.0
2025-02-16 18:49:22,497 [WARN] ConditionMgr:1044 - genDependencies : Invalid condition id : LAN8742 Phy interface Condition cause : null
2025-02-16 18:49:22,498 [WARN] ConditionMgr:1044 - genDependencies : Invalid condition id : LAN8742 Phy interface Condition cause : null
2025-02-16 18:49:22,499 [WARN] ConditionMgr:1044 - genDependencies : Invalid condition id : LAN8742 Phy interface Condition cause : null
2025-02-16 18:49:22,538 [WARN] PackLoader:240 - Cannot read IP mode file for STMicroelectronics.X-CUBE-SFXS2LP1.4.0.0
2025-02-16 18:49:22,626 [WARN] PackLoader:240 - Cannot read IP mode file for STMicroelectronics.X-CUBE-AZRTOS-H7.3.3.0
2025-02-16 18:49:22,680 [WARN] ConditionMgr:438 - getConditionDescription Invalid condition id : UX DEVICE CLASS RTOS Condition cause : null
2025-02-16 18:49:22,681 [WARN] ConditionMgr:438 - getConditionDescription Invalid condition id : UX DEVICE CLASS RTOS Condition cause : null
2025-02-16 18:49:22,683 [WARN] PackLoader:240 - Cannot read IP mode file for STMicroelectronics.X-CUBE-AZRTOS-WB.2.0.0
2025-02-16 18:49:22,685 [WARN] ConditionMgr:1044 - genDependencies : Invalid condition id : UX DEVICE CLASS RTOS Condition cause : null
2025-02-16 18:49:22,685 [WARN] ConditionMgr:1044 - genDependencies : Invalid condition id : UX DEVICE CLASS RTOS Condition cause : null
2025-02-16 18:49:22,685 [WARN] ConditionMgr:1044 - genDependencies : Invalid condition id : UX DEVICE CLASS RTOS Condition cause : null
2025-02-16 18:49:22,686 [WARN] ConditionMgr:1044 - genDependencies : Invalid condition id : UX DEVICE CLASS RTOS Condition cause : null
2025-02-16 18:49:22,686 [WARN] ConditionMgr:1044 - genDependencies : Invalid condition id : UX DEVICE CLASS RTOS Condition cause : null
2025-02-16 18:49:22,713 [WARN] PackLoader:240 - Cannot read IP mode file for STMicroelectronics.X-CUBE-GNSS1.7.0.1
2025-02-16 18:49:22,741 [WARN] PackLoader:240 - Cannot read IP mode file for STMicroelectronics.FP-SNS-STBOX1.2.0.0
2025-02-16 18:49:22,781 [WARN] PackLoader:240 - Cannot read IP mode file for STMicroelectronics.X-CUBE-SUBG2.5.0.0
2025-02-16 18:49:22,812 [WARN] PackLoader:240 - Cannot read IP mode file for Cesanta.I-CUBE-Mongoose.7.13.0
2025-02-16 18:49:22,879 [WARN] PackLoader:240 - Cannot read IP mode file for STMicroelectronics.X-CUBE-AZRTOS-G4.2.0.0
2025-02-16 18:49:22,924 [WARN] PackLoader:240 - Cannot read IP mode file for STMicroelectronics.X-CUBE-IPS.3.1.0
2025-02-16 18:49:22,952 [WARN] PackLoader:240 - Cannot read IP mode file for STMicroelectronics.X-CUBE-ALS.1.0.2
2025-02-16 18:49:22,983 [WARN] PackLoader:240 - Cannot read IP mode file for STMicroelectronics.X-CUBE-TOUCHGFX.4.24.2
2025-02-16 18:49:23,006 [WARN] PackLoader:240 - Cannot read IP mode file for wolfSSL.I-CUBE-wolfTPM.3.4.0
2025-02-16 18:49:23,030 [WARN] PackLoader:240 - Cannot read IP mode file for portGmbH.I-Cube-SoM-uGOAL.1.1.0
2025-02-16 18:49:23,085 [WARN] PackLoader:240 - Cannot read IP mode file for STMicroelectronics.X-CUBE-AZRTOS-H7RS.1.0.0
2025-02-16 18:49:23,188 [WARN] PackLoader:240 - Cannot read IP mode file for STMicroelectronics.X-CUBE-TOF1.3.4.2
2025-02-16 18:49:23,229 [WARN] PackLoader:240 - Cannot read IP mode file for wolfSSL.I-CUBE-wolfSSH.1.4.17
2025-02-16 18:49:23,230 [INFO] ThirdParty:978 - Integrity check success = true
2025-02-16 18:49:23,230 [INFO] IntegrityCheckThread:100 - exiting critical section [integrity check]
2025-02-16 18:49:23,230 [INFO] IntegrityCheckThread:103 - End integrity checks thread
2025-02-16 21:22:51,001 [INFO] WebApp:190 - Connection lost
2025-02-16 21:22:51,177 [INFO] WebApp:187 - Connection restablished
2025-02-16 22:04:06,174 [INFO] WebApp:190 - Connection lost
2025-02-16 22:04:07,353 [INFO] WebApp:187 - Connection restablished
2025-02-16 22:04:08,992 [INFO] WebApp:190 - Connection lost
2025-02-16 22:04:09,112 [INFO] WebApp:187 - Connection restablished
2025-02-16 22:04:12,056 [INFO] WebApp:190 - Connection lost
2025-02-16 22:04:12,176 [INFO] WebApp:187 - Connection restablished
