2025-02-26 00:01:57,931 [INFO] Activator:176 - 


2025-02-26 00:01:57,938 [INFO] Activator:177 - !SESSION log4j initialized
2025-02-26 00:02:10,712 [INFO] LogOutputStream:77 - [STDOUT_REDIRECT] 
2025-02-26 00:02:18,660 [INFO] ApplicationProperties:184 - Using Application install path: C:\ST\STM32CubeIDE_1.17.0\STM32CubeIDE\plugins\com.st.stm32cube.common.mx_6.13.0.202411220809
2025-02-26 00:02:18,686 [INFO] DbMcusXml:78 - Set database path to: C:\ST\STM32CubeIDE_1.17.0\STM32CubeIDE\plugins\com.st.stm32cube.common.mx_6.13.0.202411220809\\db\/mcu/
2025-02-26 00:02:18,687 [INFO] ApiDb:274 - Set plugin database path to: C:\ST\STM32CubeIDE_1.17.0\STM32CubeIDE\plugins\com.st.stm32cube.common.mx_6.13.0.202411220809\\db\/plugins/boardmanager/
2025-02-26 00:02:18,687 [WARN] ApiDb:259 - Overriding images path with different value:  => C:\ST\STM32CubeIDE_1.17.0\STM32CubeIDE\plugins\com.st.stm32cube.common.mx_6.13.0.202411220809\\db\/plugins/mcufinder/images/
2025-02-26 00:02:18,702 [INFO] ApiDb:250 - Set database path to: C:\Users\User\.stmcufinder\plugins\mcufinder//mcu/
2025-02-26 00:02:18,704 [INFO] DbMcusAds:125 - Set database path to: C:\Users\User\.stmcufinder\plugins\mcufinder//mcu/
2025-02-26 00:02:18,709 [INFO] CrossReferenceDbSqlite:203 - Set database path to: C:\Users\User\.stmcufinder\plugins\mcufinder//mcu/cs/
2025-02-26 00:02:18,938 [INFO] RulesReader:64 - Compatibility file has been processed (297 Rules)
2025-02-26 00:02:19,100 [INFO] DbMcusXml:78 - Set database path to: C:\ST\STM32CubeIDE_1.17.0\STM32CubeIDE\plugins\com.st.stm32cube.common.mx_6.13.0.202411220809\\db\/mcu/
2025-02-26 00:02:19,100 [INFO] ApiDb:274 - Set plugin database path to: C:\ST\STM32CubeIDE_1.17.0\STM32CubeIDE\plugins\com.st.stm32cube.common.mx_6.13.0.202411220809\\db\/plugins/boardmanager/
2025-02-26 00:02:19,101 [INFO] ApiDb:261 - Set plugin images path to: C:\ST\STM32CubeIDE_1.17.0\STM32CubeIDE\plugins\com.st.stm32cube.common.mx_6.13.0.202411220809\\db\/plugins/mcufinder/images/
2025-02-26 00:02:19,102 [WARN] DbFile:41 - Overriding database path with different value: C:\Users\User\.stmcufinder\plugins\mcufinder/ => C:\Users\User\.stmcufinder\plugins\mcufinder
2025-02-26 00:02:19,102 [INFO] ApiDb:250 - Set database path to: C:\Users\User\.stmcufinder\plugins\mcufinder//mcu/
2025-02-26 00:02:19,102 [WARN] DbFile:41 - Overriding database path with different value: C:\Users\User\.stmcufinder\plugins\mcufinder/ => C:\Users\User\.stmcufinder\plugins\mcufinder
2025-02-26 00:02:19,102 [INFO] DbMcusAds:125 - Set database path to: C:\Users\User\.stmcufinder\plugins\mcufinder//mcu/
2025-02-26 00:02:19,103 [WARN] DbFile:41 - Overriding database path with different value: C:\Users\User\.stmcufinder\plugins\mcufinder/ => C:\Users\User\.stmcufinder\plugins\mcufinder
2025-02-26 00:02:19,103 [WARN] DbFile:41 - Overriding database path with different value: C:\Users\User\.stmcufinder\plugins\mcufinder/ => C:\Users\User\.stmcufinder\plugins\mcufinder
2025-02-26 00:02:19,103 [INFO] CrossReferenceDbSqlite:203 - Set database path to: C:\Users\User\.stmcufinder\plugins\mcufinder//mcu/cs/
2025-02-26 00:02:19,270 [INFO] MainPanel:272 - HeapMemory: 268435456
2025-02-26 00:02:19,474 [INFO] DbMcusXml:78 - Set database path to: C:\ST\STM32CubeIDE_1.17.0\STM32CubeIDE\plugins\com.st.stm32cube.common.mx_6.13.0.202411220809\\db\/mcu/
2025-02-26 00:02:19,474 [INFO] ApiDb:274 - Set plugin database path to: C:\ST\STM32CubeIDE_1.17.0\STM32CubeIDE\plugins\com.st.stm32cube.common.mx_6.13.0.202411220809\\db\/plugins/boardmanager/
2025-02-26 00:02:19,475 [INFO] ApiDb:261 - Set plugin images path to: C:\ST\STM32CubeIDE_1.17.0\STM32CubeIDE\plugins\com.st.stm32cube.common.mx_6.13.0.202411220809\\db\/plugins/mcufinder/images/
2025-02-26 00:02:19,475 [WARN] DbFile:41 - Overriding database path with different value: C:\Users\User\.stmcufinder\plugins\mcufinder/ => C:\Users\User\.stmcufinder\plugins\mcufinder
2025-02-26 00:02:19,476 [INFO] ApiDb:250 - Set database path to: C:\Users\User\.stmcufinder\plugins\mcufinder//mcu/
2025-02-26 00:02:19,476 [WARN] DbFile:41 - Overriding database path with different value: C:\Users\User\.stmcufinder\plugins\mcufinder/ => C:\Users\User\.stmcufinder\plugins\mcufinder
2025-02-26 00:02:19,476 [INFO] DbMcusAds:125 - Set database path to: C:\Users\User\.stmcufinder\plugins\mcufinder//mcu/
2025-02-26 00:02:19,476 [WARN] DbFile:41 - Overriding database path with different value: C:\Users\User\.stmcufinder\plugins\mcufinder/ => C:\Users\User\.stmcufinder\plugins\mcufinder
2025-02-26 00:02:19,476 [WARN] DbFile:41 - Overriding database path with different value: C:\Users\User\.stmcufinder\plugins\mcufinder/ => C:\Users\User\.stmcufinder\plugins\mcufinder
2025-02-26 00:02:19,476 [INFO] CrossReferenceDbSqlite:203 - Set database path to: C:\Users\User\.stmcufinder\plugins\mcufinder//mcu/cs/
2025-02-26 00:02:19,511 [INFO] ApplicationProperties:184 - Using Application install path: C:\ST\STM32CubeIDE_1.17.0\STM32CubeIDE\plugins\com.st.stm32cube.common.mx_6.13.0.202411220809
2025-02-26 00:02:19,513 [INFO] PluginManage:196 - Search for loadable plugins [exclusion list=, ]
2025-02-26 00:02:19,515 [INFO] PluginManage:310 - Check plugin analytics
2025-02-26 00:02:24,374 [INFO] AnalyticsPlugin:253 - Accepted Software Licenses: 
2025-02-26 00:02:24,374 [INFO] AnalyticsPlugin:255 - Accepted CMSIS Pack Licenses: 
2025-02-26 00:02:24,375 [INFO] AnalyticsPlugin:257 - Accepted Firmware Licenses: FW.F4.1.28.0
2025-02-26 00:02:24,379 [INFO] PluginManage:359 - Loaded plugin analytics (category:tool,tabindex:-1)
2025-02-26 00:02:24,380 [INFO] PluginManage:310 - Check plugin cadmodel
2025-02-26 00:02:24,420 [INFO] CADModel:105 - Init CAD model plugin
2025-02-26 00:02:24,421 [INFO] PluginManage:359 - Loaded plugin cadmodel (category:power,tabindex:5)
2025-02-26 00:02:24,422 [INFO] PluginManage:310 - Check plugin clock
2025-02-26 00:02:24,459 [INFO] PluginManage:359 - Loaded plugin clock (category:base,tabindex:2)
2025-02-26 00:02:24,460 [INFO] PluginManage:310 - Check plugin ddr
2025-02-26 00:02:24,465 [INFO] PluginManage:359 - Loaded plugin ddr (category:tool,tabindex:6)
2025-02-26 00:02:24,465 [INFO] PluginManage:310 - Check plugin filemanager
2025-02-26 00:02:24,742 [INFO] PluginManage:359 - Loaded plugin filemanager (category:base,tabindex:10)
2025-02-26 00:02:24,742 [INFO] PluginManage:310 - Check plugin ipmanager
2025-02-26 00:02:24,755 [INFO] PluginManage:359 - Loaded plugin ipmanager (category:base,tabindex:5)
2025-02-26 00:02:24,756 [INFO] PluginManage:310 - Check plugin lpbam
2025-02-26 00:02:24,791 [INFO] PluginManage:359 - Loaded plugin lpbam (category:base,tabindex:0)
2025-02-26 00:02:24,791 [INFO] PluginManage:310 - Check plugin memorymap
2025-02-26 00:02:24,832 [INFO] PluginManage:359 - Loaded plugin memorymap (category:base,tabindex:4)
2025-02-26 00:02:24,833 [INFO] PluginManage:310 - Check plugin pinoutandconfiguration
2025-02-26 00:02:24,865 [INFO] PluginManage:359 - Loaded plugin pinoutandconfiguration (category:base,tabindex:1)
2025-02-26 00:02:24,865 [INFO] PluginManage:310 - Check plugin pinoutconfig
2025-02-26 00:02:25,052 [WARN] SupportedApi:132 - Cannot load RTOS API schema: s4s-elt-must-match.1: The content of 'definitions' must match (annotation?, (simpleType | complexType)?, (unique | key | keyref)*)). A problem was found starting at: attribute.
2025-02-26 00:02:25,315 [INFO] PluginManage:359 - Loaded plugin pinoutconfig (category:base,tabindex:0)
2025-02-26 00:02:25,316 [INFO] PluginManage:310 - Check plugin power
2025-02-26 00:02:25,362 [INFO] PluginManage:359 - Loaded plugin power (category:power,tabindex:4)
2025-02-26 00:02:25,362 [INFO] PluginManage:310 - Check plugin projectmanager
2025-02-26 00:02:25,398 [INFO] PluginManage:359 - Loaded plugin projectmanager (category:projectmanager,tabindex:4)
2025-02-26 00:02:25,398 [INFO] PluginManage:310 - Check plugin rif
2025-02-26 00:02:25,440 [INFO] PluginManage:359 - Loaded plugin rif (category:base,tabindex:3)
2025-02-26 00:02:25,440 [INFO] PluginManage:310 - Check plugin thirdparty
2025-02-26 00:02:26,142 [INFO] PluginManage:359 - Loaded plugin thirdparty (category:base,tabindex:-1)
2025-02-26 00:02:26,142 [INFO] PluginManage:310 - Check plugin tools
2025-02-26 00:02:26,142 [WARN] IntegrityCheckThread:84 - waiting for thirdparty lock release [integrity check]
2025-02-26 00:02:26,144 [INFO] IntegrityCheckThread:86 - entering critical section [integrity check]
2025-02-26 00:02:26,144 [INFO] ThirdPartyUpdaterWithRetryManager:70 - Updater plugin not ready yet. [1/15]
2025-02-26 00:02:26,213 [INFO] PluginManage:359 - Loaded plugin tools (category:base,tabindex:7)
2025-02-26 00:02:26,213 [INFO] PluginManage:310 - Check plugin tutovideos
2025-02-26 00:02:26,574 [INFO] PluginManage:359 - Loaded plugin tutovideos (category:base,tabindex:-1)
2025-02-26 00:02:26,574 [INFO] PluginManage:310 - Check plugin updater
2025-02-26 00:02:26,615 [INFO] PluginManage:359 - Loaded plugin updater (category:base,tabindex:12)
2025-02-26 00:02:26,615 [INFO] PluginManage:310 - Check plugin userauth
2025-02-26 00:02:26,623 [INFO] UserAuth:118 - Init User Auth plugin
2025-02-26 00:02:26,625 [INFO] PluginManage:359 - Loaded plugin userauth (category:base,tabindex:14)
2025-02-26 00:02:26,625 [INFO] PluginManage:283 - PluginManage : Loaded plugins [18]
2025-02-26 00:02:27,015 [INFO] PinOutPanel:1589 - setPackage(No Configuration,No Configuration)
2025-02-26 00:02:27,208 [INFO] CADModel:165 - CPN selected for project level
2025-02-26 00:02:27,208 [INFO] CADModel:114 - Register for checkConnection events
2025-02-26 00:02:27,258 [INFO] IPUIPlugin:80 - create IPUIPlugin
2025-02-26 00:02:27,259 [INFO] PluginManager:220 - loadIPPluginJar : add adc
2025-02-26 00:02:27,331 [INFO] IPUIPlugin:80 - create IPUIPlugin
2025-02-26 00:02:27,331 [INFO] PluginManager:220 - loadIPPluginJar : add aes
2025-02-26 00:02:27,413 [INFO] IPUIPlugin:80 - create IPUIPlugin
2025-02-26 00:02:27,414 [INFO] PluginManager:220 - loadIPPluginJar : add can
2025-02-26 00:02:27,467 [INFO] IPUIPlugin:80 - create IPUIPlugin
2025-02-26 00:02:27,467 [INFO] PluginManager:220 - loadIPPluginJar : add comp
2025-02-26 00:02:27,538 [INFO] IPUIPlugin:80 - create IPUIPlugin
2025-02-26 00:02:27,538 [INFO] PluginManager:220 - loadIPPluginJar : add cryp
2025-02-26 00:02:27,560 [INFO] IPUIPlugin:80 - create IPUIPlugin
2025-02-26 00:02:27,560 [INFO] PluginManager:220 - loadIPPluginJar : add ddr_ctrl_phy
2025-02-26 00:02:27,617 [INFO] IPUIPlugin:80 - create IPUIPlugin
2025-02-26 00:02:27,617 [INFO] PluginManager:220 - loadIPPluginJar : add dfsdm
2025-02-26 00:02:27,648 [INFO] IPUIPlugin:80 - create IPUIPlugin
2025-02-26 00:02:27,649 [INFO] PluginManager:220 - loadIPPluginJar : add dma
2025-02-26 00:02:27,727 [INFO] IPUIPlugin:80 - create IPUIPlugin
2025-02-26 00:02:27,728 [INFO] PluginManager:220 - loadIPPluginJar : add dma3
2025-02-26 00:02:27,823 [INFO] IPUIPlugin:80 - create IPUIPlugin
2025-02-26 00:02:27,824 [INFO] PluginManager:220 - loadIPPluginJar : add extmemmanager
2025-02-26 00:02:27,870 [INFO] IPUIPlugin:80 - create IPUIPlugin
2025-02-26 00:02:27,870 [INFO] PluginManager:220 - loadIPPluginJar : add fatfs
2025-02-26 00:02:27,962 [INFO] IPUIPlugin:80 - create IPUIPlugin
2025-02-26 00:02:27,962 [INFO] PluginManager:220 - loadIPPluginJar : add fmc
2025-02-26 00:02:27,990 [INFO] IPUIPlugin:80 - create IPUIPlugin
2025-02-26 00:02:27,990 [INFO] PluginManager:220 - loadIPPluginJar : add freertos
2025-02-26 00:02:28,042 [INFO] IPUIPlugin:80 - create IPUIPlugin
2025-02-26 00:02:28,042 [INFO] PluginManager:220 - loadIPPluginJar : add genericplugin
2025-02-26 00:02:28,249 [INFO] IPUIPlugin:80 - create IPUIPlugin
2025-02-26 00:02:28,249 [INFO] PluginManager:220 - loadIPPluginJar : add gfxmmu
2025-02-26 00:02:28,522 [INFO] IPUIPlugin:80 - create IPUIPlugin
2025-02-26 00:02:28,522 [INFO] PluginManager:220 - loadIPPluginJar : add gic
2025-02-26 00:02:28,546 [INFO] IPUIPlugin:80 - create IPUIPlugin
2025-02-26 00:02:28,546 [INFO] PluginManager:220 - loadIPPluginJar : add gpio
2025-02-26 00:02:28,733 [INFO] IPUIPlugin:80 - create IPUIPlugin
2025-02-26 00:02:28,733 [INFO] PluginManager:220 - loadIPPluginJar : add gtzc
2025-02-26 00:02:28,807 [INFO] IPUIPlugin:80 - create IPUIPlugin
2025-02-26 00:02:28,807 [INFO] PluginManager:220 - loadIPPluginJar : add hash
2025-02-26 00:02:28,931 [INFO] IPUIPlugin:80 - create IPUIPlugin
2025-02-26 00:02:28,932 [INFO] PluginManager:220 - loadIPPluginJar : add i2c
2025-02-26 00:02:29,014 [INFO] IPUIPlugin:80 - create IPUIPlugin
2025-02-26 00:02:29,014 [INFO] PluginManager:220 - loadIPPluginJar : add i2s
2025-02-26 00:02:29,099 [INFO] IPUIPlugin:80 - create IPUIPlugin
2025-02-26 00:02:29,099 [INFO] PluginManager:220 - loadIPPluginJar : add i3c
2025-02-26 00:02:29,145 [INFO] ThirdPartyUpdaterWithRetryManager:70 - Updater plugin not ready yet. [2/15]
2025-02-26 00:02:29,298 [INFO] IPUIPlugin:80 - create IPUIPlugin
2025-02-26 00:02:29,299 [INFO] PluginManager:220 - loadIPPluginJar : add ipddr
2025-02-26 00:02:29,481 [INFO] IPUIPlugin:80 - create IPUIPlugin
2025-02-26 00:02:29,482 [INFO] PluginManager:220 - loadIPPluginJar : add linkedlist
2025-02-26 00:02:29,558 [INFO] IPUIPlugin:80 - create IPUIPlugin
2025-02-26 00:02:29,558 [INFO] PluginManager:220 - loadIPPluginJar : add lorawan
2025-02-26 00:02:29,642 [INFO] IPUIPlugin:80 - create IPUIPlugin
2025-02-26 00:02:29,642 [INFO] PluginManager:220 - loadIPPluginJar : add ltdc
2025-02-26 00:02:29,671 [INFO] IPUIPlugin:80 - create IPUIPlugin
2025-02-26 00:02:29,671 [INFO] PluginManager:220 - loadIPPluginJar : add mdma
2025-02-26 00:02:29,696 [INFO] IPUIPlugin:80 - create IPUIPlugin
2025-02-26 00:02:29,697 [INFO] PluginManager:220 - loadIPPluginJar : add nvic
2025-02-26 00:02:29,770 [INFO] IPUIPlugin:80 - create IPUIPlugin
2025-02-26 00:02:29,770 [INFO] PluginManager:220 - loadIPPluginJar : add opamp
2025-02-26 00:02:29,892 [INFO] IPUIPlugin:80 - create IPUIPlugin
2025-02-26 00:02:29,892 [INFO] PluginManager:220 - loadIPPluginJar : add openamp
2025-02-26 00:02:29,981 [INFO] IPUIPlugin:80 - create IPUIPlugin
2025-02-26 00:02:29,981 [INFO] PluginManager:220 - loadIPPluginJar : add pdm2pcm
2025-02-26 00:02:30,008 [INFO] IPUIPlugin:80 - create IPUIPlugin
2025-02-26 00:02:30,011 [INFO] PluginManager:220 - loadIPPluginJar : add plateformsettings
2025-02-26 00:02:30,053 [INFO] IPUIPlugin:80 - create IPUIPlugin
2025-02-26 00:02:30,053 [INFO] PluginManager:220 - loadIPPluginJar : add quadspi
2025-02-26 00:02:30,108 [INFO] IPUIPlugin:80 - create IPUIPlugin
2025-02-26 00:02:30,110 [INFO] PluginManager:220 - loadIPPluginJar : add radio
2025-02-26 00:02:30,141 [INFO] IPUIPlugin:80 - create IPUIPlugin
2025-02-26 00:02:30,142 [INFO] PluginManager:220 - loadIPPluginJar : add resmgrutility
2025-02-26 00:02:30,237 [INFO] IPUIPlugin:80 - create IPUIPlugin
2025-02-26 00:02:30,237 [INFO] PluginManager:220 - loadIPPluginJar : add sai
2025-02-26 00:02:30,310 [INFO] IPUIPlugin:80 - create IPUIPlugin
2025-02-26 00:02:30,310 [INFO] PluginManager:220 - loadIPPluginJar : add spi
2025-02-26 00:02:30,448 [INFO] IPUIPlugin:80 - create IPUIPlugin
2025-02-26 00:02:30,448 [INFO] PluginManager:220 - loadIPPluginJar : add stm32_wpan
2025-02-26 00:02:30,497 [INFO] IPUIPlugin:80 - create IPUIPlugin
2025-02-26 00:02:30,497 [INFO] PluginManager:220 - loadIPPluginJar : add tim
2025-02-26 00:02:30,619 [INFO] IPUIPlugin:80 - create IPUIPlugin
2025-02-26 00:02:30,620 [INFO] PluginManager:220 - loadIPPluginJar : add touchsensing
2025-02-26 00:02:30,673 [INFO] IPUIPlugin:80 - create IPUIPlugin
2025-02-26 00:02:30,673 [INFO] PluginManager:220 - loadIPPluginJar : add tracer_emb
2025-02-26 00:02:30,723 [INFO] IPUIPlugin:80 - create IPUIPlugin
2025-02-26 00:02:30,723 [INFO] PluginManager:220 - loadIPPluginJar : add ts
2025-02-26 00:02:30,775 [INFO] IPUIPlugin:80 - create IPUIPlugin
2025-02-26 00:02:30,775 [INFO] PluginManager:220 - loadIPPluginJar : add tsc
2025-02-26 00:02:30,821 [INFO] IPUIPlugin:80 - create IPUIPlugin
2025-02-26 00:02:30,821 [INFO] PluginManager:220 - loadIPPluginJar : add ucpd
2025-02-26 00:02:30,911 [INFO] IPUIPlugin:80 - create IPUIPlugin
2025-02-26 00:02:30,911 [INFO] PluginManager:220 - loadIPPluginJar : add usart
2025-02-26 00:02:31,007 [INFO] IPUIPlugin:80 - create IPUIPlugin
2025-02-26 00:02:31,007 [INFO] PluginManager:220 - loadIPPluginJar : add usbx
2025-02-26 00:02:31,186 [FATAL] Updater:351 - Updater called before beeing initialized
2025-02-26 00:02:31,245 [INFO] RulesReader:64 - Compatibility file has been processed (297 Rules)
2025-02-26 00:02:31,273 [INFO] RulesReader:64 - Compatibility file has been processed (297 Rules)
2025-02-26 00:02:31,291 [INFO] CADModel:165 - CPN selected for project level
2025-02-26 00:02:31,291 [INFO] CADModel:114 - Register for checkConnection events
2025-02-26 00:02:31,291 [FATAL] Updater:351 - Updater called before beeing initialized
2025-02-26 00:02:31,292 [ERROR] CADModel:125 - Updater not yet initialized, retry later 
2025-02-26 00:02:31,570 [FATAL] Updater:351 - Updater called before beeing initialized
2025-02-26 00:02:31,574 [INFO] CADModel:165 - CPN selected for project level
2025-02-26 00:02:31,574 [INFO] CADModel:114 - Register for checkConnection events
2025-02-26 00:02:31,575 [FATAL] Updater:351 - Updater called before beeing initialized
2025-02-26 00:02:31,575 [ERROR] CADModel:125 - Updater not yet initialized, retry later 
2025-02-26 00:02:31,580 [FATAL] Updater:351 - Updater called before beeing initialized
2025-02-26 00:02:31,938 [FATAL] Updater:351 - Updater called before beeing initialized
2025-02-26 00:02:31,957 [INFO] DbMcusAds:53 - JSON generation date=Tue Dec 17 17:01:15 CET 2024 (1734451275111)
2025-02-26 00:02:31,957 [FATAL] Updater:351 - Updater called before beeing initialized
2025-02-26 00:02:32,025 [WARN] DetailPanel:346 - Failed to get advertising image, set to default
2025-02-26 00:02:32,146 [INFO] ThirdPartyUpdaterWithRetryManager:70 - Updater plugin not ready yet. [3/15]
2025-02-26 00:02:32,421 [FATAL] Updater:351 - Updater called before beeing initialized
2025-02-26 00:02:32,425 [FATAL] Updater:351 - Updater called before beeing initialized
2025-02-26 00:02:32,425 [FATAL] Updater:351 - Updater called before beeing initialized
2025-02-26 00:02:32,425 [WARN] DetailPanel:346 - Failed to get advertising image, set to default
2025-02-26 00:02:32,427 [FATAL] Updater:351 - Updater called before beeing initialized
2025-02-26 00:02:32,542 [ERROR] Updater:1198 - MainUpdater not yet initialized. External WinMGr cannot be set.
2025-02-26 00:02:32,561 [INFO] Updater:1134 - Updater Version found : 6.13.0
2025-02-26 00:02:32,592 [INFO] ApplicationProperties:184 - Using Application install path: C:\ST\STM32CubeIDE_1.17.0\STM32CubeIDE\plugins\com.st.stm32cube.common.mx_6.13.0.202411220809
2025-02-26 00:02:34,188 [ERROR] LogOutputStream:75 - [STDERR_REDIRECT] Feb 26, 2025 12:02:34 AM java.util.prefs.WindowsPreferences <init>
2025-02-26 00:02:34,190 [ERROR] LogOutputStream:75 - [STDERR_REDIRECT] WARNING: Could not open/create prefs root node Software\JavaSoft\Prefs at root 0xffffffff80000002. Windows RegCreateKeyEx(...) returned error code 5.
2025-02-26 00:02:34,190 [ERROR] LogOutputStream:75 - [STDERR_REDIRECT] 
2025-02-26 00:02:34,718 [INFO] MainUpdater:2872 - connection check result : 10
2025-02-26 00:02:34,719 [INFO] MainUpdater:289 - Updater Check For Update Now.
2025-02-26 00:02:34,720 [INFO] MicroXplorer:498 - Change Database Version : DB.6.0.130
2025-02-26 00:02:34,748 [INFO] McuFinderGlobals:63 - Set McuFinder mode to 2 (CubeIDE integrated)
2025-02-26 00:02:34,774 [INFO] UserAuth:486 - Internet connection configuration mode: 1
2025-02-26 00:02:34,831 [INFO] JxBrowserEngine:152 - Initiate JxBrowser Engine with user profile folder
2025-02-26 00:02:35,147 [WARN] MainUpdater:1193 - Updater busy. Cannot search thirdparties
2025-02-26 00:02:35,148 [INFO] ThirdPartyUpdaterWithRetryManager:96 - Updater plugin is busy. [1/15]
2025-02-26 00:02:35,201 [INFO] CheckServerUpdateThread:120 - End of CheckServer Thread
2025-02-26 00:02:37,373 [INFO] WebApp:168 - Instantiating new browser for Auth
2025-02-26 00:02:38,935 [WARN] PackLoader:240 - Cannot read IP mode file for STMicroelectronics.FP-SNS-MOTENVWB1.1.4.0
2025-02-26 00:02:39,111 [WARN] PackLoader:240 - Cannot read IP mode file for STMicroelectronics.FP-ATR-ASTRA1.2.0.1
2025-02-26 00:02:39,154 [WARN] PackLoader:240 - Cannot read IP mode file for STMicroelectronics.X-CUBE-SMBUS.2.1.0
2025-02-26 00:02:39,223 [WARN] PackLoader:240 - Cannot read IP mode file for STMicroelectronics.X-CUBE-WB05N.1.1.0
2025-02-26 00:02:39,427 [WARN] PackLoader:240 - Cannot read IP mode file for STMicroelectronics.X-CUBE-AZRTOS-F7.1.1.0
2025-02-26 00:02:39,497 [WARN] PackLoader:240 - Cannot read IP mode file for STMicroelectronics.FP-SNS-FLIGHT1.5.0.2
2025-02-26 00:02:39,521 [INFO] WebApp:449 - Apply proxy settings
2025-02-26 00:02:39,521 [INFO] WebApp:534 - Chromium requires no authentication
2025-02-26 00:02:39,546 [INFO] WebApp:477 - Direct internet connection detected
2025-02-26 00:02:39,689 [INFO] WebApp:880 - Register for checkConnection events
2025-02-26 00:02:39,689 [INFO] WebApp:449 - Apply proxy settings
2025-02-26 00:02:39,689 [INFO] WebApp:534 - Chromium requires no authentication
2025-02-26 00:02:39,690 [INFO] WebApp:477 - Direct internet connection detected
2025-02-26 00:02:39,713 [WARN] PackLoader:240 - Cannot read IP mode file for Infineon.AIROC-Wi-Fi-Bluetooth-STM32.1.7.0
2025-02-26 00:02:39,780 [WARN] PackLoader:240 - Cannot read IP mode file for STMicroelectronics.X-CUBE-DISPLAY.3.0.0
2025-02-26 00:02:39,833 [WARN] PackLoader:240 - Cannot read IP mode file for STMicroelectronics.X-CUBE-BLE1.7.0.0
2025-02-26 00:02:39,865 [WARN] PackLoader:240 - Cannot read IP mode file for STMicroelectronics.X-CUBE-NFC10.1.0.0
2025-02-26 00:02:39,937 [WARN] PackLoader:240 - Cannot read IP mode file for STMicroelectronics.X-CUBE-BLEMGR.4.0.0
2025-02-26 00:02:39,988 [WARN] PackLoader:240 - Cannot read IP mode file for emotas.I-CUBE-CANOPEN.1.3.0
2025-02-26 00:02:40,156 [WARN] PackLoader:240 - Cannot read IP mode file for STMicroelectronics.X-CUBE-AI.10.0.0
2025-02-26 00:02:40,201 [WARN] PackLoader:240 - Cannot read IP mode file for STMicroelectronics.FP-SNS-SMARTAG2.1.2.0
2025-02-26 00:02:40,634 [INFO] WebApp:187 - Connection restablished
2025-02-26 00:02:40,672 [WARN] PackLoader:240 - Cannot read IP mode file for STMicroelectronics.X-CUBE-MEMS1.11.1.0
2025-02-26 00:02:40,699 [INFO] WebApp:221 - Starting web application
2025-02-26 00:02:40,700 [INFO] WebApp:579 - Web application path used C:\ST\STM32CubeIDE_1.17.0\STM32CubeIDE\plugins\com.st.stm32cube.common.mx_6.13.0.202411220809\db\plugins\mcufinder\reactClient1\index.html
2025-02-26 00:02:42,141 [INFO] LogOutputStream:77 - [STDOUT_REDIRECT] 1 : Invalid condition id : UX_CORESTACK_Condition cause : null
2025-02-26 00:02:42,142 [INFO] LogOutputStream:77 - [STDOUT_REDIRECT] 1 : Invalid condition id : UX_CORESTACK_Condition cause : null
2025-02-26 00:02:42,144 [INFO] LogOutputStream:77 - [STDOUT_REDIRECT] 1 : Invalid condition id : UX_CORESTACK_Condition cause : null
2025-02-26 00:02:42,149 [INFO] LogOutputStream:77 - [STDOUT_REDIRECT] 1 : Invalid condition id : UX_CORESTACK_Condition cause : null
2025-02-26 00:02:42,152 [INFO] LogOutputStream:77 - [STDOUT_REDIRECT] 1 : Invalid condition id : UX_CORESTACK_Condition cause : null
2025-02-26 00:02:42,158 [WARN] PackLoader:240 - Cannot read IP mode file for STMicroelectronics.X-CUBE-AZRTOS-WL.2.0.0
2025-02-26 00:02:42,192 [WARN] PackLoader:240 - Cannot read IP mode file for STMicroelectronics.FP-SNS-MOTENV1.5.0.0
2025-02-26 00:02:42,234 [WARN] PackLoader:240 - Cannot read IP mode file for wolfSSL.I-CUBE-wolfMQTT.1.19.0
2025-02-26 00:02:42,303 [INFO] UserAuth:486 - Internet connection configuration mode: 1
2025-02-26 00:02:42,343 [WARN] PackLoader:240 - Cannot read IP mode file for WES.I-CUBE-Cesium.1.3.0
2025-02-26 00:02:42,417 [WARN] PackLoader:240 - Cannot read IP mode file for STMicroelectronics.X-CUBE-BLE2.3.3.0
2025-02-26 00:02:42,454 [WARN] PackLoader:240 - Cannot read IP mode file for STMicroelectronics.X-CUBE-NFC9.1.0.0
2025-02-26 00:02:42,727 [WARN] PackLoader:240 - Cannot read IP mode file for STMicroelectronics.X-CUBE-AZRTOS-G0.1.1.0
2025-02-26 00:02:42,842 [WARN] PackLoader:240 - Cannot read IP mode file for STMicroelectronics.X-CUBE-SAFEA1.1.2.2
2025-02-26 00:02:42,911 [WARN] PackLoader:240 - Cannot read IP mode file for STMicroelectronics.X-CUBE-NFC4.3.0.0
2025-02-26 00:02:42,950 [WARN] PackLoader:240 - Cannot read IP mode file for EmbeddedOffice.I-CUBE-FS-RTOS.1.0.1
2025-02-26 00:02:42,979 [WARN] PackLoader:240 - Cannot read IP mode file for STMicroelectronics.X-CUBE-TCPP.4.2.0
2025-02-26 00:02:43,009 [WARN] PackLoader:240 - Cannot read IP mode file for RealThread.X-CUBE-RT-Thread_Nano.4.1.1
2025-02-26 00:02:43,036 [WARN] PackLoader:240 - Cannot read IP mode file for STMicroelectronics.FP-ATR-SIGFOX1.3.2.0
2025-02-26 00:02:43,059 [WARN] ConditionMgr:438 - getConditionDescription Invalid condition id : Cortex-A Device cause : null
2025-02-26 00:02:43,119 [WARN] ConditionMgr:1044 - genDependencies : Invalid condition id : Cortex-A Device cause : null
2025-02-26 00:02:43,120 [WARN] ConditionMgr:1044 - genDependencies : Invalid condition id : Cortex-A Device cause : null
2025-02-26 00:02:43,120 [WARN] ConditionMgr:1044 - genDependencies : Invalid condition id : Cortex-A Device cause : null
2025-02-26 00:02:43,151 [WARN] PackLoader:240 - Cannot read IP mode file for STMicroelectronics.X-CUBE-EEPRMA1.5.1.0
2025-02-26 00:02:43,176 [WARN] PackLoader:240 - Cannot read IP mode file for wolfSSL.I-CUBE-wolfSSL.5.7.4
2025-02-26 00:02:43,208 [WARN] PackLoader:240 - Cannot read IP mode file for ITTIA_DB.I-CUBE-ITTIADB.8.9.0
2025-02-26 00:02:43,328 [WARN] PackLoader:240 - Cannot read IP mode file for SEGGER.I-CUBE-embOS.1.3.1
2025-02-26 00:02:43,456 [WARN] PackLoader:240 - Cannot read IP mode file for STMicroelectronics.X-CUBE-ALGOBUILD.1.4.0
2025-02-26 00:02:43,496 [WARN] PackLoader:240 - Cannot read IP mode file for STMicroelectronics.X-CUBE-AI.9.1.0
2025-02-26 00:02:43,595 [WARN] PackLoader:240 - Cannot read IP mode file for STMicroelectronics.X-CUBE-AZRTOS-F4.1.1.0
2025-02-26 00:02:43,642 [WARN] PackLoader:240 - Cannot read IP mode file for STMicroelectronics.X-CUBE-ISPU.2.1.0
2025-02-26 00:02:43,769 [WARN] PackLoader:240 - Cannot read IP mode file for STMicroelectronics.X-CUBE-AZRTOS-L5.2.0.0
2025-02-26 00:02:43,909 [WARN] PackLoader:240 - Cannot read IP mode file for STMicroelectronics.X-CUBE-NFC6.3.1.0
2025-02-26 00:02:43,959 [WARN] PackLoader:240 - Cannot read IP mode file for STMicroelectronics.X-CUBE-DPower.1.2.0
2025-02-26 00:02:43,987 [WARN] PackLoader:240 - Cannot read IP mode file for STMicroelectronics.X-CUBE-FREERTOS.1.3.0
2025-02-26 00:02:44,016 [WARN] PackLoader:240 - Cannot read IP mode file for STMicroelectronics.X-CUBE-NFC7.1.0.1
2025-02-26 00:02:44,089 [WARN] ConditionMgr:438 - getConditionDescription Invalid condition id : LAN8742 Phy interface Condition cause : null
2025-02-26 00:02:44,090 [WARN] PackLoader:240 - Cannot read IP mode file for STMicroelectronics.X-CUBE-AZRTOS-L4.2.0.0
2025-02-26 00:02:44,092 [WARN] ConditionMgr:1044 - genDependencies : Invalid condition id : LAN8742 Phy interface Condition cause : null
2025-02-26 00:02:44,092 [WARN] ConditionMgr:1044 - genDependencies : Invalid condition id : LAN8742 Phy interface Condition cause : null
2025-02-26 00:02:44,092 [WARN] ConditionMgr:1044 - genDependencies : Invalid condition id : LAN8742 Phy interface Condition cause : null
2025-02-26 00:02:44,178 [WARN] PackLoader:240 - Cannot read IP mode file for STMicroelectronics.X-CUBE-SFXS2LP1.4.0.0
2025-02-26 00:02:44,358 [WARN] PackLoader:240 - Cannot read IP mode file for STMicroelectronics.X-CUBE-AZRTOS-H7.3.3.0
2025-02-26 00:02:44,523 [WARN] ConditionMgr:438 - getConditionDescription Invalid condition id : UX DEVICE CLASS RTOS Condition cause : null
2025-02-26 00:02:44,523 [WARN] ConditionMgr:438 - getConditionDescription Invalid condition id : UX DEVICE CLASS RTOS Condition cause : null
2025-02-26 00:02:44,526 [WARN] PackLoader:240 - Cannot read IP mode file for STMicroelectronics.X-CUBE-AZRTOS-WB.2.0.0
2025-02-26 00:02:44,527 [WARN] ConditionMgr:1044 - genDependencies : Invalid condition id : UX DEVICE CLASS RTOS Condition cause : null
2025-02-26 00:02:44,527 [WARN] ConditionMgr:1044 - genDependencies : Invalid condition id : UX DEVICE CLASS RTOS Condition cause : null
2025-02-26 00:02:44,530 [WARN] ConditionMgr:1044 - genDependencies : Invalid condition id : UX DEVICE CLASS RTOS Condition cause : null
2025-02-26 00:02:44,531 [WARN] ConditionMgr:1044 - genDependencies : Invalid condition id : UX DEVICE CLASS RTOS Condition cause : null
2025-02-26 00:02:44,531 [WARN] ConditionMgr:1044 - genDependencies : Invalid condition id : UX DEVICE CLASS RTOS Condition cause : null
2025-02-26 00:02:44,577 [WARN] PackLoader:240 - Cannot read IP mode file for STMicroelectronics.X-CUBE-GNSS1.7.0.1
2025-02-26 00:02:44,777 [WARN] PackLoader:240 - Cannot read IP mode file for STMicroelectronics.FP-SNS-STBOX1.2.0.0
2025-02-26 00:02:44,872 [WARN] PackLoader:240 - Cannot read IP mode file for STMicroelectronics.X-CUBE-SUBG2.5.0.0
2025-02-26 00:02:44,985 [WARN] PackLoader:240 - Cannot read IP mode file for Cesanta.I-CUBE-Mongoose.7.13.0
2025-02-26 00:02:45,035 [WARN] PackLoader:240 - Cannot read IP mode file for STMicroelectronics.X-CUBE-AZRTOS-G4.2.0.0
2025-02-26 00:02:45,104 [WARN] PackLoader:240 - Cannot read IP mode file for STMicroelectronics.X-CUBE-IPS.3.1.0
2025-02-26 00:02:45,244 [WARN] PackLoader:240 - Cannot read IP mode file for STMicroelectronics.X-CUBE-ALS.1.0.2
2025-02-26 00:02:45,278 [WARN] PackLoader:240 - Cannot read IP mode file for STMicroelectronics.X-CUBE-TOUCHGFX.4.24.2
2025-02-26 00:02:45,339 [WARN] PackLoader:240 - Cannot read IP mode file for wolfSSL.I-CUBE-wolfTPM.3.4.0
2025-02-26 00:02:45,370 [WARN] PackLoader:240 - Cannot read IP mode file for portGmbH.I-Cube-SoM-uGOAL.1.1.0
2025-02-26 00:02:45,444 [WARN] PackLoader:240 - Cannot read IP mode file for STMicroelectronics.X-CUBE-AZRTOS-H7RS.1.0.0
2025-02-26 00:02:45,627 [WARN] PackLoader:240 - Cannot read IP mode file for STMicroelectronics.X-CUBE-TOF1.3.4.2
2025-02-26 00:02:45,675 [WARN] PackLoader:240 - Cannot read IP mode file for wolfSSL.I-CUBE-wolfSSH.1.4.17
2025-02-26 00:02:45,676 [INFO] ThirdParty:978 - Integrity check success = true
2025-02-26 00:02:45,676 [INFO] IntegrityCheckThread:100 - exiting critical section [integrity check]
2025-02-26 00:02:45,676 [INFO] IntegrityCheckThread:103 - End integrity checks thread
2025-02-26 00:35:51,254 [INFO] McuFinderGlobals:63 - Set McuFinder mode to 2 (CubeIDE integrated)
2025-02-26 00:35:51,296 [INFO] MainUpdater:2872 - connection check result : 10
2025-02-26 00:35:52,592 [INFO] ApiDb:581 - Connected to CubeFinder SQLite database (C:\Users\User\.stmcufinder\plugins\mcufinder\mcu\cube-finder-db.db)
2025-02-26 00:35:52,781 [INFO] ApiDb:668 - CubeFinder database Data Model version=2.1
2025-02-26 00:35:52,781 [INFO] ApiDb:669 - CubeFinder database Configuration version=3.0.39
2025-02-26 00:35:52,781 [INFO] ApiDb:670 - CubeFinder database generation date=2025-02-07 (1738919966)
2025-02-26 00:35:52,781 [INFO] ApiDb:671 - CubeFinder database FW Pack versions=[FP-ATR-ASTRA1_V2.0.0, FP-SNS-FLIGHT1_V5.0.2, FP-SNS-MOTENV1_V5.0.0, FP-SNS-MOTENVWB1_V1.4.0, FP-SNS-SMARTAG2_V1.2.0, FP-SNS-STBOX1_V2.0.0, STM32Cube_FW_C0_V1.3.0, STM32Cube_FW_F4_V1.28.1, STM32Cube_FW_F7_V1.17.2, STM32Cube_FW_G0_V1.6.2, STM32Cube_FW_G4_V1.6.1, STM32Cube_FW_H5_V1.4.0, STM32Cube_FW_H7RS_V1.1.0, STM32Cube_FW_H7_V1.12.0, STM32Cube_FW_L0_V1.12.2, STM32Cube_FW_L4_V1.18.1, STM32Cube_FW_L5_V1.5.1, STM32Cube_FW_N6_V1.0.0, STM32Cube_FW_U0_V1.2.0, STM32Cube_FW_U3_V1.0.0, STM32Cube_FW_U5_V1.7.0, STM32Cube_FW_WB0_V1.1.0, STM32Cube_FW_WBA_V1.5.0, STM32Cube_FW_WB_V1.21.0, STM32Cube_FW_WL3_V1.0.0, STM32Cube_FW_WL_V1.3.0, X-CUBE-ALGOBUILD_V1.4.0, X-CUBE-ALS_V1.0.2, X-CUBE-AZRTOS-F4_V1.1.0, X-CUBE-AZRTOS-F7_V1.1.0, X-CUBE-AZRTOS-G0_V1.1.0, X-CUBE-AZRTOS-G4_V2.0.0, X-CUBE-AZRTOS-H7RS_V1.0.0, X-CUBE-AZRTOS-H7_V3.3.0, X-CUBE-AZRTOS-L4_V2.0.0, X-CUBE-AZRTOS-L5_V2.0.0, X-CUBE-AZRTOS-WB_V2.0.0, X-CUBE-AZRTOS-WL_V2.0.0, X-CUBE-BLE1_V7.0.0, X-CUBE-BLE2_V3.3.0, X-CUBE-BLEMGR_V4.0.0, X-CUBE-EEPRMA1_V5.1.0, X-CUBE-FREERTOS_V1.2.0, X-CUBE-GNSS1_V6.0.0, X-CUBE-MEMS1_V11.1.0, X-CUBE-NFC4_V3.0.0, X-CUBE-NFC7_V1.0.1, X-CUBE-SFXS2LP1_V4.0.0, X-CUBE-SUBG2_V5.0.0, X-CUBE-TOF1_V3.4.2]
2025-02-26 00:35:52,985 [INFO] DbBoardsSqlite:226 - include board P-NUCLEO-WB55-NUCLEO as a kit item of type 'Nucleo-64'
2025-02-26 00:35:52,985 [INFO] DbBoardsSqlite:226 - include board P-NUCLEO-WB55-USBDONGLE as a kit item of type 'Nucleo USB Dongle'
2025-02-26 00:35:52,987 [INFO] DbBoardsSqlite:226 - include board STEVAL-IDP005V1 as a kit item of type 'Evaluation Board'
2025-02-26 00:35:52,988 [INFO] DbBoardsSqlite:226 - include board STEVAL-IDP005V2 as a kit item of type 'Evaluation Board'
2025-02-26 00:35:53,564 [INFO] ApiDb:240 - Found 858 in-development CPN: [B-G473E-ZEST1S, B-WB1M-WPAN1, B-WBA5M-WPAN, B-WL5M-SUBG1, NUCLEO-C031C6, NUCLEO-C051C8, NUCLEO-C071RB, NUCLEO-C092RC, NUCLEO-H503RB, NUCLEO-H533RE, NUCLEO-H563ZI, NUCLEO-H7S3L8, NUCLEO-N657X0-Q, NUCLEO-U031R8, NUCLEO-U083RC, NUCLEO-U385RG-Q, NUCLEO-U545RE-Q, NUCLEO-U5A5ZJ-Q, NUCLEO-WB05KZ, NUCLEO-WB07CC, NUCLEO-WB09KE, NUCLEO-WBA52CG, NUCLEO-WBA55CG, NUCLEO-WL33CC1, NUCLEO-WL33CC2, STEVAL-PROTEUS1, STEVAL-SMARTAG2, STEVAL-STWINBX1, STM320518-EVAL, STM32C0116-DK, STM32C011D6Y3TR, STM32C011D6Y6TR, STM32C011F4P3, STM32C011F4P6, STM32C011F4U3, STM32C011F4U6TR, STM32C011F6P3, STM32C011F6P6, STM32C011F6U3, STM32C011F6U6TR, STM32C011J4M3, STM32C011J4M6, STM32C011J6M3, STM32C011J6M6, STM32C0316-DK, STM32C031C4T3, STM32C031C4T6, STM32C031C4U3, STM32C031C4U6, STM32C031C6T3, STM32C031C6T6, STM32C031C6U3, STM32C031C6U6, STM32C031F4P3, STM32C031F4P6, STM32C031F6P3, STM32C031F6P6, STM32C031G4U3, STM32C031G4U6, STM32C031G6U3, STM32C031G6U6, STM32C031K4T3, STM32C031K4T6, STM32C031K4U3, STM32C031K4U6, STM32C031K6T3, STM32C031K6T6, STM32C031K6U3, STM32C031K6U6, STM32C051C6T6, STM32C051C6U6, STM32C051C8T6, STM32C051C8U6, STM32C051D8Y6TR, STM32C051F6P6, STM32C051F8P6, STM32C051G6U6, STM32C051G8U6, STM32C051K6T6, STM32C051K6U6, STM32C051K8T6, STM32C071C8T6, STM32C071C8T6N, STM32C071C8U6, STM32C071C8U6N, STM32C071CBT6, STM32C071CBT6N, STM32C071CBU6, STM32C071CBU6N, STM32C071F8P6, STM32C071F8P6N, STM32C071FBP6, STM32C071FBP6N, STM32C071FBY6TR, STM32C071G8U6, STM32C071G8U6N, STM32C071GBU6, STM32C071GBU6N, STM32C071K8T6, STM32C071K8T6N, STM32C071K8U6, STM32C071K8U6N, STM32C071KBT6, STM32C071KBT6N, STM32C071KBU6, STM32C071KBU6N, STM32C071R8T6, STM32C071R8T6N, STM32C071RBI6N, STM32C071RBT6, STM32C071RBT6N, STM32C091CBT6, STM32C091CBU6, STM32C091CCT6, STM32C091CCU6, STM32C091ECY6TR, STM32C091FBP6, STM32C091FCP6, STM32C091GBU6, STM32C091GCU6, STM32C091KBT6, STM32C091KBU6, STM32C091KCT6, STM32C091KCU6, STM32C091RBT6, STM32C091RCI6, STM32C091RCT6, STM32C092CBT6, STM32C092CBU6, STM32C092CCT6, STM32C092CCU6, STM32C092ECY6TR, STM32C092FBP6, STM32C092FCP6, STM32C092GBU6, STM32C092GCU6, STM32C092KBT6, STM32C092KBU6, STM32C092KCT6, STM32C092KCU6, STM32C092RBT6, STM32C092RCI6, STM32C092RCT6, STM32G071K8TXN, STM32G071K8UXN, STM32G081GBU6N, STM32G081KBT6N, STM32G081KBUXN, STM32G0B1CCT6N, STM32G0B1KCT6, STM32G0B1NEY6TR, STM32G0B1RCT6N, STM32G0C1CCT6, STM32G0C1CCT6N, STM32G0C1CCU6N, STM32G0C1CET6N, STM32G0C1CEU6N, STM32G0C1KCT6, STM32G0C1NEY6TR, STM32G0C1RCI6N, STM32G0C1RCT6N, STM32G0C1REI6N, STM32G0C1RET6N, STM32G0C1VCI6, STM32G0C1VEI6, STM32G411C6T3, STM32G411C6T6, STM32G411C6U3, STM32G411C6U6, STM32G411C8T3, STM32G411C8T6, STM32G411C8U3, STM32G411C8U6, STM32G411CBT3, STM32G411CBT6, STM32G411CBU3, STM32G411CBU6, STM32G411CCT3, STM32G411CCT6, STM32G411CCU3, STM32G411CCU6, STM32G411K6T3, STM32G411K6T6, STM32G411K6U3, STM32G411K6U6, STM32G411K8T3, STM32G411K8T6, STM32G411K8U3, STM32G411K8U6, STM32G411KBT3, STM32G411KBT6, STM32G411KBU3, STM32G411KBU6, STM32G411M6T3, STM32G411M6T6, STM32G411M8T3, STM32G411M8T6, STM32G411MBT3, STM32G411MBT6, STM32G411MCT3, STM32G411MCT6, STM32G411R6T3, STM32G411R6T6, STM32G411R8T3, STM32G411R8T6, STM32G411RBT3, STM32G411RBT6, STM32G411RCT3, STM32G411RCT6, STM32G414CBT3, STM32G414CBT6, STM32G414CBU3, STM32G414CBU6, STM32G414CCT3, STM32G414CCT6, STM32G414CCU3, STM32G414CCU6, STM32G414MBT3, STM32G414MBT6, STM32G414MCT3, STM32G414MCT6, STM32G414RBT3, STM32G414RBT6, STM32G414RCT3, STM32G414RCT6, STM32G414VBT3, STM32G414VBT6, STM32G414VCT3, STM32G414VCT6, STM32G431CBT3Z, STM32G431RBT3Z, STM32G471CCT6, STM32G471CCU6, STM32G471CET3, STM32G471CET6, STM32G471CEU3, STM32G471CEU6, STM32G471MCT6, STM32G471MET3, STM32G471MET6, STM32G471MEY6TR, STM32G471QCT6, STM32G471QET3, STM32G471RCT6, STM32G471RET3, STM32G471RET6, STM32G471VCH6, STM32G471VCI6, STM32G471VCT6, STM32G471VEH3, STM32G471VEH6, STM32G471VEI3, STM32G471VEI6, STM32G471VET3, STM32G471VET6, STM32G473QET3Z, STM32G473RET3Z, STM32G474CCT6, STM32G491RET3Z, STM32H503CBT6, STM32H503CBU6, STM32H503EBY6TR, STM32H503KBU6, STM32H503RBT6, STM32H523CCT6, STM32H523CCU6, STM32H523CET6, STM32H523CEU6, STM32H523HEY6TR, STM32H523RCT6, STM32H523RET6, STM32H523VCI6, STM32H523VCT6, STM32H523VEI6, STM32H523VET6, STM32H523ZCJ6, STM32H523ZCT6, STM32H523ZEJ6, STM32H523ZET6, STM32H533CET6, STM32H533CEU6, STM32H533HEY6TR, STM32H533RET6, STM32H533VEI6, STM32H533VET6, STM32H533ZEJ6, STM32H533ZET6, STM32H562AGI6, STM32H562AII6, STM32H562IGK6, STM32H562IGT6, STM32H562IIK6, STM32H562IIT6, STM32H562RGT6, STM32H562RGV6, STM32H562RIT6, STM32H562RIV6, STM32H562VGT6, STM32H562VIT6, STM32H562ZGT6, STM32H562ZIT6, STM32H563AGI6, STM32H563AII3Q, STM32H563AII6, STM32H563IGK6, STM32H563IGT6, STM32H563IIK3Q, STM32H563IIK6, STM32H563IIT3Q, STM32H563IIT6, STM32H563MIY3QTR, STM32H563RGT6, STM32H563RGV6, STM32H563RIT6, STM32H563RIV6, STM32H563VGT6, STM32H563VIT3Q, STM32H563VIT6, STM32H563ZGT6, STM32H563ZIT3Q, STM32H563ZIT6, STM32H573AII3Q, STM32H573AII6, STM32H573I-DK, STM32H573IIK3Q, STM32H573IIK6, STM32H573IIT3Q, STM32H573IIT6, STM32H573MIY3QTR, STM32H573RIT6, STM32H573RIV6, STM32H573VIT3Q, STM32H573VIT6, STM32H573ZIT3Q, STM32H573ZIT6, STM32H7R3A8I6, STM32H7R3I8K6, STM32H7R3I8T6, STM32H7R3L8H6, STM32H7R3L8H6H, STM32H7R3R8V6, STM32H7R3V8H6, STM32H7R3V8T6, STM32H7R3V8Y6TR, STM32H7R3Z8J6, STM32H7R3Z8T6, STM32H7R7A8I6, STM32H7R7I8K6, STM32H7R7I8T6, STM32H7R7L8H6, STM32H7R7L8H6H, STM32H7R7Z8J6, STM32H7S3A8I6, STM32H7S3I8K6, STM32H7S3I8T6, STM32H7S3L8H6, STM32H7S3L8H6H, STM32H7S3R8V6, STM32H7S3V8H6, STM32H7S3V8T6, STM32H7S3V8Y6TR, STM32H7S3Z8J6, STM32H7S3Z8T6, STM32H7S78-DK, STM32H7S7A8I6, STM32H7S7I8K6, STM32H7S7I8T6, STM32H7S7L8H6, STM32H7S7L8H6H, STM32H7S7Z8J6, STM32L4R5QGI6STR, STM32MP131AAE3, STM32MP131AAF3, STM32MP131AAG3, STM32MP131CAE3, STM32MP131CAF3, STM32MP131CAG3, STM32MP131DAE7, STM32MP131DAF7, STM32MP131DAG7, STM32MP131FAE7, STM32MP131FAF7, STM32MP131FAG7, STM32MP133AAE3, STM32MP133AAF3, STM32MP133AAG3, STM32MP133CAE3, STM32MP133CAF3, STM32MP133CAG3, STM32MP133DAE7, STM32MP133DAF7, STM32MP133DAG7, STM32MP133FAE7, STM32MP133FAF7, STM32MP133FAG7, STM32MP135AAE3, STM32MP135AAF3, STM32MP135AAG3, STM32MP135CAE3, STM32MP135CAF3, STM32MP135CAG3, STM32MP135DAE7, STM32MP135DAF7, STM32MP135DAG7, STM32MP135F-DK, STM32MP135FAE7, STM32MP135FAF7, STM32MP135FAF7T, STM32MP135FAF7U, STM32MP135FAG7, STM32MP231AAJ3, STM32MP231AAK3, STM32MP231AAL3, STM32MP231CAJ3, STM32MP231CAK3, STM32MP231CAL3, STM32MP231DAJ3, STM32MP231DAK3, STM32MP231DAL3, STM32MP231FAJ3, STM32MP231FAK3, STM32MP231FAL3, STM32MP233AAJ3, STM32MP233AAK3, STM32MP233AAL3, STM32MP233CAJ3, STM32MP233CAK3, STM32MP233CAL3, STM32MP233DAJ3, STM32MP233DAK3, STM32MP233DAL3, STM32MP233FAJ3, STM32MP233FAK3, STM32MP233FAL3, STM32MP235AAJ3, STM32MP235AAK3, STM32MP235AAL3, STM32MP235CAJ3, STM32MP235CAK3, STM32MP235CAL3, STM32MP235DAJ3, STM32MP235DAK3, STM32MP235DAL3, STM32MP235FAJ3, STM32MP235FAK3, STM32MP235FAL3, STM32MP251AAI3, STM32MP251AAJ3, STM32MP251AAK3, STM32MP251AAL3, STM32MP251CAI3, STM32MP251CAJ3, STM32MP251CAK3, STM32MP251CAL3, STM32MP251DAI3, STM32MP251DAJ3, STM32MP251DAK3, STM32MP251DAL3, STM32MP251FAI3, STM32MP251FAJ3, STM32MP251FAK3, STM32MP251FAL3, STM32MP253AAI3, STM32MP253AAJ3, STM32MP253AAK3, STM32MP253AAL3, STM32MP253CAI3, STM32MP253CAJ3, STM32MP253CAK3, STM32MP253CAL3, STM32MP253DAI3, STM32MP253DAJ3, STM32MP253DAK3, STM32MP253DAL3, STM32MP253FAI3, STM32MP253FAJ3, STM32MP253FAK3, STM32MP253FAL3, STM32MP255AAI3, STM32MP255AAJ3, STM32MP255AAK3, STM32MP255AAL3, STM32MP255CAI3, STM32MP255CAJ3, STM32MP255CAK3, STM32MP255CAL3, STM32MP255DAI3, STM32MP255DAJ3, STM32MP255DAK3, STM32MP255DAL3, STM32MP255FAI3, STM32MP255FAJ3, STM32MP255FAK3, STM32MP255FAL3, STM32MP257AAI3, STM32MP257AAJ3, STM32MP257AAK3, STM32MP257AAL3, STM32MP257CAI3, STM32MP257CAJ3, STM32MP257CAK3, STM32MP257CAL3, STM32MP257DAI3, STM32MP257DAJ3, STM32MP257DAK3, STM32MP257DAL3, STM32MP257F-DK, STM32MP257F-EV1, STM32MP257FAI3, STM32MP257FAJ3, STM32MP257FAK3, STM32MP257FAL3, STM32N645A0H3Q, STM32N645B0H3Q, STM32N645I0H3Q, STM32N645L0H3Q, STM32N645X0H3Q, STM32N645Z0H3Q, STM32N647A0H3Q, STM32N647B0H3Q, STM32N647I0H3Q, STM32N647L0H3Q, STM32N647X0H3Q, STM32N647Z0H3Q, STM32N655A0H3Q, STM32N655B0H3Q, STM32N655I0H3Q, STM32N655L0H3Q, STM32N655X0H3Q, STM32N655Z0H3Q, STM32N6570-DK, STM32N657A0H3Q, STM32N657B0H3Q, STM32N657I0H3Q, STM32N657L0H3Q, STM32N657X0H3Q, STM32N657Z0H3Q, STM32U031C6T6, STM32U031C6U6, STM32U031C8T6, STM32U031C8U6, STM32U031F4P6, STM32U031F6P6, STM32U031F8P6, STM32U031G6Y6TR, STM32U031G8Y6TR, STM32U031K4U6, STM32U031K6U6, STM32U031K8U6, STM32U031R6I6, STM32U031R6T6, STM32U031R8I6, STM32U031R8T6, STM32U073C8T6, STM32U073C8U6, STM32U073CBT6, STM32U073CBU6, STM32U073CCT6, STM32U073CCU6, STM32U073H8Y6TR, STM32U073HBY6TR, STM32U073HCY6TR, STM32U073K8U6, STM32U073KBU6, STM32U073KCU6, STM32U073M8I6, STM32U073M8T6, STM32U073MBI6, STM32U073MBT6, STM32U073MCI6, STM32U073MCT6, STM32U073R8I6, STM32U073R8T6, STM32U073RBI6, STM32U073RBT6, STM32U073RCI6, STM32U073RCT6, STM32U083C-DK, STM32U083CCT6, STM32U083CCU6, STM32U083HCY6TR, STM32U083KCU6, STM32U083MCI6, STM32U083MCT6, STM32U083RCI6, STM32U083RCT6, STM32U375CET6, STM32U375CET6Q, STM32U375CEU6, STM32U375CEU6Q, STM32U375CEY6QTR, STM32U375CGT6, STM32U375CGT6Q, STM32U375CGU6, STM32U375CGU6Q, STM32U375CGY6QTR, STM32U375KEU6, STM32U375KGU6, STM32U375REI6, STM32U375REI6Q, STM32U375RET6, STM32U375RET6Q, STM32U375REY6GTR, STM32U375REY6QTR, STM32U375RGI6, STM32U375RGI6Q, STM32U375RGT6, STM32U375RGT6Q, STM32U375RGY6GTR, STM32U375RGY6QTR, STM32U375VEI6, STM32U375VEI6Q, STM32U375VET6, STM32U375VET6Q, STM32U375VGI6, STM32U375VGI6Q, STM32U375VGT6, STM32U375VGT6Q, STM32U385CGT6, STM32U385CGT6Q, STM32U385CGU6, STM32U385CGU6Q, STM32U385CGY6QTR, STM32U385KGU6, STM32U385RGI6, STM32U385RGI6Q, STM32U385RGT6, STM32U385RGT6Q, STM32U385RGY6GTR, STM32U385RGY6QTR, STM32U385VGI6, STM32U385VGI6Q, STM32U385VGT6, STM32U385VGT6Q, STM32U535CBT6, STM32U535CBT6Q, STM32U535CBU6, STM32U535CBU6Q, STM32U535CCT6, STM32U535CCT6Q, STM32U535CCU6, STM32U535CCU6Q, STM32U535CET6, STM32U535CET6Q, STM32U535CEU6, STM32U535CEU6Q, STM32U535JEY6QTR, STM32U535NCY6QTR, STM32U535NEY6QTR, STM32U535RBI6, STM32U535RBI6Q, STM32U535RBT6, STM32U535RBT6Q, STM32U535RCI6, STM32U535RCI6Q, STM32U535RCT6, STM32U535RCT6Q, STM32U535REI6, STM32U535REI6Q, STM32U535RET6, STM32U535RET6Q, STM32U535VCI6, STM32U535VCI6Q, STM32U535VCT6, STM32U535VCT6Q, STM32U535VEI6, STM32U535VEI6Q, STM32U535VET6, STM32U535VET6Q, STM32U545CET6, STM32U545CET6Q, STM32U545CEU6, STM32U545CEU6Q, STM32U545JEY6QTR, STM32U545NEY6QTR, STM32U545REI6, STM32U545REI6Q, STM32U545RET6, STM32U545RET6Q, STM32U545VEI6, STM32U545VEI6Q, STM32U545VET6, STM32U545VET6Q, STM32U595AIH6, STM32U595AIH6Q, STM32U595AJH6, STM32U595AJH6Q, STM32U595QII6, STM32U595QII6Q, STM32U595QJI6, STM32U595QJI6Q, STM32U595RIT6, STM32U595RIT6Q, STM32U595RJT6, STM32U595RJT6Q, STM32U595VIT6, STM32U595VIT6Q, STM32U595VJT6, STM32U595VJT6Q, STM32U595ZIT6, STM32U595ZIT6Q, STM32U595ZIY6QTR, STM32U595ZJT6, STM32U595ZJT6Q, STM32U595ZJY6QTR, STM32U599BJY6QTR, STM32U599NIH6Q, STM32U599NJH6Q, STM32U599VIT6Q, STM32U599VJT6, STM32U599VJT6Q, STM32U599ZIT6Q, STM32U599ZIY6QTR, STM32U599ZJT6Q, STM32U599ZJY6QTR, STM32U5A5AJH6, STM32U5A5AJH6Q, STM32U5A5QII3Q , STM32U5A5QJI6, STM32U5A5QJI6Q, STM32U5A5RJT6, STM32U5A5RJT6Q, STM32U5A5VJT6, STM32U5A5VJT6Q, STM32U5A5ZJT6, STM32U5A5ZJT6Q, STM32U5A5ZJY6QTR, STM32U5A9BJY6QTR, STM32U5A9J-DK, STM32U5A9NJH6Q, STM32U5A9VJT6Q, STM32U5A9ZJT6Q, STM32U5A9ZJY6QTR, STM32U5F7VIT6, STM32U5F7VIT6Q, STM32U5F7VJT6, STM32U5F7VJT6Q, STM32U5F9BJY6QTR, STM32U5F9NJH6Q, STM32U5F9VIT6Q, STM32U5F9VJT6Q, STM32U5F9ZIJ6QTR, STM32U5F9ZIT6Q, STM32U5F9ZJJ6QTR, STM32U5F9ZJT6Q, STM32U5G7VJT6, STM32U5G7VJT6Q, STM32U5G9BJY6QTR, STM32U5G9J-DK1, STM32U5G9J-DK2, STM32U5G9NJH6Q, STM32U5G9VJT6Q, STM32U5G9ZJJ6QTR, STM32U5G9ZJT6Q, STM32WB05KZV6TR, STM32WB05KZV7TR, STM32WB05TZF6TR, STM32WB05TZF7TR, STM32WB06CCF6TR, STM32WB06CCF7TR, STM32WB06CCV6TR, STM32WB06CCV7TR, STM32WB06KCV6TR, STM32WB06KCV7TR, STM32WB07CCF6TR, STM32WB07CCF7TR, STM32WB07CCV6TR, STM32WB07CCV7TR, STM32WB07KCV6TR, STM32WB07KCV7TR, STM32WB09KEV6TR, STM32WB09KEV7TR, STM32WB09TEF6TR, STM32WB09TEF7TR, STM32WB1MMCH6, STM32WBA50KGU6, STM32WBA50KGU6TR, STM32WBA52CEU6, STM32WBA52CEU6TR, STM32WBA52CEU7, STM32WBA52CEU7TR, STM32WBA52CGU6, STM32WBA52CGU6TR, STM32WBA52CGU6U, STM32WBA52CGU7, STM32WBA52CGU7TR, STM32WBA52KEU6, STM32WBA52KEU6TR, STM32WBA52KGU6, STM32WBA52KGU6TR, STM32WBA54CEU6, STM32WBA54CEU6TR, STM32WBA54CEU7, STM32WBA54CEU7TR, STM32WBA54CGU6, STM32WBA54CGU6TR, STM32WBA54CGU7, STM32WBA54CGU7TR, STM32WBA54KEU6, STM32WBA54KEU6TR, STM32WBA54KEU7, STM32WBA54KEU7TR, STM32WBA54KGU6, STM32WBA54KGU6TR, STM32WBA54KGU7, STM32WBA54KGU7TR, STM32WBA55CEU6, STM32WBA55CEU6TR, STM32WBA55CEU7, STM32WBA55CEU7TR, STM32WBA55CGU6, STM32WBA55CGU6TR, STM32WBA55CGU6U, STM32WBA55CGU7, STM32WBA55CGU7TR, STM32WBA55G-DK1, STM32WBA55HEF6, STM32WBA55HEF7, STM32WBA55HGF6, STM32WBA55HGF7, STM32WBA55UEI6, STM32WBA55UEI6TR, STM32WBA55UEI7, STM32WBA55UEI7TR, STM32WBA55UGI6, STM32WBA55UGI6TR, STM32WBA55UGI7, STM32WBA55UGI7TR, STM32WBA5MJGH6TR, STM32WBA5MJGH6U, STM32WL33C8V6, STM32WL33C8V6TR, STM32WL33C8V7, STM32WL33C8V7TR, STM32WL33CBV6, STM32WL33CBV6TR, STM32WL33CBV7, STM32WL33CBV7TR, STM32WL33CCV6, STM32WL33CCV6TR, STM32WL33CCV7, STM32WL33CCV7A, STM32WL33CCV7ATR, STM32WL33CCV7TR, STM32WL33K8V6, STM32WL33K8V6TR, STM32WL33K8V7, STM32WL33K8V7TR, STM32WL33KBV6, STM32WL33KBV6TR, STM32WL33KBV7, STM32WL33KBV7TR, STM32WL33KCV6, STM32WL33KCV6TR, STM32WL33KCV7, STM32WL33KCV7TR, STM32WL5MOCH6, STM32WL5MOCH6TR]
2025-02-26 00:35:54,292 [INFO] BoardInfo:889 - No configuration file found for board P-NUCLEO-WB55
2025-02-26 00:35:54,295 [INFO] DbBoards:161 - Kit is not supported: P-NUCLEO-WB55
2025-02-26 00:35:54,311 [INFO] BoardInfo:889 - No configuration file found for board STEVAL-BFA001V1B
2025-02-26 00:35:54,313 [INFO] DbBoards:161 - Kit is not supported: STEVAL-BFA001V1B
2025-02-26 00:35:54,314 [INFO] BoardInfo:889 - No configuration file found for board STEVAL-BFA001V2B
2025-02-26 00:35:54,316 [INFO] DbBoards:161 - Kit is not supported: STEVAL-BFA001V2B
2025-02-26 00:35:54,956 [INFO] DbBoards:168 - Found 209 boards, 206 are supported
2025-02-26 00:35:54,956 [INFO] DbBoards:169 - Found 209 boards, 42 of them is supported for  Bsp
2025-02-26 00:35:54,963 [INFO] ApiDb:668 - CubeFinder database Data Model version=2.1
2025-02-26 00:35:54,963 [INFO] ApiDb:669 - CubeFinder database Configuration version=3.0.39
2025-02-26 00:35:54,963 [INFO] ApiDb:670 - CubeFinder database generation date=2025-02-07 (1738919966)
2025-02-26 00:35:54,963 [INFO] ApiDb:671 - CubeFinder database FW Pack versions=[FP-ATR-ASTRA1_V2.0.0, FP-SNS-FLIGHT1_V5.0.2, FP-SNS-MOTENV1_V5.0.0, FP-SNS-MOTENVWB1_V1.4.0, FP-SNS-SMARTAG2_V1.2.0, FP-SNS-STBOX1_V2.0.0, STM32Cube_FW_C0_V1.3.0, STM32Cube_FW_F4_V1.28.1, STM32Cube_FW_F7_V1.17.2, STM32Cube_FW_G0_V1.6.2, STM32Cube_FW_G4_V1.6.1, STM32Cube_FW_H5_V1.4.0, STM32Cube_FW_H7RS_V1.1.0, STM32Cube_FW_H7_V1.12.0, STM32Cube_FW_L0_V1.12.2, STM32Cube_FW_L4_V1.18.1, STM32Cube_FW_L5_V1.5.1, STM32Cube_FW_N6_V1.0.0, STM32Cube_FW_U0_V1.2.0, STM32Cube_FW_U3_V1.0.0, STM32Cube_FW_U5_V1.7.0, STM32Cube_FW_WB0_V1.1.0, STM32Cube_FW_WBA_V1.5.0, STM32Cube_FW_WB_V1.21.0, STM32Cube_FW_WL3_V1.0.0, STM32Cube_FW_WL_V1.3.0, X-CUBE-ALGOBUILD_V1.4.0, X-CUBE-ALS_V1.0.2, X-CUBE-AZRTOS-F4_V1.1.0, X-CUBE-AZRTOS-F7_V1.1.0, X-CUBE-AZRTOS-G0_V1.1.0, X-CUBE-AZRTOS-G4_V2.0.0, X-CUBE-AZRTOS-H7RS_V1.0.0, X-CUBE-AZRTOS-H7_V3.3.0, X-CUBE-AZRTOS-L4_V2.0.0, X-CUBE-AZRTOS-L5_V2.0.0, X-CUBE-AZRTOS-WB_V2.0.0, X-CUBE-AZRTOS-WL_V2.0.0, X-CUBE-BLE1_V7.0.0, X-CUBE-BLE2_V3.3.0, X-CUBE-BLEMGR_V4.0.0, X-CUBE-EEPRMA1_V5.1.0, X-CUBE-FREERTOS_V1.2.0, X-CUBE-GNSS1_V6.0.0, X-CUBE-MEMS1_V11.1.0, X-CUBE-NFC4_V3.0.0, X-CUBE-NFC7_V1.0.1, X-CUBE-SFXS2LP1_V4.0.0, X-CUBE-SUBG2_V5.0.0, X-CUBE-TOF1_V3.4.2]
2025-02-26 00:35:58,289 [INFO] ApiDb:240 - Found 858 in-development CPN: [B-G473E-ZEST1S, B-WB1M-WPAN1, B-WBA5M-WPAN, B-WL5M-SUBG1, NUCLEO-C031C6, NUCLEO-C051C8, NUCLEO-C071RB, NUCLEO-C092RC, NUCLEO-H503RB, NUCLEO-H533RE, NUCLEO-H563ZI, NUCLEO-H7S3L8, NUCLEO-N657X0-Q, NUCLEO-U031R8, NUCLEO-U083RC, NUCLEO-U385RG-Q, NUCLEO-U545RE-Q, NUCLEO-U5A5ZJ-Q, NUCLEO-WB05KZ, NUCLEO-WB07CC, NUCLEO-WB09KE, NUCLEO-WBA52CG, NUCLEO-WBA55CG, NUCLEO-WL33CC1, NUCLEO-WL33CC2, STEVAL-PROTEUS1, STEVAL-SMARTAG2, STEVAL-STWINBX1, STM320518-EVAL, STM32C0116-DK, STM32C011D6Y3TR, STM32C011D6Y6TR, STM32C011F4P3, STM32C011F4P6, STM32C011F4U3, STM32C011F4U6TR, STM32C011F6P3, STM32C011F6P6, STM32C011F6U3, STM32C011F6U6TR, STM32C011J4M3, STM32C011J4M6, STM32C011J6M3, STM32C011J6M6, STM32C0316-DK, STM32C031C4T3, STM32C031C4T6, STM32C031C4U3, STM32C031C4U6, STM32C031C6T3, STM32C031C6T6, STM32C031C6U3, STM32C031C6U6, STM32C031F4P3, STM32C031F4P6, STM32C031F6P3, STM32C031F6P6, STM32C031G4U3, STM32C031G4U6, STM32C031G6U3, STM32C031G6U6, STM32C031K4T3, STM32C031K4T6, STM32C031K4U3, STM32C031K4U6, STM32C031K6T3, STM32C031K6T6, STM32C031K6U3, STM32C031K6U6, STM32C051C6T6, STM32C051C6U6, STM32C051C8T6, STM32C051C8U6, STM32C051D8Y6TR, STM32C051F6P6, STM32C051F8P6, STM32C051G6U6, STM32C051G8U6, STM32C051K6T6, STM32C051K6U6, STM32C051K8T6, STM32C071C8T6, STM32C071C8T6N, STM32C071C8U6, STM32C071C8U6N, STM32C071CBT6, STM32C071CBT6N, STM32C071CBU6, STM32C071CBU6N, STM32C071F8P6, STM32C071F8P6N, STM32C071FBP6, STM32C071FBP6N, STM32C071FBY6TR, STM32C071G8U6, STM32C071G8U6N, STM32C071GBU6, STM32C071GBU6N, STM32C071K8T6, STM32C071K8T6N, STM32C071K8U6, STM32C071K8U6N, STM32C071KBT6, STM32C071KBT6N, STM32C071KBU6, STM32C071KBU6N, STM32C071R8T6, STM32C071R8T6N, STM32C071RBI6N, STM32C071RBT6, STM32C071RBT6N, STM32C091CBT6, STM32C091CBU6, STM32C091CCT6, STM32C091CCU6, STM32C091ECY6TR, STM32C091FBP6, STM32C091FCP6, STM32C091GBU6, STM32C091GCU6, STM32C091KBT6, STM32C091KBU6, STM32C091KCT6, STM32C091KCU6, STM32C091RBT6, STM32C091RCI6, STM32C091RCT6, STM32C092CBT6, STM32C092CBU6, STM32C092CCT6, STM32C092CCU6, STM32C092ECY6TR, STM32C092FBP6, STM32C092FCP6, STM32C092GBU6, STM32C092GCU6, STM32C092KBT6, STM32C092KBU6, STM32C092KCT6, STM32C092KCU6, STM32C092RBT6, STM32C092RCI6, STM32C092RCT6, STM32G071K8TXN, STM32G071K8UXN, STM32G081GBU6N, STM32G081KBT6N, STM32G081KBUXN, STM32G0B1CCT6N, STM32G0B1KCT6, STM32G0B1NEY6TR, STM32G0B1RCT6N, STM32G0C1CCT6, STM32G0C1CCT6N, STM32G0C1CCU6N, STM32G0C1CET6N, STM32G0C1CEU6N, STM32G0C1KCT6, STM32G0C1NEY6TR, STM32G0C1RCI6N, STM32G0C1RCT6N, STM32G0C1REI6N, STM32G0C1RET6N, STM32G0C1VCI6, STM32G0C1VEI6, STM32G411C6T3, STM32G411C6T6, STM32G411C6U3, STM32G411C6U6, STM32G411C8T3, STM32G411C8T6, STM32G411C8U3, STM32G411C8U6, STM32G411CBT3, STM32G411CBT6, STM32G411CBU3, STM32G411CBU6, STM32G411CCT3, STM32G411CCT6, STM32G411CCU3, STM32G411CCU6, STM32G411K6T3, STM32G411K6T6, STM32G411K6U3, STM32G411K6U6, STM32G411K8T3, STM32G411K8T6, STM32G411K8U3, STM32G411K8U6, STM32G411KBT3, STM32G411KBT6, STM32G411KBU3, STM32G411KBU6, STM32G411M6T3, STM32G411M6T6, STM32G411M8T3, STM32G411M8T6, STM32G411MBT3, STM32G411MBT6, STM32G411MCT3, STM32G411MCT6, STM32G411R6T3, STM32G411R6T6, STM32G411R8T3, STM32G411R8T6, STM32G411RBT3, STM32G411RBT6, STM32G411RCT3, STM32G411RCT6, STM32G414CBT3, STM32G414CBT6, STM32G414CBU3, STM32G414CBU6, STM32G414CCT3, STM32G414CCT6, STM32G414CCU3, STM32G414CCU6, STM32G414MBT3, STM32G414MBT6, STM32G414MCT3, STM32G414MCT6, STM32G414RBT3, STM32G414RBT6, STM32G414RCT3, STM32G414RCT6, STM32G414VBT3, STM32G414VBT6, STM32G414VCT3, STM32G414VCT6, STM32G431CBT3Z, STM32G431RBT3Z, STM32G471CCT6, STM32G471CCU6, STM32G471CET3, STM32G471CET6, STM32G471CEU3, STM32G471CEU6, STM32G471MCT6, STM32G471MET3, STM32G471MET6, STM32G471MEY6TR, STM32G471QCT6, STM32G471QET3, STM32G471RCT6, STM32G471RET3, STM32G471RET6, STM32G471VCH6, STM32G471VCI6, STM32G471VCT6, STM32G471VEH3, STM32G471VEH6, STM32G471VEI3, STM32G471VEI6, STM32G471VET3, STM32G471VET6, STM32G473QET3Z, STM32G473RET3Z, STM32G474CCT6, STM32G491RET3Z, STM32H503CBT6, STM32H503CBU6, STM32H503EBY6TR, STM32H503KBU6, STM32H503RBT6, STM32H523CCT6, STM32H523CCU6, STM32H523CET6, STM32H523CEU6, STM32H523HEY6TR, STM32H523RCT6, STM32H523RET6, STM32H523VCI6, STM32H523VCT6, STM32H523VEI6, STM32H523VET6, STM32H523ZCJ6, STM32H523ZCT6, STM32H523ZEJ6, STM32H523ZET6, STM32H533CET6, STM32H533CEU6, STM32H533HEY6TR, STM32H533RET6, STM32H533VEI6, STM32H533VET6, STM32H533ZEJ6, STM32H533ZET6, STM32H562AGI6, STM32H562AII6, STM32H562IGK6, STM32H562IGT6, STM32H562IIK6, STM32H562IIT6, STM32H562RGT6, STM32H562RGV6, STM32H562RIT6, STM32H562RIV6, STM32H562VGT6, STM32H562VIT6, STM32H562ZGT6, STM32H562ZIT6, STM32H563AGI6, STM32H563AII3Q, STM32H563AII6, STM32H563IGK6, STM32H563IGT6, STM32H563IIK3Q, STM32H563IIK6, STM32H563IIT3Q, STM32H563IIT6, STM32H563MIY3QTR, STM32H563RGT6, STM32H563RGV6, STM32H563RIT6, STM32H563RIV6, STM32H563VGT6, STM32H563VIT3Q, STM32H563VIT6, STM32H563ZGT6, STM32H563ZIT3Q, STM32H563ZIT6, STM32H573AII3Q, STM32H573AII6, STM32H573I-DK, STM32H573IIK3Q, STM32H573IIK6, STM32H573IIT3Q, STM32H573IIT6, STM32H573MIY3QTR, STM32H573RIT6, STM32H573RIV6, STM32H573VIT3Q, STM32H573VIT6, STM32H573ZIT3Q, STM32H573ZIT6, STM32H7R3A8I6, STM32H7R3I8K6, STM32H7R3I8T6, STM32H7R3L8H6, STM32H7R3L8H6H, STM32H7R3R8V6, STM32H7R3V8H6, STM32H7R3V8T6, STM32H7R3V8Y6TR, STM32H7R3Z8J6, STM32H7R3Z8T6, STM32H7R7A8I6, STM32H7R7I8K6, STM32H7R7I8T6, STM32H7R7L8H6, STM32H7R7L8H6H, STM32H7R7Z8J6, STM32H7S3A8I6, STM32H7S3I8K6, STM32H7S3I8T6, STM32H7S3L8H6, STM32H7S3L8H6H, STM32H7S3R8V6, STM32H7S3V8H6, STM32H7S3V8T6, STM32H7S3V8Y6TR, STM32H7S3Z8J6, STM32H7S3Z8T6, STM32H7S78-DK, STM32H7S7A8I6, STM32H7S7I8K6, STM32H7S7I8T6, STM32H7S7L8H6, STM32H7S7L8H6H, STM32H7S7Z8J6, STM32L4R5QGI6STR, STM32MP131AAE3, STM32MP131AAF3, STM32MP131AAG3, STM32MP131CAE3, STM32MP131CAF3, STM32MP131CAG3, STM32MP131DAE7, STM32MP131DAF7, STM32MP131DAG7, STM32MP131FAE7, STM32MP131FAF7, STM32MP131FAG7, STM32MP133AAE3, STM32MP133AAF3, STM32MP133AAG3, STM32MP133CAE3, STM32MP133CAF3, STM32MP133CAG3, STM32MP133DAE7, STM32MP133DAF7, STM32MP133DAG7, STM32MP133FAE7, STM32MP133FAF7, STM32MP133FAG7, STM32MP135AAE3, STM32MP135AAF3, STM32MP135AAG3, STM32MP135CAE3, STM32MP135CAF3, STM32MP135CAG3, STM32MP135DAE7, STM32MP135DAF7, STM32MP135DAG7, STM32MP135F-DK, STM32MP135FAE7, STM32MP135FAF7, STM32MP135FAF7T, STM32MP135FAF7U, STM32MP135FAG7, STM32MP231AAJ3, STM32MP231AAK3, STM32MP231AAL3, STM32MP231CAJ3, STM32MP231CAK3, STM32MP231CAL3, STM32MP231DAJ3, STM32MP231DAK3, STM32MP231DAL3, STM32MP231FAJ3, STM32MP231FAK3, STM32MP231FAL3, STM32MP233AAJ3, STM32MP233AAK3, STM32MP233AAL3, STM32MP233CAJ3, STM32MP233CAK3, STM32MP233CAL3, STM32MP233DAJ3, STM32MP233DAK3, STM32MP233DAL3, STM32MP233FAJ3, STM32MP233FAK3, STM32MP233FAL3, STM32MP235AAJ3, STM32MP235AAK3, STM32MP235AAL3, STM32MP235CAJ3, STM32MP235CAK3, STM32MP235CAL3, STM32MP235DAJ3, STM32MP235DAK3, STM32MP235DAL3, STM32MP235FAJ3, STM32MP235FAK3, STM32MP235FAL3, STM32MP251AAI3, STM32MP251AAJ3, STM32MP251AAK3, STM32MP251AAL3, STM32MP251CAI3, STM32MP251CAJ3, STM32MP251CAK3, STM32MP251CAL3, STM32MP251DAI3, STM32MP251DAJ3, STM32MP251DAK3, STM32MP251DAL3, STM32MP251FAI3, STM32MP251FAJ3, STM32MP251FAK3, STM32MP251FAL3, STM32MP253AAI3, STM32MP253AAJ3, STM32MP253AAK3, STM32MP253AAL3, STM32MP253CAI3, STM32MP253CAJ3, STM32MP253CAK3, STM32MP253CAL3, STM32MP253DAI3, STM32MP253DAJ3, STM32MP253DAK3, STM32MP253DAL3, STM32MP253FAI3, STM32MP253FAJ3, STM32MP253FAK3, STM32MP253FAL3, STM32MP255AAI3, STM32MP255AAJ3, STM32MP255AAK3, STM32MP255AAL3, STM32MP255CAI3, STM32MP255CAJ3, STM32MP255CAK3, STM32MP255CAL3, STM32MP255DAI3, STM32MP255DAJ3, STM32MP255DAK3, STM32MP255DAL3, STM32MP255FAI3, STM32MP255FAJ3, STM32MP255FAK3, STM32MP255FAL3, STM32MP257AAI3, STM32MP257AAJ3, STM32MP257AAK3, STM32MP257AAL3, STM32MP257CAI3, STM32MP257CAJ3, STM32MP257CAK3, STM32MP257CAL3, STM32MP257DAI3, STM32MP257DAJ3, STM32MP257DAK3, STM32MP257DAL3, STM32MP257F-DK, STM32MP257F-EV1, STM32MP257FAI3, STM32MP257FAJ3, STM32MP257FAK3, STM32MP257FAL3, STM32N645A0H3Q, STM32N645B0H3Q, STM32N645I0H3Q, STM32N645L0H3Q, STM32N645X0H3Q, STM32N645Z0H3Q, STM32N647A0H3Q, STM32N647B0H3Q, STM32N647I0H3Q, STM32N647L0H3Q, STM32N647X0H3Q, STM32N647Z0H3Q, STM32N655A0H3Q, STM32N655B0H3Q, STM32N655I0H3Q, STM32N655L0H3Q, STM32N655X0H3Q, STM32N655Z0H3Q, STM32N6570-DK, STM32N657A0H3Q, STM32N657B0H3Q, STM32N657I0H3Q, STM32N657L0H3Q, STM32N657X0H3Q, STM32N657Z0H3Q, STM32U031C6T6, STM32U031C6U6, STM32U031C8T6, STM32U031C8U6, STM32U031F4P6, STM32U031F6P6, STM32U031F8P6, STM32U031G6Y6TR, STM32U031G8Y6TR, STM32U031K4U6, STM32U031K6U6, STM32U031K8U6, STM32U031R6I6, STM32U031R6T6, STM32U031R8I6, STM32U031R8T6, STM32U073C8T6, STM32U073C8U6, STM32U073CBT6, STM32U073CBU6, STM32U073CCT6, STM32U073CCU6, STM32U073H8Y6TR, STM32U073HBY6TR, STM32U073HCY6TR, STM32U073K8U6, STM32U073KBU6, STM32U073KCU6, STM32U073M8I6, STM32U073M8T6, STM32U073MBI6, STM32U073MBT6, STM32U073MCI6, STM32U073MCT6, STM32U073R8I6, STM32U073R8T6, STM32U073RBI6, STM32U073RBT6, STM32U073RCI6, STM32U073RCT6, STM32U083C-DK, STM32U083CCT6, STM32U083CCU6, STM32U083HCY6TR, STM32U083KCU6, STM32U083MCI6, STM32U083MCT6, STM32U083RCI6, STM32U083RCT6, STM32U375CET6, STM32U375CET6Q, STM32U375CEU6, STM32U375CEU6Q, STM32U375CEY6QTR, STM32U375CGT6, STM32U375CGT6Q, STM32U375CGU6, STM32U375CGU6Q, STM32U375CGY6QTR, STM32U375KEU6, STM32U375KGU6, STM32U375REI6, STM32U375REI6Q, STM32U375RET6, STM32U375RET6Q, STM32U375REY6GTR, STM32U375REY6QTR, STM32U375RGI6, STM32U375RGI6Q, STM32U375RGT6, STM32U375RGT6Q, STM32U375RGY6GTR, STM32U375RGY6QTR, STM32U375VEI6, STM32U375VEI6Q, STM32U375VET6, STM32U375VET6Q, STM32U375VGI6, STM32U375VGI6Q, STM32U375VGT6, STM32U375VGT6Q, STM32U385CGT6, STM32U385CGT6Q, STM32U385CGU6, STM32U385CGU6Q, STM32U385CGY6QTR, STM32U385KGU6, STM32U385RGI6, STM32U385RGI6Q, STM32U385RGT6, STM32U385RGT6Q, STM32U385RGY6GTR, STM32U385RGY6QTR, STM32U385VGI6, STM32U385VGI6Q, STM32U385VGT6, STM32U385VGT6Q, STM32U535CBT6, STM32U535CBT6Q, STM32U535CBU6, STM32U535CBU6Q, STM32U535CCT6, STM32U535CCT6Q, STM32U535CCU6, STM32U535CCU6Q, STM32U535CET6, STM32U535CET6Q, STM32U535CEU6, STM32U535CEU6Q, STM32U535JEY6QTR, STM32U535NCY6QTR, STM32U535NEY6QTR, STM32U535RBI6, STM32U535RBI6Q, STM32U535RBT6, STM32U535RBT6Q, STM32U535RCI6, STM32U535RCI6Q, STM32U535RCT6, STM32U535RCT6Q, STM32U535REI6, STM32U535REI6Q, STM32U535RET6, STM32U535RET6Q, STM32U535VCI6, STM32U535VCI6Q, STM32U535VCT6, STM32U535VCT6Q, STM32U535VEI6, STM32U535VEI6Q, STM32U535VET6, STM32U535VET6Q, STM32U545CET6, STM32U545CET6Q, STM32U545CEU6, STM32U545CEU6Q, STM32U545JEY6QTR, STM32U545NEY6QTR, STM32U545REI6, STM32U545REI6Q, STM32U545RET6, STM32U545RET6Q, STM32U545VEI6, STM32U545VEI6Q, STM32U545VET6, STM32U545VET6Q, STM32U595AIH6, STM32U595AIH6Q, STM32U595AJH6, STM32U595AJH6Q, STM32U595QII6, STM32U595QII6Q, STM32U595QJI6, STM32U595QJI6Q, STM32U595RIT6, STM32U595RIT6Q, STM32U595RJT6, STM32U595RJT6Q, STM32U595VIT6, STM32U595VIT6Q, STM32U595VJT6, STM32U595VJT6Q, STM32U595ZIT6, STM32U595ZIT6Q, STM32U595ZIY6QTR, STM32U595ZJT6, STM32U595ZJT6Q, STM32U595ZJY6QTR, STM32U599BJY6QTR, STM32U599NIH6Q, STM32U599NJH6Q, STM32U599VIT6Q, STM32U599VJT6, STM32U599VJT6Q, STM32U599ZIT6Q, STM32U599ZIY6QTR, STM32U599ZJT6Q, STM32U599ZJY6QTR, STM32U5A5AJH6, STM32U5A5AJH6Q, STM32U5A5QII3Q , STM32U5A5QJI6, STM32U5A5QJI6Q, STM32U5A5RJT6, STM32U5A5RJT6Q, STM32U5A5VJT6, STM32U5A5VJT6Q, STM32U5A5ZJT6, STM32U5A5ZJT6Q, STM32U5A5ZJY6QTR, STM32U5A9BJY6QTR, STM32U5A9J-DK, STM32U5A9NJH6Q, STM32U5A9VJT6Q, STM32U5A9ZJT6Q, STM32U5A9ZJY6QTR, STM32U5F7VIT6, STM32U5F7VIT6Q, STM32U5F7VJT6, STM32U5F7VJT6Q, STM32U5F9BJY6QTR, STM32U5F9NJH6Q, STM32U5F9VIT6Q, STM32U5F9VJT6Q, STM32U5F9ZIJ6QTR, STM32U5F9ZIT6Q, STM32U5F9ZJJ6QTR, STM32U5F9ZJT6Q, STM32U5G7VJT6, STM32U5G7VJT6Q, STM32U5G9BJY6QTR, STM32U5G9J-DK1, STM32U5G9J-DK2, STM32U5G9NJH6Q, STM32U5G9VJT6Q, STM32U5G9ZJJ6QTR, STM32U5G9ZJT6Q, STM32WB05KZV6TR, STM32WB05KZV7TR, STM32WB05TZF6TR, STM32WB05TZF7TR, STM32WB06CCF6TR, STM32WB06CCF7TR, STM32WB06CCV6TR, STM32WB06CCV7TR, STM32WB06KCV6TR, STM32WB06KCV7TR, STM32WB07CCF6TR, STM32WB07CCF7TR, STM32WB07CCV6TR, STM32WB07CCV7TR, STM32WB07KCV6TR, STM32WB07KCV7TR, STM32WB09KEV6TR, STM32WB09KEV7TR, STM32WB09TEF6TR, STM32WB09TEF7TR, STM32WB1MMCH6, STM32WBA50KGU6, STM32WBA50KGU6TR, STM32WBA52CEU6, STM32WBA52CEU6TR, STM32WBA52CEU7, STM32WBA52CEU7TR, STM32WBA52CGU6, STM32WBA52CGU6TR, STM32WBA52CGU6U, STM32WBA52CGU7, STM32WBA52CGU7TR, STM32WBA52KEU6, STM32WBA52KEU6TR, STM32WBA52KGU6, STM32WBA52KGU6TR, STM32WBA54CEU6, STM32WBA54CEU6TR, STM32WBA54CEU7, STM32WBA54CEU7TR, STM32WBA54CGU6, STM32WBA54CGU6TR, STM32WBA54CGU7, STM32WBA54CGU7TR, STM32WBA54KEU6, STM32WBA54KEU6TR, STM32WBA54KEU7, STM32WBA54KEU7TR, STM32WBA54KGU6, STM32WBA54KGU6TR, STM32WBA54KGU7, STM32WBA54KGU7TR, STM32WBA55CEU6, STM32WBA55CEU6TR, STM32WBA55CEU7, STM32WBA55CEU7TR, STM32WBA55CGU6, STM32WBA55CGU6TR, STM32WBA55CGU6U, STM32WBA55CGU7, STM32WBA55CGU7TR, STM32WBA55G-DK1, STM32WBA55HEF6, STM32WBA55HEF7, STM32WBA55HGF6, STM32WBA55HGF7, STM32WBA55UEI6, STM32WBA55UEI6TR, STM32WBA55UEI7, STM32WBA55UEI7TR, STM32WBA55UGI6, STM32WBA55UGI6TR, STM32WBA55UGI7, STM32WBA55UGI7TR, STM32WBA5MJGH6TR, STM32WBA5MJGH6U, STM32WL33C8V6, STM32WL33C8V6TR, STM32WL33C8V7, STM32WL33C8V7TR, STM32WL33CBV6, STM32WL33CBV6TR, STM32WL33CBV7, STM32WL33CBV7TR, STM32WL33CCV6, STM32WL33CCV6TR, STM32WL33CCV7, STM32WL33CCV7A, STM32WL33CCV7ATR, STM32WL33CCV7TR, STM32WL33K8V6, STM32WL33K8V6TR, STM32WL33K8V7, STM32WL33K8V7TR, STM32WL33KBV6, STM32WL33KBV6TR, STM32WL33KBV7, STM32WL33KBV7TR, STM32WL33KCV6, STM32WL33KCV6TR, STM32WL33KCV7, STM32WL33KCV7TR, STM32WL5MOCH6, STM32WL5MOCH6TR]
2025-02-26 00:35:58,296 [INFO] DbMcus:218 - Found 4545 MCUs, 4545 are supported
2025-02-26 00:35:58,301 [INFO] ApiDb:423 - Load user favorites file C:\Users\User/.stm32cubeide/favorites.mcus.txt: 0 item(s)
2025-02-26 00:35:58,301 [INFO] ApiDb:427 - User favorites MCUs=[]
2025-02-26 00:35:58,302 [INFO] DbMcus:224 - Set 0 / 0 favorites MCUs
2025-02-26 00:35:59,050 [INFO] ApiDb:423 - Load user favorites file C:\Users\User/.stm32cubeide/favorites.boards.txt: 0 item(s)
2025-02-26 00:35:59,050 [INFO] ApiDb:427 - User favorites Boards=[]
2025-02-26 00:35:59,050 [INFO] DbBoards:198 - Set 0 / 0 favorites Boards
2025-02-26 00:35:59,051 [INFO] McuFinderGlobals:76 - Set McuFinderConnectedMode to true
2025-02-26 00:35:59,059 [INFO] MultiScanPanel:200 - Auto-refresh data requested => check proxy status ongoing
2025-02-26 00:35:59,062 [INFO] FinderPluginLoader:95 - Searching for filters in installed packs
2025-02-26 00:36:01,119 [INFO] LoadUrlFilesThread:185 - End of LoadServerUrlFiles without Thread
2025-02-26 00:36:01,132 [INFO] DetailPanel:341 - Set advertising image to C:/Users/User/STM32Cube/Repository/\en.prom-stm32n6-mcu-finder.png
2025-02-26 00:39:05,314 [INFO] MultiScanPanel:200 - Auto-refresh data requested => check proxy status ongoing
2025-02-26 00:39:05,513 [INFO] LoadUrlFilesThread:185 - End of LoadServerUrlFiles without Thread
2025-02-26 00:39:05,513 [INFO] DetailPanel:341 - Set advertising image to C:/Users/User/STM32Cube/Repository/\en.prom-stm32n6-mcu-finder.png
2025-02-26 00:39:05,531 [INFO] DbBoards:642 - Loading board mini-images...
2025-02-26 00:39:05,770 [ERROR] DbBoards:659 - Image file not found for board B-WBA5M-WPAN: C:\Users\User\.stmcufinder\plugins\mcufinder//mcu//boards_images/B-WBA5M-WPAN.jpg
2025-02-26 00:39:07,310 [ERROR] DbBoards:659 - Image file not found for board NUCLEO-U385RG-Q: C:\Users\User\.stmcufinder\plugins\mcufinder//mcu//boards_images/NUCLEO-U385RG-Q.jpg
2025-02-26 00:39:10,522 [INFO] DbBoards:665 - Loaded 207 board mini-images
2025-02-26 00:43:35,967 [INFO] McuFinderGlobals:76 - Set McuFinderConnectedMode to true
2025-02-26 00:43:35,973 [INFO] ApiDb:448 - Save user favorites file C:\Users\User/.stm32cubeide/favorites.mcus.txt: 0 item(s)
2025-02-26 00:43:35,973 [INFO] ApiDb:452 - User favorites MCUs=[]
2025-02-26 00:43:35,976 [INFO] ApiDb:448 - Save user favorites file C:\Users\User/.stm32cubeide/favorites.boards.txt: 0 item(s)
2025-02-26 00:43:35,976 [INFO] ApiDb:452 - User favorites Boards=[]
2025-02-26 02:07:57,711 [ERROR] LogOutputStream:75 - [STDERR_REDIRECT] 
2025-02-26 22:44:18,735 [INFO] Activator:176 - 


2025-02-26 22:44:18,738 [INFO] Activator:177 - !SESSION log4j initialized
2025-02-26 22:44:29,666 [INFO] LogOutputStream:77 - [STDOUT_REDIRECT] 
2025-02-26 22:44:39,226 [INFO] ApplicationProperties:184 - Using Application install path: C:\ST\STM32CubeIDE_1.17.0\STM32CubeIDE\plugins\com.st.stm32cube.common.mx_6.13.0.202411220809
2025-02-26 22:44:39,252 [INFO] DbMcusXml:78 - Set database path to: C:\ST\STM32CubeIDE_1.17.0\STM32CubeIDE\plugins\com.st.stm32cube.common.mx_6.13.0.202411220809\\db\/mcu/
2025-02-26 22:44:39,252 [INFO] ApiDb:274 - Set plugin database path to: C:\ST\STM32CubeIDE_1.17.0\STM32CubeIDE\plugins\com.st.stm32cube.common.mx_6.13.0.202411220809\\db\/plugins/boardmanager/
2025-02-26 22:44:39,253 [WARN] ApiDb:259 - Overriding images path with different value:  => C:\ST\STM32CubeIDE_1.17.0\STM32CubeIDE\plugins\com.st.stm32cube.common.mx_6.13.0.202411220809\\db\/plugins/mcufinder/images/
2025-02-26 22:44:39,264 [INFO] ApiDb:250 - Set database path to: C:\Users\User\.stmcufinder\plugins\mcufinder//mcu/
2025-02-26 22:44:39,265 [INFO] DbMcusAds:125 - Set database path to: C:\Users\User\.stmcufinder\plugins\mcufinder//mcu/
2025-02-26 22:44:39,268 [INFO] CrossReferenceDbSqlite:203 - Set database path to: C:\Users\User\.stmcufinder\plugins\mcufinder//mcu/cs/
2025-02-26 22:44:39,487 [INFO] RulesReader:64 - Compatibility file has been processed (297 Rules)
2025-02-26 22:44:39,676 [INFO] DbMcusXml:78 - Set database path to: C:\ST\STM32CubeIDE_1.17.0\STM32CubeIDE\plugins\com.st.stm32cube.common.mx_6.13.0.202411220809\\db\/mcu/
2025-02-26 22:44:39,677 [INFO] ApiDb:274 - Set plugin database path to: C:\ST\STM32CubeIDE_1.17.0\STM32CubeIDE\plugins\com.st.stm32cube.common.mx_6.13.0.202411220809\\db\/plugins/boardmanager/
2025-02-26 22:44:39,680 [INFO] ApiDb:261 - Set plugin images path to: C:\ST\STM32CubeIDE_1.17.0\STM32CubeIDE\plugins\com.st.stm32cube.common.mx_6.13.0.202411220809\\db\/plugins/mcufinder/images/
2025-02-26 22:44:39,681 [WARN] DbFile:41 - Overriding database path with different value: C:\Users\User\.stmcufinder\plugins\mcufinder/ => C:\Users\User\.stmcufinder\plugins\mcufinder
2025-02-26 22:44:39,681 [INFO] ApiDb:250 - Set database path to: C:\Users\User\.stmcufinder\plugins\mcufinder//mcu/
2025-02-26 22:44:39,681 [WARN] DbFile:41 - Overriding database path with different value: C:\Users\User\.stmcufinder\plugins\mcufinder/ => C:\Users\User\.stmcufinder\plugins\mcufinder
2025-02-26 22:44:39,681 [INFO] DbMcusAds:125 - Set database path to: C:\Users\User\.stmcufinder\plugins\mcufinder//mcu/
2025-02-26 22:44:39,682 [WARN] DbFile:41 - Overriding database path with different value: C:\Users\User\.stmcufinder\plugins\mcufinder/ => C:\Users\User\.stmcufinder\plugins\mcufinder
2025-02-26 22:44:39,682 [WARN] DbFile:41 - Overriding database path with different value: C:\Users\User\.stmcufinder\plugins\mcufinder/ => C:\Users\User\.stmcufinder\plugins\mcufinder
2025-02-26 22:44:39,682 [INFO] CrossReferenceDbSqlite:203 - Set database path to: C:\Users\User\.stmcufinder\plugins\mcufinder//mcu/cs/
2025-02-26 22:44:39,847 [INFO] MainPanel:272 - HeapMemory: 268435456
2025-02-26 22:44:40,021 [INFO] DbMcusXml:78 - Set database path to: C:\ST\STM32CubeIDE_1.17.0\STM32CubeIDE\plugins\com.st.stm32cube.common.mx_6.13.0.202411220809\\db\/mcu/
2025-02-26 22:44:40,021 [INFO] ApiDb:274 - Set plugin database path to: C:\ST\STM32CubeIDE_1.17.0\STM32CubeIDE\plugins\com.st.stm32cube.common.mx_6.13.0.202411220809\\db\/plugins/boardmanager/
2025-02-26 22:44:40,021 [INFO] ApiDb:261 - Set plugin images path to: C:\ST\STM32CubeIDE_1.17.0\STM32CubeIDE\plugins\com.st.stm32cube.common.mx_6.13.0.202411220809\\db\/plugins/mcufinder/images/
2025-02-26 22:44:40,022 [WARN] DbFile:41 - Overriding database path with different value: C:\Users\User\.stmcufinder\plugins\mcufinder/ => C:\Users\User\.stmcufinder\plugins\mcufinder
2025-02-26 22:44:40,022 [INFO] ApiDb:250 - Set database path to: C:\Users\User\.stmcufinder\plugins\mcufinder//mcu/
2025-02-26 22:44:40,022 [WARN] DbFile:41 - Overriding database path with different value: C:\Users\User\.stmcufinder\plugins\mcufinder/ => C:\Users\User\.stmcufinder\plugins\mcufinder
2025-02-26 22:44:40,022 [INFO] DbMcusAds:125 - Set database path to: C:\Users\User\.stmcufinder\plugins\mcufinder//mcu/
2025-02-26 22:44:40,022 [WARN] DbFile:41 - Overriding database path with different value: C:\Users\User\.stmcufinder\plugins\mcufinder/ => C:\Users\User\.stmcufinder\plugins\mcufinder
2025-02-26 22:44:40,022 [WARN] DbFile:41 - Overriding database path with different value: C:\Users\User\.stmcufinder\plugins\mcufinder/ => C:\Users\User\.stmcufinder\plugins\mcufinder
2025-02-26 22:44:40,022 [INFO] CrossReferenceDbSqlite:203 - Set database path to: C:\Users\User\.stmcufinder\plugins\mcufinder//mcu/cs/
2025-02-26 22:44:40,054 [INFO] ApplicationProperties:184 - Using Application install path: C:\ST\STM32CubeIDE_1.17.0\STM32CubeIDE\plugins\com.st.stm32cube.common.mx_6.13.0.202411220809
2025-02-26 22:44:40,056 [INFO] PluginManage:196 - Search for loadable plugins [exclusion list=, ]
2025-02-26 22:44:40,058 [INFO] PluginManage:310 - Check plugin analytics
2025-02-26 22:44:44,902 [INFO] AnalyticsPlugin:253 - Accepted Software Licenses: 
2025-02-26 22:44:44,902 [INFO] AnalyticsPlugin:255 - Accepted CMSIS Pack Licenses: 
2025-02-26 22:44:44,903 [INFO] AnalyticsPlugin:257 - Accepted Firmware Licenses: FW.F4.1.28.0
2025-02-26 22:44:44,909 [INFO] PluginManage:359 - Loaded plugin analytics (category:tool,tabindex:-1)
2025-02-26 22:44:44,910 [INFO] PluginManage:310 - Check plugin cadmodel
2025-02-26 22:44:44,944 [INFO] CADModel:105 - Init CAD model plugin
2025-02-26 22:44:44,944 [INFO] PluginManage:359 - Loaded plugin cadmodel (category:power,tabindex:5)
2025-02-26 22:44:44,944 [INFO] PluginManage:310 - Check plugin clock
2025-02-26 22:44:44,981 [INFO] PluginManage:359 - Loaded plugin clock (category:base,tabindex:2)
2025-02-26 22:44:44,982 [INFO] PluginManage:310 - Check plugin ddr
2025-02-26 22:44:44,985 [INFO] PluginManage:359 - Loaded plugin ddr (category:tool,tabindex:6)
2025-02-26 22:44:44,986 [INFO] PluginManage:310 - Check plugin filemanager
2025-02-26 22:44:45,216 [INFO] PluginManage:359 - Loaded plugin filemanager (category:base,tabindex:10)
2025-02-26 22:44:45,216 [INFO] PluginManage:310 - Check plugin ipmanager
2025-02-26 22:44:45,234 [INFO] PluginManage:359 - Loaded plugin ipmanager (category:base,tabindex:5)
2025-02-26 22:44:45,234 [INFO] PluginManage:310 - Check plugin lpbam
2025-02-26 22:44:45,276 [INFO] PluginManage:359 - Loaded plugin lpbam (category:base,tabindex:0)
2025-02-26 22:44:45,276 [INFO] PluginManage:310 - Check plugin memorymap
2025-02-26 22:44:45,329 [INFO] PluginManage:359 - Loaded plugin memorymap (category:base,tabindex:4)
2025-02-26 22:44:45,329 [INFO] PluginManage:310 - Check plugin pinoutandconfiguration
2025-02-26 22:44:45,364 [INFO] PluginManage:359 - Loaded plugin pinoutandconfiguration (category:base,tabindex:1)
2025-02-26 22:44:45,364 [INFO] PluginManage:310 - Check plugin pinoutconfig
2025-02-26 22:44:45,595 [WARN] SupportedApi:132 - Cannot load RTOS API schema: s4s-elt-must-match.1: The content of 'definitions' must match (annotation?, (simpleType | complexType)?, (unique | key | keyref)*)). A problem was found starting at: attribute.
2025-02-26 22:44:45,851 [INFO] PluginManage:359 - Loaded plugin pinoutconfig (category:base,tabindex:0)
2025-02-26 22:44:45,851 [INFO] PluginManage:310 - Check plugin power
2025-02-26 22:44:45,893 [INFO] PluginManage:359 - Loaded plugin power (category:power,tabindex:4)
2025-02-26 22:44:45,893 [INFO] PluginManage:310 - Check plugin projectmanager
2025-02-26 22:44:45,928 [INFO] PluginManage:359 - Loaded plugin projectmanager (category:projectmanager,tabindex:4)
2025-02-26 22:44:45,929 [INFO] PluginManage:310 - Check plugin rif
2025-02-26 22:44:45,963 [INFO] PluginManage:359 - Loaded plugin rif (category:base,tabindex:3)
2025-02-26 22:44:45,963 [INFO] PluginManage:310 - Check plugin thirdparty
2025-02-26 22:44:46,527 [INFO] PluginManage:359 - Loaded plugin thirdparty (category:base,tabindex:-1)
2025-02-26 22:44:46,527 [INFO] PluginManage:310 - Check plugin tools
2025-02-26 22:44:46,527 [WARN] IntegrityCheckThread:84 - waiting for thirdparty lock release [integrity check]
2025-02-26 22:44:46,528 [INFO] IntegrityCheckThread:86 - entering critical section [integrity check]
2025-02-26 22:44:46,529 [INFO] ThirdPartyUpdaterWithRetryManager:70 - Updater plugin not ready yet. [1/15]
2025-02-26 22:44:46,605 [INFO] PluginManage:359 - Loaded plugin tools (category:base,tabindex:7)
2025-02-26 22:44:46,605 [INFO] PluginManage:310 - Check plugin tutovideos
2025-02-26 22:44:46,929 [INFO] PluginManage:359 - Loaded plugin tutovideos (category:base,tabindex:-1)
2025-02-26 22:44:46,929 [INFO] PluginManage:310 - Check plugin updater
2025-02-26 22:44:46,971 [INFO] PluginManage:359 - Loaded plugin updater (category:base,tabindex:12)
2025-02-26 22:44:46,972 [INFO] PluginManage:310 - Check plugin userauth
2025-02-26 22:44:46,980 [INFO] UserAuth:118 - Init User Auth plugin
2025-02-26 22:44:46,981 [INFO] PluginManage:359 - Loaded plugin userauth (category:base,tabindex:14)
2025-02-26 22:44:46,982 [INFO] PluginManage:283 - PluginManage : Loaded plugins [18]
2025-02-26 22:44:47,385 [INFO] PinOutPanel:1589 - setPackage(No Configuration,No Configuration)
2025-02-26 22:44:47,553 [INFO] CADModel:165 - CPN selected for project level
2025-02-26 22:44:47,554 [INFO] CADModel:114 - Register for checkConnection events
2025-02-26 22:44:47,599 [INFO] IPUIPlugin:80 - create IPUIPlugin
2025-02-26 22:44:47,599 [INFO] PluginManager:220 - loadIPPluginJar : add adc
2025-02-26 22:44:47,660 [INFO] IPUIPlugin:80 - create IPUIPlugin
2025-02-26 22:44:47,661 [INFO] PluginManager:220 - loadIPPluginJar : add aes
2025-02-26 22:44:47,732 [INFO] IPUIPlugin:80 - create IPUIPlugin
2025-02-26 22:44:47,732 [INFO] PluginManager:220 - loadIPPluginJar : add can
2025-02-26 22:44:47,773 [INFO] IPUIPlugin:80 - create IPUIPlugin
2025-02-26 22:44:47,773 [INFO] PluginManager:220 - loadIPPluginJar : add comp
2025-02-26 22:44:47,831 [INFO] IPUIPlugin:80 - create IPUIPlugin
2025-02-26 22:44:47,831 [INFO] PluginManager:220 - loadIPPluginJar : add cryp
2025-02-26 22:44:47,860 [INFO] IPUIPlugin:80 - create IPUIPlugin
2025-02-26 22:44:47,860 [INFO] PluginManager:220 - loadIPPluginJar : add ddr_ctrl_phy
2025-02-26 22:44:47,928 [INFO] IPUIPlugin:80 - create IPUIPlugin
2025-02-26 22:44:47,928 [INFO] PluginManager:220 - loadIPPluginJar : add dfsdm
2025-02-26 22:44:47,950 [INFO] IPUIPlugin:80 - create IPUIPlugin
2025-02-26 22:44:47,951 [INFO] PluginManager:220 - loadIPPluginJar : add dma
2025-02-26 22:44:48,023 [INFO] IPUIPlugin:80 - create IPUIPlugin
2025-02-26 22:44:48,023 [INFO] PluginManager:220 - loadIPPluginJar : add dma3
2025-02-26 22:44:48,097 [INFO] IPUIPlugin:80 - create IPUIPlugin
2025-02-26 22:44:48,098 [INFO] PluginManager:220 - loadIPPluginJar : add extmemmanager
2025-02-26 22:44:48,133 [INFO] IPUIPlugin:80 - create IPUIPlugin
2025-02-26 22:44:48,133 [INFO] PluginManager:220 - loadIPPluginJar : add fatfs
2025-02-26 22:44:48,215 [INFO] IPUIPlugin:80 - create IPUIPlugin
2025-02-26 22:44:48,215 [INFO] PluginManager:220 - loadIPPluginJar : add fmc
2025-02-26 22:44:48,246 [INFO] IPUIPlugin:80 - create IPUIPlugin
2025-02-26 22:44:48,246 [INFO] PluginManager:220 - loadIPPluginJar : add freertos
2025-02-26 22:44:48,280 [INFO] IPUIPlugin:80 - create IPUIPlugin
2025-02-26 22:44:48,280 [INFO] PluginManager:220 - loadIPPluginJar : add genericplugin
2025-02-26 22:44:48,467 [INFO] IPUIPlugin:80 - create IPUIPlugin
2025-02-26 22:44:48,467 [INFO] PluginManager:220 - loadIPPluginJar : add gfxmmu
2025-02-26 22:44:48,703 [INFO] IPUIPlugin:80 - create IPUIPlugin
2025-02-26 22:44:48,703 [INFO] PluginManager:220 - loadIPPluginJar : add gic
2025-02-26 22:44:48,725 [INFO] IPUIPlugin:80 - create IPUIPlugin
2025-02-26 22:44:48,726 [INFO] PluginManager:220 - loadIPPluginJar : add gpio
2025-02-26 22:44:48,876 [INFO] IPUIPlugin:80 - create IPUIPlugin
2025-02-26 22:44:48,876 [INFO] PluginManager:220 - loadIPPluginJar : add gtzc
2025-02-26 22:44:48,930 [INFO] IPUIPlugin:80 - create IPUIPlugin
2025-02-26 22:44:48,930 [INFO] PluginManager:220 - loadIPPluginJar : add hash
2025-02-26 22:44:49,034 [INFO] IPUIPlugin:80 - create IPUIPlugin
2025-02-26 22:44:49,034 [INFO] PluginManager:220 - loadIPPluginJar : add i2c
2025-02-26 22:44:49,100 [INFO] IPUIPlugin:80 - create IPUIPlugin
2025-02-26 22:44:49,100 [INFO] PluginManager:220 - loadIPPluginJar : add i2s
2025-02-26 22:44:49,173 [INFO] IPUIPlugin:80 - create IPUIPlugin
2025-02-26 22:44:49,174 [INFO] PluginManager:220 - loadIPPluginJar : add i3c
2025-02-26 22:44:49,367 [INFO] IPUIPlugin:80 - create IPUIPlugin
2025-02-26 22:44:49,367 [INFO] PluginManager:220 - loadIPPluginJar : add ipddr
2025-02-26 22:44:49,530 [INFO] IPUIPlugin:80 - create IPUIPlugin
2025-02-26 22:44:49,531 [INFO] PluginManager:220 - loadIPPluginJar : add linkedlist
2025-02-26 22:44:49,544 [INFO] ThirdPartyUpdaterWithRetryManager:70 - Updater plugin not ready yet. [2/15]
2025-02-26 22:44:49,595 [INFO] IPUIPlugin:80 - create IPUIPlugin
2025-02-26 22:44:49,595 [INFO] PluginManager:220 - loadIPPluginJar : add lorawan
2025-02-26 22:44:49,667 [INFO] IPUIPlugin:80 - create IPUIPlugin
2025-02-26 22:44:49,667 [INFO] PluginManager:220 - loadIPPluginJar : add ltdc
2025-02-26 22:44:49,691 [INFO] IPUIPlugin:80 - create IPUIPlugin
2025-02-26 22:44:49,692 [INFO] PluginManager:220 - loadIPPluginJar : add mdma
2025-02-26 22:44:49,710 [INFO] IPUIPlugin:80 - create IPUIPlugin
2025-02-26 22:44:49,710 [INFO] PluginManager:220 - loadIPPluginJar : add nvic
2025-02-26 22:44:49,772 [INFO] IPUIPlugin:80 - create IPUIPlugin
2025-02-26 22:44:49,772 [INFO] PluginManager:220 - loadIPPluginJar : add opamp
2025-02-26 22:44:49,878 [INFO] IPUIPlugin:80 - create IPUIPlugin
2025-02-26 22:44:49,878 [INFO] PluginManager:220 - loadIPPluginJar : add openamp
2025-02-26 22:44:49,952 [INFO] IPUIPlugin:80 - create IPUIPlugin
2025-02-26 22:44:49,952 [INFO] PluginManager:220 - loadIPPluginJar : add pdm2pcm
2025-02-26 22:44:49,976 [INFO] IPUIPlugin:80 - create IPUIPlugin
2025-02-26 22:44:49,979 [INFO] PluginManager:220 - loadIPPluginJar : add plateformsettings
2025-02-26 22:44:50,016 [INFO] IPUIPlugin:80 - create IPUIPlugin
2025-02-26 22:44:50,016 [INFO] PluginManager:220 - loadIPPluginJar : add quadspi
2025-02-26 22:44:50,060 [INFO] IPUIPlugin:80 - create IPUIPlugin
2025-02-26 22:44:50,061 [INFO] PluginManager:220 - loadIPPluginJar : add radio
2025-02-26 22:44:50,083 [INFO] IPUIPlugin:80 - create IPUIPlugin
2025-02-26 22:44:50,083 [INFO] PluginManager:220 - loadIPPluginJar : add resmgrutility
2025-02-26 22:44:50,164 [INFO] IPUIPlugin:80 - create IPUIPlugin
2025-02-26 22:44:50,164 [INFO] PluginManager:220 - loadIPPluginJar : add sai
2025-02-26 22:44:50,229 [INFO] IPUIPlugin:80 - create IPUIPlugin
2025-02-26 22:44:50,230 [INFO] PluginManager:220 - loadIPPluginJar : add spi
2025-02-26 22:44:50,347 [INFO] IPUIPlugin:80 - create IPUIPlugin
2025-02-26 22:44:50,347 [INFO] PluginManager:220 - loadIPPluginJar : add stm32_wpan
2025-02-26 22:44:50,390 [INFO] IPUIPlugin:80 - create IPUIPlugin
2025-02-26 22:44:50,390 [INFO] PluginManager:220 - loadIPPluginJar : add tim
2025-02-26 22:44:50,496 [INFO] IPUIPlugin:80 - create IPUIPlugin
2025-02-26 22:44:50,496 [INFO] PluginManager:220 - loadIPPluginJar : add touchsensing
2025-02-26 22:44:50,535 [INFO] IPUIPlugin:80 - create IPUIPlugin
2025-02-26 22:44:50,535 [INFO] PluginManager:220 - loadIPPluginJar : add tracer_emb
2025-02-26 22:44:50,577 [INFO] IPUIPlugin:80 - create IPUIPlugin
2025-02-26 22:44:50,578 [INFO] PluginManager:220 - loadIPPluginJar : add ts
2025-02-26 22:44:50,618 [INFO] IPUIPlugin:80 - create IPUIPlugin
2025-02-26 22:44:50,618 [INFO] PluginManager:220 - loadIPPluginJar : add tsc
2025-02-26 22:44:50,658 [INFO] IPUIPlugin:80 - create IPUIPlugin
2025-02-26 22:44:50,658 [INFO] PluginManager:220 - loadIPPluginJar : add ucpd
2025-02-26 22:44:50,732 [INFO] IPUIPlugin:80 - create IPUIPlugin
2025-02-26 22:44:50,732 [INFO] PluginManager:220 - loadIPPluginJar : add usart
2025-02-26 22:44:50,813 [INFO] IPUIPlugin:80 - create IPUIPlugin
2025-02-26 22:44:50,813 [INFO] PluginManager:220 - loadIPPluginJar : add usbx
2025-02-26 22:44:50,983 [FATAL] Updater:351 - Updater called before beeing initialized
2025-02-26 22:44:51,027 [INFO] RulesReader:64 - Compatibility file has been processed (297 Rules)
2025-02-26 22:44:51,043 [INFO] RulesReader:64 - Compatibility file has been processed (297 Rules)
2025-02-26 22:44:51,062 [INFO] CADModel:165 - CPN selected for project level
2025-02-26 22:44:51,062 [INFO] CADModel:114 - Register for checkConnection events
2025-02-26 22:44:51,063 [FATAL] Updater:351 - Updater called before beeing initialized
2025-02-26 22:44:51,064 [ERROR] CADModel:125 - Updater not yet initialized, retry later 
2025-02-26 22:44:51,320 [FATAL] Updater:351 - Updater called before beeing initialized
2025-02-26 22:44:51,324 [INFO] CADModel:165 - CPN selected for project level
2025-02-26 22:44:51,324 [INFO] CADModel:114 - Register for checkConnection events
2025-02-26 22:44:51,324 [FATAL] Updater:351 - Updater called before beeing initialized
2025-02-26 22:44:51,324 [ERROR] CADModel:125 - Updater not yet initialized, retry later 
2025-02-26 22:44:51,329 [FATAL] Updater:351 - Updater called before beeing initialized
2025-02-26 22:44:51,565 [FATAL] Updater:351 - Updater called before beeing initialized
2025-02-26 22:44:51,581 [INFO] DbMcusAds:53 - JSON generation date=Tue Dec 17 17:01:15 CET 2024 (1734451275111)
2025-02-26 22:44:51,581 [FATAL] Updater:351 - Updater called before beeing initialized
2025-02-26 22:44:51,636 [WARN] DetailPanel:346 - Failed to get advertising image, set to default
2025-02-26 22:44:51,973 [FATAL] Updater:351 - Updater called before beeing initialized
2025-02-26 22:44:51,975 [FATAL] Updater:351 - Updater called before beeing initialized
2025-02-26 22:44:51,976 [FATAL] Updater:351 - Updater called before beeing initialized
2025-02-26 22:44:51,976 [WARN] DetailPanel:346 - Failed to get advertising image, set to default
2025-02-26 22:44:51,977 [FATAL] Updater:351 - Updater called before beeing initialized
2025-02-26 22:44:52,082 [ERROR] Updater:1198 - MainUpdater not yet initialized. External WinMGr cannot be set.
2025-02-26 22:44:52,102 [INFO] Updater:1134 - Updater Version found : 6.13.0
2025-02-26 22:44:52,201 [INFO] ApplicationProperties:184 - Using Application install path: C:\ST\STM32CubeIDE_1.17.0\STM32CubeIDE\plugins\com.st.stm32cube.common.mx_6.13.0.202411220809
2025-02-26 22:44:52,546 [INFO] ThirdPartyUpdaterWithRetryManager:70 - Updater plugin not ready yet. [3/15]
2025-02-26 22:44:53,840 [ERROR] LogOutputStream:75 - [STDERR_REDIRECT] Feb 26, 2025 10:44:53 PM java.util.prefs.WindowsPreferences <init>
2025-02-26 22:44:53,843 [ERROR] LogOutputStream:75 - [STDERR_REDIRECT] WARNING: Could not open/create prefs root node Software\JavaSoft\Prefs at root 0xffffffff80000002. Windows RegCreateKeyEx(...) returned error code 5.
2025-02-26 22:44:53,843 [ERROR] LogOutputStream:75 - [STDERR_REDIRECT] 
2025-02-26 22:44:54,368 [INFO] MainUpdater:2872 - connection check result : 10
2025-02-26 22:44:54,369 [INFO] MainUpdater:289 - Updater Check For Update Now.
2025-02-26 22:44:54,369 [INFO] MicroXplorer:498 - Change Database Version : DB.6.0.130
2025-02-26 22:44:54,396 [INFO] McuFinderGlobals:63 - Set McuFinder mode to 2 (CubeIDE integrated)
2025-02-26 22:44:54,411 [INFO] UserAuth:486 - Internet connection configuration mode: 1
2025-02-26 22:44:54,476 [INFO] JxBrowserEngine:152 - Initiate JxBrowser Engine with user profile folder
2025-02-26 22:44:54,986 [INFO] CheckServerUpdateThread:120 - End of CheckServer Thread
2025-02-26 22:44:56,646 [WARN] PackLoader:240 - Cannot read IP mode file for STMicroelectronics.FP-SNS-MOTENVWB1.1.4.0
2025-02-26 22:44:56,689 [WARN] PackLoader:240 - Cannot read IP mode file for STMicroelectronics.FP-ATR-ASTRA1.2.0.1
2025-02-26 22:44:56,732 [WARN] PackLoader:240 - Cannot read IP mode file for STMicroelectronics.X-CUBE-SMBUS.2.1.0
2025-02-26 22:44:56,783 [WARN] PackLoader:240 - Cannot read IP mode file for STMicroelectronics.X-CUBE-WB05N.1.1.0
2025-02-26 22:44:57,018 [WARN] PackLoader:240 - Cannot read IP mode file for STMicroelectronics.X-CUBE-AZRTOS-F7.1.1.0
2025-02-26 22:44:57,451 [WARN] PackLoader:240 - Cannot read IP mode file for STMicroelectronics.FP-SNS-FLIGHT1.5.0.2
2025-02-26 22:44:57,750 [WARN] PackLoader:240 - Cannot read IP mode file for Infineon.AIROC-Wi-Fi-Bluetooth-STM32.1.7.0
2025-02-26 22:44:57,914 [WARN] PackLoader:240 - Cannot read IP mode file for STMicroelectronics.X-CUBE-DISPLAY.3.0.0
2025-02-26 22:44:58,033 [WARN] PackLoader:240 - Cannot read IP mode file for STMicroelectronics.X-CUBE-BLE1.7.0.0
2025-02-26 22:44:58,131 [WARN] PackLoader:240 - Cannot read IP mode file for STMicroelectronics.X-CUBE-NFC10.1.0.0
2025-02-26 22:44:58,273 [INFO] WebApp:168 - Instantiating new browser for Auth
2025-02-26 22:44:58,406 [WARN] PackLoader:240 - Cannot read IP mode file for STMicroelectronics.X-CUBE-BLEMGR.4.0.0
2025-02-26 22:44:58,452 [WARN] PackLoader:240 - Cannot read IP mode file for emotas.I-CUBE-CANOPEN.1.3.0
2025-02-26 22:44:58,483 [WARN] PackLoader:240 - Cannot read IP mode file for STMicroelectronics.X-CUBE-AI.10.0.0
2025-02-26 22:44:58,743 [WARN] PackLoader:240 - Cannot read IP mode file for STMicroelectronics.FP-SNS-SMARTAG2.1.2.0
2025-02-26 22:44:59,593 [WARN] PackLoader:240 - Cannot read IP mode file for STMicroelectronics.X-CUBE-MEMS1.11.1.0
2025-02-26 22:45:00,378 [INFO] LogOutputStream:77 - [STDOUT_REDIRECT] 1 : Invalid condition id : UX_CORESTACK_Condition cause : null
2025-02-26 22:45:00,379 [INFO] LogOutputStream:77 - [STDOUT_REDIRECT] 1 : Invalid condition id : UX_CORESTACK_Condition cause : null
2025-02-26 22:45:00,388 [INFO] LogOutputStream:77 - [STDOUT_REDIRECT] 1 : Invalid condition id : UX_CORESTACK_Condition cause : null
2025-02-26 22:45:00,390 [INFO] LogOutputStream:77 - [STDOUT_REDIRECT] 1 : Invalid condition id : UX_CORESTACK_Condition cause : null
2025-02-26 22:45:00,391 [INFO] LogOutputStream:77 - [STDOUT_REDIRECT] 1 : Invalid condition id : UX_CORESTACK_Condition cause : null
2025-02-26 22:45:00,396 [WARN] PackLoader:240 - Cannot read IP mode file for STMicroelectronics.X-CUBE-AZRTOS-WL.2.0.0
2025-02-26 22:45:00,454 [WARN] PackLoader:240 - Cannot read IP mode file for STMicroelectronics.FP-SNS-MOTENV1.5.0.0
2025-02-26 22:45:00,483 [WARN] PackLoader:240 - Cannot read IP mode file for wolfSSL.I-CUBE-wolfMQTT.1.19.0
2025-02-26 22:45:00,569 [WARN] PackLoader:240 - Cannot read IP mode file for WES.I-CUBE-Cesium.1.3.0
2025-02-26 22:45:00,601 [WARN] PackLoader:240 - Cannot read IP mode file for STMicroelectronics.X-CUBE-BLE2.3.3.0
2025-02-26 22:45:00,631 [WARN] PackLoader:240 - Cannot read IP mode file for STMicroelectronics.X-CUBE-NFC9.1.0.0
2025-02-26 22:45:00,746 [WARN] PackLoader:240 - Cannot read IP mode file for STMicroelectronics.X-CUBE-AZRTOS-G0.1.1.0
2025-02-26 22:45:00,778 [WARN] PackLoader:240 - Cannot read IP mode file for STMicroelectronics.X-CUBE-SAFEA1.1.2.2
2025-02-26 22:45:00,807 [WARN] PackLoader:240 - Cannot read IP mode file for STMicroelectronics.X-CUBE-NFC4.3.0.0
2025-02-26 22:45:00,840 [WARN] PackLoader:240 - Cannot read IP mode file for EmbeddedOffice.I-CUBE-FS-RTOS.1.0.1
2025-02-26 22:45:00,873 [WARN] PackLoader:240 - Cannot read IP mode file for STMicroelectronics.X-CUBE-TCPP.4.2.0
2025-02-26 22:45:00,900 [WARN] PackLoader:240 - Cannot read IP mode file for RealThread.X-CUBE-RT-Thread_Nano.4.1.1
2025-02-26 22:45:00,925 [WARN] PackLoader:240 - Cannot read IP mode file for STMicroelectronics.FP-ATR-SIGFOX1.3.2.0
2025-02-26 22:45:00,950 [WARN] ConditionMgr:438 - getConditionDescription Invalid condition id : Cortex-A Device cause : null
2025-02-26 22:45:01,016 [WARN] ConditionMgr:1044 - genDependencies : Invalid condition id : Cortex-A Device cause : null
2025-02-26 22:45:01,016 [WARN] ConditionMgr:1044 - genDependencies : Invalid condition id : Cortex-A Device cause : null
2025-02-26 22:45:01,016 [WARN] ConditionMgr:1044 - genDependencies : Invalid condition id : Cortex-A Device cause : null
2025-02-26 22:45:01,047 [WARN] PackLoader:240 - Cannot read IP mode file for STMicroelectronics.X-CUBE-EEPRMA1.5.1.0
2025-02-26 22:45:01,110 [WARN] PackLoader:240 - Cannot read IP mode file for wolfSSL.I-CUBE-wolfSSL.5.7.4
2025-02-26 22:45:01,223 [WARN] PackLoader:240 - Cannot read IP mode file for ITTIA_DB.I-CUBE-ITTIADB.8.9.0
2025-02-26 22:45:01,596 [WARN] PackLoader:240 - Cannot read IP mode file for SEGGER.I-CUBE-embOS.1.3.1
2025-02-26 22:45:01,651 [INFO] WebApp:449 - Apply proxy settings
2025-02-26 22:45:01,653 [INFO] WebApp:534 - Chromium requires no authentication
2025-02-26 22:45:01,673 [INFO] WebApp:477 - Direct internet connection detected
2025-02-26 22:45:01,799 [INFO] WebApp:880 - Register for checkConnection events
2025-02-26 22:45:01,800 [INFO] WebApp:449 - Apply proxy settings
2025-02-26 22:45:01,800 [INFO] WebApp:534 - Chromium requires no authentication
2025-02-26 22:45:01,802 [INFO] WebApp:477 - Direct internet connection detected
2025-02-26 22:45:01,811 [WARN] PackLoader:240 - Cannot read IP mode file for STMicroelectronics.X-CUBE-ALGOBUILD.1.4.0
2025-02-26 22:45:01,836 [WARN] PackLoader:240 - Cannot read IP mode file for STMicroelectronics.X-CUBE-AI.9.1.0
2025-02-26 22:45:01,914 [WARN] PackLoader:240 - Cannot read IP mode file for STMicroelectronics.X-CUBE-AZRTOS-F4.1.1.0
2025-02-26 22:45:02,057 [WARN] PackLoader:240 - Cannot read IP mode file for STMicroelectronics.X-CUBE-ISPU.2.1.0
2025-02-26 22:45:02,208 [WARN] PackLoader:240 - Cannot read IP mode file for STMicroelectronics.X-CUBE-AZRTOS-L5.2.0.0
2025-02-26 22:45:02,307 [WARN] PackLoader:240 - Cannot read IP mode file for STMicroelectronics.X-CUBE-NFC6.3.1.0
2025-02-26 22:45:02,324 [INFO] WebApp:187 - Connection restablished
2025-02-26 22:45:02,366 [WARN] PackLoader:240 - Cannot read IP mode file for STMicroelectronics.X-CUBE-DPower.1.2.0
2025-02-26 22:45:02,394 [WARN] PackLoader:240 - Cannot read IP mode file for STMicroelectronics.X-CUBE-FREERTOS.1.3.0
2025-02-26 22:45:02,430 [WARN] PackLoader:240 - Cannot read IP mode file for STMicroelectronics.X-CUBE-NFC7.1.0.1
2025-02-26 22:45:02,745 [WARN] ConditionMgr:438 - getConditionDescription Invalid condition id : LAN8742 Phy interface Condition cause : null
2025-02-26 22:45:02,746 [WARN] PackLoader:240 - Cannot read IP mode file for STMicroelectronics.X-CUBE-AZRTOS-L4.2.0.0
2025-02-26 22:45:02,748 [WARN] ConditionMgr:1044 - genDependencies : Invalid condition id : LAN8742 Phy interface Condition cause : null
2025-02-26 22:45:02,748 [WARN] ConditionMgr:1044 - genDependencies : Invalid condition id : LAN8742 Phy interface Condition cause : null
2025-02-26 22:45:02,749 [WARN] ConditionMgr:1044 - genDependencies : Invalid condition id : LAN8742 Phy interface Condition cause : null
2025-02-26 22:45:02,916 [WARN] PackLoader:240 - Cannot read IP mode file for STMicroelectronics.X-CUBE-SFXS2LP1.4.0.0
2025-02-26 22:45:02,961 [INFO] WebApp:221 - Starting web application
2025-02-26 22:45:02,961 [INFO] WebApp:579 - Web application path used C:\ST\STM32CubeIDE_1.17.0\STM32CubeIDE\plugins\com.st.stm32cube.common.mx_6.13.0.202411220809\db\plugins\mcufinder\reactClient1\index.html
2025-02-26 22:45:03,095 [WARN] PackLoader:240 - Cannot read IP mode file for STMicroelectronics.X-CUBE-AZRTOS-H7.3.3.0
2025-02-26 22:45:03,398 [WARN] ConditionMgr:438 - getConditionDescription Invalid condition id : UX DEVICE CLASS RTOS Condition cause : null
2025-02-26 22:45:03,399 [WARN] ConditionMgr:438 - getConditionDescription Invalid condition id : UX DEVICE CLASS RTOS Condition cause : null
2025-02-26 22:45:03,402 [WARN] PackLoader:240 - Cannot read IP mode file for STMicroelectronics.X-CUBE-AZRTOS-WB.2.0.0
2025-02-26 22:45:03,403 [WARN] ConditionMgr:1044 - genDependencies : Invalid condition id : UX DEVICE CLASS RTOS Condition cause : null
2025-02-26 22:45:03,403 [WARN] ConditionMgr:1044 - genDependencies : Invalid condition id : UX DEVICE CLASS RTOS Condition cause : null
2025-02-26 22:45:03,404 [WARN] ConditionMgr:1044 - genDependencies : Invalid condition id : UX DEVICE CLASS RTOS Condition cause : null
2025-02-26 22:45:03,405 [WARN] ConditionMgr:1044 - genDependencies : Invalid condition id : UX DEVICE CLASS RTOS Condition cause : null
2025-02-26 22:45:03,405 [WARN] ConditionMgr:1044 - genDependencies : Invalid condition id : UX DEVICE CLASS RTOS Condition cause : null
2025-02-26 22:45:03,486 [WARN] PackLoader:240 - Cannot read IP mode file for STMicroelectronics.X-CUBE-GNSS1.7.0.1
2025-02-26 22:45:03,520 [WARN] PackLoader:240 - Cannot read IP mode file for STMicroelectronics.FP-SNS-STBOX1.2.0.0
2025-02-26 22:45:03,597 [WARN] PackLoader:240 - Cannot read IP mode file for STMicroelectronics.X-CUBE-SUBG2.5.0.0
2025-02-26 22:45:03,960 [WARN] PackLoader:240 - Cannot read IP mode file for Cesanta.I-CUBE-Mongoose.7.13.0
2025-02-26 22:45:04,032 [WARN] PackLoader:240 - Cannot read IP mode file for STMicroelectronics.X-CUBE-AZRTOS-G4.2.0.0
2025-02-26 22:45:04,199 [WARN] PackLoader:240 - Cannot read IP mode file for STMicroelectronics.X-CUBE-IPS.3.1.0
2025-02-26 22:45:04,239 [WARN] PackLoader:240 - Cannot read IP mode file for STMicroelectronics.X-CUBE-ALS.1.0.2
2025-02-26 22:45:04,378 [WARN] PackLoader:240 - Cannot read IP mode file for STMicroelectronics.X-CUBE-TOUCHGFX.4.24.2
2025-02-26 22:45:04,408 [WARN] PackLoader:240 - Cannot read IP mode file for wolfSSL.I-CUBE-wolfTPM.3.4.0
2025-02-26 22:45:04,437 [WARN] PackLoader:240 - Cannot read IP mode file for portGmbH.I-Cube-SoM-uGOAL.1.1.0
2025-02-26 22:45:04,741 [WARN] PackLoader:240 - Cannot read IP mode file for STMicroelectronics.X-CUBE-AZRTOS-H7RS.1.0.0
2025-02-26 22:45:05,020 [WARN] PackLoader:240 - Cannot read IP mode file for STMicroelectronics.X-CUBE-TOF1.3.4.2
2025-02-26 22:45:05,394 [WARN] PackLoader:240 - Cannot read IP mode file for wolfSSL.I-CUBE-wolfSSH.1.4.17
2025-02-26 22:45:05,397 [INFO] ThirdParty:978 - Integrity check success = true
2025-02-26 22:45:05,397 [INFO] IntegrityCheckThread:100 - exiting critical section [integrity check]
2025-02-26 22:45:05,397 [INFO] IntegrityCheckThread:103 - End integrity checks thread
2025-02-26 22:45:06,193 [INFO] UserAuth:486 - Internet connection configuration mode: 1
2025-02-26 22:53:12,172 [INFO] WebApp:190 - Connection lost
2025-02-26 22:53:12,313 [INFO] WebApp:187 - Connection restablished
2025-02-26 23:17:35,612 [INFO] LogOutputStream:77 - [STDOUT_REDIRECT] StartTraceHandler.execute(), success : Collect=true
