2025-02-27 00:17:38,756 [INFO] WebApp:190 - Connection lost
2025-02-27 00:17:38,955 [INFO] WebApp:187 - Connection restablished
2025-02-27 23:18:30,264 [INFO] Activator:176 - 


2025-02-27 23:18:30,265 [INFO] Activator:177 - !SESSION log4j initialized
2025-02-27 23:18:40,017 [INFO] LogOutputStream:77 - [STDOUT_REDIRECT] 
2025-02-27 23:18:42,588 [INFO] ApplicationProperties:184 - Using Application install path: C:\ST\STM32CubeIDE_1.17.0\STM32CubeIDE\plugins\com.st.stm32cube.common.mx_6.13.0.202411220809
2025-02-27 23:18:42,618 [INFO] DbMcusXml:78 - Set database path to: C:\ST\STM32CubeIDE_1.17.0\STM32CubeIDE\plugins\com.st.stm32cube.common.mx_6.13.0.202411220809\\db\/mcu/
2025-02-27 23:18:42,618 [INFO] ApiDb:274 - Set plugin database path to: C:\ST\STM32CubeIDE_1.17.0\STM32CubeIDE\plugins\com.st.stm32cube.common.mx_6.13.0.202411220809\\db\/plugins/boardmanager/
2025-02-27 23:18:42,618 [WARN] ApiDb:259 - Overriding images path with different value:  => C:\ST\STM32CubeIDE_1.17.0\STM32CubeIDE\plugins\com.st.stm32cube.common.mx_6.13.0.202411220809\\db\/plugins/mcufinder/images/
2025-02-27 23:18:42,630 [INFO] ApiDb:250 - Set database path to: C:\Users\User\.stmcufinder\plugins\mcufinder//mcu/
2025-02-27 23:18:42,632 [INFO] DbMcusAds:125 - Set database path to: C:\Users\User\.stmcufinder\plugins\mcufinder//mcu/
2025-02-27 23:18:42,636 [INFO] CrossReferenceDbSqlite:203 - Set database path to: C:\Users\User\.stmcufinder\plugins\mcufinder//mcu/cs/
2025-02-27 23:18:42,838 [INFO] RulesReader:64 - Compatibility file has been processed (297 Rules)
2025-02-27 23:18:42,983 [INFO] DbMcusXml:78 - Set database path to: C:\ST\STM32CubeIDE_1.17.0\STM32CubeIDE\plugins\com.st.stm32cube.common.mx_6.13.0.202411220809\\db\/mcu/
2025-02-27 23:18:42,984 [INFO] ApiDb:274 - Set plugin database path to: C:\ST\STM32CubeIDE_1.17.0\STM32CubeIDE\plugins\com.st.stm32cube.common.mx_6.13.0.202411220809\\db\/plugins/boardmanager/
2025-02-27 23:18:42,984 [INFO] ApiDb:261 - Set plugin images path to: C:\ST\STM32CubeIDE_1.17.0\STM32CubeIDE\plugins\com.st.stm32cube.common.mx_6.13.0.202411220809\\db\/plugins/mcufinder/images/
2025-02-27 23:18:42,985 [WARN] DbFile:41 - Overriding database path with different value: C:\Users\User\.stmcufinder\plugins\mcufinder/ => C:\Users\User\.stmcufinder\plugins\mcufinder
2025-02-27 23:18:42,985 [INFO] ApiDb:250 - Set database path to: C:\Users\User\.stmcufinder\plugins\mcufinder//mcu/
2025-02-27 23:18:42,985 [WARN] DbFile:41 - Overriding database path with different value: C:\Users\User\.stmcufinder\plugins\mcufinder/ => C:\Users\User\.stmcufinder\plugins\mcufinder
2025-02-27 23:18:42,985 [INFO] DbMcusAds:125 - Set database path to: C:\Users\User\.stmcufinder\plugins\mcufinder//mcu/
2025-02-27 23:18:42,985 [WARN] DbFile:41 - Overriding database path with different value: C:\Users\User\.stmcufinder\plugins\mcufinder/ => C:\Users\User\.stmcufinder\plugins\mcufinder
2025-02-27 23:18:42,986 [WARN] DbFile:41 - Overriding database path with different value: C:\Users\User\.stmcufinder\plugins\mcufinder/ => C:\Users\User\.stmcufinder\plugins\mcufinder
2025-02-27 23:18:42,986 [INFO] CrossReferenceDbSqlite:203 - Set database path to: C:\Users\User\.stmcufinder\plugins\mcufinder//mcu/cs/
2025-02-27 23:18:43,110 [INFO] MainPanel:272 - HeapMemory: 268435456
2025-02-27 23:18:43,250 [INFO] DbMcusXml:78 - Set database path to: C:\ST\STM32CubeIDE_1.17.0\STM32CubeIDE\plugins\com.st.stm32cube.common.mx_6.13.0.202411220809\\db\/mcu/
2025-02-27 23:18:43,250 [INFO] ApiDb:274 - Set plugin database path to: C:\ST\STM32CubeIDE_1.17.0\STM32CubeIDE\plugins\com.st.stm32cube.common.mx_6.13.0.202411220809\\db\/plugins/boardmanager/
2025-02-27 23:18:43,250 [INFO] ApiDb:261 - Set plugin images path to: C:\ST\STM32CubeIDE_1.17.0\STM32CubeIDE\plugins\com.st.stm32cube.common.mx_6.13.0.202411220809\\db\/plugins/mcufinder/images/
2025-02-27 23:18:43,251 [WARN] DbFile:41 - Overriding database path with different value: C:\Users\User\.stmcufinder\plugins\mcufinder/ => C:\Users\User\.stmcufinder\plugins\mcufinder
2025-02-27 23:18:43,251 [INFO] ApiDb:250 - Set database path to: C:\Users\User\.stmcufinder\plugins\mcufinder//mcu/
2025-02-27 23:18:43,251 [WARN] DbFile:41 - Overriding database path with different value: C:\Users\User\.stmcufinder\plugins\mcufinder/ => C:\Users\User\.stmcufinder\plugins\mcufinder
2025-02-27 23:18:43,251 [INFO] DbMcusAds:125 - Set database path to: C:\Users\User\.stmcufinder\plugins\mcufinder//mcu/
2025-02-27 23:18:43,251 [WARN] DbFile:41 - Overriding database path with different value: C:\Users\User\.stmcufinder\plugins\mcufinder/ => C:\Users\User\.stmcufinder\plugins\mcufinder
2025-02-27 23:18:43,251 [WARN] DbFile:41 - Overriding database path with different value: C:\Users\User\.stmcufinder\plugins\mcufinder/ => C:\Users\User\.stmcufinder\plugins\mcufinder
2025-02-27 23:18:43,251 [INFO] CrossReferenceDbSqlite:203 - Set database path to: C:\Users\User\.stmcufinder\plugins\mcufinder//mcu/cs/
2025-02-27 23:18:43,278 [INFO] ApplicationProperties:184 - Using Application install path: C:\ST\STM32CubeIDE_1.17.0\STM32CubeIDE\plugins\com.st.stm32cube.common.mx_6.13.0.202411220809
2025-02-27 23:18:43,280 [INFO] PluginManage:196 - Search for loadable plugins [exclusion list=, ]
2025-02-27 23:18:43,282 [INFO] PluginManage:310 - Check plugin analytics
2025-02-27 23:18:43,555 [INFO] AnalyticsPlugin:253 - Accepted Software Licenses: 
2025-02-27 23:18:43,555 [INFO] AnalyticsPlugin:255 - Accepted CMSIS Pack Licenses: 
2025-02-27 23:18:43,555 [INFO] AnalyticsPlugin:257 - Accepted Firmware Licenses: FW.F4.1.28.0
2025-02-27 23:18:43,563 [INFO] PluginManage:359 - Loaded plugin analytics (category:tool,tabindex:-1)
2025-02-27 23:18:43,563 [INFO] PluginManage:310 - Check plugin cadmodel
2025-02-27 23:18:43,590 [INFO] CADModel:105 - Init CAD model plugin
2025-02-27 23:18:43,590 [INFO] PluginManage:359 - Loaded plugin cadmodel (category:power,tabindex:5)
2025-02-27 23:18:43,590 [INFO] PluginManage:310 - Check plugin clock
2025-02-27 23:18:43,616 [INFO] PluginManage:359 - Loaded plugin clock (category:base,tabindex:2)
2025-02-27 23:18:43,616 [INFO] PluginManage:310 - Check plugin ddr
2025-02-27 23:18:43,620 [INFO] PluginManage:359 - Loaded plugin ddr (category:tool,tabindex:6)
2025-02-27 23:18:43,621 [INFO] PluginManage:310 - Check plugin filemanager
2025-02-27 23:18:43,828 [INFO] PluginManage:359 - Loaded plugin filemanager (category:base,tabindex:10)
2025-02-27 23:18:43,828 [INFO] PluginManage:310 - Check plugin ipmanager
2025-02-27 23:18:43,840 [INFO] PluginManage:359 - Loaded plugin ipmanager (category:base,tabindex:5)
2025-02-27 23:18:43,840 [INFO] PluginManage:310 - Check plugin lpbam
2025-02-27 23:18:43,876 [INFO] PluginManage:359 - Loaded plugin lpbam (category:base,tabindex:0)
2025-02-27 23:18:43,876 [INFO] PluginManage:310 - Check plugin memorymap
2025-02-27 23:18:43,918 [INFO] PluginManage:359 - Loaded plugin memorymap (category:base,tabindex:4)
2025-02-27 23:18:43,918 [INFO] PluginManage:310 - Check plugin pinoutandconfiguration
2025-02-27 23:18:43,955 [INFO] PluginManage:359 - Loaded plugin pinoutandconfiguration (category:base,tabindex:1)
2025-02-27 23:18:43,955 [INFO] PluginManage:310 - Check plugin pinoutconfig
2025-02-27 23:18:44,104 [WARN] SupportedApi:132 - Cannot load RTOS API schema: s4s-elt-must-match.1: The content of 'definitions' must match (annotation?, (simpleType | complexType)?, (unique | key | keyref)*)). A problem was found starting at: attribute.
2025-02-27 23:18:44,300 [INFO] PluginManage:359 - Loaded plugin pinoutconfig (category:base,tabindex:0)
2025-02-27 23:18:44,300 [INFO] PluginManage:310 - Check plugin power
2025-02-27 23:18:44,330 [INFO] PluginManage:359 - Loaded plugin power (category:power,tabindex:4)
2025-02-27 23:18:44,330 [INFO] PluginManage:310 - Check plugin projectmanager
2025-02-27 23:18:44,354 [INFO] PluginManage:359 - Loaded plugin projectmanager (category:projectmanager,tabindex:4)
2025-02-27 23:18:44,355 [INFO] PluginManage:310 - Check plugin rif
2025-02-27 23:18:44,384 [INFO] PluginManage:359 - Loaded plugin rif (category:base,tabindex:3)
2025-02-27 23:18:44,384 [INFO] PluginManage:310 - Check plugin thirdparty
2025-02-27 23:18:44,818 [WARN] IntegrityCheckThread:84 - waiting for thirdparty lock release [integrity check]
2025-02-27 23:18:44,819 [INFO] PluginManage:359 - Loaded plugin thirdparty (category:base,tabindex:-1)
2025-02-27 23:18:44,819 [INFO] IntegrityCheckThread:86 - entering critical section [integrity check]
2025-02-27 23:18:44,819 [INFO] PluginManage:310 - Check plugin tools
2025-02-27 23:18:44,819 [INFO] ThirdPartyUpdaterWithRetryManager:70 - Updater plugin not ready yet. [1/15]
2025-02-27 23:18:44,873 [INFO] PluginManage:359 - Loaded plugin tools (category:base,tabindex:7)
2025-02-27 23:18:44,873 [INFO] PluginManage:310 - Check plugin tutovideos
2025-02-27 23:18:45,126 [INFO] PluginManage:359 - Loaded plugin tutovideos (category:base,tabindex:-1)
2025-02-27 23:18:45,126 [INFO] PluginManage:310 - Check plugin updater
2025-02-27 23:18:45,157 [INFO] PluginManage:359 - Loaded plugin updater (category:base,tabindex:12)
2025-02-27 23:18:45,158 [INFO] PluginManage:310 - Check plugin userauth
2025-02-27 23:18:45,164 [INFO] UserAuth:118 - Init User Auth plugin
2025-02-27 23:18:45,165 [INFO] PluginManage:359 - Loaded plugin userauth (category:base,tabindex:14)
2025-02-27 23:18:45,166 [INFO] PluginManage:283 - PluginManage : Loaded plugins [18]
2025-02-27 23:18:45,475 [INFO] PinOutPanel:1589 - setPackage(No Configuration,No Configuration)
2025-02-27 23:18:45,600 [INFO] CADModel:165 - CPN selected for project level
2025-02-27 23:18:45,600 [INFO] CADModel:114 - Register for checkConnection events
2025-02-27 23:18:45,638 [INFO] IPUIPlugin:80 - create IPUIPlugin
2025-02-27 23:18:45,639 [INFO] PluginManager:220 - loadIPPluginJar : add adc
2025-02-27 23:18:45,696 [INFO] IPUIPlugin:80 - create IPUIPlugin
2025-02-27 23:18:45,696 [INFO] PluginManager:220 - loadIPPluginJar : add aes
2025-02-27 23:18:45,762 [INFO] IPUIPlugin:80 - create IPUIPlugin
2025-02-27 23:18:45,762 [INFO] PluginManager:220 - loadIPPluginJar : add can
2025-02-27 23:18:45,807 [INFO] IPUIPlugin:80 - create IPUIPlugin
2025-02-27 23:18:45,807 [INFO] PluginManager:220 - loadIPPluginJar : add comp
2025-02-27 23:18:45,861 [INFO] IPUIPlugin:80 - create IPUIPlugin
2025-02-27 23:18:45,861 [INFO] PluginManager:220 - loadIPPluginJar : add cryp
2025-02-27 23:18:45,879 [INFO] IPUIPlugin:80 - create IPUIPlugin
2025-02-27 23:18:45,879 [INFO] PluginManager:220 - loadIPPluginJar : add ddr_ctrl_phy
2025-02-27 23:18:45,929 [INFO] IPUIPlugin:80 - create IPUIPlugin
2025-02-27 23:18:45,929 [INFO] PluginManager:220 - loadIPPluginJar : add dfsdm
2025-02-27 23:18:45,950 [INFO] IPUIPlugin:80 - create IPUIPlugin
2025-02-27 23:18:45,950 [INFO] PluginManager:220 - loadIPPluginJar : add dma
2025-02-27 23:18:46,009 [INFO] IPUIPlugin:80 - create IPUIPlugin
2025-02-27 23:18:46,009 [INFO] PluginManager:220 - loadIPPluginJar : add dma3
2025-02-27 23:18:46,114 [INFO] IPUIPlugin:80 - create IPUIPlugin
2025-02-27 23:18:46,114 [INFO] PluginManager:220 - loadIPPluginJar : add extmemmanager
2025-02-27 23:18:46,146 [INFO] IPUIPlugin:80 - create IPUIPlugin
2025-02-27 23:18:46,146 [INFO] PluginManager:220 - loadIPPluginJar : add fatfs
2025-02-27 23:18:46,213 [INFO] IPUIPlugin:80 - create IPUIPlugin
2025-02-27 23:18:46,213 [INFO] PluginManager:220 - loadIPPluginJar : add fmc
2025-02-27 23:18:46,236 [INFO] IPUIPlugin:80 - create IPUIPlugin
2025-02-27 23:18:46,236 [INFO] PluginManager:220 - loadIPPluginJar : add freertos
2025-02-27 23:18:46,268 [INFO] IPUIPlugin:80 - create IPUIPlugin
2025-02-27 23:18:46,268 [INFO] PluginManager:220 - loadIPPluginJar : add genericplugin
2025-02-27 23:18:46,408 [INFO] IPUIPlugin:80 - create IPUIPlugin
2025-02-27 23:18:46,408 [INFO] PluginManager:220 - loadIPPluginJar : add gfxmmu
2025-02-27 23:18:46,609 [INFO] IPUIPlugin:80 - create IPUIPlugin
2025-02-27 23:18:46,609 [INFO] PluginManager:220 - loadIPPluginJar : add gic
2025-02-27 23:18:46,631 [INFO] IPUIPlugin:80 - create IPUIPlugin
2025-02-27 23:18:46,631 [INFO] PluginManager:220 - loadIPPluginJar : add gpio
2025-02-27 23:18:46,773 [INFO] IPUIPlugin:80 - create IPUIPlugin
2025-02-27 23:18:46,774 [INFO] PluginManager:220 - loadIPPluginJar : add gtzc
2025-02-27 23:18:46,824 [INFO] IPUIPlugin:80 - create IPUIPlugin
2025-02-27 23:18:46,824 [INFO] PluginManager:220 - loadIPPluginJar : add hash
2025-02-27 23:18:46,914 [INFO] IPUIPlugin:80 - create IPUIPlugin
2025-02-27 23:18:46,914 [INFO] PluginManager:220 - loadIPPluginJar : add i2c
2025-02-27 23:18:46,975 [INFO] IPUIPlugin:80 - create IPUIPlugin
2025-02-27 23:18:46,976 [INFO] PluginManager:220 - loadIPPluginJar : add i2s
2025-02-27 23:18:47,038 [INFO] IPUIPlugin:80 - create IPUIPlugin
2025-02-27 23:18:47,039 [INFO] PluginManager:220 - loadIPPluginJar : add i3c
2025-02-27 23:18:47,193 [INFO] IPUIPlugin:80 - create IPUIPlugin
2025-02-27 23:18:47,193 [INFO] PluginManager:220 - loadIPPluginJar : add ipddr
2025-02-27 23:18:47,335 [INFO] IPUIPlugin:80 - create IPUIPlugin
2025-02-27 23:18:47,336 [INFO] PluginManager:220 - loadIPPluginJar : add linkedlist
2025-02-27 23:18:47,393 [INFO] IPUIPlugin:80 - create IPUIPlugin
2025-02-27 23:18:47,393 [INFO] PluginManager:220 - loadIPPluginJar : add lorawan
2025-02-27 23:18:47,457 [INFO] IPUIPlugin:80 - create IPUIPlugin
2025-02-27 23:18:47,458 [INFO] PluginManager:220 - loadIPPluginJar : add ltdc
2025-02-27 23:18:47,477 [INFO] IPUIPlugin:80 - create IPUIPlugin
2025-02-27 23:18:47,478 [INFO] PluginManager:220 - loadIPPluginJar : add mdma
2025-02-27 23:18:47,495 [INFO] IPUIPlugin:80 - create IPUIPlugin
2025-02-27 23:18:47,495 [INFO] PluginManager:220 - loadIPPluginJar : add nvic
2025-02-27 23:18:47,549 [INFO] IPUIPlugin:80 - create IPUIPlugin
2025-02-27 23:18:47,549 [INFO] PluginManager:220 - loadIPPluginJar : add opamp
2025-02-27 23:18:47,639 [INFO] IPUIPlugin:80 - create IPUIPlugin
2025-02-27 23:18:47,639 [INFO] PluginManager:220 - loadIPPluginJar : add openamp
2025-02-27 23:18:47,714 [INFO] IPUIPlugin:80 - create IPUIPlugin
2025-02-27 23:18:47,714 [INFO] PluginManager:220 - loadIPPluginJar : add pdm2pcm
2025-02-27 23:18:47,735 [INFO] IPUIPlugin:80 - create IPUIPlugin
2025-02-27 23:18:47,738 [INFO] PluginManager:220 - loadIPPluginJar : add plateformsettings
2025-02-27 23:18:47,773 [INFO] IPUIPlugin:80 - create IPUIPlugin
2025-02-27 23:18:47,773 [INFO] PluginManager:220 - loadIPPluginJar : add quadspi
2025-02-27 23:18:47,812 [INFO] IPUIPlugin:80 - create IPUIPlugin
2025-02-27 23:18:47,812 [INFO] PluginManager:220 - loadIPPluginJar : add radio
2025-02-27 23:18:47,820 [INFO] ThirdPartyUpdaterWithRetryManager:70 - Updater plugin not ready yet. [2/15]
2025-02-27 23:18:47,830 [INFO] IPUIPlugin:80 - create IPUIPlugin
2025-02-27 23:18:47,830 [INFO] PluginManager:220 - loadIPPluginJar : add resmgrutility
2025-02-27 23:18:47,898 [INFO] IPUIPlugin:80 - create IPUIPlugin
2025-02-27 23:18:47,898 [INFO] PluginManager:220 - loadIPPluginJar : add sai
2025-02-27 23:18:47,953 [INFO] IPUIPlugin:80 - create IPUIPlugin
2025-02-27 23:18:47,954 [INFO] PluginManager:220 - loadIPPluginJar : add spi
2025-02-27 23:18:48,051 [INFO] IPUIPlugin:80 - create IPUIPlugin
2025-02-27 23:18:48,051 [INFO] PluginManager:220 - loadIPPluginJar : add stm32_wpan
2025-02-27 23:18:48,088 [INFO] IPUIPlugin:80 - create IPUIPlugin
2025-02-27 23:18:48,088 [INFO] PluginManager:220 - loadIPPluginJar : add tim
2025-02-27 23:18:48,177 [INFO] IPUIPlugin:80 - create IPUIPlugin
2025-02-27 23:18:48,177 [INFO] PluginManager:220 - loadIPPluginJar : add touchsensing
2025-02-27 23:18:48,221 [INFO] IPUIPlugin:80 - create IPUIPlugin
2025-02-27 23:18:48,221 [INFO] PluginManager:220 - loadIPPluginJar : add tracer_emb
2025-02-27 23:18:48,256 [INFO] IPUIPlugin:80 - create IPUIPlugin
2025-02-27 23:18:48,256 [INFO] PluginManager:220 - loadIPPluginJar : add ts
2025-02-27 23:18:48,290 [INFO] IPUIPlugin:80 - create IPUIPlugin
2025-02-27 23:18:48,290 [INFO] PluginManager:220 - loadIPPluginJar : add tsc
2025-02-27 23:18:48,325 [INFO] IPUIPlugin:80 - create IPUIPlugin
2025-02-27 23:18:48,325 [INFO] PluginManager:220 - loadIPPluginJar : add ucpd
2025-02-27 23:18:48,393 [INFO] IPUIPlugin:80 - create IPUIPlugin
2025-02-27 23:18:48,393 [INFO] PluginManager:220 - loadIPPluginJar : add usart
2025-02-27 23:18:48,455 [INFO] IPUIPlugin:80 - create IPUIPlugin
2025-02-27 23:18:48,455 [INFO] PluginManager:220 - loadIPPluginJar : add usbx
2025-02-27 23:18:48,609 [FATAL] Updater:351 - Updater called before beeing initialized
2025-02-27 23:18:48,659 [INFO] RulesReader:64 - Compatibility file has been processed (297 Rules)
2025-02-27 23:18:48,670 [INFO] RulesReader:64 - Compatibility file has been processed (297 Rules)
2025-02-27 23:18:48,680 [INFO] CADModel:165 - CPN selected for project level
2025-02-27 23:18:48,680 [INFO] CADModel:114 - Register for checkConnection events
2025-02-27 23:18:48,681 [FATAL] Updater:351 - Updater called before beeing initialized
2025-02-27 23:18:48,681 [ERROR] CADModel:125 - Updater not yet initialized, retry later 
2025-02-27 23:18:48,856 [FATAL] Updater:351 - Updater called before beeing initialized
2025-02-27 23:18:48,858 [INFO] CADModel:165 - CPN selected for project level
2025-02-27 23:18:48,858 [INFO] CADModel:114 - Register for checkConnection events
2025-02-27 23:18:48,858 [FATAL] Updater:351 - Updater called before beeing initialized
2025-02-27 23:18:48,858 [ERROR] CADModel:125 - Updater not yet initialized, retry later 
2025-02-27 23:18:48,862 [FATAL] Updater:351 - Updater called before beeing initialized
2025-02-27 23:18:49,072 [FATAL] Updater:351 - Updater called before beeing initialized
2025-02-27 23:18:49,090 [INFO] DbMcusAds:53 - JSON generation date=Tue Dec 17 17:01:15 CET 2024 (1734451275111)
2025-02-27 23:18:49,091 [FATAL] Updater:351 - Updater called before beeing initialized
2025-02-27 23:18:49,146 [WARN] DetailPanel:346 - Failed to get advertising image, set to default
2025-02-27 23:18:49,436 [FATAL] Updater:351 - Updater called before beeing initialized
2025-02-27 23:18:49,438 [FATAL] Updater:351 - Updater called before beeing initialized
2025-02-27 23:18:49,439 [FATAL] Updater:351 - Updater called before beeing initialized
2025-02-27 23:18:49,439 [WARN] DetailPanel:346 - Failed to get advertising image, set to default
2025-02-27 23:18:49,440 [FATAL] Updater:351 - Updater called before beeing initialized
2025-02-27 23:18:49,517 [ERROR] Updater:1198 - MainUpdater not yet initialized. External WinMGr cannot be set.
2025-02-27 23:18:49,531 [INFO] Updater:1134 - Updater Version found : 6.13.0
2025-02-27 23:18:49,557 [INFO] ApplicationProperties:184 - Using Application install path: C:\ST\STM32CubeIDE_1.17.0\STM32CubeIDE\plugins\com.st.stm32cube.common.mx_6.13.0.202411220809
2025-02-27 23:18:50,821 [INFO] ThirdPartyUpdaterWithRetryManager:70 - Updater plugin not ready yet. [3/15]
2025-02-27 23:18:51,145 [ERROR] LogOutputStream:75 - [STDERR_REDIRECT] Feb 27, 2025 11:18:51 PM java.util.prefs.WindowsPreferences <init>
2025-02-27 23:18:51,147 [ERROR] LogOutputStream:75 - [STDERR_REDIRECT] WARNING: Could not open/create prefs root node Software\JavaSoft\Prefs at root 0xffffffff80000002. Windows RegCreateKeyEx(...) returned error code 5.
2025-02-27 23:18:51,148 [ERROR] LogOutputStream:75 - [STDERR_REDIRECT] 
2025-02-27 23:18:51,545 [INFO] MainUpdater:2872 - connection check result : 10
2025-02-27 23:18:51,546 [INFO] MainUpdater:289 - Updater Check For Update Now.
2025-02-27 23:18:51,546 [INFO] MicroXplorer:498 - Change Database Version : DB.6.0.130
2025-02-27 23:18:51,571 [INFO] McuFinderGlobals:63 - Set McuFinder mode to 2 (CubeIDE integrated)
2025-02-27 23:18:51,584 [INFO] UserAuth:486 - Internet connection configuration mode: 1
2025-02-27 23:18:51,632 [INFO] JxBrowserEngine:152 - Initiate JxBrowser Engine with user profile folder
2025-02-27 23:18:51,874 [INFO] CheckServerUpdateThread:120 - End of CheckServer Thread
2025-02-27 23:18:53,482 [INFO] WebApp:168 - Instantiating new browser for Auth
2025-02-27 23:18:54,432 [WARN] PackLoader:240 - Cannot read IP mode file for STMicroelectronics.FP-SNS-MOTENVWB1.1.4.0
2025-02-27 23:18:54,460 [WARN] PackLoader:240 - Cannot read IP mode file for STMicroelectronics.FP-ATR-ASTRA1.2.0.1
2025-02-27 23:18:54,490 [WARN] PackLoader:240 - Cannot read IP mode file for STMicroelectronics.X-CUBE-SMBUS.2.1.0
2025-02-27 23:18:54,520 [WARN] PackLoader:240 - Cannot read IP mode file for STMicroelectronics.X-CUBE-WB05N.1.1.0
2025-02-27 23:18:54,598 [WARN] PackLoader:240 - Cannot read IP mode file for STMicroelectronics.X-CUBE-AZRTOS-F7.1.1.0
2025-02-27 23:18:54,649 [WARN] PackLoader:240 - Cannot read IP mode file for STMicroelectronics.FP-SNS-FLIGHT1.5.0.2
2025-02-27 23:18:54,710 [WARN] PackLoader:240 - Cannot read IP mode file for Infineon.AIROC-Wi-Fi-Bluetooth-STM32.1.7.0
2025-02-27 23:18:54,749 [WARN] PackLoader:240 - Cannot read IP mode file for STMicroelectronics.X-CUBE-DISPLAY.3.0.0
2025-02-27 23:18:54,783 [WARN] PackLoader:240 - Cannot read IP mode file for STMicroelectronics.X-CUBE-BLE1.7.0.0
2025-02-27 23:18:54,820 [WARN] PackLoader:240 - Cannot read IP mode file for STMicroelectronics.X-CUBE-NFC10.1.0.0
2025-02-27 23:18:54,908 [WARN] PackLoader:240 - Cannot read IP mode file for STMicroelectronics.X-CUBE-BLEMGR.4.0.0
2025-02-27 23:18:54,952 [WARN] PackLoader:240 - Cannot read IP mode file for emotas.I-CUBE-CANOPEN.1.3.0
2025-02-27 23:18:54,983 [WARN] PackLoader:240 - Cannot read IP mode file for STMicroelectronics.X-CUBE-AI.10.0.0
2025-02-27 23:18:55,009 [WARN] PackLoader:240 - Cannot read IP mode file for STMicroelectronics.FP-SNS-SMARTAG2.1.2.0
2025-02-27 23:18:55,170 [WARN] PackLoader:240 - Cannot read IP mode file for STMicroelectronics.X-CUBE-MEMS1.11.1.0
2025-02-27 23:18:55,588 [INFO] LogOutputStream:77 - [STDOUT_REDIRECT] 1 : Invalid condition id : UX_CORESTACK_Condition cause : null
2025-02-27 23:18:55,589 [INFO] LogOutputStream:77 - [STDOUT_REDIRECT] 1 : Invalid condition id : UX_CORESTACK_Condition cause : null
2025-02-27 23:18:55,591 [INFO] LogOutputStream:77 - [STDOUT_REDIRECT] 1 : Invalid condition id : UX_CORESTACK_Condition cause : null
2025-02-27 23:18:55,593 [INFO] LogOutputStream:77 - [STDOUT_REDIRECT] 1 : Invalid condition id : UX_CORESTACK_Condition cause : null
2025-02-27 23:18:55,595 [INFO] LogOutputStream:77 - [STDOUT_REDIRECT] 1 : Invalid condition id : UX_CORESTACK_Condition cause : null
2025-02-27 23:18:55,601 [WARN] PackLoader:240 - Cannot read IP mode file for STMicroelectronics.X-CUBE-AZRTOS-WL.2.0.0
2025-02-27 23:18:55,629 [WARN] PackLoader:240 - Cannot read IP mode file for STMicroelectronics.FP-SNS-MOTENV1.5.0.0
2025-02-27 23:18:55,671 [WARN] PackLoader:240 - Cannot read IP mode file for wolfSSL.I-CUBE-wolfMQTT.1.19.0
2025-02-27 23:18:55,697 [WARN] PackLoader:240 - Cannot read IP mode file for WES.I-CUBE-Cesium.1.3.0
2025-02-27 23:18:55,720 [WARN] PackLoader:240 - Cannot read IP mode file for STMicroelectronics.X-CUBE-BLE2.3.3.0
2025-02-27 23:18:55,747 [WARN] PackLoader:240 - Cannot read IP mode file for STMicroelectronics.X-CUBE-NFC9.1.0.0
2025-02-27 23:18:55,857 [WARN] PackLoader:240 - Cannot read IP mode file for STMicroelectronics.X-CUBE-AZRTOS-G0.1.1.0
2025-02-27 23:18:55,903 [WARN] PackLoader:240 - Cannot read IP mode file for STMicroelectronics.X-CUBE-SAFEA1.1.2.2
2025-02-27 23:18:55,936 [WARN] PackLoader:240 - Cannot read IP mode file for STMicroelectronics.X-CUBE-NFC4.3.0.0
2025-02-27 23:18:55,968 [WARN] PackLoader:240 - Cannot read IP mode file for EmbeddedOffice.I-CUBE-FS-RTOS.1.0.1
2025-02-27 23:18:56,000 [WARN] PackLoader:240 - Cannot read IP mode file for STMicroelectronics.X-CUBE-TCPP.4.2.0
2025-02-27 23:18:56,007 [INFO] WebApp:449 - Apply proxy settings
2025-02-27 23:18:56,008 [INFO] WebApp:534 - Chromium requires no authentication
2025-02-27 23:18:56,028 [WARN] PackLoader:240 - Cannot read IP mode file for RealThread.X-CUBE-RT-Thread_Nano.4.1.1
2025-02-27 23:18:56,029 [INFO] WebApp:477 - Direct internet connection detected
2025-02-27 23:18:56,052 [WARN] PackLoader:240 - Cannot read IP mode file for STMicroelectronics.FP-ATR-SIGFOX1.3.2.0
2025-02-27 23:18:56,077 [WARN] ConditionMgr:438 - getConditionDescription Invalid condition id : Cortex-A Device cause : null
2025-02-27 23:18:56,112 [WARN] ConditionMgr:1044 - genDependencies : Invalid condition id : Cortex-A Device cause : null
2025-02-27 23:18:56,113 [WARN] ConditionMgr:1044 - genDependencies : Invalid condition id : Cortex-A Device cause : null
2025-02-27 23:18:56,113 [WARN] ConditionMgr:1044 - genDependencies : Invalid condition id : Cortex-A Device cause : null
2025-02-27 23:18:56,120 [INFO] WebApp:880 - Register for checkConnection events
2025-02-27 23:18:56,120 [INFO] WebApp:449 - Apply proxy settings
2025-02-27 23:18:56,120 [INFO] WebApp:534 - Chromium requires no authentication
2025-02-27 23:18:56,122 [INFO] WebApp:477 - Direct internet connection detected
2025-02-27 23:18:56,139 [WARN] PackLoader:240 - Cannot read IP mode file for STMicroelectronics.X-CUBE-EEPRMA1.5.1.0
2025-02-27 23:18:56,163 [WARN] PackLoader:240 - Cannot read IP mode file for wolfSSL.I-CUBE-wolfSSL.5.7.4
2025-02-27 23:18:56,189 [WARN] PackLoader:240 - Cannot read IP mode file for ITTIA_DB.I-CUBE-ITTIADB.8.9.0
2025-02-27 23:18:56,265 [WARN] PackLoader:240 - Cannot read IP mode file for SEGGER.I-CUBE-embOS.1.3.1
2025-02-27 23:18:56,383 [WARN] PackLoader:240 - Cannot read IP mode file for STMicroelectronics.X-CUBE-ALGOBUILD.1.4.0
2025-02-27 23:18:56,406 [WARN] PackLoader:240 - Cannot read IP mode file for STMicroelectronics.X-CUBE-AI.9.1.0
2025-02-27 23:18:56,475 [WARN] PackLoader:240 - Cannot read IP mode file for STMicroelectronics.X-CUBE-AZRTOS-F4.1.1.0
2025-02-27 23:18:56,504 [WARN] PackLoader:240 - Cannot read IP mode file for STMicroelectronics.X-CUBE-ISPU.2.1.0
2025-02-27 23:18:56,552 [WARN] PackLoader:240 - Cannot read IP mode file for STMicroelectronics.X-CUBE-AZRTOS-L5.2.0.0
2025-02-27 23:18:56,583 [WARN] PackLoader:240 - Cannot read IP mode file for STMicroelectronics.X-CUBE-NFC6.3.1.0
2025-02-27 23:18:56,608 [WARN] PackLoader:240 - Cannot read IP mode file for STMicroelectronics.X-CUBE-DPower.1.2.0
2025-02-27 23:18:56,631 [WARN] PackLoader:240 - Cannot read IP mode file for STMicroelectronics.X-CUBE-FREERTOS.1.3.0
2025-02-27 23:18:56,654 [WARN] PackLoader:240 - Cannot read IP mode file for STMicroelectronics.X-CUBE-NFC7.1.0.1
2025-02-27 23:18:56,686 [INFO] WebApp:221 - Starting web application
2025-02-27 23:18:56,686 [INFO] WebApp:579 - Web application path used C:\ST\STM32CubeIDE_1.17.0\STM32CubeIDE\plugins\com.st.stm32cube.common.mx_6.13.0.202411220809\db\plugins\mcufinder\reactClient1\index.html
2025-02-27 23:18:56,731 [WARN] ConditionMgr:438 - getConditionDescription Invalid condition id : LAN8742 Phy interface Condition cause : null
2025-02-27 23:18:56,732 [WARN] PackLoader:240 - Cannot read IP mode file for STMicroelectronics.X-CUBE-AZRTOS-L4.2.0.0
2025-02-27 23:18:56,734 [WARN] ConditionMgr:1044 - genDependencies : Invalid condition id : LAN8742 Phy interface Condition cause : null
2025-02-27 23:18:56,734 [WARN] ConditionMgr:1044 - genDependencies : Invalid condition id : LAN8742 Phy interface Condition cause : null
2025-02-27 23:18:56,735 [WARN] ConditionMgr:1044 - genDependencies : Invalid condition id : LAN8742 Phy interface Condition cause : null
2025-02-27 23:18:56,776 [WARN] PackLoader:240 - Cannot read IP mode file for STMicroelectronics.X-CUBE-SFXS2LP1.4.0.0
2025-02-27 23:18:56,833 [WARN] PackLoader:240 - Cannot read IP mode file for STMicroelectronics.X-CUBE-AZRTOS-H7.3.3.0
2025-02-27 23:18:56,879 [WARN] ConditionMgr:438 - getConditionDescription Invalid condition id : UX DEVICE CLASS RTOS Condition cause : null
2025-02-27 23:18:56,879 [WARN] ConditionMgr:438 - getConditionDescription Invalid condition id : UX DEVICE CLASS RTOS Condition cause : null
2025-02-27 23:18:56,882 [WARN] PackLoader:240 - Cannot read IP mode file for STMicroelectronics.X-CUBE-AZRTOS-WB.2.0.0
2025-02-27 23:18:56,883 [WARN] ConditionMgr:1044 - genDependencies : Invalid condition id : UX DEVICE CLASS RTOS Condition cause : null
2025-02-27 23:18:56,883 [WARN] ConditionMgr:1044 - genDependencies : Invalid condition id : UX DEVICE CLASS RTOS Condition cause : null
2025-02-27 23:18:56,884 [WARN] ConditionMgr:1044 - genDependencies : Invalid condition id : UX DEVICE CLASS RTOS Condition cause : null
2025-02-27 23:18:56,884 [WARN] ConditionMgr:1044 - genDependencies : Invalid condition id : UX DEVICE CLASS RTOS Condition cause : null
2025-02-27 23:18:56,884 [WARN] ConditionMgr:1044 - genDependencies : Invalid condition id : UX DEVICE CLASS RTOS Condition cause : null
2025-02-27 23:18:56,909 [WARN] PackLoader:240 - Cannot read IP mode file for STMicroelectronics.X-CUBE-GNSS1.7.0.1
2025-02-27 23:18:56,963 [WARN] PackLoader:240 - Cannot read IP mode file for STMicroelectronics.FP-SNS-STBOX1.2.0.0
2025-02-27 23:18:56,996 [WARN] PackLoader:240 - Cannot read IP mode file for STMicroelectronics.X-CUBE-SUBG2.5.0.0
2025-02-27 23:18:57,023 [WARN] PackLoader:240 - Cannot read IP mode file for Cesanta.I-CUBE-Mongoose.7.13.0
2025-02-27 23:18:57,062 [WARN] PackLoader:240 - Cannot read IP mode file for STMicroelectronics.X-CUBE-AZRTOS-G4.2.0.0
2025-02-27 23:18:57,100 [WARN] PackLoader:240 - Cannot read IP mode file for STMicroelectronics.X-CUBE-IPS.3.1.0
2025-02-27 23:18:57,127 [WARN] PackLoader:240 - Cannot read IP mode file for STMicroelectronics.X-CUBE-ALS.1.0.2
2025-02-27 23:18:57,152 [WARN] PackLoader:240 - Cannot read IP mode file for STMicroelectronics.X-CUBE-TOUCHGFX.4.24.2
2025-02-27 23:18:57,177 [WARN] PackLoader:240 - Cannot read IP mode file for wolfSSL.I-CUBE-wolfTPM.3.4.0
2025-02-27 23:18:57,205 [WARN] PackLoader:240 - Cannot read IP mode file for portGmbH.I-Cube-SoM-uGOAL.1.1.0
2025-02-27 23:18:57,272 [WARN] PackLoader:240 - Cannot read IP mode file for STMicroelectronics.X-CUBE-AZRTOS-H7RS.1.0.0
2025-02-27 23:18:57,308 [WARN] PackLoader:240 - Cannot read IP mode file for STMicroelectronics.X-CUBE-TOF1.3.4.2
2025-02-27 23:18:57,360 [WARN] PackLoader:240 - Cannot read IP mode file for wolfSSL.I-CUBE-wolfSSH.1.4.17
2025-02-27 23:18:57,361 [INFO] ThirdParty:978 - Integrity check success = true
2025-02-27 23:18:57,361 [INFO] IntegrityCheckThread:100 - exiting critical section [integrity check]
2025-02-27 23:18:57,361 [INFO] IntegrityCheckThread:103 - End integrity checks thread
2025-02-27 23:18:57,379 [INFO] UserAuth:486 - Internet connection configuration mode: 1
2025-02-27 23:18:57,618 [INFO] WebApp:187 - Connection restablished
2025-02-27 23:45:15,754 [INFO] WebApp:190 - Connection lost
2025-02-27 23:45:15,901 [INFO] WebApp:187 - Connection restablished
2025-02-27 23:51:32,924 [ERROR] LogOutputStream:75 - [STDERR_REDIRECT] 
2025-02-27 23:51:32,927 [ERROR] LogOutputStream:75 - [STDERR_REDIRECT] 
