2025-03-20 01:53:16,399 [INFO] Activator:176 - 


2025-03-20 01:53:16,408 [INFO] Activator:177 - !SESSION log4j initialized
2025-03-20 01:53:26,792 [INFO] LogOutputStream:77 - [STDOUT_REDIRECT] 
2025-03-20 01:53:29,727 [INFO] ApplicationProperties:184 - Using Application install path: C:\ST\STM32CubeIDE_1.17.0\STM32CubeIDE\plugins\com.st.stm32cube.common.mx_6.13.0.202411220809
2025-03-20 01:53:29,750 [INFO] DbMcusXml:78 - Set database path to: C:\ST\STM32CubeIDE_1.17.0\STM32CubeIDE\plugins\com.st.stm32cube.common.mx_6.13.0.202411220809\\db\/mcu/
2025-03-20 01:53:29,750 [INFO] ApiDb:274 - Set plugin database path to: C:\ST\STM32CubeIDE_1.17.0\STM32CubeIDE\plugins\com.st.stm32cube.common.mx_6.13.0.202411220809\\db\/plugins/boardmanager/
2025-03-20 01:53:29,751 [WARN] ApiDb:259 - Overriding images path with different value:  => C:\ST\STM32CubeIDE_1.17.0\STM32CubeIDE\plugins\com.st.stm32cube.common.mx_6.13.0.202411220809\\db\/plugins/mcufinder/images/
2025-03-20 01:53:29,765 [INFO] ApiDb:250 - Set database path to: C:\Users\User\.stmcufinder\plugins\mcufinder//mcu/
2025-03-20 01:53:29,767 [INFO] DbMcusAds:125 - Set database path to: C:\Users\User\.stmcufinder\plugins\mcufinder//mcu/
2025-03-20 01:53:29,771 [INFO] CrossReferenceDbSqlite:203 - Set database path to: C:\Users\User\.stmcufinder\plugins\mcufinder//mcu/cs/
2025-03-20 01:53:29,923 [INFO] RulesReader:64 - Compatibility file has been processed (297 Rules)
2025-03-20 01:53:30,039 [INFO] DbMcusXml:78 - Set database path to: C:\ST\STM32CubeIDE_1.17.0\STM32CubeIDE\plugins\com.st.stm32cube.common.mx_6.13.0.202411220809\\db\/mcu/
2025-03-20 01:53:30,039 [INFO] ApiDb:274 - Set plugin database path to: C:\ST\STM32CubeIDE_1.17.0\STM32CubeIDE\plugins\com.st.stm32cube.common.mx_6.13.0.202411220809\\db\/plugins/boardmanager/
2025-03-20 01:53:30,039 [INFO] ApiDb:261 - Set plugin images path to: C:\ST\STM32CubeIDE_1.17.0\STM32CubeIDE\plugins\com.st.stm32cube.common.mx_6.13.0.202411220809\\db\/plugins/mcufinder/images/
2025-03-20 01:53:30,039 [WARN] DbFile:41 - Overriding database path with different value: C:\Users\User\.stmcufinder\plugins\mcufinder/ => C:\Users\User\.stmcufinder\plugins\mcufinder
2025-03-20 01:53:30,039 [INFO] ApiDb:250 - Set database path to: C:\Users\User\.stmcufinder\plugins\mcufinder//mcu/
2025-03-20 01:53:30,040 [WARN] DbFile:41 - Overriding database path with different value: C:\Users\User\.stmcufinder\plugins\mcufinder/ => C:\Users\User\.stmcufinder\plugins\mcufinder
2025-03-20 01:53:30,040 [INFO] DbMcusAds:125 - Set database path to: C:\Users\User\.stmcufinder\plugins\mcufinder//mcu/
2025-03-20 01:53:30,040 [WARN] DbFile:41 - Overriding database path with different value: C:\Users\User\.stmcufinder\plugins\mcufinder/ => C:\Users\User\.stmcufinder\plugins\mcufinder
2025-03-20 01:53:30,040 [WARN] DbFile:41 - Overriding database path with different value: C:\Users\User\.stmcufinder\plugins\mcufinder/ => C:\Users\User\.stmcufinder\plugins\mcufinder
2025-03-20 01:53:30,040 [INFO] CrossReferenceDbSqlite:203 - Set database path to: C:\Users\User\.stmcufinder\plugins\mcufinder//mcu/cs/
2025-03-20 01:53:30,161 [INFO] MainPanel:272 - HeapMemory: 268435456
2025-03-20 01:53:30,297 [INFO] DbMcusXml:78 - Set database path to: C:\ST\STM32CubeIDE_1.17.0\STM32CubeIDE\plugins\com.st.stm32cube.common.mx_6.13.0.202411220809\\db\/mcu/
2025-03-20 01:53:30,297 [INFO] ApiDb:274 - Set plugin database path to: C:\ST\STM32CubeIDE_1.17.0\STM32CubeIDE\plugins\com.st.stm32cube.common.mx_6.13.0.202411220809\\db\/plugins/boardmanager/
2025-03-20 01:53:30,297 [INFO] ApiDb:261 - Set plugin images path to: C:\ST\STM32CubeIDE_1.17.0\STM32CubeIDE\plugins\com.st.stm32cube.common.mx_6.13.0.202411220809\\db\/plugins/mcufinder/images/
2025-03-20 01:53:30,298 [WARN] DbFile:41 - Overriding database path with different value: C:\Users\User\.stmcufinder\plugins\mcufinder/ => C:\Users\User\.stmcufinder\plugins\mcufinder
2025-03-20 01:53:30,298 [INFO] ApiDb:250 - Set database path to: C:\Users\User\.stmcufinder\plugins\mcufinder//mcu/
2025-03-20 01:53:30,298 [WARN] DbFile:41 - Overriding database path with different value: C:\Users\User\.stmcufinder\plugins\mcufinder/ => C:\Users\User\.stmcufinder\plugins\mcufinder
2025-03-20 01:53:30,298 [INFO] DbMcusAds:125 - Set database path to: C:\Users\User\.stmcufinder\plugins\mcufinder//mcu/
2025-03-20 01:53:30,298 [WARN] DbFile:41 - Overriding database path with different value: C:\Users\User\.stmcufinder\plugins\mcufinder/ => C:\Users\User\.stmcufinder\plugins\mcufinder
2025-03-20 01:53:30,298 [WARN] DbFile:41 - Overriding database path with different value: C:\Users\User\.stmcufinder\plugins\mcufinder/ => C:\Users\User\.stmcufinder\plugins\mcufinder
2025-03-20 01:53:30,299 [INFO] CrossReferenceDbSqlite:203 - Set database path to: C:\Users\User\.stmcufinder\plugins\mcufinder//mcu/cs/
2025-03-20 01:53:30,329 [INFO] ApplicationProperties:184 - Using Application install path: C:\ST\STM32CubeIDE_1.17.0\STM32CubeIDE\plugins\com.st.stm32cube.common.mx_6.13.0.202411220809
2025-03-20 01:53:30,331 [INFO] PluginManage:196 - Search for loadable plugins [exclusion list=, ]
2025-03-20 01:53:30,334 [INFO] PluginManage:310 - Check plugin analytics
2025-03-20 01:53:30,619 [INFO] AnalyticsPlugin:253 - Accepted Software Licenses: 
2025-03-20 01:53:30,619 [INFO] AnalyticsPlugin:255 - Accepted CMSIS Pack Licenses: 
2025-03-20 01:53:30,619 [INFO] AnalyticsPlugin:257 - Accepted Firmware Licenses: FW.F4.1.28.0
2025-03-20 01:53:30,624 [INFO] PluginManage:359 - Loaded plugin analytics (category:tool,tabindex:-1)
2025-03-20 01:53:30,625 [INFO] PluginManage:310 - Check plugin cadmodel
2025-03-20 01:53:30,646 [INFO] CADModel:105 - Init CAD model plugin
2025-03-20 01:53:30,647 [INFO] PluginManage:359 - Loaded plugin cadmodel (category:power,tabindex:5)
2025-03-20 01:53:30,647 [INFO] PluginManage:310 - Check plugin clock
2025-03-20 01:53:30,671 [INFO] PluginManage:359 - Loaded plugin clock (category:base,tabindex:2)
2025-03-20 01:53:30,671 [INFO] PluginManage:310 - Check plugin ddr
2025-03-20 01:53:30,675 [INFO] PluginManage:359 - Loaded plugin ddr (category:tool,tabindex:6)
2025-03-20 01:53:30,675 [INFO] PluginManage:310 - Check plugin filemanager
2025-03-20 01:53:30,925 [INFO] PluginManage:359 - Loaded plugin filemanager (category:base,tabindex:10)
2025-03-20 01:53:30,926 [INFO] PluginManage:310 - Check plugin ipmanager
2025-03-20 01:53:30,936 [INFO] PluginManage:359 - Loaded plugin ipmanager (category:base,tabindex:5)
2025-03-20 01:53:30,936 [INFO] PluginManage:310 - Check plugin lpbam
2025-03-20 01:53:30,968 [INFO] PluginManage:359 - Loaded plugin lpbam (category:base,tabindex:0)
2025-03-20 01:53:30,968 [INFO] PluginManage:310 - Check plugin memorymap
2025-03-20 01:53:31,000 [INFO] PluginManage:359 - Loaded plugin memorymap (category:base,tabindex:4)
2025-03-20 01:53:31,001 [INFO] PluginManage:310 - Check plugin pinoutandconfiguration
2025-03-20 01:53:31,026 [INFO] PluginManage:359 - Loaded plugin pinoutandconfiguration (category:base,tabindex:1)
2025-03-20 01:53:31,026 [INFO] PluginManage:310 - Check plugin pinoutconfig
2025-03-20 01:53:31,202 [WARN] SupportedApi:132 - Cannot load RTOS API schema: s4s-elt-must-match.1: The content of 'definitions' must match (annotation?, (simpleType | complexType)?, (unique | key | keyref)*)). A problem was found starting at: attribute.
2025-03-20 01:53:31,403 [INFO] PluginManage:359 - Loaded plugin pinoutconfig (category:base,tabindex:0)
2025-03-20 01:53:31,403 [INFO] PluginManage:310 - Check plugin power
2025-03-20 01:53:31,441 [INFO] PluginManage:359 - Loaded plugin power (category:power,tabindex:4)
2025-03-20 01:53:31,441 [INFO] PluginManage:310 - Check plugin projectmanager
2025-03-20 01:53:31,466 [INFO] PluginManage:359 - Loaded plugin projectmanager (category:projectmanager,tabindex:4)
2025-03-20 01:53:31,466 [INFO] PluginManage:310 - Check plugin rif
2025-03-20 01:53:31,499 [INFO] PluginManage:359 - Loaded plugin rif (category:base,tabindex:3)
2025-03-20 01:53:31,500 [INFO] PluginManage:310 - Check plugin thirdparty
2025-03-20 01:53:31,938 [INFO] PluginManage:359 - Loaded plugin thirdparty (category:base,tabindex:-1)
2025-03-20 01:53:31,938 [INFO] PluginManage:310 - Check plugin tools
2025-03-20 01:53:31,937 [WARN] IntegrityCheckThread:84 - waiting for thirdparty lock release [integrity check]
2025-03-20 01:53:31,939 [INFO] IntegrityCheckThread:86 - entering critical section [integrity check]
2025-03-20 01:53:31,940 [INFO] ThirdPartyUpdaterWithRetryManager:70 - Updater plugin not ready yet. [1/15]
2025-03-20 01:53:32,001 [INFO] PluginManage:359 - Loaded plugin tools (category:base,tabindex:7)
2025-03-20 01:53:32,001 [INFO] PluginManage:310 - Check plugin tutovideos
2025-03-20 01:53:32,278 [INFO] PluginManage:359 - Loaded plugin tutovideos (category:base,tabindex:-1)
2025-03-20 01:53:32,278 [INFO] PluginManage:310 - Check plugin updater
2025-03-20 01:53:32,303 [INFO] PluginManage:359 - Loaded plugin updater (category:base,tabindex:12)
2025-03-20 01:53:32,303 [INFO] PluginManage:310 - Check plugin userauth
2025-03-20 01:53:32,310 [INFO] UserAuth:118 - Init User Auth plugin
2025-03-20 01:53:32,312 [INFO] PluginManage:359 - Loaded plugin userauth (category:base,tabindex:14)
2025-03-20 01:53:32,313 [INFO] PluginManage:283 - PluginManage : Loaded plugins [18]
2025-03-20 01:53:32,588 [INFO] PinOutPanel:1589 - setPackage(No Configuration,No Configuration)
2025-03-20 01:53:32,724 [INFO] CADModel:165 - CPN selected for project level
2025-03-20 01:53:32,725 [INFO] CADModel:114 - Register for checkConnection events
2025-03-20 01:53:32,772 [INFO] IPUIPlugin:80 - create IPUIPlugin
2025-03-20 01:53:32,772 [INFO] PluginManager:220 - loadIPPluginJar : add adc
2025-03-20 01:53:32,834 [INFO] IPUIPlugin:80 - create IPUIPlugin
2025-03-20 01:53:32,834 [INFO] PluginManager:220 - loadIPPluginJar : add aes
2025-03-20 01:53:32,899 [INFO] IPUIPlugin:80 - create IPUIPlugin
2025-03-20 01:53:32,900 [INFO] PluginManager:220 - loadIPPluginJar : add can
2025-03-20 01:53:32,951 [INFO] IPUIPlugin:80 - create IPUIPlugin
2025-03-20 01:53:32,951 [INFO] PluginManager:220 - loadIPPluginJar : add comp
2025-03-20 01:53:33,010 [INFO] IPUIPlugin:80 - create IPUIPlugin
2025-03-20 01:53:33,011 [INFO] PluginManager:220 - loadIPPluginJar : add cryp
2025-03-20 01:53:33,031 [INFO] IPUIPlugin:80 - create IPUIPlugin
2025-03-20 01:53:33,032 [INFO] PluginManager:220 - loadIPPluginJar : add ddr_ctrl_phy
2025-03-20 01:53:33,078 [INFO] IPUIPlugin:80 - create IPUIPlugin
2025-03-20 01:53:33,079 [INFO] PluginManager:220 - loadIPPluginJar : add dfsdm
2025-03-20 01:53:33,097 [INFO] IPUIPlugin:80 - create IPUIPlugin
2025-03-20 01:53:33,097 [INFO] PluginManager:220 - loadIPPluginJar : add dma
2025-03-20 01:53:33,156 [INFO] IPUIPlugin:80 - create IPUIPlugin
2025-03-20 01:53:33,156 [INFO] PluginManager:220 - loadIPPluginJar : add dma3
2025-03-20 01:53:33,233 [INFO] IPUIPlugin:80 - create IPUIPlugin
2025-03-20 01:53:33,233 [INFO] PluginManager:220 - loadIPPluginJar : add extmemmanager
2025-03-20 01:53:33,266 [INFO] IPUIPlugin:80 - create IPUIPlugin
2025-03-20 01:53:33,266 [INFO] PluginManager:220 - loadIPPluginJar : add fatfs
2025-03-20 01:53:33,340 [INFO] IPUIPlugin:80 - create IPUIPlugin
2025-03-20 01:53:33,340 [INFO] PluginManager:220 - loadIPPluginJar : add fmc
2025-03-20 01:53:33,359 [INFO] IPUIPlugin:80 - create IPUIPlugin
2025-03-20 01:53:33,360 [INFO] PluginManager:220 - loadIPPluginJar : add freertos
2025-03-20 01:53:33,390 [INFO] IPUIPlugin:80 - create IPUIPlugin
2025-03-20 01:53:33,390 [INFO] PluginManager:220 - loadIPPluginJar : add genericplugin
2025-03-20 01:53:33,533 [INFO] IPUIPlugin:80 - create IPUIPlugin
2025-03-20 01:53:33,533 [INFO] PluginManager:220 - loadIPPluginJar : add gfxmmu
2025-03-20 01:53:33,736 [INFO] IPUIPlugin:80 - create IPUIPlugin
2025-03-20 01:53:33,737 [INFO] PluginManager:220 - loadIPPluginJar : add gic
2025-03-20 01:53:33,755 [INFO] IPUIPlugin:80 - create IPUIPlugin
2025-03-20 01:53:33,756 [INFO] PluginManager:220 - loadIPPluginJar : add gpio
2025-03-20 01:53:33,889 [INFO] IPUIPlugin:80 - create IPUIPlugin
2025-03-20 01:53:33,889 [INFO] PluginManager:220 - loadIPPluginJar : add gtzc
2025-03-20 01:53:33,940 [INFO] IPUIPlugin:80 - create IPUIPlugin
2025-03-20 01:53:33,940 [INFO] PluginManager:220 - loadIPPluginJar : add hash
2025-03-20 01:53:34,016 [INFO] IPUIPlugin:80 - create IPUIPlugin
2025-03-20 01:53:34,016 [INFO] PluginManager:220 - loadIPPluginJar : add i2c
2025-03-20 01:53:34,076 [INFO] IPUIPlugin:80 - create IPUIPlugin
2025-03-20 01:53:34,077 [INFO] PluginManager:220 - loadIPPluginJar : add i2s
2025-03-20 01:53:34,136 [INFO] IPUIPlugin:80 - create IPUIPlugin
2025-03-20 01:53:34,137 [INFO] PluginManager:220 - loadIPPluginJar : add i3c
2025-03-20 01:53:34,284 [INFO] IPUIPlugin:80 - create IPUIPlugin
2025-03-20 01:53:34,285 [INFO] PluginManager:220 - loadIPPluginJar : add ipddr
2025-03-20 01:53:34,426 [INFO] IPUIPlugin:80 - create IPUIPlugin
2025-03-20 01:53:34,427 [INFO] PluginManager:220 - loadIPPluginJar : add linkedlist
2025-03-20 01:53:34,484 [INFO] IPUIPlugin:80 - create IPUIPlugin
2025-03-20 01:53:34,484 [INFO] PluginManager:220 - loadIPPluginJar : add lorawan
2025-03-20 01:53:34,547 [INFO] IPUIPlugin:80 - create IPUIPlugin
2025-03-20 01:53:34,548 [INFO] PluginManager:220 - loadIPPluginJar : add ltdc
2025-03-20 01:53:34,569 [INFO] IPUIPlugin:80 - create IPUIPlugin
2025-03-20 01:53:34,569 [INFO] PluginManager:220 - loadIPPluginJar : add mdma
2025-03-20 01:53:34,586 [INFO] IPUIPlugin:80 - create IPUIPlugin
2025-03-20 01:53:34,587 [INFO] PluginManager:220 - loadIPPluginJar : add nvic
2025-03-20 01:53:34,640 [INFO] IPUIPlugin:80 - create IPUIPlugin
2025-03-20 01:53:34,640 [INFO] PluginManager:220 - loadIPPluginJar : add opamp
2025-03-20 01:53:34,739 [INFO] IPUIPlugin:80 - create IPUIPlugin
2025-03-20 01:53:34,740 [INFO] PluginManager:220 - loadIPPluginJar : add openamp
2025-03-20 01:53:34,807 [INFO] IPUIPlugin:80 - create IPUIPlugin
2025-03-20 01:53:34,807 [INFO] PluginManager:220 - loadIPPluginJar : add pdm2pcm
2025-03-20 01:53:34,827 [INFO] IPUIPlugin:80 - create IPUIPlugin
2025-03-20 01:53:34,830 [INFO] PluginManager:220 - loadIPPluginJar : add plateformsettings
2025-03-20 01:53:34,866 [INFO] IPUIPlugin:80 - create IPUIPlugin
2025-03-20 01:53:34,867 [INFO] PluginManager:220 - loadIPPluginJar : add quadspi
2025-03-20 01:53:34,907 [INFO] IPUIPlugin:80 - create IPUIPlugin
2025-03-20 01:53:34,908 [INFO] PluginManager:220 - loadIPPluginJar : add radio
2025-03-20 01:53:34,925 [INFO] IPUIPlugin:80 - create IPUIPlugin
2025-03-20 01:53:34,926 [INFO] PluginManager:220 - loadIPPluginJar : add resmgrutility
2025-03-20 01:53:34,942 [INFO] ThirdPartyUpdaterWithRetryManager:70 - Updater plugin not ready yet. [2/15]
2025-03-20 01:53:34,996 [INFO] IPUIPlugin:80 - create IPUIPlugin
2025-03-20 01:53:34,997 [INFO] PluginManager:220 - loadIPPluginJar : add sai
2025-03-20 01:53:35,050 [INFO] IPUIPlugin:80 - create IPUIPlugin
2025-03-20 01:53:35,050 [INFO] PluginManager:220 - loadIPPluginJar : add spi
2025-03-20 01:53:35,148 [INFO] IPUIPlugin:80 - create IPUIPlugin
2025-03-20 01:53:35,148 [INFO] PluginManager:220 - loadIPPluginJar : add stm32_wpan
2025-03-20 01:53:35,182 [INFO] IPUIPlugin:80 - create IPUIPlugin
2025-03-20 01:53:35,182 [INFO] PluginManager:220 - loadIPPluginJar : add tim
2025-03-20 01:53:35,271 [INFO] IPUIPlugin:80 - create IPUIPlugin
2025-03-20 01:53:35,271 [INFO] PluginManager:220 - loadIPPluginJar : add touchsensing
2025-03-20 01:53:35,306 [INFO] IPUIPlugin:80 - create IPUIPlugin
2025-03-20 01:53:35,306 [INFO] PluginManager:220 - loadIPPluginJar : add tracer_emb
2025-03-20 01:53:35,341 [INFO] IPUIPlugin:80 - create IPUIPlugin
2025-03-20 01:53:35,341 [INFO] PluginManager:220 - loadIPPluginJar : add ts
2025-03-20 01:53:35,378 [INFO] IPUIPlugin:80 - create IPUIPlugin
2025-03-20 01:53:35,378 [INFO] PluginManager:220 - loadIPPluginJar : add tsc
2025-03-20 01:53:35,413 [INFO] IPUIPlugin:80 - create IPUIPlugin
2025-03-20 01:53:35,413 [INFO] PluginManager:220 - loadIPPluginJar : add ucpd
2025-03-20 01:53:35,476 [INFO] IPUIPlugin:80 - create IPUIPlugin
2025-03-20 01:53:35,476 [INFO] PluginManager:220 - loadIPPluginJar : add usart
2025-03-20 01:53:35,544 [INFO] IPUIPlugin:80 - create IPUIPlugin
2025-03-20 01:53:35,545 [INFO] PluginManager:220 - loadIPPluginJar : add usbx
2025-03-20 01:53:35,710 [FATAL] Updater:351 - Updater called before beeing initialized
2025-03-20 01:53:35,762 [INFO] RulesReader:64 - Compatibility file has been processed (297 Rules)
2025-03-20 01:53:35,774 [INFO] RulesReader:64 - Compatibility file has been processed (297 Rules)
2025-03-20 01:53:35,783 [INFO] CADModel:165 - CPN selected for project level
2025-03-20 01:53:35,783 [INFO] CADModel:114 - Register for checkConnection events
2025-03-20 01:53:35,783 [FATAL] Updater:351 - Updater called before beeing initialized
2025-03-20 01:53:35,783 [ERROR] CADModel:125 - Updater not yet initialized, retry later 
2025-03-20 01:53:35,963 [FATAL] Updater:351 - Updater called before beeing initialized
2025-03-20 01:53:35,965 [INFO] CADModel:165 - CPN selected for project level
2025-03-20 01:53:35,965 [INFO] CADModel:114 - Register for checkConnection events
2025-03-20 01:53:35,965 [FATAL] Updater:351 - Updater called before beeing initialized
2025-03-20 01:53:35,965 [ERROR] CADModel:125 - Updater not yet initialized, retry later 
2025-03-20 01:53:35,969 [FATAL] Updater:351 - Updater called before beeing initialized
2025-03-20 01:53:36,126 [FATAL] Updater:351 - Updater called before beeing initialized
2025-03-20 01:53:36,141 [INFO] DbMcusAds:53 - JSON generation date=Thu Mar 06 15:54:21 CET 2025 (1741272861825)
2025-03-20 01:53:36,141 [FATAL] Updater:351 - Updater called before beeing initialized
2025-03-20 01:53:36,192 [WARN] DetailPanel:346 - Failed to get advertising image, set to default
2025-03-20 01:53:36,486 [FATAL] Updater:351 - Updater called before beeing initialized
2025-03-20 01:53:36,489 [FATAL] Updater:351 - Updater called before beeing initialized
2025-03-20 01:53:36,489 [FATAL] Updater:351 - Updater called before beeing initialized
2025-03-20 01:53:36,489 [WARN] DetailPanel:346 - Failed to get advertising image, set to default
2025-03-20 01:53:36,490 [FATAL] Updater:351 - Updater called before beeing initialized
2025-03-20 01:53:36,575 [ERROR] Updater:1198 - MainUpdater not yet initialized. External WinMGr cannot be set.
2025-03-20 01:53:36,588 [INFO] Updater:1134 - Updater Version found : 6.13.0
2025-03-20 01:53:36,612 [INFO] ApplicationProperties:184 - Using Application install path: C:\ST\STM32CubeIDE_1.17.0\STM32CubeIDE\plugins\com.st.stm32cube.common.mx_6.13.0.202411220809
2025-03-20 01:53:37,954 [INFO] ThirdPartyUpdaterWithRetryManager:70 - Updater plugin not ready yet. [3/15]
2025-03-20 01:53:38,239 [ERROR] LogOutputStream:75 - [STDERR_REDIRECT] Mar 20, 2025 1:53:38 AM java.util.prefs.WindowsPreferences <init>
2025-03-20 01:53:38,242 [ERROR] LogOutputStream:75 - [STDERR_REDIRECT] WARNING: Could not open/create prefs root node Software\JavaSoft\Prefs at root 0xffffffff80000002. Windows RegCreateKeyEx(...) returned error code 5.
2025-03-20 01:53:38,243 [ERROR] LogOutputStream:75 - [STDERR_REDIRECT] 
2025-03-20 01:53:38,687 [INFO] MainUpdater:2872 - connection check result : 10
2025-03-20 01:53:38,688 [INFO] MainUpdater:3566 - Updater definition file requires update
2025-03-20 01:53:38,689 [INFO] MainUpdater:289 - Updater Check For Update Now.
2025-03-20 01:53:38,690 [INFO] MicroXplorer:498 - Change Database Version : DB.6.0.130
2025-03-20 01:53:38,711 [INFO] McuFinderGlobals:63 - Set McuFinder mode to 2 (CubeIDE integrated)
2025-03-20 01:53:38,720 [INFO] UserAuth:486 - Internet connection configuration mode: 1
2025-03-20 01:53:38,754 [INFO] ServerAccessManage:473 - Download File updaters.zip
2025-03-20 01:53:38,786 [INFO] JxBrowserEngine:152 - Initiate JxBrowser Engine with user profile folder
2025-03-20 01:53:38,946 [INFO] FileExtend:240 - Unzip File : updaters.zip
2025-03-20 01:53:38,947 [INFO] FileExtend:255 - Standard Zip Deflate
2025-03-20 01:53:39,750 [INFO] ServerAccessManage:473 - Download File PacksControlFlags.xml
2025-03-20 01:53:39,902 [INFO] ServerAccessManage:473 - Download File cubemx.pidx
2025-03-20 01:53:40,970 [WARN] MainUpdater:1193 - Updater busy. Cannot search thirdparties
2025-03-20 01:53:40,971 [INFO] ThirdPartyUpdaterWithRetryManager:96 - Updater plugin is busy. [1/15]
2025-03-20 01:53:42,681 [INFO] ServerAccessManage:473 - Download File STMicroelectronics.X-CUBE-AZRTOS-H7RS.pdsc
2025-03-20 01:53:43,090 [INFO] WebApp:168 - Instantiating new browser for Auth
2025-03-20 01:53:43,990 [WARN] MainUpdater:1193 - Updater busy. Cannot search thirdparties
2025-03-20 01:53:44,019 [INFO] ThirdPartyUpdaterWithRetryManager:96 - Updater plugin is busy. [2/15]
2025-03-20 01:53:44,426 [WARN] PackLoader:240 - Cannot read IP mode file for STMicroelectronics.X-CUBE-AZRTOS-H7RS.1.1.0
2025-03-20 01:53:44,435 [INFO] PopulateThirdPartyThread:66 - Ending populate Thread
2025-03-20 01:53:44,436 [INFO] ThirdParty:1030 - CMSIS Pack Vendor :STMicroelectronics X-CUBE-AZRTOS-H7RS 1.1.0
2025-03-20 01:53:44,437 [INFO] LoadServerUpdatesThread:375 - End of LoadServerUpdate Thread
2025-03-20 01:53:44,811 [INFO] CheckServerUpdateThread:120 - End of CheckServer Thread
2025-03-20 01:53:45,597 [INFO] WebApp:449 - Apply proxy settings
2025-03-20 01:53:45,597 [INFO] WebApp:534 - Chromium requires no authentication
2025-03-20 01:53:45,626 [INFO] WebApp:477 - Direct internet connection detected
2025-03-20 01:53:45,690 [INFO] WebApp:880 - Register for checkConnection events
2025-03-20 01:53:45,691 [INFO] WebApp:449 - Apply proxy settings
2025-03-20 01:53:45,691 [INFO] WebApp:534 - Chromium requires no authentication
2025-03-20 01:53:45,694 [INFO] WebApp:477 - Direct internet connection detected
2025-03-20 01:53:46,150 [INFO] WebApp:221 - Starting web application
2025-03-20 01:53:46,150 [INFO] WebApp:579 - Web application path used C:\ST\STM32CubeIDE_1.17.0\STM32CubeIDE\plugins\com.st.stm32cube.common.mx_6.13.0.202411220809\db\plugins\mcufinder\reactClient1\index.html
2025-03-20 01:53:46,346 [INFO] WebApp:187 - Connection restablished
2025-03-20 01:53:46,695 [INFO] UserAuth:486 - Internet connection configuration mode: 1
2025-03-20 01:53:47,697 [WARN] PackLoader:240 - Cannot read IP mode file for STMicroelectronics.FP-SNS-MOTENVWB1.1.4.0
2025-03-20 01:53:47,708 [WARN] PackLoader:240 - Cannot read IP mode file for STMicroelectronics.FP-ATR-ASTRA1.2.0.2
2025-03-20 01:53:47,727 [WARN] PackLoader:240 - Cannot read IP mode file for STMicroelectronics.FP-ATR-ASTRA1.2.0.1
2025-03-20 01:53:47,770 [WARN] PackLoader:240 - Cannot read IP mode file for STMicroelectronics.X-CUBE-SMBUS.2.1.0
2025-03-20 01:53:47,798 [WARN] PackLoader:240 - Cannot read IP mode file for STMicroelectronics.X-CUBE-WB05N.1.1.0
2025-03-20 01:53:47,855 [WARN] PackLoader:240 - Cannot read IP mode file for STMicroelectronics.X-CUBE-AZRTOS-F7.1.1.0
2025-03-20 01:53:47,883 [WARN] PackLoader:240 - Cannot read IP mode file for STMicroelectronics.FP-SNS-FLIGHT1.5.0.2
2025-03-20 01:53:47,964 [WARN] PackLoader:240 - Cannot read IP mode file for Infineon.AIROC-Wi-Fi-Bluetooth-STM32.1.7.0
2025-03-20 01:53:48,005 [WARN] PackLoader:240 - Cannot read IP mode file for STMicroelectronics.X-CUBE-DISPLAY.3.0.0
2025-03-20 01:53:48,038 [WARN] PackLoader:240 - Cannot read IP mode file for STMicroelectronics.X-CUBE-BLE1.7.0.0
2025-03-20 01:53:48,065 [WARN] PackLoader:240 - Cannot read IP mode file for STMicroelectronics.X-CUBE-NFC10.1.0.0
2025-03-20 01:53:48,104 [WARN] PackLoader:240 - Cannot read IP mode file for STMicroelectronics.X-CUBE-BLEMGR.4.0.0
2025-03-20 01:53:48,135 [WARN] PackLoader:240 - Cannot read IP mode file for emotas.I-CUBE-CANOPEN.1.3.0
2025-03-20 01:53:48,159 [WARN] PackLoader:240 - Cannot read IP mode file for STMicroelectronics.X-CUBE-AI.10.0.0
2025-03-20 01:53:48,185 [WARN] PackLoader:240 - Cannot read IP mode file for STMicroelectronics.FP-SNS-SMARTAG2.1.2.0
2025-03-20 01:53:48,193 [WARN] PackLoader:240 - Cannot read IP mode file for STMicroelectronics.FP-SNS-FLIGHT1.5.1.0
2025-03-20 01:53:48,310 [WARN] PackLoader:240 - Cannot read IP mode file for STMicroelectronics.X-CUBE-MEMS1.11.1.0
2025-03-20 01:53:48,647 [INFO] LogOutputStream:77 - [STDOUT_REDIRECT] 1 : Invalid condition id : UX_CORESTACK_Condition cause : null
2025-03-20 01:53:48,648 [INFO] LogOutputStream:77 - [STDOUT_REDIRECT] 1 : Invalid condition id : UX_CORESTACK_Condition cause : null
2025-03-20 01:53:48,651 [INFO] LogOutputStream:77 - [STDOUT_REDIRECT] 1 : Invalid condition id : UX_CORESTACK_Condition cause : null
2025-03-20 01:53:48,653 [INFO] LogOutputStream:77 - [STDOUT_REDIRECT] 1 : Invalid condition id : UX_CORESTACK_Condition cause : null
2025-03-20 01:53:48,656 [INFO] LogOutputStream:77 - [STDOUT_REDIRECT] 1 : Invalid condition id : UX_CORESTACK_Condition cause : null
2025-03-20 01:53:48,660 [WARN] PackLoader:240 - Cannot read IP mode file for STMicroelectronics.X-CUBE-AZRTOS-WL.2.0.0
2025-03-20 01:53:48,685 [WARN] PackLoader:240 - Cannot read IP mode file for STMicroelectronics.FP-SNS-MOTENV1.5.0.0
2025-03-20 01:53:48,693 [WARN] PackLoader:240 - Cannot read IP mode file for wolfSSL.I-CUBE-wolfMQTT.1.19.0
2025-03-20 01:53:48,716 [WARN] PackLoader:240 - Cannot read IP mode file for WES.I-CUBE-Cesium.1.3.0
2025-03-20 01:53:48,737 [WARN] PackLoader:240 - Cannot read IP mode file for STMicroelectronics.X-CUBE-BLE2.3.3.0
2025-03-20 01:53:48,761 [WARN] PackLoader:240 - Cannot read IP mode file for STMicroelectronics.X-CUBE-NFC9.1.0.0
2025-03-20 01:53:48,785 [WARN] PackLoader:240 - Cannot read IP mode file for STMicroelectronics.X-CUBE-BLE1.7.1.0
2025-03-20 01:53:48,850 [WARN] PackLoader:240 - Cannot read IP mode file for STMicroelectronics.X-CUBE-AZRTOS-G0.1.1.0
2025-03-20 01:53:48,876 [WARN] PackLoader:240 - Cannot read IP mode file for STMicroelectronics.X-CUBE-SAFEA1.1.2.2
2025-03-20 01:53:48,900 [WARN] PackLoader:240 - Cannot read IP mode file for STMicroelectronics.X-CUBE-NFC4.3.0.0
2025-03-20 01:53:48,929 [WARN] PackLoader:240 - Cannot read IP mode file for EmbeddedOffice.I-CUBE-FS-RTOS.1.0.1
2025-03-20 01:53:48,955 [WARN] PackLoader:240 - Cannot read IP mode file for STMicroelectronics.X-CUBE-TCPP.4.2.0
2025-03-20 01:53:48,981 [WARN] PackLoader:240 - Cannot read IP mode file for RealThread.X-CUBE-RT-Thread_Nano.4.1.1
2025-03-20 01:53:48,988 [WARN] PackLoader:240 - Cannot read IP mode file for STMicroelectronics.FP-ATR-SIGFOX1.3.2.0
2025-03-20 01:53:48,995 [WARN] ConditionMgr:438 - getConditionDescription Invalid condition id : Cortex-A Device cause : null
2025-03-20 01:53:49,026 [WARN] ConditionMgr:1044 - genDependencies : Invalid condition id : Cortex-A Device cause : null
2025-03-20 01:53:49,026 [WARN] ConditionMgr:1044 - genDependencies : Invalid condition id : Cortex-A Device cause : null
2025-03-20 01:53:49,027 [WARN] ConditionMgr:1044 - genDependencies : Invalid condition id : Cortex-A Device cause : null
2025-03-20 01:53:49,052 [WARN] PackLoader:240 - Cannot read IP mode file for STMicroelectronics.X-CUBE-EEPRMA1.5.1.0
2025-03-20 01:53:49,092 [WARN] PackLoader:240 - Cannot read IP mode file for wolfSSL.I-CUBE-wolfSSL.5.7.4
2025-03-20 01:53:49,115 [WARN] PackLoader:240 - Cannot read IP mode file for ITTIA_DB.I-CUBE-ITTIADB.8.9.0
2025-03-20 01:53:49,168 [WARN] PackLoader:240 - Cannot read IP mode file for SEGGER.I-CUBE-embOS.1.3.1
2025-03-20 01:53:49,232 [WARN] PackLoader:240 - Cannot read IP mode file for STMicroelectronics.X-CUBE-ALGOBUILD.1.4.0
2025-03-20 01:53:49,270 [WARN] PackLoader:240 - Cannot read IP mode file for STMicroelectronics.X-CUBE-AI.9.1.0
2025-03-20 01:53:49,326 [WARN] PackLoader:240 - Cannot read IP mode file for STMicroelectronics.X-CUBE-AZRTOS-F4.1.1.0
2025-03-20 01:53:49,352 [WARN] PackLoader:240 - Cannot read IP mode file for STMicroelectronics.X-CUBE-ISPU.2.1.0
2025-03-20 01:53:49,398 [WARN] PackLoader:240 - Cannot read IP mode file for STMicroelectronics.X-CUBE-AZRTOS-L5.2.0.0
2025-03-20 01:53:49,430 [WARN] PackLoader:240 - Cannot read IP mode file for STMicroelectronics.X-CUBE-NFC6.3.1.0
2025-03-20 01:53:49,457 [WARN] PackLoader:240 - Cannot read IP mode file for STMicroelectronics.X-CUBE-DPower.1.2.0
2025-03-20 01:53:49,478 [WARN] PackLoader:240 - Cannot read IP mode file for STMicroelectronics.X-CUBE-FREERTOS.1.3.0
2025-03-20 01:53:49,499 [WARN] PackLoader:240 - Cannot read IP mode file for STMicroelectronics.X-CUBE-NFC7.1.0.1
2025-03-20 01:53:49,552 [WARN] ConditionMgr:438 - getConditionDescription Invalid condition id : LAN8742 Phy interface Condition cause : null
2025-03-20 01:53:49,555 [WARN] PackLoader:240 - Cannot read IP mode file for STMicroelectronics.X-CUBE-AZRTOS-L4.2.0.0
2025-03-20 01:53:49,556 [WARN] ConditionMgr:1044 - genDependencies : Invalid condition id : LAN8742 Phy interface Condition cause : null
2025-03-20 01:53:49,557 [WARN] ConditionMgr:1044 - genDependencies : Invalid condition id : LAN8742 Phy interface Condition cause : null
2025-03-20 01:53:49,557 [WARN] ConditionMgr:1044 - genDependencies : Invalid condition id : LAN8742 Phy interface Condition cause : null
2025-03-20 01:53:49,586 [WARN] PackLoader:240 - Cannot read IP mode file for STMicroelectronics.X-CUBE-SFXS2LP1.4.0.0
2025-03-20 01:53:49,638 [WARN] PackLoader:240 - Cannot read IP mode file for STMicroelectronics.X-CUBE-AZRTOS-H7.3.3.0
2025-03-20 01:53:49,681 [WARN] ConditionMgr:438 - getConditionDescription Invalid condition id : UX DEVICE CLASS RTOS Condition cause : null
2025-03-20 01:53:49,682 [WARN] ConditionMgr:438 - getConditionDescription Invalid condition id : UX DEVICE CLASS RTOS Condition cause : null
2025-03-20 01:53:49,686 [WARN] PackLoader:240 - Cannot read IP mode file for STMicroelectronics.X-CUBE-AZRTOS-WB.2.0.0
2025-03-20 01:53:49,686 [WARN] ConditionMgr:1044 - genDependencies : Invalid condition id : UX DEVICE CLASS RTOS Condition cause : null
2025-03-20 01:53:49,687 [WARN] ConditionMgr:1044 - genDependencies : Invalid condition id : UX DEVICE CLASS RTOS Condition cause : null
2025-03-20 01:53:49,687 [WARN] ConditionMgr:1044 - genDependencies : Invalid condition id : UX DEVICE CLASS RTOS Condition cause : null
2025-03-20 01:53:49,688 [WARN] ConditionMgr:1044 - genDependencies : Invalid condition id : UX DEVICE CLASS RTOS Condition cause : null
2025-03-20 01:53:49,688 [WARN] ConditionMgr:1044 - genDependencies : Invalid condition id : UX DEVICE CLASS RTOS Condition cause : null
2025-03-20 01:53:49,712 [WARN] PackLoader:240 - Cannot read IP mode file for STMicroelectronics.X-CUBE-GNSS1.7.0.1
2025-03-20 01:53:49,733 [WARN] PackLoader:240 - Cannot read IP mode file for STMicroelectronics.X-CUBE-TOUCHGFX.4.25.0
2025-03-20 01:53:49,772 [WARN] PackLoader:240 - Cannot read IP mode file for STMicroelectronics.FP-SNS-STBOX1.2.0.0
2025-03-20 01:53:49,804 [WARN] PackLoader:240 - Cannot read IP mode file for STMicroelectronics.X-CUBE-SUBG2.5.0.0
2025-03-20 01:53:49,832 [WARN] PackLoader:240 - Cannot read IP mode file for STMicroelectronics.X-CUBE-AZRTOS-H7RS.1.1.0
2025-03-20 01:53:49,842 [WARN] PackLoader:240 - Cannot read IP mode file for Cesanta.I-CUBE-Mongoose.7.13.0
2025-03-20 01:53:49,880 [WARN] PackLoader:240 - Cannot read IP mode file for STMicroelectronics.X-CUBE-AZRTOS-G4.2.0.0
2025-03-20 01:53:49,914 [WARN] PackLoader:240 - Cannot read IP mode file for STMicroelectronics.X-CUBE-IPS.3.1.0
2025-03-20 01:53:49,958 [WARN] PackLoader:240 - Cannot read IP mode file for STMicroelectronics.X-CUBE-ALS.1.0.2
2025-03-20 01:53:49,980 [WARN] PackLoader:240 - Cannot read IP mode file for STMicroelectronics.X-CUBE-TOUCHGFX.4.24.2
2025-03-20 01:53:49,986 [WARN] PackLoader:240 - Cannot read IP mode file for wolfSSL.I-CUBE-wolfTPM.3.4.0
2025-03-20 01:53:50,010 [WARN] PackLoader:240 - Cannot read IP mode file for portGmbH.I-Cube-SoM-uGOAL.1.1.0
2025-03-20 01:53:50,057 [WARN] PackLoader:240 - Cannot read IP mode file for STMicroelectronics.X-CUBE-AZRTOS-H7RS.1.0.0
2025-03-20 01:53:50,094 [WARN] PackLoader:240 - Cannot read IP mode file for STMicroelectronics.X-CUBE-TOF1.3.4.2
2025-03-20 01:53:50,113 [WARN] PackLoader:240 - Cannot read IP mode file for wolfSSL.I-CUBE-wolfSSH.1.4.17
2025-03-20 01:53:50,114 [INFO] ThirdParty:978 - Integrity check success = true
2025-03-20 01:53:50,114 [INFO] IntegrityCheckThread:100 - exiting critical section [integrity check]
2025-03-20 01:53:50,114 [INFO] IntegrityCheckThread:103 - End integrity checks thread
2025-03-20 02:25:12,193 [INFO] WebApp:190 - Connection lost
2025-03-20 02:25:12,756 [INFO] WebApp:187 - Connection restablished
2025-03-20 02:37:56,528 [ERROR] LogOutputStream:75 - [STDERR_REDIRECT] 
2025-03-20 02:37:56,530 [ERROR] LogOutputStream:75 - [STDERR_REDIRECT] 
2025-03-20 23:56:36,698 [INFO] Activator:176 - 


2025-03-20 23:56:36,700 [INFO] Activator:177 - !SESSION log4j initialized
2025-03-20 23:56:50,223 [INFO] LogOutputStream:77 - [STDOUT_REDIRECT] 
2025-03-20 23:56:58,240 [INFO] ApplicationProperties:184 - Using Application install path: C:\ST\STM32CubeIDE_1.17.0\STM32CubeIDE\plugins\com.st.stm32cube.common.mx_6.13.0.202411220809
2025-03-20 23:56:58,263 [INFO] DbMcusXml:78 - Set database path to: C:\ST\STM32CubeIDE_1.17.0\STM32CubeIDE\plugins\com.st.stm32cube.common.mx_6.13.0.202411220809\\db\/mcu/
2025-03-20 23:56:58,264 [INFO] ApiDb:274 - Set plugin database path to: C:\ST\STM32CubeIDE_1.17.0\STM32CubeIDE\plugins\com.st.stm32cube.common.mx_6.13.0.202411220809\\db\/plugins/boardmanager/
2025-03-20 23:56:58,265 [WARN] ApiDb:259 - Overriding images path with different value:  => C:\ST\STM32CubeIDE_1.17.0\STM32CubeIDE\plugins\com.st.stm32cube.common.mx_6.13.0.202411220809\\db\/plugins/mcufinder/images/
2025-03-20 23:56:58,275 [INFO] ApiDb:250 - Set database path to: C:\Users\User\.stmcufinder\plugins\mcufinder//mcu/
2025-03-20 23:56:58,276 [INFO] DbMcusAds:125 - Set database path to: C:\Users\User\.stmcufinder\plugins\mcufinder//mcu/
2025-03-20 23:56:58,281 [INFO] CrossReferenceDbSqlite:203 - Set database path to: C:\Users\User\.stmcufinder\plugins\mcufinder//mcu/cs/
2025-03-20 23:56:58,493 [INFO] RulesReader:64 - Compatibility file has been processed (297 Rules)
2025-03-20 23:56:58,671 [INFO] DbMcusXml:78 - Set database path to: C:\ST\STM32CubeIDE_1.17.0\STM32CubeIDE\plugins\com.st.stm32cube.common.mx_6.13.0.202411220809\\db\/mcu/
2025-03-20 23:56:58,671 [INFO] ApiDb:274 - Set plugin database path to: C:\ST\STM32CubeIDE_1.17.0\STM32CubeIDE\plugins\com.st.stm32cube.common.mx_6.13.0.202411220809\\db\/plugins/boardmanager/
2025-03-20 23:56:58,672 [INFO] ApiDb:261 - Set plugin images path to: C:\ST\STM32CubeIDE_1.17.0\STM32CubeIDE\plugins\com.st.stm32cube.common.mx_6.13.0.202411220809\\db\/plugins/mcufinder/images/
2025-03-20 23:56:58,672 [WARN] DbFile:41 - Overriding database path with different value: C:\Users\User\.stmcufinder\plugins\mcufinder/ => C:\Users\User\.stmcufinder\plugins\mcufinder
2025-03-20 23:56:58,672 [INFO] ApiDb:250 - Set database path to: C:\Users\User\.stmcufinder\plugins\mcufinder//mcu/
2025-03-20 23:56:58,672 [WARN] DbFile:41 - Overriding database path with different value: C:\Users\User\.stmcufinder\plugins\mcufinder/ => C:\Users\User\.stmcufinder\plugins\mcufinder
2025-03-20 23:56:58,672 [INFO] DbMcusAds:125 - Set database path to: C:\Users\User\.stmcufinder\plugins\mcufinder//mcu/
2025-03-20 23:56:58,672 [WARN] DbFile:41 - Overriding database path with different value: C:\Users\User\.stmcufinder\plugins\mcufinder/ => C:\Users\User\.stmcufinder\plugins\mcufinder
2025-03-20 23:56:58,672 [WARN] DbFile:41 - Overriding database path with different value: C:\Users\User\.stmcufinder\plugins\mcufinder/ => C:\Users\User\.stmcufinder\plugins\mcufinder
2025-03-20 23:56:58,673 [INFO] CrossReferenceDbSqlite:203 - Set database path to: C:\Users\User\.stmcufinder\plugins\mcufinder//mcu/cs/
2025-03-20 23:56:58,813 [INFO] MainPanel:272 - HeapMemory: 268435456
2025-03-20 23:56:58,997 [INFO] DbMcusXml:78 - Set database path to: C:\ST\STM32CubeIDE_1.17.0\STM32CubeIDE\plugins\com.st.stm32cube.common.mx_6.13.0.202411220809\\db\/mcu/
2025-03-20 23:56:58,997 [INFO] ApiDb:274 - Set plugin database path to: C:\ST\STM32CubeIDE_1.17.0\STM32CubeIDE\plugins\com.st.stm32cube.common.mx_6.13.0.202411220809\\db\/plugins/boardmanager/
2025-03-20 23:56:58,998 [INFO] ApiDb:261 - Set plugin images path to: C:\ST\STM32CubeIDE_1.17.0\STM32CubeIDE\plugins\com.st.stm32cube.common.mx_6.13.0.202411220809\\db\/plugins/mcufinder/images/
2025-03-20 23:56:58,998 [WARN] DbFile:41 - Overriding database path with different value: C:\Users\User\.stmcufinder\plugins\mcufinder/ => C:\Users\User\.stmcufinder\plugins\mcufinder
2025-03-20 23:56:58,998 [INFO] ApiDb:250 - Set database path to: C:\Users\User\.stmcufinder\plugins\mcufinder//mcu/
2025-03-20 23:56:58,999 [WARN] DbFile:41 - Overriding database path with different value: C:\Users\User\.stmcufinder\plugins\mcufinder/ => C:\Users\User\.stmcufinder\plugins\mcufinder
2025-03-20 23:56:58,999 [INFO] DbMcusAds:125 - Set database path to: C:\Users\User\.stmcufinder\plugins\mcufinder//mcu/
2025-03-20 23:56:58,999 [WARN] DbFile:41 - Overriding database path with different value: C:\Users\User\.stmcufinder\plugins\mcufinder/ => C:\Users\User\.stmcufinder\plugins\mcufinder
2025-03-20 23:56:58,999 [WARN] DbFile:41 - Overriding database path with different value: C:\Users\User\.stmcufinder\plugins\mcufinder/ => C:\Users\User\.stmcufinder\plugins\mcufinder
2025-03-20 23:56:58,999 [INFO] CrossReferenceDbSqlite:203 - Set database path to: C:\Users\User\.stmcufinder\plugins\mcufinder//mcu/cs/
2025-03-20 23:56:59,026 [INFO] ApplicationProperties:184 - Using Application install path: C:\ST\STM32CubeIDE_1.17.0\STM32CubeIDE\plugins\com.st.stm32cube.common.mx_6.13.0.202411220809
2025-03-20 23:56:59,027 [INFO] PluginManage:196 - Search for loadable plugins [exclusion list=, ]
2025-03-20 23:56:59,030 [INFO] PluginManage:310 - Check plugin analytics
2025-03-20 23:57:03,837 [INFO] AnalyticsPlugin:253 - Accepted Software Licenses: 
2025-03-20 23:57:03,837 [INFO] AnalyticsPlugin:255 - Accepted CMSIS Pack Licenses: 
2025-03-20 23:57:03,838 [INFO] AnalyticsPlugin:257 - Accepted Firmware Licenses: FW.F4.1.28.0
2025-03-20 23:57:03,842 [INFO] PluginManage:359 - Loaded plugin analytics (category:tool,tabindex:-1)
2025-03-20 23:57:03,843 [INFO] PluginManage:310 - Check plugin cadmodel
2025-03-20 23:57:03,887 [INFO] CADModel:105 - Init CAD model plugin
2025-03-20 23:57:03,888 [INFO] PluginManage:359 - Loaded plugin cadmodel (category:power,tabindex:5)
2025-03-20 23:57:03,888 [INFO] PluginManage:310 - Check plugin clock
2025-03-20 23:57:03,918 [INFO] PluginManage:359 - Loaded plugin clock (category:base,tabindex:2)
2025-03-20 23:57:03,918 [INFO] PluginManage:310 - Check plugin ddr
2025-03-20 23:57:03,922 [INFO] PluginManage:359 - Loaded plugin ddr (category:tool,tabindex:6)
2025-03-20 23:57:03,922 [INFO] PluginManage:310 - Check plugin filemanager
2025-03-20 23:57:04,147 [INFO] PluginManage:359 - Loaded plugin filemanager (category:base,tabindex:10)
2025-03-20 23:57:04,147 [INFO] PluginManage:310 - Check plugin ipmanager
2025-03-20 23:57:04,158 [INFO] PluginManage:359 - Loaded plugin ipmanager (category:base,tabindex:5)
2025-03-20 23:57:04,158 [INFO] PluginManage:310 - Check plugin lpbam
2025-03-20 23:57:04,192 [INFO] PluginManage:359 - Loaded plugin lpbam (category:base,tabindex:0)
2025-03-20 23:57:04,192 [INFO] PluginManage:310 - Check plugin memorymap
2025-03-20 23:57:04,257 [INFO] PluginManage:359 - Loaded plugin memorymap (category:base,tabindex:4)
2025-03-20 23:57:04,257 [INFO] PluginManage:310 - Check plugin pinoutandconfiguration
2025-03-20 23:57:04,295 [INFO] PluginManage:359 - Loaded plugin pinoutandconfiguration (category:base,tabindex:1)
2025-03-20 23:57:04,296 [INFO] PluginManage:310 - Check plugin pinoutconfig
2025-03-20 23:57:04,551 [WARN] SupportedApi:132 - Cannot load RTOS API schema: s4s-elt-must-match.1: The content of 'definitions' must match (annotation?, (simpleType | complexType)?, (unique | key | keyref)*)). A problem was found starting at: attribute.
2025-03-20 23:57:04,891 [INFO] PluginManage:359 - Loaded plugin pinoutconfig (category:base,tabindex:0)
2025-03-20 23:57:04,891 [INFO] PluginManage:310 - Check plugin power
2025-03-20 23:57:04,927 [INFO] PluginManage:359 - Loaded plugin power (category:power,tabindex:4)
2025-03-20 23:57:04,927 [INFO] PluginManage:310 - Check plugin projectmanager
2025-03-20 23:57:04,967 [INFO] PluginManage:359 - Loaded plugin projectmanager (category:projectmanager,tabindex:4)
2025-03-20 23:57:04,968 [INFO] PluginManage:310 - Check plugin rif
2025-03-20 23:57:05,002 [INFO] PluginManage:359 - Loaded plugin rif (category:base,tabindex:3)
2025-03-20 23:57:05,002 [INFO] PluginManage:310 - Check plugin thirdparty
2025-03-20 23:57:05,484 [WARN] IntegrityCheckThread:84 - waiting for thirdparty lock release [integrity check]
2025-03-20 23:57:05,484 [INFO] PluginManage:359 - Loaded plugin thirdparty (category:base,tabindex:-1)
2025-03-20 23:57:05,484 [INFO] IntegrityCheckThread:86 - entering critical section [integrity check]
2025-03-20 23:57:05,484 [INFO] PluginManage:310 - Check plugin tools
2025-03-20 23:57:05,485 [INFO] ThirdPartyUpdaterWithRetryManager:70 - Updater plugin not ready yet. [1/15]
2025-03-20 23:57:05,542 [INFO] PluginManage:359 - Loaded plugin tools (category:base,tabindex:7)
2025-03-20 23:57:05,542 [INFO] PluginManage:310 - Check plugin tutovideos
2025-03-20 23:57:05,818 [INFO] PluginManage:359 - Loaded plugin tutovideos (category:base,tabindex:-1)
2025-03-20 23:57:05,819 [INFO] PluginManage:310 - Check plugin updater
2025-03-20 23:57:05,857 [INFO] PluginManage:359 - Loaded plugin updater (category:base,tabindex:12)
2025-03-20 23:57:05,857 [INFO] PluginManage:310 - Check plugin userauth
2025-03-20 23:57:05,863 [INFO] UserAuth:118 - Init User Auth plugin
2025-03-20 23:57:05,865 [INFO] PluginManage:359 - Loaded plugin userauth (category:base,tabindex:14)
2025-03-20 23:57:05,865 [INFO] PluginManage:283 - PluginManage : Loaded plugins [18]
2025-03-20 23:57:06,209 [INFO] PinOutPanel:1589 - setPackage(No Configuration,No Configuration)
2025-03-20 23:57:06,349 [INFO] CADModel:165 - CPN selected for project level
2025-03-20 23:57:06,350 [INFO] CADModel:114 - Register for checkConnection events
2025-03-20 23:57:06,395 [INFO] IPUIPlugin:80 - create IPUIPlugin
2025-03-20 23:57:06,395 [INFO] PluginManager:220 - loadIPPluginJar : add adc
2025-03-20 23:57:06,465 [INFO] IPUIPlugin:80 - create IPUIPlugin
2025-03-20 23:57:06,465 [INFO] PluginManager:220 - loadIPPluginJar : add aes
2025-03-20 23:57:06,544 [INFO] IPUIPlugin:80 - create IPUIPlugin
2025-03-20 23:57:06,545 [INFO] PluginManager:220 - loadIPPluginJar : add can
2025-03-20 23:57:06,595 [INFO] IPUIPlugin:80 - create IPUIPlugin
2025-03-20 23:57:06,595 [INFO] PluginManager:220 - loadIPPluginJar : add comp
2025-03-20 23:57:06,662 [INFO] IPUIPlugin:80 - create IPUIPlugin
2025-03-20 23:57:06,662 [INFO] PluginManager:220 - loadIPPluginJar : add cryp
2025-03-20 23:57:06,682 [INFO] IPUIPlugin:80 - create IPUIPlugin
2025-03-20 23:57:06,682 [INFO] PluginManager:220 - loadIPPluginJar : add ddr_ctrl_phy
2025-03-20 23:57:06,741 [INFO] IPUIPlugin:80 - create IPUIPlugin
2025-03-20 23:57:06,741 [INFO] PluginManager:220 - loadIPPluginJar : add dfsdm
2025-03-20 23:57:06,766 [INFO] IPUIPlugin:80 - create IPUIPlugin
2025-03-20 23:57:06,766 [INFO] PluginManager:220 - loadIPPluginJar : add dma
2025-03-20 23:57:06,831 [INFO] IPUIPlugin:80 - create IPUIPlugin
2025-03-20 23:57:06,831 [INFO] PluginManager:220 - loadIPPluginJar : add dma3
2025-03-20 23:57:06,902 [INFO] IPUIPlugin:80 - create IPUIPlugin
2025-03-20 23:57:06,902 [INFO] PluginManager:220 - loadIPPluginJar : add extmemmanager
2025-03-20 23:57:06,941 [INFO] IPUIPlugin:80 - create IPUIPlugin
2025-03-20 23:57:06,941 [INFO] PluginManager:220 - loadIPPluginJar : add fatfs
2025-03-20 23:57:07,016 [INFO] IPUIPlugin:80 - create IPUIPlugin
2025-03-20 23:57:07,016 [INFO] PluginManager:220 - loadIPPluginJar : add fmc
2025-03-20 23:57:07,043 [INFO] IPUIPlugin:80 - create IPUIPlugin
2025-03-20 23:57:07,044 [INFO] PluginManager:220 - loadIPPluginJar : add freertos
2025-03-20 23:57:07,078 [INFO] IPUIPlugin:80 - create IPUIPlugin
2025-03-20 23:57:07,078 [INFO] PluginManager:220 - loadIPPluginJar : add genericplugin
2025-03-20 23:57:07,237 [INFO] IPUIPlugin:80 - create IPUIPlugin
2025-03-20 23:57:07,237 [INFO] PluginManager:220 - loadIPPluginJar : add gfxmmu
2025-03-20 23:57:07,464 [INFO] IPUIPlugin:80 - create IPUIPlugin
2025-03-20 23:57:07,465 [INFO] PluginManager:220 - loadIPPluginJar : add gic
2025-03-20 23:57:07,485 [INFO] IPUIPlugin:80 - create IPUIPlugin
2025-03-20 23:57:07,485 [INFO] PluginManager:220 - loadIPPluginJar : add gpio
2025-03-20 23:57:07,627 [INFO] IPUIPlugin:80 - create IPUIPlugin
2025-03-20 23:57:07,628 [INFO] PluginManager:220 - loadIPPluginJar : add gtzc
2025-03-20 23:57:07,695 [INFO] IPUIPlugin:80 - create IPUIPlugin
2025-03-20 23:57:07,695 [INFO] PluginManager:220 - loadIPPluginJar : add hash
2025-03-20 23:57:07,788 [INFO] IPUIPlugin:80 - create IPUIPlugin
2025-03-20 23:57:07,788 [INFO] PluginManager:220 - loadIPPluginJar : add i2c
2025-03-20 23:57:07,856 [INFO] IPUIPlugin:80 - create IPUIPlugin
2025-03-20 23:57:07,856 [INFO] PluginManager:220 - loadIPPluginJar : add i2s
2025-03-20 23:57:07,921 [INFO] IPUIPlugin:80 - create IPUIPlugin
2025-03-20 23:57:07,921 [INFO] PluginManager:220 - loadIPPluginJar : add i3c
2025-03-20 23:57:08,100 [INFO] IPUIPlugin:80 - create IPUIPlugin
2025-03-20 23:57:08,101 [INFO] PluginManager:220 - loadIPPluginJar : add ipddr
2025-03-20 23:57:08,264 [INFO] IPUIPlugin:80 - create IPUIPlugin
2025-03-20 23:57:08,264 [INFO] PluginManager:220 - loadIPPluginJar : add linkedlist
2025-03-20 23:57:08,332 [INFO] IPUIPlugin:80 - create IPUIPlugin
2025-03-20 23:57:08,332 [INFO] PluginManager:220 - loadIPPluginJar : add lorawan
2025-03-20 23:57:08,398 [INFO] IPUIPlugin:80 - create IPUIPlugin
2025-03-20 23:57:08,398 [INFO] PluginManager:220 - loadIPPluginJar : add ltdc
2025-03-20 23:57:08,423 [INFO] IPUIPlugin:80 - create IPUIPlugin
2025-03-20 23:57:08,423 [INFO] PluginManager:220 - loadIPPluginJar : add mdma
2025-03-20 23:57:08,445 [INFO] IPUIPlugin:80 - create IPUIPlugin
2025-03-20 23:57:08,446 [INFO] PluginManager:220 - loadIPPluginJar : add nvic
2025-03-20 23:57:08,487 [INFO] ThirdPartyUpdaterWithRetryManager:70 - Updater plugin not ready yet. [2/15]
2025-03-20 23:57:08,508 [INFO] IPUIPlugin:80 - create IPUIPlugin
2025-03-20 23:57:08,508 [INFO] PluginManager:220 - loadIPPluginJar : add opamp
2025-03-20 23:57:08,619 [INFO] IPUIPlugin:80 - create IPUIPlugin
2025-03-20 23:57:08,620 [INFO] PluginManager:220 - loadIPPluginJar : add openamp
2025-03-20 23:57:08,701 [INFO] IPUIPlugin:80 - create IPUIPlugin
2025-03-20 23:57:08,701 [INFO] PluginManager:220 - loadIPPluginJar : add pdm2pcm
2025-03-20 23:57:08,729 [INFO] IPUIPlugin:80 - create IPUIPlugin
2025-03-20 23:57:08,733 [INFO] PluginManager:220 - loadIPPluginJar : add plateformsettings
2025-03-20 23:57:08,784 [INFO] IPUIPlugin:80 - create IPUIPlugin
2025-03-20 23:57:08,784 [INFO] PluginManager:220 - loadIPPluginJar : add quadspi
2025-03-20 23:57:08,844 [INFO] IPUIPlugin:80 - create IPUIPlugin
2025-03-20 23:57:08,846 [INFO] PluginManager:220 - loadIPPluginJar : add radio
2025-03-20 23:57:08,871 [INFO] IPUIPlugin:80 - create IPUIPlugin
2025-03-20 23:57:08,872 [INFO] PluginManager:220 - loadIPPluginJar : add resmgrutility
2025-03-20 23:57:08,965 [INFO] IPUIPlugin:80 - create IPUIPlugin
2025-03-20 23:57:08,965 [INFO] PluginManager:220 - loadIPPluginJar : add sai
2025-03-20 23:57:09,032 [INFO] IPUIPlugin:80 - create IPUIPlugin
2025-03-20 23:57:09,032 [INFO] PluginManager:220 - loadIPPluginJar : add spi
2025-03-20 23:57:09,145 [INFO] IPUIPlugin:80 - create IPUIPlugin
2025-03-20 23:57:09,145 [INFO] PluginManager:220 - loadIPPluginJar : add stm32_wpan
2025-03-20 23:57:09,186 [INFO] IPUIPlugin:80 - create IPUIPlugin
2025-03-20 23:57:09,186 [INFO] PluginManager:220 - loadIPPluginJar : add tim
2025-03-20 23:57:09,287 [INFO] IPUIPlugin:80 - create IPUIPlugin
2025-03-20 23:57:09,287 [INFO] PluginManager:220 - loadIPPluginJar : add touchsensing
2025-03-20 23:57:09,327 [INFO] IPUIPlugin:80 - create IPUIPlugin
2025-03-20 23:57:09,327 [INFO] PluginManager:220 - loadIPPluginJar : add tracer_emb
2025-03-20 23:57:09,364 [INFO] IPUIPlugin:80 - create IPUIPlugin
2025-03-20 23:57:09,364 [INFO] PluginManager:220 - loadIPPluginJar : add ts
2025-03-20 23:57:09,404 [INFO] IPUIPlugin:80 - create IPUIPlugin
2025-03-20 23:57:09,404 [INFO] PluginManager:220 - loadIPPluginJar : add tsc
2025-03-20 23:57:09,440 [INFO] IPUIPlugin:80 - create IPUIPlugin
2025-03-20 23:57:09,440 [INFO] PluginManager:220 - loadIPPluginJar : add ucpd
2025-03-20 23:57:09,513 [INFO] IPUIPlugin:80 - create IPUIPlugin
2025-03-20 23:57:09,513 [INFO] PluginManager:220 - loadIPPluginJar : add usart
2025-03-20 23:57:09,586 [INFO] IPUIPlugin:80 - create IPUIPlugin
2025-03-20 23:57:09,586 [INFO] PluginManager:220 - loadIPPluginJar : add usbx
2025-03-20 23:57:09,751 [FATAL] Updater:351 - Updater called before beeing initialized
2025-03-20 23:57:09,802 [INFO] RulesReader:64 - Compatibility file has been processed (297 Rules)
2025-03-20 23:57:09,823 [INFO] RulesReader:64 - Compatibility file has been processed (297 Rules)
2025-03-20 23:57:09,835 [INFO] CADModel:165 - CPN selected for project level
2025-03-20 23:57:09,835 [INFO] CADModel:114 - Register for checkConnection events
2025-03-20 23:57:09,835 [FATAL] Updater:351 - Updater called before beeing initialized
2025-03-20 23:57:09,835 [ERROR] CADModel:125 - Updater not yet initialized, retry later 
2025-03-20 23:57:10,043 [FATAL] Updater:351 - Updater called before beeing initialized
2025-03-20 23:57:10,045 [INFO] CADModel:165 - CPN selected for project level
2025-03-20 23:57:10,046 [INFO] CADModel:114 - Register for checkConnection events
2025-03-20 23:57:10,046 [FATAL] Updater:351 - Updater called before beeing initialized
2025-03-20 23:57:10,046 [ERROR] CADModel:125 - Updater not yet initialized, retry later 
2025-03-20 23:57:10,050 [FATAL] Updater:351 - Updater called before beeing initialized
2025-03-20 23:57:10,304 [FATAL] Updater:351 - Updater called before beeing initialized
2025-03-20 23:57:10,318 [INFO] DbMcusAds:53 - JSON generation date=Thu Mar 06 15:54:21 CET 2025 (1741272861825)
2025-03-20 23:57:10,318 [FATAL] Updater:351 - Updater called before beeing initialized
2025-03-20 23:57:10,377 [WARN] DetailPanel:346 - Failed to get advertising image, set to default
2025-03-20 23:57:10,703 [FATAL] Updater:351 - Updater called before beeing initialized
2025-03-20 23:57:10,705 [FATAL] Updater:351 - Updater called before beeing initialized
2025-03-20 23:57:10,705 [FATAL] Updater:351 - Updater called before beeing initialized
2025-03-20 23:57:10,706 [WARN] DetailPanel:346 - Failed to get advertising image, set to default
2025-03-20 23:57:10,707 [FATAL] Updater:351 - Updater called before beeing initialized
2025-03-20 23:57:10,805 [ERROR] Updater:1198 - MainUpdater not yet initialized. External WinMGr cannot be set.
2025-03-20 23:57:10,821 [INFO] Updater:1134 - Updater Version found : 6.13.0
2025-03-20 23:57:10,854 [INFO] ApplicationProperties:184 - Using Application install path: C:\ST\STM32CubeIDE_1.17.0\STM32CubeIDE\plugins\com.st.stm32cube.common.mx_6.13.0.202411220809
2025-03-20 23:57:11,487 [INFO] ThirdPartyUpdaterWithRetryManager:70 - Updater plugin not ready yet. [3/15]
2025-03-20 23:57:12,452 [ERROR] LogOutputStream:75 - [STDERR_REDIRECT] Mar 20, 2025 11:57:12 PM java.util.prefs.WindowsPreferences <init>
2025-03-20 23:57:12,454 [ERROR] LogOutputStream:75 - [STDERR_REDIRECT] WARNING: Could not open/create prefs root node Software\JavaSoft\Prefs at root 0xffffffff80000002. Windows RegCreateKeyEx(...) returned error code 5.
2025-03-20 23:57:12,454 [ERROR] LogOutputStream:75 - [STDERR_REDIRECT] 
2025-03-20 23:57:13,046 [INFO] MainUpdater:2872 - connection check result : 10
2025-03-20 23:57:13,047 [INFO] MainUpdater:289 - Updater Check For Update Now.
2025-03-20 23:57:13,048 [INFO] MicroXplorer:498 - Change Database Version : DB.6.0.130
2025-03-20 23:57:13,079 [INFO] McuFinderGlobals:63 - Set McuFinder mode to 2 (CubeIDE integrated)
2025-03-20 23:57:13,099 [INFO] UserAuth:486 - Internet connection configuration mode: 1
2025-03-20 23:57:13,211 [INFO] JxBrowserEngine:152 - Initiate JxBrowser Engine with user profile folder
2025-03-20 23:57:13,687 [INFO] CheckServerUpdateThread:120 - End of CheckServer Thread
2025-03-20 23:57:15,999 [WARN] PackLoader:240 - Cannot read IP mode file for STMicroelectronics.FP-SNS-MOTENVWB1.1.4.0
2025-03-20 23:57:16,029 [WARN] PackLoader:240 - Cannot read IP mode file for STMicroelectronics.FP-ATR-ASTRA1.2.0.2
2025-03-20 23:57:16,068 [WARN] PackLoader:240 - Cannot read IP mode file for STMicroelectronics.FP-ATR-ASTRA1.2.0.1
2025-03-20 23:57:16,084 [INFO] WebApp:168 - Instantiating new browser for Auth
2025-03-20 23:57:16,210 [WARN] PackLoader:240 - Cannot read IP mode file for STMicroelectronics.X-CUBE-SMBUS.2.1.0
2025-03-20 23:57:16,305 [WARN] PackLoader:240 - Cannot read IP mode file for STMicroelectronics.X-CUBE-WB05N.1.1.0
2025-03-20 23:57:16,516 [WARN] PackLoader:240 - Cannot read IP mode file for STMicroelectronics.X-CUBE-AZRTOS-F7.1.1.0
2025-03-20 23:57:16,619 [WARN] PackLoader:240 - Cannot read IP mode file for STMicroelectronics.FP-SNS-FLIGHT1.5.0.2
2025-03-20 23:57:16,821 [WARN] PackLoader:240 - Cannot read IP mode file for Infineon.AIROC-Wi-Fi-Bluetooth-STM32.1.7.0
2025-03-20 23:57:16,872 [WARN] PackLoader:240 - Cannot read IP mode file for STMicroelectronics.X-CUBE-DISPLAY.3.0.0
2025-03-20 23:57:16,920 [WARN] PackLoader:240 - Cannot read IP mode file for STMicroelectronics.X-CUBE-BLE1.7.0.0
2025-03-20 23:57:16,956 [WARN] PackLoader:240 - Cannot read IP mode file for STMicroelectronics.X-CUBE-NFC10.1.0.0
2025-03-20 23:57:16,997 [WARN] PackLoader:240 - Cannot read IP mode file for STMicroelectronics.X-CUBE-BLEMGR.4.0.0
2025-03-20 23:57:17,055 [WARN] PackLoader:240 - Cannot read IP mode file for emotas.I-CUBE-CANOPEN.1.3.0
2025-03-20 23:57:17,081 [WARN] PackLoader:240 - Cannot read IP mode file for STMicroelectronics.X-CUBE-AI.10.0.0
2025-03-20 23:57:17,136 [WARN] PackLoader:240 - Cannot read IP mode file for STMicroelectronics.FP-SNS-SMARTAG2.1.2.0
2025-03-20 23:57:17,169 [WARN] PackLoader:240 - Cannot read IP mode file for STMicroelectronics.FP-SNS-FLIGHT1.5.1.0
2025-03-20 23:57:17,511 [WARN] PackLoader:240 - Cannot read IP mode file for STMicroelectronics.X-CUBE-MEMS1.11.1.0
2025-03-20 23:57:17,942 [INFO] LogOutputStream:77 - [STDOUT_REDIRECT] 1 : Invalid condition id : UX_CORESTACK_Condition cause : null
2025-03-20 23:57:17,944 [INFO] LogOutputStream:77 - [STDOUT_REDIRECT] 1 : Invalid condition id : UX_CORESTACK_Condition cause : null
2025-03-20 23:57:17,946 [INFO] LogOutputStream:77 - [STDOUT_REDIRECT] 1 : Invalid condition id : UX_CORESTACK_Condition cause : null
2025-03-20 23:57:17,948 [INFO] LogOutputStream:77 - [STDOUT_REDIRECT] 1 : Invalid condition id : UX_CORESTACK_Condition cause : null
2025-03-20 23:57:17,950 [INFO] LogOutputStream:77 - [STDOUT_REDIRECT] 1 : Invalid condition id : UX_CORESTACK_Condition cause : null
2025-03-20 23:57:17,957 [WARN] PackLoader:240 - Cannot read IP mode file for STMicroelectronics.X-CUBE-AZRTOS-WL.2.0.0
2025-03-20 23:57:17,987 [WARN] PackLoader:240 - Cannot read IP mode file for STMicroelectronics.FP-SNS-MOTENV1.5.0.0
2025-03-20 23:57:18,013 [WARN] PackLoader:240 - Cannot read IP mode file for wolfSSL.I-CUBE-wolfMQTT.1.19.0
2025-03-20 23:57:18,041 [WARN] PackLoader:240 - Cannot read IP mode file for WES.I-CUBE-Cesium.1.3.0
2025-03-20 23:57:18,067 [WARN] PackLoader:240 - Cannot read IP mode file for STMicroelectronics.X-CUBE-BLE2.3.3.0
2025-03-20 23:57:18,096 [WARN] PackLoader:240 - Cannot read IP mode file for STMicroelectronics.X-CUBE-NFC9.1.0.0
2025-03-20 23:57:18,120 [WARN] PackLoader:240 - Cannot read IP mode file for STMicroelectronics.X-CUBE-BLE1.7.1.0
2025-03-20 23:57:18,312 [WARN] PackLoader:240 - Cannot read IP mode file for STMicroelectronics.X-CUBE-AZRTOS-G0.1.1.0
2025-03-20 23:57:18,403 [WARN] PackLoader:240 - Cannot read IP mode file for STMicroelectronics.X-CUBE-SAFEA1.1.2.2
2025-03-20 23:57:18,475 [WARN] PackLoader:240 - Cannot read IP mode file for STMicroelectronics.X-CUBE-NFC4.3.0.0
2025-03-20 23:57:18,547 [WARN] PackLoader:240 - Cannot read IP mode file for EmbeddedOffice.I-CUBE-FS-RTOS.1.0.1
2025-03-20 23:57:18,592 [WARN] PackLoader:240 - Cannot read IP mode file for STMicroelectronics.X-CUBE-TCPP.4.2.0
2025-03-20 23:57:18,625 [WARN] PackLoader:240 - Cannot read IP mode file for RealThread.X-CUBE-RT-Thread_Nano.4.1.1
2025-03-20 23:57:18,631 [INFO] WebApp:449 - Apply proxy settings
2025-03-20 23:57:18,631 [INFO] WebApp:534 - Chromium requires no authentication
2025-03-20 23:57:18,648 [INFO] WebApp:477 - Direct internet connection detected
2025-03-20 23:57:18,663 [WARN] PackLoader:240 - Cannot read IP mode file for STMicroelectronics.FP-ATR-SIGFOX1.3.2.0
2025-03-20 23:57:18,684 [WARN] ConditionMgr:438 - getConditionDescription Invalid condition id : Cortex-A Device cause : null
2025-03-20 23:57:18,704 [INFO] WebApp:880 - Register for checkConnection events
2025-03-20 23:57:18,705 [INFO] WebApp:449 - Apply proxy settings
2025-03-20 23:57:18,705 [INFO] WebApp:534 - Chromium requires no authentication
2025-03-20 23:57:18,711 [INFO] WebApp:477 - Direct internet connection detected
2025-03-20 23:57:18,740 [WARN] ConditionMgr:1044 - genDependencies : Invalid condition id : Cortex-A Device cause : null
2025-03-20 23:57:18,741 [WARN] ConditionMgr:1044 - genDependencies : Invalid condition id : Cortex-A Device cause : null
2025-03-20 23:57:18,741 [WARN] ConditionMgr:1044 - genDependencies : Invalid condition id : Cortex-A Device cause : null
2025-03-20 23:57:18,780 [WARN] PackLoader:240 - Cannot read IP mode file for STMicroelectronics.X-CUBE-EEPRMA1.5.1.0
2025-03-20 23:57:18,806 [WARN] PackLoader:240 - Cannot read IP mode file for wolfSSL.I-CUBE-wolfSSL.5.7.4
2025-03-20 23:57:18,834 [WARN] PackLoader:240 - Cannot read IP mode file for ITTIA_DB.I-CUBE-ITTIADB.8.9.0
2025-03-20 23:57:18,897 [WARN] PackLoader:240 - Cannot read IP mode file for SEGGER.I-CUBE-embOS.1.3.1
2025-03-20 23:57:19,080 [WARN] PackLoader:240 - Cannot read IP mode file for STMicroelectronics.X-CUBE-ALGOBUILD.1.4.0
2025-03-20 23:57:19,105 [WARN] PackLoader:240 - Cannot read IP mode file for STMicroelectronics.X-CUBE-AI.9.1.0
2025-03-20 23:57:19,351 [WARN] PackLoader:240 - Cannot read IP mode file for STMicroelectronics.X-CUBE-AZRTOS-F4.1.1.0
2025-03-20 23:57:19,356 [INFO] WebApp:221 - Starting web application
2025-03-20 23:57:19,356 [INFO] WebApp:579 - Web application path used C:\ST\STM32CubeIDE_1.17.0\STM32CubeIDE\plugins\com.st.stm32cube.common.mx_6.13.0.202411220809\db\plugins\mcufinder\reactClient1\index.html
2025-03-20 23:57:19,393 [WARN] PackLoader:240 - Cannot read IP mode file for STMicroelectronics.X-CUBE-ISPU.2.1.0
2025-03-20 23:57:19,443 [INFO] WebApp:187 - Connection restablished
2025-03-20 23:57:19,567 [WARN] PackLoader:240 - Cannot read IP mode file for STMicroelectronics.X-CUBE-AZRTOS-L5.2.0.0
2025-03-20 23:57:19,709 [WARN] PackLoader:240 - Cannot read IP mode file for STMicroelectronics.X-CUBE-NFC6.3.1.0
2025-03-20 23:57:20,082 [WARN] PackLoader:240 - Cannot read IP mode file for STMicroelectronics.X-CUBE-DPower.1.2.0
2025-03-20 23:57:20,196 [WARN] PackLoader:240 - Cannot read IP mode file for STMicroelectronics.X-CUBE-FREERTOS.1.3.0
2025-03-20 23:57:20,226 [WARN] PackLoader:240 - Cannot read IP mode file for STMicroelectronics.X-CUBE-NFC7.1.0.1
2025-03-20 23:57:20,360 [WARN] ConditionMgr:438 - getConditionDescription Invalid condition id : LAN8742 Phy interface Condition cause : null
2025-03-20 23:57:20,361 [WARN] PackLoader:240 - Cannot read IP mode file for STMicroelectronics.X-CUBE-AZRTOS-L4.2.0.0
2025-03-20 23:57:20,364 [WARN] ConditionMgr:1044 - genDependencies : Invalid condition id : LAN8742 Phy interface Condition cause : null
2025-03-20 23:57:20,364 [WARN] ConditionMgr:1044 - genDependencies : Invalid condition id : LAN8742 Phy interface Condition cause : null
2025-03-20 23:57:20,365 [WARN] ConditionMgr:1044 - genDependencies : Invalid condition id : LAN8742 Phy interface Condition cause : null
2025-03-20 23:57:20,509 [WARN] PackLoader:240 - Cannot read IP mode file for STMicroelectronics.X-CUBE-SFXS2LP1.4.0.0
2025-03-20 23:57:20,601 [WARN] PackLoader:240 - Cannot read IP mode file for STMicroelectronics.X-CUBE-AZRTOS-H7.3.3.0
2025-03-20 23:57:20,886 [WARN] ConditionMgr:438 - getConditionDescription Invalid condition id : UX DEVICE CLASS RTOS Condition cause : null
2025-03-20 23:57:20,887 [WARN] ConditionMgr:438 - getConditionDescription Invalid condition id : UX DEVICE CLASS RTOS Condition cause : null
2025-03-20 23:57:20,894 [WARN] PackLoader:240 - Cannot read IP mode file for STMicroelectronics.X-CUBE-AZRTOS-WB.2.0.0
2025-03-20 23:57:20,895 [WARN] ConditionMgr:1044 - genDependencies : Invalid condition id : UX DEVICE CLASS RTOS Condition cause : null
2025-03-20 23:57:20,895 [WARN] ConditionMgr:1044 - genDependencies : Invalid condition id : UX DEVICE CLASS RTOS Condition cause : null
2025-03-20 23:57:20,895 [WARN] ConditionMgr:1044 - genDependencies : Invalid condition id : UX DEVICE CLASS RTOS Condition cause : null
2025-03-20 23:57:20,896 [WARN] ConditionMgr:1044 - genDependencies : Invalid condition id : UX DEVICE CLASS RTOS Condition cause : null
2025-03-20 23:57:20,896 [WARN] ConditionMgr:1044 - genDependencies : Invalid condition id : UX DEVICE CLASS RTOS Condition cause : null
2025-03-20 23:57:20,929 [WARN] PackLoader:240 - Cannot read IP mode file for STMicroelectronics.X-CUBE-GNSS1.7.0.1
2025-03-20 23:57:20,964 [WARN] PackLoader:240 - Cannot read IP mode file for STMicroelectronics.X-CUBE-TOUCHGFX.4.25.0
2025-03-20 23:57:20,999 [WARN] PackLoader:240 - Cannot read IP mode file for STMicroelectronics.FP-SNS-STBOX1.2.0.0
2025-03-20 23:57:21,086 [INFO] UserAuth:486 - Internet connection configuration mode: 1
2025-03-20 23:57:21,150 [WARN] PackLoader:240 - Cannot read IP mode file for STMicroelectronics.X-CUBE-SUBG2.5.0.0
2025-03-20 23:57:21,436 [WARN] PackLoader:240 - Cannot read IP mode file for STMicroelectronics.X-CUBE-AZRTOS-H7RS.1.1.0
2025-03-20 23:57:21,468 [WARN] PackLoader:240 - Cannot read IP mode file for Cesanta.I-CUBE-Mongoose.7.13.0
2025-03-20 23:57:21,795 [WARN] PackLoader:240 - Cannot read IP mode file for STMicroelectronics.X-CUBE-AZRTOS-G4.2.0.0
2025-03-20 23:57:21,877 [WARN] PackLoader:240 - Cannot read IP mode file for STMicroelectronics.X-CUBE-IPS.3.1.0
2025-03-20 23:57:21,927 [WARN] PackLoader:240 - Cannot read IP mode file for STMicroelectronics.X-CUBE-ALS.1.0.2
2025-03-20 23:57:21,966 [WARN] PackLoader:240 - Cannot read IP mode file for STMicroelectronics.X-CUBE-TOUCHGFX.4.24.2
2025-03-20 23:57:22,007 [WARN] PackLoader:240 - Cannot read IP mode file for wolfSSL.I-CUBE-wolfTPM.3.4.0
2025-03-20 23:57:22,450 [WARN] PackLoader:240 - Cannot read IP mode file for portGmbH.I-Cube-SoM-uGOAL.1.1.0
2025-03-20 23:57:22,573 [WARN] PackLoader:240 - Cannot read IP mode file for STMicroelectronics.X-CUBE-AZRTOS-H7RS.1.0.0
2025-03-20 23:57:22,641 [WARN] PackLoader:240 - Cannot read IP mode file for STMicroelectronics.X-CUBE-TOF1.3.4.2
2025-03-20 23:57:22,693 [WARN] PackLoader:240 - Cannot read IP mode file for wolfSSL.I-CUBE-wolfSSH.1.4.17
2025-03-20 23:57:22,694 [INFO] ThirdParty:978 - Integrity check success = true
2025-03-20 23:57:22,694 [INFO] IntegrityCheckThread:100 - exiting critical section [integrity check]
2025-03-20 23:57:22,694 [INFO] IntegrityCheckThread:103 - End integrity checks thread
