22:25:23 **** Incremental Build of configuration Debug for project bit_banding ****
make -j4 all 
arm-none-eabi-gcc "../Src/main.c" -mcpu=cortex-m4 -std=gnu11 -g3 -DDEBUG -DSTM32 -DSTM32F4 -DSTM32F446RETx -DNUCLEO_F446RE -c -I../Inc -O0 -ffunction-sections -fdata-sections -Wall -fstack-usage -fcyclomatic-complexity -MMD -MP -MF"Src/main.d" -MT"Src/main.o" --specs=nano.specs -mfpu=fpv4-sp-d16 -mfloat-abi=hard -mthumb -o "Src/main.o"
../Src/main.c:22:4: warning: #warning "FPU is not initialized, but the project is compiling for an FPU. Please initialize the FPU before use." [-Wcpp]
   22 |   #warning "FPU is not initialized, but the project is compiling for an FPU. Please initialize the FPU before use."
      |    ^~~~~~~
arm-none-eabi-gcc -o "bit_banding.elf" @"objects.list"   -mcpu=cortex-m4 -T"C:\Embedded_system_STM32\bit_banding\STM32F446RETX_FLASH.ld" --specs=nosys.specs -Wl,-Map="bit_banding.map" -Wl,--gc-sections -static --specs=nano.specs -mfpu=fpv4-sp-d16 -mfloat-abi=hard -mthumb -Wl,--start-group -lc -lm -Wl,--end-group
Finished building target: bit_banding.elf
 
arm-none-eabi-size  bit_banding.elf 
arm-none-eabi-objdump -h -S bit_banding.elf  > "bit_banding.list"
   text	   data	    bss	    dec	    hex	filename
    764	      0	   1568	   2332	    91c	bit_banding.elf
Finished building: default.size.stdout
 
Finished building: bit_banding.list
 
22:25:34 **** Incremental Build of configuration Debug for project bit_banding ****
make -j4 all 
arm-none-eabi-size  bit_banding.elf 
   text	   data	    bss	    dec	    hex	filename
    764	      0	   1568	   2332	    91c	bit_banding.elf
Finished building: default.size.stdout
 
